<?xml version="1.0" encoding="UTF-8"?>
<!-- Generated by org.testng.reporters.JUnitReportReporter -->
<testsuite hostname="eli-mpb-4.local" name="org.artifactory.traffic.entry.TrafficEntryBuilderTest" tests="4" failures="0" timestamp="27 Nov 2014 18:03:50 GMT" time="0.002" errors="0">
  <testcase name="testEntryNoData" time="0.000" classname="org.artifactory.traffic.entry.TrafficEntryBuilderTest"/>
  <testcase name="testNullEntry" time="0.001" classname="org.artifactory.traffic.entry.TrafficEntryBuilderTest"/>
  <testcase name="testEmptyEntry" time="0.001" classname="org.artifactory.traffic.entry.TrafficEntryBuilderTest"/>
  <testcase name="testValidEntry" time="0.000" classname="org.artifactory.traffic.entry.TrafficEntryBuilderTest"/>
</testsuite> <!-- org.artifactory.traffic.entry.TrafficEntryBuilderTest -->
