<?xml version="1.0" encoding="UTF-8"?>
<!-- Generated by org.testng.reporters.JUnitReportReporter -->
<testsuite hostname="eli-mpb-4.local" name="org.artifactory.traffic.TrafficTest" tests="1" failures="0" timestamp="27 Nov 2014 18:03:50 GMT" time="0.004" errors="0">
  <testcase name="testTrafficLog" time="0.004" classname="org.artifactory.traffic.TrafficTest"/>
</testsuite> <!-- org.artifactory.traffic.TrafficTest -->
