<?xml version="1.0" encoding="UTF-8"?>
<!-- Generated by org.testng.reporters.JUnitReportReporter -->
<testsuite hostname="eli-mpb-4.local" name="org.artifactory.traffic.entry.TransferEntryTest" tests="3" failures="0" timestamp="27 Nov 2014 18:03:50 GMT" time="0.169" errors="0">
  <testcase name="stringToUploadEntry" time="0.167" classname="org.artifactory.traffic.entry.TransferEntryTest"/>
  <testcase name="uploadEntryToString" time="0.002" classname="org.artifactory.traffic.entry.TransferEntryTest"/>
  <testcase name="testInvalidUploadEntryContentLength" time="0.000" classname="org.artifactory.traffic.entry.TransferEntryTest"/>
</testsuite> <!-- org.artifactory.traffic.entry.TransferEntryTest -->
