<?xml version="1.0" encoding="UTF-8"?>
<!-- Generated by org.testng.reporters.JUnitReportReporter -->
<testsuite hostname="eli-mpb-4.local" name="org.artifactory.traffic.read.TrafficReaderTest" tests="7" failures="0" timestamp="27 Nov 2014 18:03:50 GMT" time="0.026" errors="0">
  <testcase name="testEntriesWithinRange" time="0.003" classname="org.artifactory.traffic.read.TrafficReaderTest"/>
  <testcase name="testOutOfRange" time="0.001" classname="org.artifactory.traffic.read.TrafficReaderTest"/>
  <testcase name="testInvalidDates" time="0.000" classname="org.artifactory.traffic.read.TrafficReaderTest"/>
  <testcase name="testEntriesStream" time="0.021" classname="org.artifactory.traffic.read.TrafficReaderTest"/>
  <testcase name="testNullDir" time="0.000" classname="org.artifactory.traffic.read.TrafficReaderTest"/>
  <testcase name="testNullDates" time="0.001" classname="org.artifactory.traffic.read.TrafficReaderTest"/>
  <testcase name="testNonExistingBaseDir" time="0.000" classname="org.artifactory.traffic.read.TrafficReaderTest"/>
</testsuite> <!-- org.artifactory.traffic.read.TrafficReaderTest -->
