<?xml version="1.0" encoding="UTF-8"?>
<!-- Generated by org.testng.reporters.JUnitReportReporter -->
<testsuite hostname="eli-mpb-4.local" name="org.artifactory.traffic.entry.BaseEntryBehaviorTest" tests="7" failures="0" timestamp="27 Nov 2014 18:03:50 GMT" time="0.076" errors="0">
  <testcase name="testNullDownloadEntry" time="0.000" classname="org.artifactory.traffic.entry.BaseEntryBehaviorTest"/>
  <testcase name="testInvalidDownloadEntryDateFormat" time="0.000" classname="org.artifactory.traffic.entry.BaseEntryBehaviorTest"/>
  <testcase name="testShortDownloadEntry" time="0.000" classname="org.artifactory.traffic.entry.BaseEntryBehaviorTest"/>
  <testcase name="testEmptyUploadEntry" time="0.020" classname="org.artifactory.traffic.entry.BaseEntryBehaviorTest"/>
  <testcase name="testInvalidRequestEntryDate" time="0.000" classname="org.artifactory.traffic.entry.BaseEntryBehaviorTest"/>
  <testcase name="testNoDataRequestEntry" time="0.000" classname="org.artifactory.traffic.entry.BaseEntryBehaviorTest"/>
  <testcase name="testLongUploadEntry" time="0.056" classname="org.artifactory.traffic.entry.BaseEntryBehaviorTest"/>
</testsuite> <!-- org.artifactory.traffic.entry.BaseEntryBehaviorTest -->
