<?xml version="1.0" encoding="UTF-8"?>
<!-- Generated by org.testng.reporters.JUnitReportReporter -->
<testsuite hostname="eli-mpb-4.local" name="org.artifactory.storage.StoragePropertiesTest" tests="5" failures="0" timestamp="27 Nov 2014 18:03:10 GMT" time="0.010" errors="0">
  <testcase name="minimalWithCacheSize" time="0.001" classname="org.artifactory.storage.StoragePropertiesTest"/>
  <testcase name="isDerby" time="0.001" classname="org.artifactory.storage.StoragePropertiesTest"/>
  <testcase name="failUnsupportedDatabaseType" time="0.002" classname="org.artifactory.storage.StoragePropertiesTest"/>
  <testcase name="minimalPropertiesFile" time="0.005" classname="org.artifactory.storage.StoragePropertiesTest"/>
  <testcase name="isPostgres" time="0.001" classname="org.artifactory.storage.StoragePropertiesTest"/>
</testsuite> <!-- org.artifactory.storage.StoragePropertiesTest -->
