<?xml version="1.0" encoding="UTF-8"?>
<!-- Generated by org.testng.reporters.JUnitReportReporter -->
<testsuite hostname="eli-mpb-4.local" name="org.artifactory.api.security.GroupInfoTest" tests="2" failures="0" timestamp="27 Nov 2014 18:03:10 GMT" time="0.000" errors="0">
  <testcase name="copyConstructor" time="0.000" classname="org.artifactory.api.security.GroupInfoTest"/>
  <testcase name="defaultConstructor" time="0.000" classname="org.artifactory.api.security.GroupInfoTest"/>
</testsuite> <!-- org.artifactory.api.security.GroupInfoTest -->
