<?xml version="1.0" encoding="UTF-8"?>
<!-- Generated by org.testng.reporters.JUnitReportReporter -->
<testsuite hostname="eli-mpb-4.local" name="org.artifactory.model.xstream.fs.PropertiesImplTest" tests="2" failures="0" timestamp="27 Nov 2014 18:03:10 GMT" time="0.000" errors="0">
  <testcase name="isEmpty" time="0.000" classname="org.artifactory.model.xstream.fs.PropertiesImplTest"/>
  <testcase name="isEmptyAndNormalProperty" time="0.000" classname="org.artifactory.model.xstream.fs.PropertiesImplTest"/>
</testsuite> <!-- org.artifactory.model.xstream.fs.PropertiesImplTest -->
