<?xml version="1.0" encoding="UTF-8"?>
<testsuite name="TestSuite" time="0.348" tests="152" errors="0" skipped="0" failures="0">
  <properties>
    <property name="java.runtime.name" value="Java(TM) SE Runtime Environment"/>
    <property name="sun.boot.library.path" value="/Library/Internet Plug-Ins/JavaAppletPlugin.plugin/Contents/Home/lib"/>
    <property name="java.vm.version" value="24.71-b01"/>
    <property name="user.country.format" value="IL"/>
    <property name="gopherProxySet" value="false"/>
    <property name="java.vm.vendor" value="Oracle Corporation"/>
    <property name="java.vendor.url" value="http://java.oracle.com/"/>
    <property name="path.separator" value=":"/>
    <property name="guice.disable.misplaced.annotation.check" value="true"/>
    <property name="java.vm.name" value="Java HotSpot(TM) 64-Bit Server VM"/>
    <property name="file.encoding.pkg" value="sun.io"/>
    <property name="user.country" value="US"/>
    <property name="sun.java.launcher" value="SUN_STANDARD"/>
    <property name="sun.os.patch.level" value="unknown"/>
    <property name="java.vm.specification.name" value="Java Virtual Machine Specification"/>
    <property name="user.dir" value="/Users/eli/work/artifactory-3.x/artifactory/devenv"/>
    <property name="java.runtime.version" value="1.7.0_71-b14"/>
    <property name="java.awt.graphicsenv" value="sun.awt.CGraphicsEnvironment"/>
    <property name="java.endorsed.dirs" value="/Library/Internet Plug-Ins/JavaAppletPlugin.plugin/Contents/Home/lib/endorsed"/>
    <property name="os.arch" value="x86_64"/>
    <property name="java.io.tmpdir" value="/var/folders/yn/1sq_t_xs5917rgx6sh72hssh0000gp/T/"/>
    <property name="line.separator" value="&#10;"/>
    <property name="java.vm.specification.vendor" value="Oracle Corporation"/>
    <property name="os.name" value="Mac OS X"/>
    <property name="classworlds.conf" value="/usr/local/Cellar/maven/3.1.1/libexec/bin/m2.conf"/>
    <property name="sun.jnu.encoding" value="UTF-8"/>
    <property name="java.library.path" value="/Users/eli/Library/Java/Extensions:/Library/Java/Extensions:/Network/Library/Java/Extensions:/System/Library/Java/Extensions:/usr/lib/java:."/>
    <property name="java.specification.name" value="Java Platform API Specification"/>
    <property name="java.class.version" value="51.0"/>
    <property name="sun.management.compiler" value="HotSpot 64-Bit Tiered Compilers"/>
    <property name="os.version" value="10.10.1"/>
    <property name="http.nonProxyHosts" value="local|*.local|169.254/16|*.169.254/16"/>
    <property name="user.home" value="/Users/eli"/>
    <property name="user.timezone" value="Asia/Jerusalem"/>
    <property name="java.awt.printerjob" value="sun.lwawt.macosx.CPrinterJob"/>
    <property name="java.specification.version" value="1.7"/>
    <property name="file.encoding" value="UTF-8"/>
    <property name="user.name" value="eli"/>
    <property name="java.class.path" value="/usr/local/Cellar/maven/3.1.1/libexec/boot/plexus-classworlds-2.5.1.jar"/>
    <property name="org.slf4j.simpleLogger.defaultLogLevel" value="info"/>
    <property name="java.vm.specification.version" value="1.7"/>
    <property name="sun.arch.data.model" value="64"/>
    <property name="java.home" value="/Library/Internet Plug-Ins/JavaAppletPlugin.plugin/Contents/Home"/>
    <property name="sun.java.command" value="org.codehaus.plexus.classworlds.launcher.Launcher install"/>
    <property name="java.specification.vendor" value="Oracle Corporation"/>
    <property name="user.language" value="en"/>
    <property name="awt.toolkit" value="sun.lwawt.macosx.LWCToolkit"/>
    <property name="java.vm.info" value="mixed mode"/>
    <property name="java.version" value="1.7.0_71"/>
    <property name="java.ext.dirs" value="/Users/eli/Library/Java/Extensions:/Library/Internet Plug-Ins/JavaAppletPlugin.plugin/Contents/Home/lib/ext:/Library/Java/Extensions:/Network/Library/Java/Extensions:/System/Library/Java/Extensions:/usr/lib/java"/>
    <property name="sun.boot.class.path" value="/Library/Internet Plug-Ins/JavaAppletPlugin.plugin/Contents/Home/lib/resources.jar:/Library/Internet Plug-Ins/JavaAppletPlugin.plugin/Contents/Home/lib/rt.jar:/Library/Internet Plug-Ins/JavaAppletPlugin.plugin/Contents/Home/lib/sunrsasign.jar:/Library/Internet Plug-Ins/JavaAppletPlugin.plugin/Contents/Home/lib/jsse.jar:/Library/Internet Plug-Ins/JavaAppletPlugin.plugin/Contents/Home/lib/jce.jar:/Library/Internet Plug-Ins/JavaAppletPlugin.plugin/Contents/Home/lib/charsets.jar:/Library/Internet Plug-Ins/JavaAppletPlugin.plugin/Contents/Home/lib/jfr.jar:/Library/Internet Plug-Ins/JavaAppletPlugin.plugin/Contents/Home/classes"/>
    <property name="java.vendor" value="Oracle Corporation"/>
    <property name="maven.home" value="/usr/local/Cellar/maven/3.1.1/libexec"/>
    <property name="file.separator" value="/"/>
    <property name="java.vendor.url.bug" value="http://bugreport.sun.com/bugreport/"/>
    <property name="sun.cpu.endian" value="little"/>
    <property name="sun.io.unicode.encoding" value="UnicodeBig"/>
    <property name="socksNonProxyHosts" value="local|*.local|169.254/16|*.169.254/16"/>
    <property name="ftp.nonProxyHosts" value="local|*.local|169.254/16|*.169.254/16"/>
    <property name="sun.cpu.isalist" value=""/>
  </properties>
  <testcase name="testInvalidPaths" classname="org.artifactory.addon.layouts.translate.ChecksumTranslatorFilterTest" time="0.008"/>
  <testcase name="testValidMd5Test" classname="org.artifactory.addon.layouts.translate.ChecksumTranslatorFilterTest" time="0.001"/>
  <testcase name="testValidSha1Test" classname="org.artifactory.addon.layouts.translate.ChecksumTranslatorFilterTest" time="0"/>
  <testcase name="testInvalidPaths" classname="org.artifactory.addon.layouts.translate.MetadataTranslatorFilterTest" time="0.001"/>
  <testcase name="testValidMetadataTest" classname="org.artifactory.addon.layouts.translate.MetadataTranslatorFilterTest" time="0"/>
  <testcase name="testGradleToGradle" classname="org.artifactory.addon.layouts.translate.PathTranslationHelperTest" time="0.026"/>
  <testcase name="testGradleToIvy" classname="org.artifactory.addon.layouts.translate.PathTranslationHelperTest" time="0.015"/>
  <testcase name="testGradleToMaven" classname="org.artifactory.addon.layouts.translate.PathTranslationHelperTest" time="0.012"/>
  <testcase name="testIvyToGradle" classname="org.artifactory.addon.layouts.translate.PathTranslationHelperTest" time="0.009"/>
  <testcase name="testIvyToIvy" classname="org.artifactory.addon.layouts.translate.PathTranslationHelperTest" time="0.009"/>
  <testcase name="testIvyToMaven" classname="org.artifactory.addon.layouts.translate.PathTranslationHelperTest" time="0.011"/>
  <testcase name="testMavenToGradle" classname="org.artifactory.addon.layouts.translate.PathTranslationHelperTest" time="0.01"/>
  <testcase name="testMavenToIvy" classname="org.artifactory.addon.layouts.translate.PathTranslationHelperTest" time="0.011"/>
  <testcase name="testMavenToMaven" classname="org.artifactory.addon.layouts.translate.PathTranslationHelperTest" time="0.009"/>
  <testcase name="mergeTwoStatusHolders" classname="org.artifactory.api.common.MultiStatusHolderTest" time="0.002"/>
  <testcase name="mergeWithEmptyStatusHolder" classname="org.artifactory.api.common.MultiStatusHolderTest" time="0"/>
  <testcase name="mergeWithErrorOverride" classname="org.artifactory.api.common.MultiStatusHolderTest" time="0"/>
  <testcase name="mergeWithSingleStatusHolder" classname="org.artifactory.api.common.MultiStatusHolderTest" time="0.006"/>
  <testcase name="copyConstructor" classname="org.artifactory.api.config.ExportSettingsTest" time="0.014"/>
  <testcase name="fileConstructor" classname="org.artifactory.api.config.ExportSettingsTest" time="0.001"/>
  <testcase name="testMainConstructor" classname="org.artifactory.api.mail.MailServerConfigurationTest" time="0"/>
  <testcase name="testIsMetadata" classname="org.artifactory.api.mime.NamingUtilsTest" time="0"/>
  <testcase name="testIsMetadataChecksum" classname="org.artifactory.api.mime.NamingUtilsTest" time="0.001"/>
  <testcase name="testIsProperties" classname="org.artifactory.api.mime.NamingUtilsTest" time="0"/>
  <testcase name="testIsViewable" classname="org.artifactory.api.mime.NamingUtilsTest" time="0"/>
  <testcase name="testJavaSourceNameFromClassName" classname="org.artifactory.api.mime.NamingUtilsTest" time="0.001"/>
  <testcase name="testArtifactModuleToModule" classname="org.artifactory.api.module.CustomModuleInfoUtilsTest" time="0.002"/>
  <testcase name="testArtifactPathToModule" classname="org.artifactory.api.module.CustomModuleInfoUtilsTest" time="0.001"/>
  <testcase name="testCustom1" classname="org.artifactory.api.module.CustomModuleInfoUtilsTest" time="0.001"/>
  <testcase name="testCustom2" classname="org.artifactory.api.module.CustomModuleInfoUtilsTest" time="0.001"/>
  <testcase name="testDescriptorPathToModule" classname="org.artifactory.api.module.CustomModuleInfoUtilsTest" time="0.001"/>
  <testcase name="testDescriptorPathToModuleWithConstantExtension" classname="org.artifactory.api.module.CustomModuleInfoUtilsTest" time="0.001"/>
  <testcase name="testIntegration" classname="org.artifactory.api.module.GradleModuleInfoUtilsTest" time="0.001"/>
  <testcase name="testIntegrationChecksum" classname="org.artifactory.api.module.GradleModuleInfoUtilsTest" time="0.001"/>
  <testcase name="testIntegrationChecksumWithClassifier" classname="org.artifactory.api.module.GradleModuleInfoUtilsTest" time="0.001"/>
  <testcase name="testIntegrationWithClassifier" classname="org.artifactory.api.module.GradleModuleInfoUtilsTest" time="0.001"/>
  <testcase name="testRelease" classname="org.artifactory.api.module.GradleModuleInfoUtilsTest" time="0.001"/>
  <testcase name="testReleaseChecksum" classname="org.artifactory.api.module.GradleModuleInfoUtilsTest" time="0"/>
  <testcase name="testReleaseChecksumWithClassifier" classname="org.artifactory.api.module.GradleModuleInfoUtilsTest" time="0.001"/>
  <testcase name="testReleaseWithClassifier" classname="org.artifactory.api.module.GradleModuleInfoUtilsTest" time="0.001"/>
  <testcase name="testSuperLongIntegration" classname="org.artifactory.api.module.GradleModuleInfoUtilsTest" time="0"/>
  <testcase name="testSuperLongIntegrationChecksum" classname="org.artifactory.api.module.GradleModuleInfoUtilsTest" time="0.001"/>
  <testcase name="testSuperLongIntegrationChecksumWithClassifier" classname="org.artifactory.api.module.GradleModuleInfoUtilsTest" time="0.001"/>
  <testcase name="testSuperLongIntegrationWithClassifier" classname="org.artifactory.api.module.GradleModuleInfoUtilsTest" time="0.001"/>
  <testcase name="testSuperLongRelease" classname="org.artifactory.api.module.GradleModuleInfoUtilsTest" time="0.001"/>
  <testcase name="testSuperLongReleaseChecksum" classname="org.artifactory.api.module.GradleModuleInfoUtilsTest" time="0"/>
  <testcase name="testSuperLongReleaseChecksumWithClassifier" classname="org.artifactory.api.module.GradleModuleInfoUtilsTest" time="0.001"/>
  <testcase name="testSuperLongReleaseWithClassifier" classname="org.artifactory.api.module.GradleModuleInfoUtilsTest" time="0.001"/>
  <testcase name="testGradleStyle" classname="org.artifactory.api.module.IvyModuleInfoUtilsTest" time="0.001"/>
  <testcase name="testLinkedInIvyModule" classname="org.artifactory.api.module.IvyModuleInfoUtilsTest" time="0"/>
  <testcase name="testLowercaseSnapshot" classname="org.artifactory.api.module.IvyModuleInfoUtilsTest" time="0.001"/>
  <testcase name="testRelease" classname="org.artifactory.api.module.IvyModuleInfoUtilsTest" time="0"/>
  <testcase name="testReleaseWithClassifier" classname="org.artifactory.api.module.IvyModuleInfoUtilsTest" time="0"/>
  <testcase name="testSuperLongGradleStyle" classname="org.artifactory.api.module.IvyModuleInfoUtilsTest" time="0.001"/>
  <testcase name="testSuperLongLinkedInIvyModule" classname="org.artifactory.api.module.IvyModuleInfoUtilsTest" time="0"/>
  <testcase name="testSuperLongLowercaseSnapshot" classname="org.artifactory.api.module.IvyModuleInfoUtilsTest" time="0.001"/>
  <testcase name="testSuperLongRelease" classname="org.artifactory.api.module.IvyModuleInfoUtilsTest" time="0.001"/>
  <testcase name="testSuperLongReleaseWithClassifier" classname="org.artifactory.api.module.IvyModuleInfoUtilsTest" time="0"/>
  <testcase name="testSuperLongTimezoneSnapshot" classname="org.artifactory.api.module.IvyModuleInfoUtilsTest" time="0"/>
  <testcase name="testSuperLongUniqueSnapshot" classname="org.artifactory.api.module.IvyModuleInfoUtilsTest" time="0.001"/>
  <testcase name="testSuperLongUniqueSnapshotWithClassifier" classname="org.artifactory.api.module.IvyModuleInfoUtilsTest" time="0.001"/>
  <testcase name="testTimezoneSnapshot" classname="org.artifactory.api.module.IvyModuleInfoUtilsTest" time="0.001"/>
  <testcase name="testUniqueSnapshot" classname="org.artifactory.api.module.IvyModuleInfoUtilsTest" time="0.001"/>
  <testcase name="testUniqueSnapshotWithClassifier" classname="org.artifactory.api.module.IvyModuleInfoUtilsTest" time="0.001"/>
  <testcase name="testClassifierWithDots" classname="org.artifactory.api.module.Maven23ModuleInfoUtilsTest" time="0.006"/>
  <testcase name="testNonUniqueSnapshot" classname="org.artifactory.api.module.Maven23ModuleInfoUtilsTest" time="0"/>
  <testcase name="testNonUniqueSnapshotWithClassifier" classname="org.artifactory.api.module.Maven23ModuleInfoUtilsTest" time="0"/>
  <testcase name="testRelease" classname="org.artifactory.api.module.Maven23ModuleInfoUtilsTest" time="0.001"/>
  <testcase name="testReleaseChecksum" classname="org.artifactory.api.module.Maven23ModuleInfoUtilsTest" time="0.001"/>
  <testcase name="testReleaseChecksumWithClassifier" classname="org.artifactory.api.module.Maven23ModuleInfoUtilsTest" time="0.001"/>
  <testcase name="testReleaseWithClassifier" classname="org.artifactory.api.module.Maven23ModuleInfoUtilsTest" time="0.001"/>
  <testcase name="testSuperLongNonUniqueSnapshot" classname="org.artifactory.api.module.Maven23ModuleInfoUtilsTest" time="0.001"/>
  <testcase name="testSuperLongNonUniqueSnapshotWithClassifier" classname="org.artifactory.api.module.Maven23ModuleInfoUtilsTest" time="0.001"/>
  <testcase name="testSuperLongRelease" classname="org.artifactory.api.module.Maven23ModuleInfoUtilsTest" time="0.002"/>
  <testcase name="testSuperLongReleaseChecksum" classname="org.artifactory.api.module.Maven23ModuleInfoUtilsTest" time="0.001"/>
  <testcase name="testSuperLongReleaseChecksumWithClassifier" classname="org.artifactory.api.module.Maven23ModuleInfoUtilsTest" time="0.001"/>
  <testcase name="testSuperLongReleaseWithClassifier" classname="org.artifactory.api.module.Maven23ModuleInfoUtilsTest" time="0.001"/>
  <testcase name="testSuperLongUniqueSnapshot" classname="org.artifactory.api.module.Maven23ModuleInfoUtilsTest" time="0.001"/>
  <testcase name="testSuperLongUniqueSnapshotWithClassifier" classname="org.artifactory.api.module.Maven23ModuleInfoUtilsTest" time="0.001"/>
  <testcase name="testUniqueSnapshot" classname="org.artifactory.api.module.Maven23ModuleInfoUtilsTest" time="0.001"/>
  <testcase name="testUniqueSnapshotWithClassifier" classname="org.artifactory.api.module.Maven23ModuleInfoUtilsTest" time="0.001"/>
  <testcase name="testCopyConstructor" classname="org.artifactory.api.module.ModuleInfoBuilderTest" time="0"/>
  <testcase name="testCopyDefaultConstruct" classname="org.artifactory.api.module.ModuleInfoBuilderTest" time="0.001"/>
  <testcase name="testNoParams" classname="org.artifactory.api.module.ModuleInfoBuilderTest" time="0"/>
  <testcase name="testNullParams" classname="org.artifactory.api.module.ModuleInfoBuilderTest" time="0"/>
  <testcase name="testValidParams" classname="org.artifactory.api.module.ModuleInfoBuilderTest" time="0"/>
  <testcase name="testDefaultConstructor" classname="org.artifactory.api.module.ModuleInfoTest" time="0"/>
  <testcase name="testFullInfo" classname="org.artifactory.api.module.ModuleInfoTest" time="0"/>
  <testcase name="testMinimalInfo" classname="org.artifactory.api.module.ModuleInfoTest" time="0"/>
  <testcase name="testPartialInfo" classname="org.artifactory.api.module.ModuleInfoTest" time="0"/>
  <testcase name="constructArtifactPathWithInvalidModuleInfo" classname="org.artifactory.api.module.ModuleInfoUtilsTest" time="0"/>
  <testcase name="constructArtifactPathWithNullModuleInfo" classname="org.artifactory.api.module.ModuleInfoUtilsTest" time="0.001"/>
  <testcase name="constructArtifactPathWithNullRepoLayout" classname="org.artifactory.api.module.ModuleInfoUtilsTest" time="0"/>
  <testcase name="moduleInfoFromArtifactPathWithBlankItemPath" classname="org.artifactory.api.module.ModuleInfoUtilsTest" time="0"/>
  <testcase name="moduleInfoFromArtifactPathWithNullArtifactPath" classname="org.artifactory.api.module.ModuleInfoUtilsTest" time="0"/>
  <testcase name="moduleInfoFromArtifactPathWithNullRepoLayout" classname="org.artifactory.api.module.ModuleInfoUtilsTest" time="0"/>
  <testcase name="moduleInfoFromDescriptorPathWithBlankItemPath" classname="org.artifactory.api.module.ModuleInfoUtilsTest" time="0"/>
  <testcase name="moduleInfoFromDescriptorPathWithNullArtifactPath" classname="org.artifactory.api.module.ModuleInfoUtilsTest" time="0"/>
  <testcase name="moduleInfoFromDescriptorPathWithNullRepoLayout" classname="org.artifactory.api.module.ModuleInfoUtilsTest" time="0"/>
  <testcase name="testSpringBundlesExternal" classname="org.artifactory.api.module.SpringIvyModuleInfoUtilsTest" time="0.001"/>
  <testcase name="testSpringBundlesMilestone" classname="org.artifactory.api.module.SpringIvyModuleInfoUtilsTest" time="0.001"/>
  <testcase name="testSpringBundlesRelease" classname="org.artifactory.api.module.SpringIvyModuleInfoUtilsTest" time="0.001"/>
  <testcase name="testSpringBundlesSnapshot1" classname="org.artifactory.api.module.SpringIvyModuleInfoUtilsTest" time="0.001"/>
  <testcase name="testSpringBundlesSnapshot2" classname="org.artifactory.api.module.SpringIvyModuleInfoUtilsTest" time="0.001"/>
  <testcase name="testSpringArtifacts" classname="org.artifactory.api.module.SpringMaven23ModuleInfoUtilsTest" time="0.001"/>
  <testcase name="testSpringBundles" classname="org.artifactory.api.module.SpringMaven23ModuleInfoUtilsTest" time="0.001"/>
  <testcase name="testSpringDistMilestone" classname="org.artifactory.api.module.SpringMaven23ModuleInfoUtilsTest" time="0.001"/>
  <testcase name="testSpringDistRelease" classname="org.artifactory.api.module.SpringMaven23ModuleInfoUtilsTest" time="0"/>
  <testcase name="testSpringDistSnapshot" classname="org.artifactory.api.module.SpringMaven23ModuleInfoUtilsTest" time="0.001"/>
  <testcase name="simpleConstructor" classname="org.artifactory.api.repo.storage.RepoStorageSummaryInfoTest" time="0.001"/>
  <testcase name="testDefaultConstructor" classname="org.artifactory.api.rest.artifact.FileListElementTest" time="0.001"/>
  <testcase name="testFullConstructor" classname="org.artifactory.api.rest.artifact.FileListElementTest" time="0"/>
  <testcase name="testSetters" classname="org.artifactory.api.rest.artifact.FileListElementTest" time="0"/>
  <testcase name="testDefaultConstructor" classname="org.artifactory.api.rest.artifact.FileListTest" time="0"/>
  <testcase name="testFullConstructor" classname="org.artifactory.api.rest.artifact.FileListTest" time="0.001"/>
  <testcase name="testSetters" classname="org.artifactory.api.rest.artifact.FileListTest" time="0"/>
  <testcase name="testAddMethod" classname="org.artifactory.api.rest.search.result.PatternResultFileSetTest" time="0.001"/>
  <testcase name="testDefaultConstructor" classname="org.artifactory.api.rest.search.result.PatternResultFileSetTest" time="0"/>
  <testcase name="testFullConstructor" classname="org.artifactory.api.rest.search.result.PatternResultFileSetTest" time="0"/>
  <testcase name="testNoFilesConstructor" classname="org.artifactory.api.rest.search.result.PatternResultFileSetTest" time="0"/>
  <testcase name="testSetters" classname="org.artifactory.api.rest.search.result.PatternResultFileSetTest" time="0"/>
  <testcase name="isWildcardsOnly" classname="org.artifactory.api.search.archive.ArchiveSearchControlsTest" time="0.002"/>
  <testcase name="emptyControls" classname="org.artifactory.api.search.artifact.ArtifactSearchControlsTest" time="0.001"/>
  <testcase name="wildcardsOnlyControls" classname="org.artifactory.api.search.artifact.ArtifactSearchControlsTest" time="0"/>
  <testcase name="isWildcardsOnly" classname="org.artifactory.api.search.artifact.ChecksumSearchControlsTest" time="0.001"/>
  <testcase name="isWildcardsOnly" classname="org.artifactory.api.search.gavc.GavcSearchControlsTest" time="0"/>
  <testcase name="isWildcardsOnly" classname="org.artifactory.api.search.property.PropertySearchControlsTest" time="0.009"/>
  <testcase name="isWildcardsOnly" classname="org.artifactory.api.search.SearchControlsBaseTest" time="0.118"/>
  <testcase name="matchDifferentOriginalAndActual" classname="org.artifactory.checksum.ChecksumInfoTest" time="0.001"/>
  <testcase name="matchIfOriginalIsTruetedAndActualIsSet" classname="org.artifactory.checksum.ChecksumInfoTest" time="0"/>
  <testcase name="matchNullActual" classname="org.artifactory.checksum.ChecksumInfoTest" time="0"/>
  <testcase name="matchNullOriginal" classname="org.artifactory.checksum.ChecksumInfoTest" time="0"/>
  <testcase name="matchNullOriginalAndActual" classname="org.artifactory.checksum.ChecksumInfoTest" time="0"/>
  <testcase name="matchSameOriginalAndActual" classname="org.artifactory.checksum.ChecksumInfoTest" time="0"/>
  <testcase name="notValidChecksumNormalizationTest" classname="org.artifactory.checksum.ChecksumInfoTest" time="0"/>
  <testcase name="trustedOriginalShouldReturnActual" classname="org.artifactory.checksum.ChecksumInfoTest" time="0"/>
  <testcase name="validChecksumWithDifferentCaseNormalizationTest" classname="org.artifactory.checksum.ChecksumInfoTest" time="0.001"/>
  <testcase name="wrongMd5Actual" classname="org.artifactory.checksum.ChecksumInfoTest" time="0"/>
  <testcase name="wrongSha1Actual" classname="org.artifactory.checksum.ChecksumInfoTest" time="0"/>
  <testcase name="addChecksum" classname="org.artifactory.checksum.ChecksumsInfoTest" time="0.001"/>
  <testcase name="copyConstructor" classname="org.artifactory.checksum.ChecksumsInfoTest" time="0"/>
  <testcase name="invalidMD5Checksum" classname="org.artifactory.checksum.ChecksumsTypeTest" time="0"/>
  <testcase name="invalidSha1Checksum" classname="org.artifactory.checksum.ChecksumsTypeTest" time="0"/>
  <testcase name="invalidSha256Checksum" classname="org.artifactory.checksum.ChecksumsTypeTest" time="0"/>
  <testcase name="nullAndEmptyAreNotValidChecksums" classname="org.artifactory.checksum.ChecksumsTypeTest" time="0"/>
  <testcase name="validMD5Checksum" classname="org.artifactory.checksum.ChecksumsTypeTest" time="0"/>
  <testcase name="validSha1Checksum" classname="org.artifactory.checksum.ChecksumsTypeTest" time="0"/>
  <testcase name="validSha256Checksum" classname="org.artifactory.checksum.ChecksumsTypeTest" time="0"/>
  <testcase name="wrongLengthChecksums" classname="org.artifactory.checksum.ChecksumsTypeTest" time="0"/>
  <testcase name="getNameFromDirectory" classname="org.artifactory.repo.remote.browse.RemoteItemTest" time="0.001"/>
  <testcase name="getNameFromFile" classname="org.artifactory.repo.remote.browse.RemoteItemTest" time="0"/>
  <testcase name="nullUrl" classname="org.artifactory.repo.remote.browse.RemoteItemTest" time="0"/>
</testsuite>