<?xml version="1.0" encoding="UTF-8"?>
<!-- Generated by org.testng.reporters.JUnitReportReporter -->
<testsuite hostname="eli-mpb-4.local" name="org.artifactory.maven.MavenNamingTest" tests="33" failures="0" timestamp="27 Nov 2014 18:03:07 GMT" time="0.016" errors="0">
  <testcase name="artifactWithAlphaNumberArtifactId" time="0.001" classname="org.artifactory.maven.MavenNamingTest"/>
  <testcase name="testIsClientOrServerPom" time="0.002" classname="org.artifactory.maven.MavenNamingTest"/>
  <testcase name="artifactWithNumericClassifier" time="0.000" classname="org.artifactory.maven.MavenNamingTest"/>
  <testcase name="artifactWithMultipleArtifactIds" time="0.000" classname="org.artifactory.maven.MavenNamingTest"/>
  <testcase name="artifactWithMultipleArtifactIds" time="0.001" classname="org.artifactory.maven.MavenNamingTest"/>
  <testcase name="pathWithCompositeFileExtension" time="0.001" classname="org.artifactory.maven.MavenNamingTest"/>
  <testcase name="artifactWithMultipleArtifactIds" time="0.002" classname="org.artifactory.maven.MavenNamingTest"/>
  <testcase name="testIsNonUniqueSnapshotFilePath" time="0.000" classname="org.artifactory.maven.MavenNamingTest"/>
  <testcase name="testIsVersionUniqueSnapshotFileName" time="0.000" classname="org.artifactory.maven.MavenNamingTest"/>
  <testcase name="testUniqueVersionTimestampAndBuildNumber" time="0.001" classname="org.artifactory.maven.MavenNamingTest"/>
  <testcase name="testUniqueSnapshotVersionBuildNumber" time="0.000" classname="org.artifactory.maven.MavenNamingTest"/>
  <testcase name="artifactWithAlphaNumericVersion" time="0.001" classname="org.artifactory.maven.MavenNamingTest"/>
  <testcase name="artifactWithAlphaNumericClassifier" time="0.000" classname="org.artifactory.maven.MavenNamingTest"/>
  <testcase name="isSnapshotVersion" time="0.000" classname="org.artifactory.maven.MavenNamingTest"/>
  <testcase name="testIsVersionUniqueSnapshot" time="0.000" classname="org.artifactory.maven.MavenNamingTest"/>
  <testcase name="testUniqueVersionTimestamp" time="0.001" classname="org.artifactory.maven.MavenNamingTest"/>
  <testcase name="artifactWithClassifier" time="0.000" classname="org.artifactory.maven.MavenNamingTest"/>
  <testcase name="isSnapshotMavenMetadata" time="0.000" classname="org.artifactory.maven.MavenNamingTest"/>
  <testcase name="isMetadata" time="0.000" classname="org.artifactory.maven.MavenNamingTest"/>
  <testcase name="isNonUniqueSnapshotVersion" time="0.002" classname="org.artifactory.maven.MavenNamingTest"/>
  <testcase name="artifactWithAlphaNumberArtifactId" time="0.000" classname="org.artifactory.maven.MavenNamingTest"/>
  <testcase name="artifactWithShortExtension" time="0.001" classname="org.artifactory.maven.MavenNamingTest"/>
  <testcase name="getArtifactInfo" time="0.000" classname="org.artifactory.maven.MavenNamingTest"/>
  <testcase name="artifactWithLongExtension" time="0.000" classname="org.artifactory.maven.MavenNamingTest"/>
  <testcase name="isMavenMetadataChecksum" time="0.000" classname="org.artifactory.maven.MavenNamingTest"/>
  <testcase name="artifactWithMultipleArtifactIds" time="0.001" classname="org.artifactory.maven.MavenNamingTest"/>
  <testcase name="uniqueSnapshotVersionBaseVersion" time="0.000" classname="org.artifactory.maven.MavenNamingTest"/>
  <testcase name="artifactWithPath" time="0.001" classname="org.artifactory.maven.MavenNamingTest"/>
  <testcase name="artifactWithMultipleArtifactIds" time="0.000" classname="org.artifactory.maven.MavenNamingTest"/>
  <testcase name="artifactWithNumericArtifactId" time="0.000" classname="org.artifactory.maven.MavenNamingTest"/>
  <testcase name="artifactWithAlphaNumberArtifactId" time="0.000" classname="org.artifactory.maven.MavenNamingTest"/>
  <testcase name="artifactWithNoClassifier" time="0.000" classname="org.artifactory.maven.MavenNamingTest"/>
  <testcase name="artifactWithAlphaNumericClassifier" time="0.001" classname="org.artifactory.maven.MavenNamingTest"/>
</testsuite> <!-- org.artifactory.maven.MavenNamingTest -->
