<?xml version="1.0" encoding="UTF-8"?>
<!-- Generated by org.testng.reporters.JUnitReportReporter -->
<testsuite hostname="eli-mpb-4.local" name="org.artifactory.util.ZipUtilsTest" tests="7" failures="0" timestamp="27 Nov 2014 18:03:07 GMT" time="0.062" errors="0">
  <testcase name="locateMissingEntry" time="0.001" classname="org.artifactory.util.ZipUtilsTest"/>
  <testcase name="locateExistingEntry" time="0.008" classname="org.artifactory.util.ZipUtilsTest"/>
  <testcase name="testExtractTarFile" time="0.023" classname="org.artifactory.util.ZipUtilsTest"/>
  <testcase name="testUnsupportedArchive" time="0.002" classname="org.artifactory.util.ZipUtilsTest"/>
  <testcase name="testExtractTarGzFile" time="0.004" classname="org.artifactory.util.ZipUtilsTest"/>
  <testcase name="testExtractZipFile" time="0.022" classname="org.artifactory.util.ZipUtilsTest"/>
  <testcase name="testExtractTgzFile" time="0.002" classname="org.artifactory.util.ZipUtilsTest"/>
</testsuite> <!-- org.artifactory.util.ZipUtilsTest -->
