<?xml version="1.0" encoding="UTF-8"?>
<!-- Generated by org.testng.reporters.JUnitReportReporter -->
<testsuite hostname="eli-mpb-4.local" name="org.artifactory.security.crypto.ArtifactoryBase58Test" tests="3" failures="0" timestamp="27 Nov 2014 18:03:07 GMT" time="0.002" errors="0">
  <testcase name="pureBase58Encoding" time="0.000" classname="org.artifactory.security.crypto.ArtifactoryBase58Test"/>
  <testcase name="pureBase58Decoding" time="0.001" classname="org.artifactory.security.crypto.ArtifactoryBase58Test"/>
  <testcase name="base58EncodeDecode" time="0.001" classname="org.artifactory.security.crypto.ArtifactoryBase58Test"/>
</testsuite> <!-- org.artifactory.security.crypto.ArtifactoryBase58Test -->
