<?xml version="1.0" encoding="UTF-8"?>
<!-- Generated by org.testng.reporters.JUnitReportReporter -->
<testsuite hostname="eli-mpb-4.local" name="org.artifactory.security.crypto.CryptoHelperTest" tests="15" failures="0" timestamp="27 Nov 2014 18:03:07 GMT" time="0.429" errors="0">
  <testcase name="escapeEncryptedPassword" time="0.000" classname="org.artifactory.security.crypto.CryptoHelperTest"/>
  <testcase name="encryptDecryptSymmetric" time="0.011" classname="org.artifactory.security.crypto.CryptoHelperTest"/>
  <testcase name="encryptDecryptMasterKey" time="0.061" classname="org.artifactory.security.crypto.CryptoHelperTest"/>
  <testcase name="encryptSymmetric" time="0.010" classname="org.artifactory.security.crypto.CryptoHelperTest"/>
  <testcase name="restorePrivateKey" time="0.009" classname="org.artifactory.security.crypto.CryptoHelperTest"/>
  <testcase name="generateSecretKey" time="0.015" classname="org.artifactory.security.crypto.CryptoHelperTest"/>
  <testcase name="restoreKeysFromStringBase" time="0.013" classname="org.artifactory.security.crypto.CryptoHelperTest"/>
  <testcase name="decryptOldBase64Format" time="0.123" classname="org.artifactory.security.crypto.CryptoHelperTest"/>
  <testcase name="isEncrypted" time="0.002" classname="org.artifactory.security.crypto.CryptoHelperTest"/>
  <testcase name="removeKeyFile" time="0.000" classname="org.artifactory.security.crypto.CryptoHelperTest"/>
  <testcase name="availableAlgorithms" time="0.047" classname="org.artifactory.security.crypto.CryptoHelperTest"/>
  <testcase name="generateKeyPair" time="0.007" classname="org.artifactory.security.crypto.CryptoHelperTest"/>
  <testcase name="toBase64String" time="0.009" classname="org.artifactory.security.crypto.CryptoHelperTest"/>
  <testcase name="encryptDecrypt" time="0.023" classname="org.artifactory.security.crypto.CryptoHelperTest"/>
  <testcase name="encrypt" time="0.099" classname="org.artifactory.security.crypto.CryptoHelperTest"/>
</testsuite> <!-- org.artifactory.security.crypto.CryptoHelperTest -->
