<?xml version="1.0" encoding="UTF-8"?>
<!-- Generated by org.testng.reporters.JUnitReportReporter -->
<testsuite hostname="eli-mpb-4.local" name="org.artifactory.common.IvyNamingTest" tests="1" failures="0" timestamp="27 Nov 2014 18:03:07 GMT" time="0.004" errors="0">
  <testcase name="ivyFileName" time="0.004" classname="org.artifactory.common.IvyNamingTest"/>
</testsuite> <!-- org.artifactory.common.IvyNamingTest -->
