<?xml version="1.0" encoding="UTF-8"?>
<!-- Generated by org.testng.reporters.JUnitReportReporter -->
<testsuite hostname="eli-mpb-4.local" name="org.artifactory.security.CustomizedEncryptedPasswordPrefixTest" tests="2" failures="0" timestamp="27 Nov 2014 18:03:07 GMT" time="0.031" errors="0">
  <testcase name="testCustomizedEncryptedPasswordPrefixWithInvalidSurroundingCharacters" time="0.009" classname="org.artifactory.security.CustomizedEncryptedPasswordPrefixTest"/>
  <testcase name="testCustomizedEncryptedPasswordPrefixSurroundingCharacters" time="0.022" classname="org.artifactory.security.CustomizedEncryptedPasswordPrefixTest"/>
</testsuite> <!-- org.artifactory.security.CustomizedEncryptedPasswordPrefixTest -->
