<?xml version="1.0" encoding="UTF-8"?>
<!-- Generated by org.testng.reporters.JUnitReportReporter -->
<testsuite hostname="eli-mpb-4.local" name="org.artifactory.util.NumberFormatterTest" tests="2" failures="0" timestamp="27 Nov 2014 18:03:07 GMT" time="0.002" errors="0">
  <testcase name="formatPercentage" time="0.001" classname="org.artifactory.util.NumberFormatterTest"/>
  <testcase name="formatLong" time="0.001" classname="org.artifactory.util.NumberFormatterTest"/>
</testsuite> <!-- org.artifactory.util.NumberFormatterTest -->
