<?xml version="1.0" encoding="UTF-8"?>
<!-- Generated by org.testng.reporters.JUnitReportReporter -->
<testsuite hostname="eli-mpb-4.local" name="org.artifactory.util.TimeUnitFormatTest" tests="5" failures="0" timestamp="27 Nov 2014 18:03:07 GMT" time="0.002" errors="0">
  <testcase name="stillNanos" time="0.001" classname="org.artifactory.util.TimeUnitFormatTest"/>
  <testcase name="toSeconds" time="0.000" classname="org.artifactory.util.TimeUnitFormatTest"/>
  <testcase name="toMinutes" time="0.000" classname="org.artifactory.util.TimeUnitFormatTest"/>
  <testcase name="toMillis" time="0.001" classname="org.artifactory.util.TimeUnitFormatTest"/>
  <testcase name="toSecondsWithMillisecondTimeUnit" time="0.000" classname="org.artifactory.util.TimeUnitFormatTest"/>
</testsuite> <!-- org.artifactory.util.TimeUnitFormatTest -->
