<?xml version="1.0" encoding="UTF-8"?>
<!-- Generated by org.testng.reporters.JUnitReportReporter -->
<testsuite hostname="eli-mpb-4.local" name="org.artifactory.util.StringInputStreamTest" tests="2" failures="0" timestamp="27 Nov 2014 18:03:07 GMT" time="0.000" errors="0">
  <testcase name="readOneLineString" time="0.000" classname="org.artifactory.util.StringInputStreamTest"/>
  <testcase name="readMultiLineString" time="0.000" classname="org.artifactory.util.StringInputStreamTest"/>
</testsuite> <!-- org.artifactory.util.StringInputStreamTest -->
