<?xml version="1.0" encoding="UTF-8"?>
<!-- Generated by org.testng.reporters.JUnitReportReporter -->
<testsuite hostname="eli-mpb-4.local" name="org.artifactory.storage.db.build.entity.BuildPromotionStatusTest" tests="10" failures="0" timestamp="27 Nov 2014 18:03:27 GMT" time="0.002" errors="0">
  <testcase name="simpleBuildPromotionTest" time="0.000" classname="org.artifactory.storage.db.build.entity.BuildPromotionStatusTest"/>
  <testcase name="negBuildIdBuildPromotionTest" time="0.000" classname="org.artifactory.storage.db.build.entity.BuildPromotionStatusTest"/>
  <testcase name="noCreatedBuildPromotionTest" time="0.001" classname="org.artifactory.storage.db.build.entity.BuildPromotionStatusTest"/>
  <testcase name="negCreatedBuildPromotionTest" time="0.000" classname="org.artifactory.storage.db.build.entity.BuildPromotionStatusTest"/>
  <testcase name="noBuildIdBuildPromotionTest" time="0.000" classname="org.artifactory.storage.db.build.entity.BuildPromotionStatusTest"/>
  <testcase name="equalsBuildPromotionsTest" time="0.001" classname="org.artifactory.storage.db.build.entity.BuildPromotionStatusTest"/>
  <testcase name="nullStatusBuildPromotionTest" time="0.000" classname="org.artifactory.storage.db.build.entity.BuildPromotionStatusTest"/>
  <testcase name="emptyStatusBuildPromotionTest" time="0.000" classname="org.artifactory.storage.db.build.entity.BuildPromotionStatusTest"/>
  <testcase name="maxNullsBuildPromotionTest" time="0.000" classname="org.artifactory.storage.db.build.entity.BuildPromotionStatusTest"/>
  <testcase name="testBuildPromotionsOrderTest" time="0.000" classname="org.artifactory.storage.db.build.entity.BuildPromotionStatusTest"/>
</testsuite> <!-- org.artifactory.storage.db.build.entity.BuildPromotionStatusTest -->
