<?xml version="1.0" encoding="UTF-8"?>
<!-- Generated by org.testng.reporters.JUnitReportReporter -->
<testsuite hostname="eli-mpb-4.local" name="org.artifactory.storage.db.ha.itest.dao.ArtifactoryServersDaoTest" tests="5" failures="0" timestamp="27 Nov 2014 18:03:47 GMT" time="0.028" errors="0">
  <testcase name="updateServer" time="0.007" classname="org.artifactory.storage.db.ha.itest.dao.ArtifactoryServersDaoTest"/>
  <testcase name="loadServer" time="0.006" classname="org.artifactory.storage.db.ha.itest.dao.ArtifactoryServersDaoTest"/>
  <testcase name="hasServerNonExistingServer" time="0.002" classname="org.artifactory.storage.db.ha.itest.dao.ArtifactoryServersDaoTest"/>
  <testcase name="loadAllServers" time="0.009" classname="org.artifactory.storage.db.ha.itest.dao.ArtifactoryServersDaoTest"/>
  <testcase name="hasServer" time="0.004" classname="org.artifactory.storage.db.ha.itest.dao.ArtifactoryServersDaoTest"/>
</testsuite> <!-- org.artifactory.storage.db.ha.itest.dao.ArtifactoryServersDaoTest -->
