<?xml version="1.0" encoding="UTF-8"?>
<!-- Generated by org.testng.reporters.JUnitReportReporter -->
<testsuite hostname="eli-mpb-4.local" name="org.artifactory.storage.db.binstore.itest.dao.BinariesDaoTest" tests="14" failures="0" timestamp="27 Nov 2014 18:03:47 GMT" time="0.112" errors="0">
  <testcase name="binaryExists" time="0.000" classname="org.artifactory.storage.db.binstore.itest.dao.BinariesDaoTest"/>
  <testcase name="findChecksumsByMd5" time="0.009" classname="org.artifactory.storage.db.binstore.itest.dao.BinariesDaoTest"/>
  <testcase name="findChecksumsBySha1" time="0.005" classname="org.artifactory.storage.db.binstore.itest.dao.BinariesDaoTest"/>
  <testcase name="createBinary" time="0.004" classname="org.artifactory.storage.db.binstore.itest.dao.BinariesDaoTest"/>
  <testcase name="testFindEmptyChecksumsByMd5" time="0.001" classname="org.artifactory.storage.db.binstore.itest.dao.BinariesDaoTest"/>
  <testcase name="binaryNotExists" time="0.004" classname="org.artifactory.storage.db.binstore.itest.dao.BinariesDaoTest"/>
  <testcase name="findChecksumsBySha1ThousandLimit" time="0.051" classname="org.artifactory.storage.db.binstore.itest.dao.BinariesDaoTest"/>
  <testcase name="loadExistingNode" time="0.003" classname="org.artifactory.storage.db.binstore.itest.dao.BinariesDaoTest"/>
  <testcase name="testGetCountAndTotalSize" time="0.005" classname="org.artifactory.storage.db.binstore.itest.dao.BinariesDaoTest"/>
  <testcase name="testDeleteEntries" time="0.009" classname="org.artifactory.storage.db.binstore.itest.dao.BinariesDaoTest"/>
  <testcase name="createExistingBinary" time="0.007" classname="org.artifactory.storage.db.binstore.itest.dao.BinariesDaoTest"/>
  <testcase name="loadNonExistingNode" time="0.001" classname="org.artifactory.storage.db.binstore.itest.dao.BinariesDaoTest"/>
  <testcase name="testFindEmptyChecksumsBySha1" time="0.001" classname="org.artifactory.storage.db.binstore.itest.dao.BinariesDaoTest"/>
  <testcase name="findPotentialDeletion" time="0.012" classname="org.artifactory.storage.db.binstore.itest.dao.BinariesDaoTest"/>
</testsuite> <!-- org.artifactory.storage.db.binstore.itest.dao.BinariesDaoTest -->
