<?xml version="1.0" encoding="UTF-8"?>
<!-- Generated by org.testng.reporters.JUnitReportReporter -->
<testsuite hostname="eli-mpb-4.local" name="org.artifactory.storage.db.aql.parser.AqlParserTest" tests="2" failures="0" timestamp="27 Nov 2014 18:03:27 GMT" time="0.257" errors="0">
  <testcase name="successParse" time="0.249" classname="org.artifactory.storage.db.aql.parser.AqlParserTest"/>
  <testcase name="failureOnParse" time="0.008" classname="org.artifactory.storage.db.aql.parser.AqlParserTest"/>
</testsuite> <!-- org.artifactory.storage.db.aql.parser.AqlParserTest -->
