<?xml version="1.0" encoding="UTF-8"?>
<!-- Generated by org.testng.reporters.JUnitReportReporter -->
<testsuite hostname="eli-mpb-4.local" name="org.artifactory.storage.db.ds.ArtifactoryTomcatDataSourceTest" tests="3" failures="0" timestamp="27 Nov 2014 18:03:27 GMT" time="0.004" errors="0">
  <testcase name="verifyDefaultParams" time="0.000" classname="org.artifactory.storage.db.ds.ArtifactoryTomcatDataSourceTest"/>
  <testcase name="verifyValidationQuery" time="0.003" classname="org.artifactory.storage.db.ds.ArtifactoryTomcatDataSourceTest"/>
  <testcase name="instanceType" time="0.001" classname="org.artifactory.storage.db.ds.ArtifactoryTomcatDataSourceTest"/>
</testsuite> <!-- org.artifactory.storage.db.ds.ArtifactoryTomcatDataSourceTest -->
