<?xml version="1.0" encoding="UTF-8"?>
<!-- Generated by org.testng.reporters.JUnitReportReporter -->
<testsuite hostname="eli-mpb-4.local" name="org.artifactory.storage.db.security.entity.GroupTest" tests="4" failures="0" timestamp="27 Nov 2014 18:03:27 GMT" time="0.000" errors="0">
  <testcase name="noGroupIdTest" time="0.000" classname="org.artifactory.storage.db.security.entity.GroupTest"/>
  <testcase name="withRealmGroupTest" time="0.000" classname="org.artifactory.storage.db.security.entity.GroupTest"/>
  <testcase name="simpleGroupTest" time="0.000" classname="org.artifactory.storage.db.security.entity.GroupTest"/>
  <testcase name="noGroupNameTest" time="0.000" classname="org.artifactory.storage.db.security.entity.GroupTest"/>
</testsuite> <!-- org.artifactory.storage.db.security.entity.GroupTest -->
