<?xml version="1.0" encoding="UTF-8"?>
<!-- Generated by org.testng.reporters.JUnitReportReporter -->
<testsuite hostname="eli-mpb-4.local" name="org.artifactory.storage.db.security.entity.UserTest" tests="9" failures="0" timestamp="27 Nov 2014 18:03:27 GMT" time="0.001" errors="0">
  <testcase name="tooManyGroupsSetTest" time="0.000" classname="org.artifactory.storage.db.security.entity.UserTest"/>
  <testcase name="noUserIdTest" time="0.000" classname="org.artifactory.storage.db.security.entity.UserTest"/>
  <testcase name="withPassUserTest" time="0.000" classname="org.artifactory.storage.db.security.entity.UserTest"/>
  <testcase name="noGroupsSetTest" time="0.000" classname="org.artifactory.storage.db.security.entity.UserTest"/>
  <testcase name="negUserIdTest" time="0.000" classname="org.artifactory.storage.db.security.entity.UserTest"/>
  <testcase name="simpleUserTest" time="0.000" classname="org.artifactory.storage.db.security.entity.UserTest"/>
  <testcase name="wrongGroupSetTest" time="0.001" classname="org.artifactory.storage.db.security.entity.UserTest"/>
  <testcase name="noUserNameTest" time="0.000" classname="org.artifactory.storage.db.security.entity.UserTest"/>
  <testcase name="withGroupsUserTest" time="0.000" classname="org.artifactory.storage.db.security.entity.UserTest"/>
</testsuite> <!-- org.artifactory.storage.db.security.entity.UserTest -->
