<?xml version="1.0" encoding="UTF-8"?>
<!-- Generated by org.testng.reporters.JUnitReportReporter -->
<testsuite hostname="eli-mpb-4.local" name="org.artifactory.storage.db.security.itest.dao.FullDeleteAclsDaoTest" tests="3" failures="0" timestamp="27 Nov 2014 18:03:47 GMT" time="0.011" errors="0">
  <testcase name="testDeleteUserWithAce" time="0.003" classname="org.artifactory.storage.db.security.itest.dao.FullDeleteAclsDaoTest"/>
  <testcase name="testDeletePermissionTargetWithAcl" time="0.002" classname="org.artifactory.storage.db.security.itest.dao.FullDeleteAclsDaoTest"/>
  <testcase name="testDeleteAllData" time="0.006" classname="org.artifactory.storage.db.security.itest.dao.FullDeleteAclsDaoTest"/>
</testsuite> <!-- org.artifactory.storage.db.security.itest.dao.FullDeleteAclsDaoTest -->
