<?xml version="1.0" encoding="UTF-8"?>
<!-- Generated by org.testng.reporters.JUnitReportReporter -->
<testsuite hostname="eli-mpb-4.local" name="org.artifactory.storage.db.build.entity.BuildArtifactTest" tests="8" failures="0" timestamp="27 Nov 2014 18:03:27 GMT" time="0.000" errors="0">
  <testcase name="negModuleIdTest" time="0.000" classname="org.artifactory.storage.db.build.entity.BuildArtifactTest"/>
  <testcase name="negArtifactIdTest" time="0.000" classname="org.artifactory.storage.db.build.entity.BuildArtifactTest"/>
  <testcase name="noArtifactNameTest" time="0.000" classname="org.artifactory.storage.db.build.entity.BuildArtifactTest"/>
  <testcase name="noModuleIdTest" time="0.000" classname="org.artifactory.storage.db.build.entity.BuildArtifactTest"/>
  <testcase name="noArtifactIdTest" time="0.000" classname="org.artifactory.storage.db.build.entity.BuildArtifactTest"/>
  <testcase name="simpleBuildArtifactTest" time="0.000" classname="org.artifactory.storage.db.build.entity.BuildArtifactTest"/>
  <testcase name="emptyArtifactNameTest" time="0.000" classname="org.artifactory.storage.db.build.entity.BuildArtifactTest"/>
  <testcase name="mostlyNullBuildArtifactTest" time="0.000" classname="org.artifactory.storage.db.build.entity.BuildArtifactTest"/>
</testsuite> <!-- org.artifactory.storage.db.build.entity.BuildArtifactTest -->
