<?xml version="1.0" encoding="UTF-8"?>
<!-- Generated by org.testng.reporters.JUnitReportReporter -->
<testsuite hostname="eli-mpb-4.local" name="org.artifactory.storage.db.base.entity.DbPropertiesTest" tests="7" failures="0" timestamp="27 Nov 2014 18:03:27 GMT" time="0.000" errors="0">
  <testcase name="basicDbProperties" time="0.000" classname="org.artifactory.storage.db.base.entity.DbPropertiesTest"/>
  <testcase name="maxNegDbProperties" time="0.000" classname="org.artifactory.storage.db.base.entity.DbPropertiesTest"/>
  <testcase name="nullInstallDateDbProperties" time="0.000" classname="org.artifactory.storage.db.base.entity.DbPropertiesTest"/>
  <testcase name="emptyArtVersionDbProperties" time="0.000" classname="org.artifactory.storage.db.base.entity.DbPropertiesTest"/>
  <testcase name="negInstallDateDbProperties" time="0.000" classname="org.artifactory.storage.db.base.entity.DbPropertiesTest"/>
  <testcase name="nullArtVersionDbProperties" time="0.000" classname="org.artifactory.storage.db.base.entity.DbPropertiesTest"/>
  <testcase name="maxNullDbProperties" time="0.000" classname="org.artifactory.storage.db.base.entity.DbPropertiesTest"/>
</testsuite> <!-- org.artifactory.storage.db.base.entity.DbPropertiesTest -->
