<?xml version="1.0" encoding="UTF-8"?>
<!-- Generated by org.testng.reporters.JUnitReportReporter -->
<testsuite hostname="eli-mpb-4.local" name="org.artifactory.storage.db.security.itest.service.UserGroupServiceImplTest" tests="5" failures="0" timestamp="27 Nov 2014 18:03:47 GMT" time="0.014" errors="0">
  <testcase name="hasDefaultAdmin" time="0.000" classname="org.artifactory.storage.db.security.itest.service.UserGroupServiceImplTest"/>
  <testcase name="createUserExistingUsername" time="0.002" classname="org.artifactory.storage.db.security.itest.service.UserGroupServiceImplTest"/>
  <testcase name="createUserTest" time="0.009" classname="org.artifactory.storage.db.security.itest.service.UserGroupServiceImplTest"/>
  <testcase name="hasAnonymousUser" time="0.001" classname="org.artifactory.storage.db.security.itest.service.UserGroupServiceImplTest"/>
  <testcase name="createGroupExistingGroupName" time="0.002" classname="org.artifactory.storage.db.security.itest.service.UserGroupServiceImplTest"/>
</testsuite> <!-- org.artifactory.storage.db.security.itest.service.UserGroupServiceImplTest -->
