<?xml version="1.0" encoding="UTF-8"?>
<!-- Generated by org.testng.reporters.JUnitReportReporter -->
<testsuite hostname="eli-mpb-4.local" name="org.artifactory.storage.db.util.BlobWrapperTest" tests="3" failures="0" timestamp="27 Nov 2014 18:03:27 GMT" time="0.001" errors="0">
  <testcase name="constructWithInputStream" time="0.001" classname="org.artifactory.storage.db.util.BlobWrapperTest"/>
  <testcase name="nullInputStream" time="0.000" classname="org.artifactory.storage.db.util.BlobWrapperTest"/>
  <testcase name="stringConstructor" time="0.000" classname="org.artifactory.storage.db.util.BlobWrapperTest"/>
</testsuite> <!-- org.artifactory.storage.db.util.BlobWrapperTest -->
