<?xml version="1.0" encoding="UTF-8"?>
<!-- Generated by org.testng.reporters.JUnitReportReporter -->
<testsuite hostname="eli-mpb-4.local" name="org.artifactory.storage.db.build.service.BuildRunComparatorsTest" tests="3" failures="0" timestamp="27 Nov 2014 18:03:27 GMT" time="0.008" errors="0">
  <testcase name="testStringComparator" time="0.000" classname="org.artifactory.storage.db.build.service.BuildRunComparatorsTest"/>
  <testcase name="testNumberComparator" time="0.001" classname="org.artifactory.storage.db.build.service.BuildRunComparatorsTest"/>
  <testcase name="testDateComparator" time="0.007" classname="org.artifactory.storage.db.build.service.BuildRunComparatorsTest"/>
</testsuite> <!-- org.artifactory.storage.db.build.service.BuildRunComparatorsTest -->
