<?xml version="1.0" encoding="UTF-8"?>
<!-- Generated by org.testng.reporters.JUnitReportReporter -->
<testsuite hostname="eli-mpb-4.local" name="org.artifactory.storage.db.fs.itest.service.TasksServiceImplTest" tests="6" failures="0" timestamp="27 Nov 2014 18:03:47 GMT" time="0.008" errors="0">
  <testcase name="removeIndexTaskByRepoPath" time="0.001" classname="org.artifactory.storage.db.fs.itest.service.TasksServiceImplTest"/>
  <testcase name="addIndexTask" time="0.001" classname="org.artifactory.storage.db.fs.itest.service.TasksServiceImplTest"/>
  <testcase name="removeIndexTask" time="0.001" classname="org.artifactory.storage.db.fs.itest.service.TasksServiceImplTest"/>
  <testcase name="getIndexTasks" time="0.004" classname="org.artifactory.storage.db.fs.itest.service.TasksServiceImplTest"/>
  <testcase name="hasIndexTask" time="0.001" classname="org.artifactory.storage.db.fs.itest.service.TasksServiceImplTest"/>
  <testcase name="removeIndexTaskByRepoPathNotExist" time="0.000" classname="org.artifactory.storage.db.fs.itest.service.TasksServiceImplTest"/>
</testsuite> <!-- org.artifactory.storage.db.fs.itest.service.TasksServiceImplTest -->
