<?xml version="1.0" encoding="UTF-8"?>
<!-- Generated by org.testng.reporters.JUnitReportReporter -->
<testsuite hostname="eli-mpb-4.local" name="org.artifactory.storage.db.ha.entity.ArtifactoryServerTest" tests="9" failures="0" timestamp="27 Nov 2014 18:03:27 GMT" time="0.000" errors="0">
  <testcase name="negStartTimeArtifactoryServer" time="0.000" classname="org.artifactory.storage.db.ha.entity.ArtifactoryServerTest"/>
  <testcase name="zeroStartTimeArtifactoryServer" time="0.000" classname="org.artifactory.storage.db.ha.entity.ArtifactoryServerTest"/>
  <testcase name="nullServerIdArtifactoryServer" time="0.000" classname="org.artifactory.storage.db.ha.entity.ArtifactoryServerTest"/>
  <testcase name="nullServerRoleArtifactoryServer" time="0.000" classname="org.artifactory.storage.db.ha.entity.ArtifactoryServerTest"/>
  <testcase name="emptyServerIdArtifactoryServer" time="0.000" classname="org.artifactory.storage.db.ha.entity.ArtifactoryServerTest"/>
  <testcase name="maxNullArtifactoryServer" time="0.000" classname="org.artifactory.storage.db.ha.entity.ArtifactoryServerTest"/>
  <testcase name="basicArtifactoryServer" time="0.000" classname="org.artifactory.storage.db.ha.entity.ArtifactoryServerTest"/>
  <testcase name="nullServerStateArtifactoryServer" time="0.000" classname="org.artifactory.storage.db.ha.entity.ArtifactoryServerTest"/>
  <testcase name="maxNegArtifactoryServer" time="0.000" classname="org.artifactory.storage.db.ha.entity.ArtifactoryServerTest"/>
</testsuite> <!-- org.artifactory.storage.db.ha.entity.ArtifactoryServerTest -->
