<?xml version="1.0" encoding="UTF-8"?>
<!-- Generated by org.testng.reporters.JUnitReportReporter -->
<testsuite hostname="eli-mpb-4.local" name="org.artifactory.storage.db.fs.itest.service.PropertiesServiceImplTest" tests="8" failures="0" timestamp="27 Nov 2014 18:03:47 GMT" time="0.021" errors="0">
  <testcase name="deleteProperties" time="0.001" classname="org.artifactory.storage.db.fs.itest.service.PropertiesServiceImplTest"/>
  <testcase name="getPropertiesNodeWithNone" time="0.002" classname="org.artifactory.storage.db.fs.itest.service.PropertiesServiceImplTest"/>
  <testcase name="getPropertiesNodeNotExist" time="0.006" classname="org.artifactory.storage.db.fs.itest.service.PropertiesServiceImplTest"/>
  <testcase name="getPropertiesNodeWithProperties" time="0.001" classname="org.artifactory.storage.db.fs.itest.service.PropertiesServiceImplTest"/>
  <testcase name="setProperties" time="0.009" classname="org.artifactory.storage.db.fs.itest.service.PropertiesServiceImplTest"/>
  <testcase name="hasPropertiesPathWithNoProperties" time="0.001" classname="org.artifactory.storage.db.fs.itest.service.PropertiesServiceImplTest"/>
  <testcase name="getPropertiesNodeWithMultiValueProperties" time="0.000" classname="org.artifactory.storage.db.fs.itest.service.PropertiesServiceImplTest"/>
  <testcase name="hasPropertiesPathWithProperties" time="0.001" classname="org.artifactory.storage.db.fs.itest.service.PropertiesServiceImplTest"/>
</testsuite> <!-- org.artifactory.storage.db.fs.itest.service.PropertiesServiceImplTest -->
