<?xml version="1.0" encoding="UTF-8"?>
<!-- Generated by org.testng.reporters.JUnitReportReporter -->
<testsuite hostname="eli-mpb-4.local" name="org.artifactory.addon.plugin.PluginInfoTest" tests="2" failures="0" timestamp="27 Nov 2014 18:02:43 GMT" time="0.032" errors="0">
  <testcase name="testConstructorWithNoClosureMap" time="0.000" classname="org.artifactory.addon.plugin.PluginInfoTest"/>
  <testcase name="testConstructor" time="0.032" classname="org.artifactory.addon.plugin.PluginInfoTest"/>
</testsuite> <!-- org.artifactory.addon.plugin.PluginInfoTest -->
