<?xml version="1.0" encoding="UTF-8"?>
<!-- Generated by org.testng.reporters.JUnitReportReporter -->
<testsuite hostname="eli-mpb-4.local" name="org.artifactory.util.PathUtilTest" tests="1" failures="0" timestamp="27 Nov 2014 18:02:43 GMT" time="0.013" errors="0">
  <testcase name="getPathNameTest" time="0.013" classname="org.artifactory.util.PathUtilTest"/>
</testsuite> <!-- org.artifactory.util.PathUtilTest -->
