<?xml version="1.0" encoding="UTF-8"?>
<!-- Generated by org.testng.reporters.JUnitReportReporter -->
<testsuite hostname="pond.jfrog.org" name="org.artifactory.schedule.JobCommandTest" tests="3" failures="0" timestamp="13 May 2013 13:13:25 GMT" time="2.757" errors="0">
  <testcase name="testSingletonAndManual" time="1.286" classname="org.artifactory.schedule.JobCommandTest"/>
  <testcase name="testCommandToStop" time="1.047" classname="org.artifactory.schedule.JobCommandTest"/>
  <testcase name="testStopStrategyAndKey" time="0.424" classname="org.artifactory.schedule.JobCommandTest"/>
</testsuite> <!-- org.artifactory.schedule.JobCommandTest -->
