<?xml version="1.0" encoding="UTF-8"?>
<!-- Generated by org.testng.reporters.JUnitReportReporter -->
<testsuite hostname="pond.jfrog.org" name="org.artifactory.repo.interceptor.ReplicationEventInterceptorTest" tests="7" failures="0" timestamp="13 May 2013 13:13:25 GMT" time="0.007" errors="0">
  <testcase name="testAfterDelete" time="0.001" classname="org.artifactory.repo.interceptor.ReplicationEventInterceptorTest"/>
  <testcase name="testAfterMoveFile" time="0.001" classname="org.artifactory.repo.interceptor.ReplicationEventInterceptorTest"/>
  <testcase name="testAfterCopyFile" time="0.001" classname="org.artifactory.repo.interceptor.ReplicationEventInterceptorTest"/>
  <testcase name="testAfterCreateFolder" time="0.001" classname="org.artifactory.repo.interceptor.ReplicationEventInterceptorTest"/>
  <testcase name="testAfterMoveFolder" time="0.001" classname="org.artifactory.repo.interceptor.ReplicationEventInterceptorTest"/>
  <testcase name="testAfterCopyFolder" time="0.001" classname="org.artifactory.repo.interceptor.ReplicationEventInterceptorTest"/>
  <testcase name="testAfterCreateFile" time="0.001" classname="org.artifactory.repo.interceptor.ReplicationEventInterceptorTest"/>
</testsuite> <!-- org.artifactory.repo.interceptor.ReplicationEventInterceptorTest -->
