<?xml version="1.0" encoding="UTF-8"?>
<!-- Generated by org.testng.reporters.JUnitReportReporter -->
<testsuite hostname="pond.jfrog.org" name="org.artifactory.repo.service.mover.RepoPathIteratorTest" tests="3" failures="0" timestamp="13 May 2013 13:13:25 GMT" time="0.002" errors="0">
  <testcase name="nullPath" time="0.001" classname="org.artifactory.repo.service.mover.RepoPathIteratorTest"/>
  <testcase name="twoLevelsRepoPath" time="0.000" classname="org.artifactory.repo.service.mover.RepoPathIteratorTest"/>
  <testcase name="rootRepoPath" time="0.001" classname="org.artifactory.repo.service.mover.RepoPathIteratorTest"/>
</testsuite> <!-- org.artifactory.repo.service.mover.RepoPathIteratorTest -->
