<?xml version="1.0" encoding="UTF-8"?>
<!-- Generated by org.testng.reporters.JUnitReportReporter -->
<testsuite hostname="pond.jfrog.org" name="org.artifactory.schedule.TaskServiceTest" tests="21" failures="0" timestamp="13 May 2013 13:13:25 GMT" time="13.162" errors="0">
  <testcase name="testServiceSynchronization" time="0.632" classname="org.artifactory.schedule.TaskServiceTest"/>
  <testcase name="testServiceSynchronization" time="0.635" classname="org.artifactory.schedule.TaskServiceTest"/>
  <testcase name="testMisfireIgnored" time="3.055" classname="org.artifactory.schedule.TaskServiceTest"/>
  <testcase name="testMutliResume" time="0.575" classname="org.artifactory.schedule.TaskServiceTest"/>
  <testcase name="testConcurrentStopResumes" time="0.233" classname="org.artifactory.schedule.TaskServiceTest"/>
  <testcase name="testServiceSynchronization" time="0.629" classname="org.artifactory.schedule.TaskServiceTest"/>
  <testcase name="testMutliResume" time="0.576" classname="org.artifactory.schedule.TaskServiceTest"/>
  <testcase name="testMutliResume" time="0.580" classname="org.artifactory.schedule.TaskServiceTest"/>
  <testcase name="testMisfireIgnoredOnPause" time="1.416" classname="org.artifactory.schedule.TaskServiceTest"/>
  <testcase name="testDoubleResume" time="0.002" classname="org.artifactory.schedule.TaskServiceTest"/>
  <testcase name="testMultiSingleExecution" time="0.525" classname="org.artifactory.schedule.TaskServiceTest"/>
  <testcase name="testServiceSynchronization" time="0.629" classname="org.artifactory.schedule.TaskServiceTest"/>
  <testcase name="testMutliResume" time="0.575" classname="org.artifactory.schedule.TaskServiceTest"/>
  <testcase name="testStopWhileRunning" time="0.055" classname="org.artifactory.schedule.TaskServiceTest"/>
  <testcase name="testCancelWhenWaitingOnStateTransition" time="0.002" classname="org.artifactory.schedule.TaskServiceTest"/>
  <testcase name="testCancelWhileRunning" time="0.005" classname="org.artifactory.schedule.TaskServiceTest"/>
  <testcase name="testServiceSynchronization" time="0.629" classname="org.artifactory.schedule.TaskServiceTest"/>
  <testcase name="testMutliResume" time="0.577" classname="org.artifactory.schedule.TaskServiceTest"/>
  <testcase name="testServiceSynchronization" time="0.628" classname="org.artifactory.schedule.TaskServiceTest"/>
  <testcase name="testMutliResume" time="0.576" classname="org.artifactory.schedule.TaskServiceTest"/>
  <testcase name="testSingleExecutionWithError" time="0.628" classname="org.artifactory.schedule.TaskServiceTest"/>
</testsuite> <!-- org.artifactory.schedule.TaskServiceTest -->
