<?xml version="1.0" encoding="UTF-8"?>
<!-- Generated by org.testng.reporters.JUnitReportReporter -->
<testsuite hostname="pond.jfrog.org" name="org.artifactory.bintray.BintrayServiceImplTest" tests="1" failures="0" timestamp="13 May 2013 13:13:25 GMT" time="0.310" errors="0">
  <testcase name="testGetPackagesToDeploy" time="0.310" classname="org.artifactory.bintray.BintrayServiceImplTest"/>
</testsuite> <!-- org.artifactory.bintray.BintrayServiceImplTest -->
