<?xml version="1.0" encoding="UTF-8"?>
<!-- Generated by org.testng.reporters.JUnitReportReporter -->
<testsuite hostname="pond.jfrog.org" name="org.artifactory.util.PathMatcherTest" tests="10" failures="0" timestamp="13 May 2013 13:13:25 GMT" time="0.009" errors="0">
  <testcase name="subPathIncludes" time="0.000" classname="org.artifactory.util.PathMatcherTest"/>
  <testcase name="globalExcludes" time="0.002" classname="org.artifactory.util.PathMatcherTest"/>
  <testcase name="sourcesIncludes" time="0.001" classname="org.artifactory.util.PathMatcherTest"/>
  <testcase name="matchExcludesAndIncludes" time="0.001" classname="org.artifactory.util.PathMatcherTest"/>
  <testcase name="matchWithExcludesOnly" time="0.001" classname="org.artifactory.util.PathMatcherTest"/>
  <testcase name="matchWithIncludeAll" time="0.000" classname="org.artifactory.util.PathMatcherTest"/>
  <testcase name="matchWithExcludeAll" time="0.000" classname="org.artifactory.util.PathMatcherTest"/>
  <testcase name="matchWithIncludesOnlyPartial" time="0.002" classname="org.artifactory.util.PathMatcherTest"/>
  <testcase name="matchWithIncludesOnly" time="0.002" classname="org.artifactory.util.PathMatcherTest"/>
  <testcase name="excludesTakesPrecedenceOverIncludes" time="0.000" classname="org.artifactory.util.PathMatcherTest"/>
</testsuite> <!-- org.artifactory.util.PathMatcherTest -->
