<?xml version="1.0" encoding="UTF-8"?>
<!-- Generated by org.testng.reporters.JUnitReportReporter -->
<testsuite hostname="pond.jfrog.org" name="org.artifactory.security.ArtifactorySidTest" tests="7" failures="0" timestamp="13 May 2013 13:13:25 GMT" time="0.000" errors="0">
  <testcase name="groupSidsEquals" time="0.000" classname="org.artifactory.security.ArtifactorySidTest"/>
  <testcase name="userSidsEquals" time="0.000" classname="org.artifactory.security.ArtifactorySidTest"/>
  <testcase name="userConstructor" time="0.000" classname="org.artifactory.security.ArtifactorySidTest"/>
  <testcase name="userSidCreation" time="0.000" classname="org.artifactory.security.ArtifactorySidTest"/>
  <testcase name="nullPrincipal" time="0.000" classname="org.artifactory.security.ArtifactorySidTest"/>
  <testcase name="groupAndUserNotEquals" time="0.000" classname="org.artifactory.security.ArtifactorySidTest"/>
  <testcase name="groupSidCreation" time="0.000" classname="org.artifactory.security.ArtifactorySidTest"/>
</testsuite> <!-- org.artifactory.security.ArtifactorySidTest -->
