<?xml version="1.0" encoding="UTF-8"?>
<!-- Generated by org.testng.reporters.JUnitReportReporter -->
<testsuite hostname="pond.jfrog.org" name="org.artifactory.repo.remote.browse.S3RepositoryBrowserTest" tests="3" failures="0" timestamp="13 May 2013 13:13:25 GMT" time="0.333" errors="0">
  <testcase name="listRemoteItemsFolderAndFilesWithSameName" time="0.010" classname="org.artifactory.repo.remote.browse.S3RepositoryBrowserTest"/>
  <testcase name="listRemoteItems" time="0.127" classname="org.artifactory.repo.remote.browse.S3RepositoryBrowserTest"/>
  <testcase name="detectRootLocal" time="0.196" classname="org.artifactory.repo.remote.browse.S3RepositoryBrowserTest"/>
</testsuite> <!-- org.artifactory.repo.remote.browse.S3RepositoryBrowserTest -->
