<?xml version="1.0" encoding="UTF-8"?>
<!-- Generated by org.testng.reporters.JUnitReportReporter -->
<testsuite hostname="pond.jfrog.org" name="org.artifactory.repo.remote.browse.S3RepositorySecuredHelperTest" tests="1" failures="0" timestamp="13 May 2013 13:13:25 GMT" time="0.245" errors="0">
  <testcase name="testBuildSecuredS3RequestUrl" time="0.245" classname="org.artifactory.repo.remote.browse.S3RepositorySecuredHelperTest"/>
</testsuite> <!-- org.artifactory.repo.remote.browse.S3RepositorySecuredHelperTest -->
