<?xml version="1.0" encoding="UTF-8"?>
<!-- Generated by org.testng.reporters.JUnitReportReporter -->
<testsuite hostname="pond.jfrog.org" name="org.artifactory.repo.snapshot.NonUniqueSnapshotVersionAdapterTest" tests="9" failures="0" timestamp="13 May 2013 13:13:25 GMT" time="0.025" errors="0">
  <testcase name="artifactWithNoMavenStructure" time="0.002" classname="org.artifactory.repo.snapshot.NonUniqueSnapshotVersionAdapterTest"/>
  <testcase name="alreadyNonUniqueChecksumArtifact" time="0.002" classname="org.artifactory.repo.snapshot.NonUniqueSnapshotVersionAdapterTest"/>
  <testcase name="uniqueArtifact" time="0.006" classname="org.artifactory.repo.snapshot.NonUniqueSnapshotVersionAdapterTest"/>
  <testcase name="uniqueArtifactWithComplexClassifier" time="0.003" classname="org.artifactory.repo.snapshot.NonUniqueSnapshotVersionAdapterTest"/>
  <testcase name="alreadyNonUniqueArtifact" time="0.003" classname="org.artifactory.repo.snapshot.NonUniqueSnapshotVersionAdapterTest"/>
  <testcase name="uniqueArtifactWithClassifier" time="0.002" classname="org.artifactory.repo.snapshot.NonUniqueSnapshotVersionAdapterTest"/>
  <testcase name="uniqueArtifactVersionWithDashes" time="0.002" classname="org.artifactory.repo.snapshot.NonUniqueSnapshotVersionAdapterTest"/>
  <testcase name="uniqueChecksumArtifact" time="0.003" classname="org.artifactory.repo.snapshot.NonUniqueSnapshotVersionAdapterTest"/>
  <testcase name="artifactWithReleaseVersion" time="0.002" classname="org.artifactory.repo.snapshot.NonUniqueSnapshotVersionAdapterTest"/>
</testsuite> <!-- org.artifactory.repo.snapshot.NonUniqueSnapshotVersionAdapterTest -->
