<?xml version="1.0" encoding="UTF-8"?>
<!-- Generated by org.testng.reporters.JUnitReportReporter -->
<testsuite hostname="pond.jfrog.org" name="org.artifactory.security.SaltTest" tests="4" failures="0" timestamp="13 May 2013 13:13:25 GMT" time="0.018" errors="0">
  <testcase name="saltedPasswordGenerationWithExistingUserTest" time="0.003" classname="org.artifactory.security.SaltTest"/>
  <testcase name="saltedPasswordWitDefaultSaltGenerationTest" time="0.001" classname="org.artifactory.security.SaltTest"/>
  <testcase name="saltedPasswordGenerationWithNullSaltTest" time="0.013" classname="org.artifactory.security.SaltTest"/>
  <testcase name="saltValueTest" time="0.001" classname="org.artifactory.security.SaltTest"/>
</testsuite> <!-- org.artifactory.security.SaltTest -->
