<?xml version="1.0" encoding="UTF-8"?>
<!-- Generated by org.testng.reporters.JUnitReportReporter -->
<testsuite hostname="pond.jfrog.org" name="org.artifactory.maven.versioning.MavenMetadataVersionComparatorTest" tests="2" failures="0" timestamp="13 May 2013 13:13:25 GMT" time="0.051" errors="0">
  <testcase name="compareComplicatedJetty" time="0.050" classname="org.artifactory.maven.versioning.MavenMetadataVersionComparatorTest"/>
  <testcase name="compare1And2" time="0.001" classname="org.artifactory.maven.versioning.MavenMetadataVersionComparatorTest"/>
</testsuite> <!-- org.artifactory.maven.versioning.MavenMetadataVersionComparatorTest -->
