<?xml version="1.0" encoding="UTF-8"?>
<!-- Generated by org.testng.reporters.JUnitReportReporter -->
<testsuite hostname="pond.jfrog.org" name="org.artifactory.repo.replication.RemoteReplicationJobTest" tests="5" failures="0" timestamp="13 May 2013 13:13:25 GMT" time="0.008" errors="0">
  <testcase name="testNullRepoKey" time="0.001" classname="org.artifactory.repo.replication.RemoteReplicationJobTest"/>
  <testcase name="testExecution" time="0.002" classname="org.artifactory.repo.replication.RemoteReplicationJobTest"/>
  <testcase name="testExecutionException" time="0.003" classname="org.artifactory.repo.replication.RemoteReplicationJobTest"/>
  <testcase name="testManualExecution" time="0.001" classname="org.artifactory.repo.replication.RemoteReplicationJobTest"/>
  <testcase name="testContextNotReady" time="0.001" classname="org.artifactory.repo.replication.RemoteReplicationJobTest"/>
</testsuite> <!-- org.artifactory.repo.replication.RemoteReplicationJobTest -->
