<?xml version="1.0" encoding="UTF-8"?>
<!-- Generated by org.testng.reporters.JUnitReportReporter -->
<testsuite hostname="pond.jfrog.org" name="org.artifactory.repo.HttpRepoTest" tests="1" failures="0" timestamp="13 May 2013 13:13:25 GMT" time="0.059" errors="0">
  <testcase name="testProxyRemoteAuthAndMultihome" time="0.059" classname="org.artifactory.repo.HttpRepoTest"/>
</testsuite> <!-- org.artifactory.repo.HttpRepoTest -->
