<?xml version="1.0" encoding="UTF-8"?>
<!-- Generated by org.testng.reporters.JUnitReportReporter -->
<testsuite hostname="pond.jfrog.org" name="org.artifactory.repo.DbRepoTest" tests="1" failures="0" timestamp="13 May 2013 13:13:25 GMT" time="0.070" errors="0">
  <testcase name="testNoFilePermission" time="0.070" classname="org.artifactory.repo.DbRepoTest"/>
</testsuite> <!-- org.artifactory.repo.DbRepoTest -->
