<?xml version="1.0" encoding="UTF-8"?>
<!-- Generated by org.testng.reporters.JUnitReportReporter -->
<testsuite hostname="pond.jfrog.org" name="org.artifactory.maven.versioning.MavenVersionComparatorTest" tests="5" failures="0" timestamp="13 May 2013 13:13:25 GMT" time="0.009" errors="0">
  <testcase name="alphaBetaMilestoneRcGaVersions" time="0.003" classname="org.artifactory.maven.versioning.MavenVersionComparatorTest"/>
  <testcase name="numericMajorMinorBug" time="0.001" classname="org.artifactory.maven.versioning.MavenVersionComparatorTest"/>
  <testcase name="numericMajorVersionOnly" time="0.000" classname="org.artifactory.maven.versioning.MavenVersionComparatorTest"/>
  <testcase name="snapshotVersions" time="0.005" classname="org.artifactory.maven.versioning.MavenVersionComparatorTest"/>
  <testcase name="numericMajorMinor" time="0.000" classname="org.artifactory.maven.versioning.MavenVersionComparatorTest"/>
</testsuite> <!-- org.artifactory.maven.versioning.MavenVersionComparatorTest -->
