<?xml version="1.0" encoding="UTF-8"?>
<!-- Generated by org.testng.reporters.JUnitReportReporter -->
<testsuite hostname="pond.jfrog.org" name="org.artifactory.repo.db.DbRepoBaseTest" tests="2" failures="0" timestamp="13 May 2013 13:13:25 GMT" time="0.006" errors="0">
  <testcase name="anonAccessEnabledAndNoReadPermissions" time="0.003" classname="org.artifactory.repo.db.DbRepoBaseTest"/>
  <testcase name="anonAccessDisabledAndNoReadPermissions" time="0.003" classname="org.artifactory.repo.db.DbRepoBaseTest"/>
</testsuite> <!-- org.artifactory.repo.db.DbRepoBaseTest -->
