<?xml version="1.0" encoding="UTF-8"?>
<!-- Generated by org.testng.reporters.JUnitReportReporter -->
<testsuite hostname="pond.jfrog.org" name="org.artifactory.addon.replication.RemoteReplicationSettingsBuilderTest" tests="3" failures="0" timestamp="13 May 2013 13:13:25 GMT" time="0.000" errors="0">
  <testcase name="testDefaultValues" time="0.000" classname="org.artifactory.addon.replication.RemoteReplicationSettingsBuilderTest"/>
  <testcase name="testNoRepoPath" time="0.000" classname="org.artifactory.addon.replication.RemoteReplicationSettingsBuilderTest"/>
  <testcase name="testSetters" time="0.000" classname="org.artifactory.addon.replication.RemoteReplicationSettingsBuilderTest"/>
</testsuite> <!-- org.artifactory.addon.replication.RemoteReplicationSettingsBuilderTest -->
