<?xml version="1.0" encoding="UTF-8"?>
<!-- Generated by org.testng.reporters.JUnitReportReporter -->
<testsuite hostname="eli-mpb-4.local" name="org.artifactory.webapp.wicket.page.admin.LoginPageTest" tests="1" failures="0" timestamp="27 Nov 2014 18:04:14 GMT" time="0.542" errors="0">
  <testcase name="formSubmitWithCSRFToken" time="0.542" classname="org.artifactory.webapp.wicket.page.admin.LoginPageTest"/>
</testsuite> <!-- org.artifactory.webapp.wicket.page.admin.LoginPageTest -->
