<?xml version="1.0" encoding="UTF-8"?>
<!-- Generated by org.testng.reporters.JUnitReportReporter -->
<testsuite hostname="eli-mpb-4.local" name="org.artifactory.webapp.wicket.page.browse.treebrowser.tabs.general.dependency.DependencyDeclarationProviderTypeTest" tests="1" failures="0" timestamp="27 Nov 2014 18:04:14 GMT" time="0.002" errors="0">
  <testcase name="testDefaultValues" time="0.002" classname="org.artifactory.webapp.wicket.page.browse.treebrowser.tabs.general.dependency.DependencyDeclarationProviderTypeTest"/>
</testsuite> <!-- org.artifactory.webapp.wicket.page.browse.treebrowser.tabs.general.dependency.DependencyDeclarationProviderTypeTest -->
