<?xml version="1.0" encoding="UTF-8"?>
<!-- Generated by org.testng.reporters.JUnitReportReporter -->
<testsuite hostname="eli-mpb-4.local" name="org.artifactory.webapp.wicket.util.validation.UriValidatorTest" tests="5" failures="0" timestamp="27 Nov 2014 18:04:14 GMT" time="0.013" errors="0">
  <testcase name="invalidHostname" time="0.003" classname="org.artifactory.webapp.wicket.util.validation.UriValidatorTest"/>
  <testcase name="invalidSchema" time="0.001" classname="org.artifactory.webapp.wicket.util.validation.UriValidatorTest"/>
  <testcase name="httpIp" time="0.000" classname="org.artifactory.webapp.wicket.util.validation.UriValidatorTest"/>
  <testcase name="httpHostnameWithUnderscore" time="0.001" classname="org.artifactory.webapp.wicket.util.validation.UriValidatorTest"/>
  <testcase name="httpHostname" time="0.008" classname="org.artifactory.webapp.wicket.util.validation.UriValidatorTest"/>
</testsuite> <!-- org.artifactory.webapp.wicket.util.validation.UriValidatorTest -->
