<?xml version="1.0" encoding="UTF-8"?>
<!-- Generated by org.testng.reporters.JUnitReportReporter -->
<testsuite hostname="eli-mpb-4.local" name="org.artifactory.webapp.servlet.AccessFilterTest" tests="1" failures="0" timestamp="27 Nov 2014 18:04:14 GMT" time="0.324" errors="0">
  <testcase name="testAuthenticationChallenge" time="0.324" classname="org.artifactory.webapp.servlet.AccessFilterTest"/>
</testsuite> <!-- org.artifactory.webapp.servlet.AccessFilterTest -->
