<?xml version="1.0" encoding="UTF-8"?>
<!-- Generated by org.testng.reporters.JUnitReportReporter -->
<testsuite hostname="eli-mpb-4.local" name="org.artifactory.update.md.MetadataVersionTest" tests="5" failures="0" timestamp="27 Nov 2014 18:03:13 GMT" time="0.066" errors="0">
  <testcase name="detectVersion125rc0" time="0.018" classname="org.artifactory.update.md.MetadataVersionTest"/>
  <testcase name="detectVersion230" time="0.044" classname="org.artifactory.update.md.MetadataVersionTest"/>
  <testcase name="detectVersion30beta6" time="0.002" classname="org.artifactory.update.md.MetadataVersionTest"/>
  <testcase name="versionsCoverage" time="0.001" classname="org.artifactory.update.md.MetadataVersionTest"/>
  <testcase name="detectVersion30beta3" time="0.001" classname="org.artifactory.update.md.MetadataVersionTest"/>
</testsuite> <!-- org.artifactory.update.md.MetadataVersionTest -->
