<?xml version="1.0" encoding="UTF-8"?>
<!-- Generated by org.testng.reporters.JUnitReportReporter -->
<testsuite hostname="eli-mpb-4.local" name="org.artifactory.config.DefaultConfigTest" tests="1" failures="0" timestamp="27 Nov 2014 18:03:58 GMT" time="0.243" errors="0">
  <testcase name="testReadDefaultConfig" time="0.243" classname="org.artifactory.config.DefaultConfigTest"/>
</testsuite> <!-- org.artifactory.config.DefaultConfigTest -->
