<?xml version="1.0" encoding="UTF-8"?>
<!-- Generated by org.testng.reporters.JUnitReportReporter -->
<testsuite hostname="eli-mpb-4.local" name="org.artifactory.repo.snapshot.UniqueSnapshotVersionAdapterTest" tests="6" failures="0" timestamp="27 Nov 2014 18:03:58 GMT" time="0.009" errors="0">
  <testcase name="testArtifactWithSnapshotInTheClassifier" time="0.005" classname="org.artifactory.repo.snapshot.UniqueSnapshotVersionAdapterTest"/>
  <testcase name="alreadyUniqueArtifactWithClassifier" time="0.003" classname="org.artifactory.repo.snapshot.UniqueSnapshotVersionAdapterTest"/>
  <testcase name="alreadyUniqueChecksumArtifact" time="0.000" classname="org.artifactory.repo.snapshot.UniqueSnapshotVersionAdapterTest"/>
  <testcase name="alreadyUniqueArtifact" time="0.001" classname="org.artifactory.repo.snapshot.UniqueSnapshotVersionAdapterTest"/>
  <testcase name="artifactWithNoMavenStructure" time="0.000" classname="org.artifactory.repo.snapshot.UniqueSnapshotVersionAdapterTest"/>
  <testcase name="artifactWithReleaseVersion" time="0.000" classname="org.artifactory.repo.snapshot.UniqueSnapshotVersionAdapterTest"/>
</testsuite> <!-- org.artifactory.repo.snapshot.UniqueSnapshotVersionAdapterTest -->
