<?xml version="1.0" encoding="UTF-8"?>
<!-- Generated by org.testng.reporters.JUnitReportReporter -->
<testsuite hostname="eli-mpb-4.local" name="org.artifactory.io.checksum.ChecksumInputStreamTest" tests="3" failures="0" timestamp="27 Nov 2014 18:03:58 GMT" time="0.001" errors="0">
  <testcase name="offsetInputStream" time="0.000" classname="org.artifactory.io.checksum.ChecksumInputStreamTest"/>
  <testcase name="simpleInputStream" time="0.000" classname="org.artifactory.io.checksum.ChecksumInputStreamTest"/>
  <testcase name="nonClosedStream" time="0.001" classname="org.artifactory.io.checksum.ChecksumInputStreamTest"/>
</testsuite> <!-- org.artifactory.io.checksum.ChecksumInputStreamTest -->
