<?xml version="1.0" encoding="UTF-8"?>
<!-- Generated by org.testng.reporters.JUnitReportReporter -->
<testsuite hostname="eli-mpb-4.local" name="org.artifactory.repo.remote.browse.S3RepositorySecuredHelperTest" tests="1" failures="0" timestamp="27 Nov 2014 18:03:58 GMT" time="0.101" errors="0">
  <testcase name="testBuildSecuredS3RequestUrl" time="0.101" classname="org.artifactory.repo.remote.browse.S3RepositorySecuredHelperTest"/>
</testsuite> <!-- org.artifactory.repo.remote.browse.S3RepositorySecuredHelperTest -->
