<?xml version="1.0" encoding="UTF-8"?>
<!-- Generated by org.testng.reporters.JUnitReportReporter -->
<testsuite hostname="eli-mpb-4.local" name="org.artifactory.repo.RemoteRepoBaseTest" tests="10" failures="0" timestamp="27 Nov 2014 18:03:58 GMT" time="0.016" errors="0">
  <testcase name="testDownloadWithAnonymousEnabledAndNoReadPermissions" time="0.004" classname="org.artifactory.repo.RemoteRepoBaseTest"/>
  <testcase name="testDownloadWithNoCachePrefix" time="0.002" classname="org.artifactory.repo.RemoteRepoBaseTest"/>
  <testcase name="testReadDescChecksum" time="0.001" classname="org.artifactory.repo.RemoteRepoBaseTest"/>
  <testcase name="testReadCommentChecksum" time="0.001" classname="org.artifactory.repo.RemoteRepoBaseTest"/>
  <testcase name="testDownloadWithNoReleases" time="0.001" classname="org.artifactory.repo.RemoteRepoBaseTest"/>
  <testcase name="testDownloadWithBlackedOut" time="0.001" classname="org.artifactory.repo.RemoteRepoBaseTest"/>
  <testcase name="testReadEmptyChecksum" time="0.001" classname="org.artifactory.repo.RemoteRepoBaseTest"/>
  <testcase name="testDownloadWithExcludes" time="0.002" classname="org.artifactory.repo.RemoteRepoBaseTest"/>
  <testcase name="testDownloadWithCachePrefix" time="0.002" classname="org.artifactory.repo.RemoteRepoBaseTest"/>
  <testcase name="testReadValidChecksum" time="0.001" classname="org.artifactory.repo.RemoteRepoBaseTest"/>
</testsuite> <!-- org.artifactory.repo.RemoteRepoBaseTest -->
