<?xml version="1.0" encoding="UTF-8"?>
<!-- Generated by org.testng.reporters.JUnitReportReporter -->
<testsuite hostname="eli-mpb-4.local" name="org.artifactory.maven.versioning.MavenMetadataVersionComparatorTest" tests="2" failures="0" timestamp="27 Nov 2014 18:03:58 GMT" time="0.032" errors="0">
  <testcase name="compare1And2" time="0.004" classname="org.artifactory.maven.versioning.MavenMetadataVersionComparatorTest"/>
  <testcase name="compareComplicatedJetty" time="0.028" classname="org.artifactory.maven.versioning.MavenMetadataVersionComparatorTest"/>
</testsuite> <!-- org.artifactory.maven.versioning.MavenMetadataVersionComparatorTest -->
