<?xml version="1.0" encoding="UTF-8"?>
<!-- Generated by org.testng.reporters.JUnitReportReporter -->
<testsuite hostname="eli-mpb-4.local" name="org.artifactory.repo.DbRepoTest" tests="1" failures="0" timestamp="27 Nov 2014 18:03:58 GMT" time="0.003" errors="0">
  <testcase name="testNoFilePermission" time="0.003" classname="org.artifactory.repo.DbRepoTest"/>
</testsuite> <!-- org.artifactory.repo.DbRepoTest -->
