<?xml version="1.0" encoding="UTF-8"?>
<!-- Generated by org.testng.reporters.JUnitReportReporter -->
<testsuite hostname="eli-mpb-4.local" name="org.artifactory.repo.remote.browse.S3RepositoryBrowserTest" tests="3" failures="0" timestamp="27 Nov 2014 18:03:58 GMT" time="0.196" errors="0">
  <testcase name="listRemoteItemsFolderAndFilesWithSameName" time="0.007" classname="org.artifactory.repo.remote.browse.S3RepositoryBrowserTest"/>
  <testcase name="listRemoteItems" time="0.078" classname="org.artifactory.repo.remote.browse.S3RepositoryBrowserTest"/>
  <testcase name="detectRootLocal" time="0.111" classname="org.artifactory.repo.remote.browse.S3RepositoryBrowserTest"/>
</testsuite> <!-- org.artifactory.repo.remote.browse.S3RepositoryBrowserTest -->
