<?xml version="1.0" encoding="UTF-8"?>
<!-- Generated by org.testng.reporters.JUnitReportReporter -->
<testsuite hostname="eli-mpb-4.local" name="org.artifactory.schedule.JobCommandTest" tests="3" failures="0" timestamp="27 Nov 2014 18:03:58 GMT" time="2.784" errors="0">
  <testcase name="testSingletonAndManual" time="1.309" classname="org.artifactory.schedule.JobCommandTest"/>
  <testcase name="testStopStrategyAndKey" time="0.436" classname="org.artifactory.schedule.JobCommandTest"/>
  <testcase name="testCommandToStop" time="1.039" classname="org.artifactory.schedule.JobCommandTest"/>
</testsuite> <!-- org.artifactory.schedule.JobCommandTest -->
