<?xml version="1.0" encoding="UTF-8"?>
<!-- Generated by org.testng.reporters.JUnitReportReporter -->
<testsuite hostname="eli-mpb-4.local" name="org.artifactory.repo.cahce.expirable.CacheExpiryImplTest" tests="6" failures="0" timestamp="27 Nov 2014 18:03:58 GMT" time="0.134" errors="0">
  <testcase name="testIsExpirableWithNullPath" time="0.000" classname="org.artifactory.repo.cahce.expirable.CacheExpiryImplTest"/>
  <testcase name="testInitWithNullBeanName" time="0.132" classname="org.artifactory.repo.cahce.expirable.CacheExpiryImplTest"/>
  <testcase name="testIsNotExpirable" time="0.000" classname="org.artifactory.repo.cahce.expirable.CacheExpiryImplTest"/>
  <testcase name="testInitWithNullContext" time="0.000" classname="org.artifactory.repo.cahce.expirable.CacheExpiryImplTest"/>
  <testcase name="testIsExpirable" time="0.002" classname="org.artifactory.repo.cahce.expirable.CacheExpiryImplTest"/>
  <testcase name="testIsExpirableWithValidPathAndNoExpirables" time="0.000" classname="org.artifactory.repo.cahce.expirable.CacheExpiryImplTest"/>
</testsuite> <!-- org.artifactory.repo.cahce.expirable.CacheExpiryImplTest -->
