<?xml version="1.0" encoding="UTF-8"?>
<!-- Generated by org.testng.reporters.JUnitReportReporter -->
<testsuite hostname="eli-mpb-4.local" name="org.artifactory.maven.versioning.MavenVersionComparatorTest" tests="5" failures="0" timestamp="27 Nov 2014 18:03:58 GMT" time="0.003" errors="0">
  <testcase name="snapshotVersions" time="0.000" classname="org.artifactory.maven.versioning.MavenVersionComparatorTest"/>
  <testcase name="alphaBetaMilestoneRcGaVersions" time="0.002" classname="org.artifactory.maven.versioning.MavenVersionComparatorTest"/>
  <testcase name="numericMajorVersionOnly" time="0.000" classname="org.artifactory.maven.versioning.MavenVersionComparatorTest"/>
  <testcase name="numericMajorMinor" time="0.000" classname="org.artifactory.maven.versioning.MavenVersionComparatorTest"/>
  <testcase name="numericMajorMinorBug" time="0.001" classname="org.artifactory.maven.versioning.MavenVersionComparatorTest"/>
</testsuite> <!-- org.artifactory.maven.versioning.MavenVersionComparatorTest -->
