<?xml version="1.0" encoding="UTF-8"?>
<metadata>
    <groupId>test-group</groupId>
    <artifactId>test</artifactId>
    <version>1.0-SNAPSHOT</version>
    <versioning>
        <snapshot>
            <timestamp>20090106.220305</timestamp>
            <buildNumber>1</buildNumber>
        </snapshot>
        <lastUpdated>20090106220306</lastUpdated>
    </versioning>
</metadata>