<?xml version="1.0" encoding="UTF-8"?>
<!-- Generated by org.testng.reporters.JUnitReportReporter -->
<testsuite hostname="eli-mpb-4.local" name="org.artifactory.api.mime.NamingUtilsTest" tests="5" failures="0" timestamp="27 Nov 2014 18:03:00 GMT" time="0.007" errors="0">
  <testcase name="testIsViewable" time="0.000" classname="org.artifactory.api.mime.NamingUtilsTest"/>
  <testcase name="testJavaSourceNameFromClassName" time="0.003" classname="org.artifactory.api.mime.NamingUtilsTest"/>
  <testcase name="testIsProperties" time="0.002" classname="org.artifactory.api.mime.NamingUtilsTest"/>
  <testcase name="testIsMetadata" time="0.000" classname="org.artifactory.api.mime.NamingUtilsTest"/>
  <testcase name="testIsMetadataChecksum" time="0.002" classname="org.artifactory.api.mime.NamingUtilsTest"/>
</testsuite> <!-- org.artifactory.api.mime.NamingUtilsTest -->
