<?xml version="1.0" encoding="UTF-8"?>
<!-- Generated by org.testng.reporters.JUnitReportReporter -->
<testsuite hostname="eli-mpb-4.local" name="org.artifactory.checksum.ChecksumsTypeTest" tests="8" failures="0" timestamp="27 Nov 2014 18:03:00 GMT" time="0.001" errors="0">
  <testcase name="invalidSha256Checksum" time="0.000" classname="org.artifactory.checksum.ChecksumsTypeTest"/>
  <testcase name="validSha256Checksum" time="0.000" classname="org.artifactory.checksum.ChecksumsTypeTest"/>
  <testcase name="invalidSha1Checksum" time="0.000" classname="org.artifactory.checksum.ChecksumsTypeTest"/>
  <testcase name="validMD5Checksum" time="0.000" classname="org.artifactory.checksum.ChecksumsTypeTest"/>
  <testcase name="wrongLengthChecksums" time="0.000" classname="org.artifactory.checksum.ChecksumsTypeTest"/>
  <testcase name="invalidMD5Checksum" time="0.000" classname="org.artifactory.checksum.ChecksumsTypeTest"/>
  <testcase name="nullAndEmptyAreNotValidChecksums" time="0.001" classname="org.artifactory.checksum.ChecksumsTypeTest"/>
  <testcase name="validSha1Checksum" time="0.000" classname="org.artifactory.checksum.ChecksumsTypeTest"/>
</testsuite> <!-- org.artifactory.checksum.ChecksumsTypeTest -->
