<?xml version="1.0" encoding="UTF-8"?>
<!-- Generated by org.testng.reporters.JUnitReportReporter -->
<testsuite hostname="eli-mpb-4.local" name="org.artifactory.api.common.MultiStatusHolderTest" tests="4" failures="0" timestamp="27 Nov 2014 18:03:00 GMT" time="0.009" errors="0">
  <testcase name="mergeTwoStatusHolders" time="0.003" classname="org.artifactory.api.common.MultiStatusHolderTest"/>
  <testcase name="mergeWithEmptyStatusHolder" time="0.000" classname="org.artifactory.api.common.MultiStatusHolderTest"/>
  <testcase name="mergeWithErrorOverride" time="0.000" classname="org.artifactory.api.common.MultiStatusHolderTest"/>
  <testcase name="mergeWithSingleStatusHolder" time="0.006" classname="org.artifactory.api.common.MultiStatusHolderTest"/>
</testsuite> <!-- org.artifactory.api.common.MultiStatusHolderTest -->
