<?xml version="1.0" encoding="UTF-8"?>
<!-- Generated by org.testng.reporters.JUnitReportReporter -->
<testsuite hostname="eli-mpb-4.local" name="org.artifactory.api.module.CustomModuleInfoUtilsTest" tests="6" failures="0" timestamp="27 Nov 2014 18:03:00 GMT" time="0.006" errors="0">
  <testcase name="testDescriptorPathToModule" time="0.001" classname="org.artifactory.api.module.CustomModuleInfoUtilsTest"/>
  <testcase name="testCustom2" time="0.001" classname="org.artifactory.api.module.CustomModuleInfoUtilsTest"/>
  <testcase name="testArtifactPathToModule" time="0.001" classname="org.artifactory.api.module.CustomModuleInfoUtilsTest"/>
  <testcase name="testArtifactModuleToModule" time="0.001" classname="org.artifactory.api.module.CustomModuleInfoUtilsTest"/>
  <testcase name="testDescriptorPathToModuleWithConstantExtension" time="0.001" classname="org.artifactory.api.module.CustomModuleInfoUtilsTest"/>
  <testcase name="testCustom1" time="0.001" classname="org.artifactory.api.module.CustomModuleInfoUtilsTest"/>
</testsuite> <!-- org.artifactory.api.module.CustomModuleInfoUtilsTest -->
