<?xml version="1.0" encoding="UTF-8"?>
<!-- Generated by org.testng.reporters.JUnitReportReporter -->
<testsuite hostname="eli-mpb-4.local" name="org.artifactory.api.module.SpringMaven23ModuleInfoUtilsTest" tests="5" failures="0" timestamp="27 Nov 2014 18:03:00 GMT" time="0.004" errors="0">
  <testcase name="testSpringDistSnapshot" time="0.001" classname="org.artifactory.api.module.SpringMaven23ModuleInfoUtilsTest"/>
  <testcase name="testSpringArtifacts" time="0.001" classname="org.artifactory.api.module.SpringMaven23ModuleInfoUtilsTest"/>
  <testcase name="testSpringDistMilestone" time="0.001" classname="org.artifactory.api.module.SpringMaven23ModuleInfoUtilsTest"/>
  <testcase name="testSpringDistRelease" time="0.000" classname="org.artifactory.api.module.SpringMaven23ModuleInfoUtilsTest"/>
  <testcase name="testSpringBundles" time="0.001" classname="org.artifactory.api.module.SpringMaven23ModuleInfoUtilsTest"/>
</testsuite> <!-- org.artifactory.api.module.SpringMaven23ModuleInfoUtilsTest -->
