<?xml version="1.0" encoding="UTF-8"?>
<!-- Generated by org.testng.reporters.JUnitReportReporter -->
<testsuite hostname="eli-mpb-4.local" name="org.artifactory.addon.layouts.translate.PathTranslationHelperTest" tests="9" failures="0" timestamp="27 Nov 2014 18:03:00 GMT" time="0.116" errors="0">
  <testcase name="testGradleToGradle" time="0.027" classname="org.artifactory.addon.layouts.translate.PathTranslationHelperTest"/>
  <testcase name="testIvyToMaven" time="0.013" classname="org.artifactory.addon.layouts.translate.PathTranslationHelperTest"/>
  <testcase name="testGradleToMaven" time="0.013" classname="org.artifactory.addon.layouts.translate.PathTranslationHelperTest"/>
  <testcase name="testMavenToIvy" time="0.011" classname="org.artifactory.addon.layouts.translate.PathTranslationHelperTest"/>
  <testcase name="testIvyToGradle" time="0.009" classname="org.artifactory.addon.layouts.translate.PathTranslationHelperTest"/>
  <testcase name="testMavenToMaven" time="0.008" classname="org.artifactory.addon.layouts.translate.PathTranslationHelperTest"/>
  <testcase name="testGradleToIvy" time="0.015" classname="org.artifactory.addon.layouts.translate.PathTranslationHelperTest"/>
  <testcase name="testIvyToIvy" time="0.010" classname="org.artifactory.addon.layouts.translate.PathTranslationHelperTest"/>
  <testcase name="testMavenToGradle" time="0.010" classname="org.artifactory.addon.layouts.translate.PathTranslationHelperTest"/>
</testsuite> <!-- org.artifactory.addon.layouts.translate.PathTranslationHelperTest -->
