<?xml version="1.0" encoding="UTF-8"?>
<!-- Generated by org.testng.reporters.JUnitReportReporter -->
<testsuite hostname="eli-mpb-4.local" name="org.artifactory.api.module.ModuleInfoBuilderTest" tests="5" failures="0" timestamp="27 Nov 2014 18:03:00 GMT" time="0.000" errors="0">
  <testcase name="testCopyConstructor" time="0.000" classname="org.artifactory.api.module.ModuleInfoBuilderTest"/>
  <testcase name="testValidParams" time="0.000" classname="org.artifactory.api.module.ModuleInfoBuilderTest"/>
  <testcase name="testCopyDefaultConstruct" time="0.000" classname="org.artifactory.api.module.ModuleInfoBuilderTest"/>
  <testcase name="testNoParams" time="0.000" classname="org.artifactory.api.module.ModuleInfoBuilderTest"/>
  <testcase name="testNullParams" time="0.000" classname="org.artifactory.api.module.ModuleInfoBuilderTest"/>
</testsuite> <!-- org.artifactory.api.module.ModuleInfoBuilderTest -->
