<?xml version="1.0" encoding="UTF-8"?>
<!-- Generated by org.testng.reporters.JUnitReportReporter -->
<testsuite hostname="eli-mpb-4.local" name="org.artifactory.addon.layouts.translate.MetadataTranslatorFilterTest" tests="2" failures="0" timestamp="27 Nov 2014 18:03:00 GMT" time="0.003" errors="0">
  <testcase name="testValidMetadataTest" time="0.001" classname="org.artifactory.addon.layouts.translate.MetadataTranslatorFilterTest"/>
  <testcase name="testInvalidPaths" time="0.002" classname="org.artifactory.addon.layouts.translate.MetadataTranslatorFilterTest"/>
</testsuite> <!-- org.artifactory.addon.layouts.translate.MetadataTranslatorFilterTest -->
