<?xml version="1.0" encoding="UTF-8"?>
<testsuite name="TestSuite" time="4.227" tests="244" errors="0" skipped="0" failures="0">
  <properties>
    <property name="java.runtime.name" value="Java(TM) SE Runtime Environment"/>
    <property name="sun.boot.library.path" value="/Library/Internet Plug-Ins/JavaAppletPlugin.plugin/Contents/Home/lib"/>
    <property name="java.vm.version" value="24.71-b01"/>
    <property name="user.country.format" value="IL"/>
    <property name="gopherProxySet" value="false"/>
    <property name="java.vm.vendor" value="Oracle Corporation"/>
    <property name="java.vendor.url" value="http://java.oracle.com/"/>
    <property name="path.separator" value=":"/>
    <property name="guice.disable.misplaced.annotation.check" value="true"/>
    <property name="java.vm.name" value="Java HotSpot(TM) 64-Bit Server VM"/>
    <property name="file.encoding.pkg" value="sun.io"/>
    <property name="user.country" value="US"/>
    <property name="sun.java.launcher" value="SUN_STANDARD"/>
    <property name="sun.os.patch.level" value="unknown"/>
    <property name="java.vm.specification.name" value="Java Virtual Machine Specification"/>
    <property name="user.dir" value="/Users/eli/work/artifactory-3.x/artifactory/devenv"/>
    <property name="java.runtime.version" value="1.7.0_71-b14"/>
    <property name="java.awt.graphicsenv" value="sun.awt.CGraphicsEnvironment"/>
    <property name="java.endorsed.dirs" value="/Library/Internet Plug-Ins/JavaAppletPlugin.plugin/Contents/Home/lib/endorsed"/>
    <property name="os.arch" value="x86_64"/>
    <property name="java.io.tmpdir" value="/var/folders/yn/1sq_t_xs5917rgx6sh72hssh0000gp/T/"/>
    <property name="line.separator" value="&#10;"/>
    <property name="java.vm.specification.vendor" value="Oracle Corporation"/>
    <property name="os.name" value="Mac OS X"/>
    <property name="classworlds.conf" value="/usr/local/Cellar/maven/3.1.1/libexec/bin/m2.conf"/>
    <property name="sun.jnu.encoding" value="UTF-8"/>
    <property name="java.library.path" value="/Users/eli/Library/Java/Extensions:/Library/Java/Extensions:/Network/Library/Java/Extensions:/System/Library/Java/Extensions:/usr/lib/java:."/>
    <property name="java.specification.name" value="Java Platform API Specification"/>
    <property name="java.class.version" value="51.0"/>
    <property name="sun.management.compiler" value="HotSpot 64-Bit Tiered Compilers"/>
    <property name="os.version" value="10.10.1"/>
    <property name="http.nonProxyHosts" value="local|*.local|169.254/16|*.169.254/16"/>
    <property name="user.home" value="/Users/eli"/>
    <property name="user.timezone" value="Asia/Jerusalem"/>
    <property name="java.awt.printerjob" value="sun.lwawt.macosx.CPrinterJob"/>
    <property name="java.specification.version" value="1.7"/>
    <property name="file.encoding" value="UTF-8"/>
    <property name="user.name" value="eli"/>
    <property name="java.class.path" value="/usr/local/Cellar/maven/3.1.1/libexec/boot/plexus-classworlds-2.5.1.jar"/>
    <property name="org.slf4j.simpleLogger.defaultLogLevel" value="info"/>
    <property name="java.vm.specification.version" value="1.7"/>
    <property name="sun.arch.data.model" value="64"/>
    <property name="java.home" value="/Library/Internet Plug-Ins/JavaAppletPlugin.plugin/Contents/Home"/>
    <property name="sun.java.command" value="org.codehaus.plexus.classworlds.launcher.Launcher install"/>
    <property name="java.specification.vendor" value="Oracle Corporation"/>
    <property name="user.language" value="en"/>
    <property name="awt.toolkit" value="sun.lwawt.macosx.LWCToolkit"/>
    <property name="java.vm.info" value="mixed mode"/>
    <property name="java.version" value="1.7.0_71"/>
    <property name="java.ext.dirs" value="/Users/eli/Library/Java/Extensions:/Library/Internet Plug-Ins/JavaAppletPlugin.plugin/Contents/Home/lib/ext:/Library/Java/Extensions:/Network/Library/Java/Extensions:/System/Library/Java/Extensions:/usr/lib/java"/>
    <property name="sun.boot.class.path" value="/Library/Internet Plug-Ins/JavaAppletPlugin.plugin/Contents/Home/lib/resources.jar:/Library/Internet Plug-Ins/JavaAppletPlugin.plugin/Contents/Home/lib/rt.jar:/Library/Internet Plug-Ins/JavaAppletPlugin.plugin/Contents/Home/lib/sunrsasign.jar:/Library/Internet Plug-Ins/JavaAppletPlugin.plugin/Contents/Home/lib/jsse.jar:/Library/Internet Plug-Ins/JavaAppletPlugin.plugin/Contents/Home/lib/jce.jar:/Library/Internet Plug-Ins/JavaAppletPlugin.plugin/Contents/Home/lib/charsets.jar:/Library/Internet Plug-Ins/JavaAppletPlugin.plugin/Contents/Home/lib/jfr.jar:/Library/Internet Plug-Ins/JavaAppletPlugin.plugin/Contents/Home/classes"/>
    <property name="java.vendor" value="Oracle Corporation"/>
    <property name="maven.home" value="/usr/local/Cellar/maven/3.1.1/libexec"/>
    <property name="file.separator" value="/"/>
    <property name="java.vendor.url.bug" value="http://bugreport.sun.com/bugreport/"/>
    <property name="sun.cpu.endian" value="little"/>
    <property name="sun.io.unicode.encoding" value="UnicodeBig"/>
    <property name="socksNonProxyHosts" value="local|*.local|169.254/16|*.169.254/16"/>
    <property name="ftp.nonProxyHosts" value="local|*.local|169.254/16|*.169.254/16"/>
    <property name="sun.cpu.isalist" value=""/>
  </properties>
  <testcase name="testDefaultValues" classname="org.artifactory.addon.replication.RemoteReplicationSettingsBuilderTest" time="0.007"/>
  <testcase name="testNoRepoPath" classname="org.artifactory.addon.replication.RemoteReplicationSettingsBuilderTest" time="0"/>
  <testcase name="testSetters" classname="org.artifactory.addon.replication.RemoteReplicationSettingsBuilderTest" time="0.001"/>
  <testcase name="testConstructor" classname="org.artifactory.addon.replication.RemoteReplicationSettingsTest" time="0"/>
  <testcase name="fileExtensionAsNumber" classname="org.artifactory.api.maven.MavenArtifactInfoTest" time="0.002"/>
  <testcase name="fromInvalidPath" classname="org.artifactory.api.maven.MavenArtifactInfoTest" time="0"/>
  <testcase name="fromPathNonUniqueSnapshotVersion" classname="org.artifactory.api.maven.MavenArtifactInfoTest" time="0.013"/>
  <testcase name="fromPathUniqueMd5SnapshotVersion" classname="org.artifactory.api.maven.MavenArtifactInfoTest" time="0.004"/>
  <testcase name="fromPathUniqueSnapshotVersion" classname="org.artifactory.api.maven.MavenArtifactInfoTest" time="0.001"/>
  <testcase name="fromPathWithClassifier" classname="org.artifactory.api.maven.MavenArtifactInfoTest" time="0.001"/>
  <testcase name="fromPathWithNoGroupId" classname="org.artifactory.api.maven.MavenArtifactInfoTest" time="0"/>
  <testcase name="fromPathWithOneDigitVersion" classname="org.artifactory.api.maven.MavenArtifactInfoTest" time="0"/>
  <testcase name="fromPathWithoutExtension" classname="org.artifactory.api.maven.MavenArtifactInfoTest" time="0"/>
  <testcase name="fromSimplePath" classname="org.artifactory.api.maven.MavenArtifactInfoTest" time="0"/>
  <testcase name="testClassifierWithDot" classname="org.artifactory.api.maven.MavenArtifactInfoTest" time="0"/>
  <testcase name="testClassifierWithDotAndNumber" classname="org.artifactory.api.maven.MavenArtifactInfoTest" time="0.001"/>
  <testcase name="testConfigPath" classname="org.artifactory.api.maven.MavenArtifactInfoTest" time="0.001"/>
  <testcase name="testCustomUserType" classname="org.artifactory.api.maven.MavenArtifactInfoTest" time="0.001"/>
  <testcase name="testTarBz2" classname="org.artifactory.api.maven.MavenArtifactInfoTest" time="0"/>
  <testcase name="testTarGz" classname="org.artifactory.api.maven.MavenArtifactInfoTest" time="0"/>
  <testcase name="invalidPath" classname="org.artifactory.api.module.VersionUnitTest" time="0.006"/>
  <testcase name="nodeConstructor" classname="org.artifactory.api.module.VersionUnitTest" time="0.001"/>
  <testcase name="matrixParams" classname="org.artifactory.api.request.ArtifactoryRequestTest" time="0.003"/>
  <testcase name="matrixParamsWithEncodedValues" classname="org.artifactory.api.request.ArtifactoryRequestTest" time="0.001"/>
  <testcase name="pathWithNonAscii" classname="org.artifactory.api.request.ArtifactoryRequestTest" time="0"/>
  <testcase name="pathsWithSpaces" classname="org.artifactory.api.request.ArtifactoryRequestTest" time="0"/>
  <testcase name="zipResourceAbsolute" classname="org.artifactory.api.request.ArtifactoryRequestTest" time="0"/>
  <testcase name="zipResourceEmptyPath" classname="org.artifactory.api.request.ArtifactoryRequestTest" time="0"/>
  <testcase name="zipResourceRelative" classname="org.artifactory.api.request.ArtifactoryRequestTest" time="0"/>
  <testcase name="testGetContentLength" classname="org.artifactory.api.request.TranslatedArtifactoryRequestTest" time="0"/>
  <testcase name="testGetHeader" classname="org.artifactory.api.request.TranslatedArtifactoryRequestTest" time="0"/>
  <testcase name="testGetIfModifiedSince" classname="org.artifactory.api.request.TranslatedArtifactoryRequestTest" time="0"/>
  <testcase name="testGetInputStream" classname="org.artifactory.api.request.TranslatedArtifactoryRequestTest" time="0"/>
  <testcase name="testGetLastModified" classname="org.artifactory.api.request.TranslatedArtifactoryRequestTest" time="0"/>
  <testcase name="testGetModificationTime" classname="org.artifactory.api.request.TranslatedArtifactoryRequestTest" time="0"/>
  <testcase name="testGetName" classname="org.artifactory.api.request.TranslatedArtifactoryRequestTest" time="0"/>
  <testcase name="testGetParameter" classname="org.artifactory.api.request.TranslatedArtifactoryRequestTest" time="0"/>
  <testcase name="testGetParameterValues" classname="org.artifactory.api.request.TranslatedArtifactoryRequestTest" time="0"/>
  <testcase name="testGetPath" classname="org.artifactory.api.request.TranslatedArtifactoryRequestTest" time="0"/>
  <testcase name="testGetProperties" classname="org.artifactory.api.request.TranslatedArtifactoryRequestTest" time="0.002"/>
  <testcase name="testGetRepoKey" classname="org.artifactory.api.request.TranslatedArtifactoryRequestTest" time="0"/>
  <testcase name="testGetRepoPath" classname="org.artifactory.api.request.TranslatedArtifactoryRequestTest" time="0"/>
  <testcase name="testGetServletContextUrl" classname="org.artifactory.api.request.TranslatedArtifactoryRequestTest" time="0"/>
  <testcase name="testGetSourceDescription" classname="org.artifactory.api.request.TranslatedArtifactoryRequestTest" time="0"/>
  <testcase name="testGetUri" classname="org.artifactory.api.request.TranslatedArtifactoryRequestTest" time="0"/>
  <testcase name="testHasProperties" classname="org.artifactory.api.request.TranslatedArtifactoryRequestTest" time="0"/>
  <testcase name="testIsChecksum" classname="org.artifactory.api.request.TranslatedArtifactoryRequestTest" time="0.001"/>
  <testcase name="testIsFromAnotherArtifactory" classname="org.artifactory.api.request.TranslatedArtifactoryRequestTest" time="0"/>
  <testcase name="testIsHeadOnly" classname="org.artifactory.api.request.TranslatedArtifactoryRequestTest" time="0"/>
  <testcase name="testIsMetadata" classname="org.artifactory.api.request.TranslatedArtifactoryRequestTest" time="0.001"/>
  <testcase name="testIsNewerThan" classname="org.artifactory.api.request.TranslatedArtifactoryRequestTest" time="0"/>
  <testcase name="testIsRecursive" classname="org.artifactory.api.request.TranslatedArtifactoryRequestTest" time="0"/>
  <testcase name="testToString" classname="org.artifactory.api.request.TranslatedArtifactoryRequestTest" time="0.001"/>
  <testcase name="addResultsWithDuplicates" classname="org.artifactory.api.search.SavedSearchResultsTest" time="0.003"/>
  <testcase name="defaultConstructor" classname="org.artifactory.api.search.SavedSearchResultsTest" time="0.003"/>
  <testcase name="intersectResults" classname="org.artifactory.api.search.SavedSearchResultsTest" time="0.001"/>
  <testcase name="mergeResults" classname="org.artifactory.api.search.SavedSearchResultsTest" time="0"/>
  <testcase name="subtractResults" classname="org.artifactory.api.search.SavedSearchResultsTest" time="0"/>
  <testcase name="emailBuild" classname="org.artifactory.api.security.UserInfoBuilderTest" time="0.002"/>
  <testcase name="minimalBuild" classname="org.artifactory.api.security.UserInfoBuilderTest" time="0"/>
  <testcase name="noUsernameBuild" classname="org.artifactory.api.security.UserInfoBuilderTest" time="0"/>
  <testcase name="saltBuild" classname="org.artifactory.api.security.UserInfoBuilderTest" time="0"/>
  <testcase name="testGetPackagesToDeploy" classname="org.artifactory.bintray.BintrayServiceImplTest" time="0.203"/>
  <testcase name="idRefsUseTheSameObject" classname="org.artifactory.config.CentralConfigServiceImplTest" time="0.034"/>
  <testcase name="testReadDefaultConfig" classname="org.artifactory.config.DefaultConfigTest" time="0.243"/>
  <testcase name="nonClosedStream" classname="org.artifactory.io.checksum.ChecksumInputStreamTest" time="0.001"/>
  <testcase name="offsetInputStream" classname="org.artifactory.io.checksum.ChecksumInputStreamTest" time="0"/>
  <testcase name="simpleInputStream" classname="org.artifactory.io.checksum.ChecksumInputStreamTest" time="0"/>
  <testcase name="calculateAllKnownChecksums" classname="org.artifactory.io.checksum.ChecksumsTest" time="0.001"/>
  <testcase name="calculateMd5" classname="org.artifactory.io.checksum.ChecksumsTest" time="0"/>
  <testcase name="calculateSha1" classname="org.artifactory.io.checksum.ChecksumsTest" time="0"/>
  <testcase name="calculateSha1AndMd5" classname="org.artifactory.io.checksum.ChecksumsTest" time="0.001"/>
  <testcase name="oneMatchedChecksumAllShouldPass" classname="org.artifactory.io.checksum.policy.ChecksumPolicyFailTest" time="0"/>
  <testcase name="checksumsDoesNotMatch" classname="org.artifactory.io.checksum.policy.ChecksumPolicyFailTest" time="0.006"/>
  <testcase name="checksumsMatch" classname="org.artifactory.io.checksum.policy.ChecksumPolicyFailTest" time="0"/>
  <testcase name="noOriginalChecksum" classname="org.artifactory.io.checksum.policy.ChecksumPolicyFailTest" time="0"/>
  <testcase name="returnedChecksum" classname="org.artifactory.io.checksum.policy.ChecksumPolicyFailTest" time="0"/>
  <testcase name="oneMatchedChecksumAllShouldPass" classname="org.artifactory.io.checksum.policy.ChecksumPolicyGenerateIfAbsentTest" time="0"/>
  <testcase name="checksumsDoesNotMatch" classname="org.artifactory.io.checksum.policy.ChecksumPolicyGenerateIfAbsentTest" time="0"/>
  <testcase name="checksumsMatch" classname="org.artifactory.io.checksum.policy.ChecksumPolicyGenerateIfAbsentTest" time="0"/>
  <testcase name="noOriginalChecksum" classname="org.artifactory.io.checksum.policy.ChecksumPolicyGenerateIfAbsentTest" time="0"/>
  <testcase name="returnedChecksum" classname="org.artifactory.io.checksum.policy.ChecksumPolicyGenerateIfAbsentTest" time="0"/>
  <testcase name="oneMatchedChecksumAllShouldPass" classname="org.artifactory.io.checksum.policy.ChecksumPolicyIgnoreAndGenerateTest" time="0"/>
  <testcase name="checksumsDoesNotMatch" classname="org.artifactory.io.checksum.policy.ChecksumPolicyIgnoreAndGenerateTest" time="0"/>
  <testcase name="checksumsMatch" classname="org.artifactory.io.checksum.policy.ChecksumPolicyIgnoreAndGenerateTest" time="0"/>
  <testcase name="noOriginalChecksum" classname="org.artifactory.io.checksum.policy.ChecksumPolicyIgnoreAndGenerateTest" time="0"/>
  <testcase name="returnedChecksum" classname="org.artifactory.io.checksum.policy.ChecksumPolicyIgnoreAndGenerateTest" time="0"/>
  <testcase name="oneMatchedChecksumAllShouldPass" classname="org.artifactory.io.checksum.policy.ChecksumPolicyPassThruTest" time="0"/>
  <testcase name="checksumsDoesNotMatch" classname="org.artifactory.io.checksum.policy.ChecksumPolicyPassThruTest" time="0"/>
  <testcase name="checksumsMatch" classname="org.artifactory.io.checksum.policy.ChecksumPolicyPassThruTest" time="0"/>
  <testcase name="noOriginalChecksum" classname="org.artifactory.io.checksum.policy.ChecksumPolicyPassThruTest" time="0"/>
  <testcase name="returnedChecksum" classname="org.artifactory.io.checksum.policy.ChecksumPolicyPassThruTest" time="0.001"/>
  <testcase name="checksumOfMetadata" classname="org.artifactory.io.checksum.policy.LocalRepoChecksumPolicyTest" time="0.001"/>
  <testcase name="checksumOfSnapshotMetadata" classname="org.artifactory.io.checksum.policy.LocalRepoChecksumPolicyTest" time="0"/>
  <testcase name="checksumTypeNotFound" classname="org.artifactory.io.checksum.policy.LocalRepoChecksumPolicyTest" time="0.001"/>
  <testcase name="checksumValueNotFound" classname="org.artifactory.io.checksum.policy.LocalRepoChecksumPolicyTest" time="0"/>
  <testcase name="clientPolicyType" classname="org.artifactory.io.checksum.policy.LocalRepoChecksumPolicyTest" time="0"/>
  <testcase name="serverPolicyType" classname="org.artifactory.io.checksum.policy.LocalRepoChecksumPolicyTest" time="0"/>
  <testcase name="compare" classname="org.artifactory.maven.versioning.CreationDateMavenMetadataVersionComparatorTest" time="0.001"/>
  <testcase name="compare1And2" classname="org.artifactory.maven.versioning.MavenMetadataVersionComparatorTest" time="0.004"/>
  <testcase name="compareComplicatedJetty" classname="org.artifactory.maven.versioning.MavenMetadataVersionComparatorTest" time="0.029"/>
  <testcase name="alphaBetaMilestoneRcGaVersions" classname="org.artifactory.maven.versioning.MavenVersionComparatorTest" time="0.002"/>
  <testcase name="numericMajorMinor" classname="org.artifactory.maven.versioning.MavenVersionComparatorTest" time="0"/>
  <testcase name="numericMajorMinorBug" classname="org.artifactory.maven.versioning.MavenVersionComparatorTest" time="0.001"/>
  <testcase name="numericMajorVersionOnly" classname="org.artifactory.maven.versioning.MavenVersionComparatorTest" time="0"/>
  <testcase name="snapshotVersions" classname="org.artifactory.maven.versioning.MavenVersionComparatorTest" time="0"/>
  <testcase name="testInitWithNullBeanName" classname="org.artifactory.repo.cahce.expirable.CacheExpiryImplTest" time="0.132"/>
  <testcase name="testInitWithNullContext" classname="org.artifactory.repo.cahce.expirable.CacheExpiryImplTest" time="0"/>
  <testcase name="testIsExpirable" classname="org.artifactory.repo.cahce.expirable.CacheExpiryImplTest" time="0.002"/>
  <testcase name="testIsExpirableWithNullPath" classname="org.artifactory.repo.cahce.expirable.CacheExpiryImplTest" time="0.001"/>
  <testcase name="testIsExpirableWithValidPathAndNoExpirables" classname="org.artifactory.repo.cahce.expirable.CacheExpiryImplTest" time="0"/>
  <testcase name="testIsNotExpirable" classname="org.artifactory.repo.cahce.expirable.CacheExpiryImplTest" time="0"/>
  <testcase name="testIsExpirable" classname="org.artifactory.repo.cahce.expirable.MavenIndexCacheExpirableTest" time="0"/>
  <testcase name="testIsExpirable" classname="org.artifactory.repo.cahce.expirable.MavenMetadataCacheExpirableTest" time="0"/>
  <testcase name="testIsExpirable" classname="org.artifactory.repo.cahce.expirable.NonUniqueSnapshotArtifactExpirableOrOverridableTest" time="0.002"/>
  <testcase name="testIsExpirableOnNoIntegrationModuleInfo" classname="org.artifactory.repo.cahce.expirable.NonUniqueSnapshotArtifactExpirableOrOverridableTest" time="0"/>
  <testcase name="anonAccessDisabledAndNoReadPermissions" classname="org.artifactory.repo.db.DbRepoBaseTest" time="0.008"/>
  <testcase name="anonAccessEnabledAndNoReadPermissions" classname="org.artifactory.repo.db.DbRepoBaseTest" time="0.001"/>
  <testcase name="allowOverrideOfAnArtifactWithProvidedChecksumIfExistingFileHasTheSameChecksum" classname="org.artifactory.repo.db.StoringRepoMixinTest" time="0.005"/>
  <testcase name="testCacheAndExpirableProtection" classname="org.artifactory.repo.db.StoringRepoMixinTest" time="0.002"/>
  <testcase name="testChecksumProtection" classname="org.artifactory.repo.db.StoringRepoMixinTest" time="0"/>
  <testcase name="testLocalNotCacheAndMetadataProtection" classname="org.artifactory.repo.db.StoringRepoMixinTest" time="0.001"/>
  <testcase name="testLocalNotCacheAndNotFileProtection" classname="org.artifactory.repo.db.StoringRepoMixinTest" time="0.001"/>
  <testcase name="testLocalNotCacheAndOverridableProtection" classname="org.artifactory.repo.db.StoringRepoMixinTest" time="0.001"/>
  <testcase name="testNoFilePermission" classname="org.artifactory.repo.DbRepoTest" time="0.001"/>
  <testcase name="testProxyRemoteAuthAndMultihome" classname="org.artifactory.repo.HttpRepoTest" time="0.214"/>
  <testcase name="testAfterCopy" classname="org.artifactory.repo.interceptor.NuGetCalculationInterceptorTest" time="0.004"/>
  <testcase name="testAfterCreate" classname="org.artifactory.repo.interceptor.NuGetCalculationInterceptorTest" time="0"/>
  <testcase name="testAfterImport" classname="org.artifactory.repo.interceptor.NuGetCalculationInterceptorTest" time="0.001"/>
  <testcase name="testAfterMoveNoNuGetProperties" classname="org.artifactory.repo.interceptor.NuGetCalculationInterceptorTest" time="0"/>
  <testcase name="testAfterMoveOrCopyNoIdProperty" classname="org.artifactory.repo.interceptor.NuGetCalculationInterceptorTest" time="0"/>
  <testcase name="testNotNuGetFile" classname="org.artifactory.repo.interceptor.NuGetCalculationInterceptorTest" time="0.001"/>
  <testcase name="testNotNuGetRepo" classname="org.artifactory.repo.interceptor.NuGetCalculationInterceptorTest" time="0"/>
  <testcase name="listAll" classname="org.artifactory.repo.remote.browse.HtmlRepositoryBrowserTest" time="0.012"/>
  <testcase name="listAllFromArtifactoryListBrowsingHtml" classname="org.artifactory.repo.remote.browse.HtmlRepositoryBrowserTest" time="0.001"/>
  <testcase name="listAllFromArtifactorySimpleBrowsingHtml" classname="org.artifactory.repo.remote.browse.HtmlRepositoryBrowserTest" time="0.017"/>
  <testcase name="listAllInvalid" classname="org.artifactory.repo.remote.browse.HtmlRepositoryBrowserTest" time="0.001"/>
  <testcase name="listAllNoHrefs" classname="org.artifactory.repo.remote.browse.HtmlRepositoryBrowserTest" time="0.001"/>
  <testcase name="detectRootLocal" classname="org.artifactory.repo.remote.browse.S3RepositoryBrowserTest" time="0.112"/>
  <testcase name="listRemoteItems" classname="org.artifactory.repo.remote.browse.S3RepositoryBrowserTest" time="0.079"/>
  <testcase name="listRemoteItemsFolderAndFilesWithSameName" classname="org.artifactory.repo.remote.browse.S3RepositoryBrowserTest" time="0.006"/>
  <testcase name="testBuildSecuredS3RequestUrl" classname="org.artifactory.repo.remote.browse.S3RepositorySecuredHelperTest" time="0.101"/>
  <testcase name="testDownloadWithAnonymousEnabledAndNoReadPermissions" classname="org.artifactory.repo.RemoteRepoBaseTest" time="0.004"/>
  <testcase name="testDownloadWithBlackedOut" classname="org.artifactory.repo.RemoteRepoBaseTest" time="0"/>
  <testcase name="testDownloadWithCachePrefix" classname="org.artifactory.repo.RemoteRepoBaseTest" time="0.002"/>
  <testcase name="testDownloadWithExcludes" classname="org.artifactory.repo.RemoteRepoBaseTest" time="0.002"/>
  <testcase name="testDownloadWithNoCachePrefix" classname="org.artifactory.repo.RemoteRepoBaseTest" time="0.002"/>
  <testcase name="testDownloadWithNoReleases" classname="org.artifactory.repo.RemoteRepoBaseTest" time="0.001"/>
  <testcase name="testReadCommentChecksum" classname="org.artifactory.repo.RemoteRepoBaseTest" time="0.001"/>
  <testcase name="testReadDescChecksum" classname="org.artifactory.repo.RemoteRepoBaseTest" time="0.001"/>
  <testcase name="testReadEmptyChecksum" classname="org.artifactory.repo.RemoteRepoBaseTest" time="0"/>
  <testcase name="testReadValidChecksum" classname="org.artifactory.repo.RemoteRepoBaseTest" time="0.001"/>
  <testcase name="testContextNotReady" classname="org.artifactory.repo.replication.LocalReplicationJobTest" time="0"/>
  <testcase name="testExecution" classname="org.artifactory.repo.replication.LocalReplicationJobTest" time="0.001"/>
  <testcase name="testExecutionException" classname="org.artifactory.repo.replication.LocalReplicationJobTest" time="0.001"/>
  <testcase name="testManualExecution" classname="org.artifactory.repo.replication.LocalReplicationJobTest" time="0.001"/>
  <testcase name="testNullRepoKey" classname="org.artifactory.repo.replication.LocalReplicationJobTest" time="0"/>
  <testcase name="testContextNotReady" classname="org.artifactory.repo.replication.RemoteReplicationJobTest" time="0"/>
  <testcase name="testExecution" classname="org.artifactory.repo.replication.RemoteReplicationJobTest" time="0.001"/>
  <testcase name="testExecutionException" classname="org.artifactory.repo.replication.RemoteReplicationJobTest" time="0.001"/>
  <testcase name="testManualExecution" classname="org.artifactory.repo.replication.RemoteReplicationJobTest" time="0.001"/>
  <testcase name="testNullRepoKey" classname="org.artifactory.repo.replication.RemoteReplicationJobTest" time="0"/>
  <testcase name="testRepoPathFactory" classname="org.artifactory.repo.RepoPathFactoryTest" time="0"/>
  <testcase name="nullPath" classname="org.artifactory.repo.service.mover.RepoPathIteratorTest" time="0"/>
  <testcase name="rootRepoPath" classname="org.artifactory.repo.service.mover.RepoPathIteratorTest" time="0"/>
  <testcase name="twoLevelsRepoPath" classname="org.artifactory.repo.service.mover.RepoPathIteratorTest" time="0.001"/>
  <testcase name="alreadyNonUniqueArtifact" classname="org.artifactory.repo.snapshot.NonUniqueSnapshotVersionAdapterTest" time="0.001"/>
  <testcase name="alreadyNonUniqueChecksumArtifact" classname="org.artifactory.repo.snapshot.NonUniqueSnapshotVersionAdapterTest" time="0"/>
  <testcase name="artifactWithNoMavenStructure" classname="org.artifactory.repo.snapshot.NonUniqueSnapshotVersionAdapterTest" time="0"/>
  <testcase name="artifactWithReleaseVersion" classname="org.artifactory.repo.snapshot.NonUniqueSnapshotVersionAdapterTest" time="0"/>
  <testcase name="uniqueArtifact" classname="org.artifactory.repo.snapshot.NonUniqueSnapshotVersionAdapterTest" time="0.002"/>
  <testcase name="uniqueArtifactVersionWithDashes" classname="org.artifactory.repo.snapshot.NonUniqueSnapshotVersionAdapterTest" time="0.001"/>
  <testcase name="uniqueArtifactWithClassifier" classname="org.artifactory.repo.snapshot.NonUniqueSnapshotVersionAdapterTest" time="0.001"/>
  <testcase name="uniqueArtifactWithComplexClassifier" classname="org.artifactory.repo.snapshot.NonUniqueSnapshotVersionAdapterTest" time="0.001"/>
  <testcase name="uniqueChecksumArtifact" classname="org.artifactory.repo.snapshot.NonUniqueSnapshotVersionAdapterTest" time="0"/>
  <testcase name="alreadyUniqueArtifact" classname="org.artifactory.repo.snapshot.UniqueSnapshotVersionAdapterTest" time="0.001"/>
  <testcase name="alreadyUniqueArtifactWithClassifier" classname="org.artifactory.repo.snapshot.UniqueSnapshotVersionAdapterTest" time="0.001"/>
  <testcase name="alreadyUniqueChecksumArtifact" classname="org.artifactory.repo.snapshot.UniqueSnapshotVersionAdapterTest" time="0.001"/>
  <testcase name="artifactWithNoMavenStructure" classname="org.artifactory.repo.snapshot.UniqueSnapshotVersionAdapterTest" time="0"/>
  <testcase name="artifactWithReleaseVersion" classname="org.artifactory.repo.snapshot.UniqueSnapshotVersionAdapterTest" time="0"/>
  <testcase name="testArtifactWithSnapshotInTheClassifier" classname="org.artifactory.repo.snapshot.UniqueSnapshotVersionAdapterTest" time="0.005"/>
  <testcase name="cleanWithDiscardActiveReference" classname="org.artifactory.repo.virtual.interceptor.PomTransformerTest" time="0.009"/>
  <testcase name="cleanWithDiscardAnyReference" classname="org.artifactory.repo.virtual.interceptor.PomTransformerTest" time="0.008"/>
  <testcase name="cleanWithNothingPolicy" classname="org.artifactory.repo.virtual.interceptor.PomTransformerTest" time="0.007"/>
  <testcase name="transformBadPom" classname="org.artifactory.repo.virtual.interceptor.PomTransformerTest" time="0.006"/>
  <testcase name="transformableWithDiscardActiveReference" classname="org.artifactory.repo.virtual.interceptor.PomTransformerTest" time="0.031"/>
  <testcase name="transformableWithDiscardAnyReference" classname="org.artifactory.repo.virtual.interceptor.PomTransformerTest" time="0.008"/>
  <testcase name="transformableWithNothingPolicy" classname="org.artifactory.repo.virtual.interceptor.PomTransformerTest" time="0.002"/>
  <testcase name="checksumResource" classname="org.artifactory.resource.ChecksumResourceTest" time="0.001"/>
  <testcase name="testAutoChecksumReCalculation" classname="org.artifactory.resource.ResolvedResourceTest" time="0.002"/>
  <testcase name="testExplicitChecksumReCalculation" classname="org.artifactory.resource.ResolvedResourceTest" time="0.001"/>
  <testcase name="testNoChecksumReCalculation" classname="org.artifactory.resource.ResolvedResourceTest" time="0"/>
  <testcase name="testCommandToStop" classname="org.artifactory.schedule.JobCommandTest" time="1.038"/>
  <testcase name="testSingletonAndManual" classname="org.artifactory.schedule.JobCommandTest" time="1.308"/>
  <testcase name="testStopStrategyAndKey" classname="org.artifactory.schedule.JobCommandTest" time="0.436"/>
  <testcase name="groupAndUserNotEquals" classname="org.artifactory.security.ArtifactorySidTest" time="0.001"/>
  <testcase name="groupSidCreation" classname="org.artifactory.security.ArtifactorySidTest" time="0"/>
  <testcase name="groupSidsEquals" classname="org.artifactory.security.ArtifactorySidTest" time="0.001"/>
  <testcase name="nullPrincipal" classname="org.artifactory.security.ArtifactorySidTest" time="0"/>
  <testcase name="userConstructor" classname="org.artifactory.security.ArtifactorySidTest" time="0"/>
  <testcase name="userSidCreation" classname="org.artifactory.security.ArtifactorySidTest" time="0"/>
  <testcase name="userSidsEquals" classname="org.artifactory.security.ArtifactorySidTest" time="0.001"/>
  <testcase name="saltValueTest" classname="org.artifactory.security.SaltTest" time="0"/>
  <testcase name="saltedPasswordGenerationWithExistingUserTest" classname="org.artifactory.security.SaltTest" time="0.002"/>
  <testcase name="saltedPasswordGenerationWithNullSaltTest" classname="org.artifactory.security.SaltTest" time="0.001"/>
  <testcase name="saltedPasswordWitDefaultSaltGenerationTest" classname="org.artifactory.security.SaltTest" time="0"/>
  <testcase name="groupPermissions" classname="org.artifactory.security.SecurityServiceImplTest" time="0.002"/>
  <testcase name="isAdminOnAdminUser" classname="org.artifactory.security.SecurityServiceImplTest" time="0.001"/>
  <testcase name="userPasswordMatches" classname="org.artifactory.security.SecurityServiceImplTest" time="0"/>
  <testcase name="userWithPermissionsToAGroupWithTheSameName" classname="org.artifactory.security.SecurityServiceImplTest" time="0"/>
  <testcase name="hasPermissionForGroupInfo" classname="org.artifactory.security.SecurityServiceImplTest" time="0.003"/>
  <testcase name="updateLastLoginWithNotExistingUserTest" classname="org.artifactory.security.SecurityServiceImplTest" time="0"/>
  <testcase name="hasPermissionWithSpecificTarget" classname="org.artifactory.security.SecurityServiceImplTest" time="0.001"/>
  <testcase name="userReadAndDeployPermissions" classname="org.artifactory.security.SecurityServiceImplTest" time="0.001"/>
  <testcase name="testUserHasPermissions" classname="org.artifactory.security.SecurityServiceImplTest" time="0"/>
  <testcase name="getDeployPermissionTargetsForUserWithDeployPermission" classname="org.artifactory.security.SecurityServiceImplTest" time="0"/>
  <testcase name="userReadAndDeployPermissionsOnAnyRemote" classname="org.artifactory.security.SecurityServiceImplTest" time="0.002"/>
  <testcase name="userReadAndDeployPermissionsOnAnyLocal" classname="org.artifactory.security.SecurityServiceImplTest" time="0.001"/>
  <testcase name="testSelectiveReload" classname="org.artifactory.security.SecurityServiceImplTest" time="0"/>
  <testcase name="getAllPermissionTargetsForUserWithNoPermission" classname="org.artifactory.security.SecurityServiceImplTest" time="0"/>
  <testcase name="userWithPermissionsToANonUniqueGroupName" classname="org.artifactory.security.SecurityServiceImplTest" time="0.001"/>
  <testcase name="testUserHasPermissionsFromGroup" classname="org.artifactory.security.SecurityServiceImplTest" time="0"/>
  <testcase name="getAllPermissionTargetsForAdminUser" classname="org.artifactory.security.SecurityServiceImplTest" time="0"/>
  <testcase name="permissionOnRemoteRoot" classname="org.artifactory.security.SecurityServiceImplTest" time="0.004"/>
  <testcase name="isAdminOnSimpleUser" classname="org.artifactory.security.SecurityServiceImplTest" time="0"/>
  <testcase name="testUserLastLoginTimeUpdateBuffer" classname="org.artifactory.security.SecurityServiceImplTest" time="0.001"/>
  <testcase name="hasPermissionPassingUserInfo" classname="org.artifactory.security.SecurityServiceImplTest" time="0.001"/>
  <testcase name="adminRolePermissions" classname="org.artifactory.security.SecurityServiceImplTest" time="0"/>
  <testcase name="spidermanCanDoAnything" classname="org.artifactory.security.SecurityServiceImplTest" time="0"/>
  <testcase name="globalExcludes" classname="org.artifactory.util.FilePathMatcherTest" time="0"/>
  <testcase name="testConstructor" classname="org.artifactory.util.HttpClientConfiguratorTest" time="0.003"/>
  <testcase name="testHost" classname="org.artifactory.util.HttpClientConfiguratorTest" time="0.007"/>
  <testcase name="testHostFromInvalidUrl" classname="org.artifactory.util.HttpClientConfiguratorTest" time="0.001"/>
  <testcase name="excludesTakesPrecedenceOverIncludes" classname="org.artifactory.util.PathMatcherTest" time="0"/>
  <testcase name="matchExcludesAndIncludes" classname="org.artifactory.util.PathMatcherTest" time="0"/>
  <testcase name="matchWithExcludeAll" classname="org.artifactory.util.PathMatcherTest" time="0"/>
  <testcase name="matchWithExcludesOnly" classname="org.artifactory.util.PathMatcherTest" time="0.001"/>
  <testcase name="matchWithIncludeAll" classname="org.artifactory.util.PathMatcherTest" time="0"/>
  <testcase name="matchWithIncludesOnly" classname="org.artifactory.util.PathMatcherTest" time="0.001"/>
  <testcase name="matchWithIncludesOnlyPartial" classname="org.artifactory.util.PathMatcherTest" time="0.002"/>
  <testcase name="sourcesIncludes" classname="org.artifactory.util.PathMatcherTest" time="0.001"/>
  <testcase name="subPathIncludes" classname="org.artifactory.util.PathMatcherTest" time="0"/>
  <testcase name="test" classname="org.artifactory.util.PathMatcherTest" time="0"/>
  <testcase name="testLoadResource" classname="org.artifactory.util.VersionParserTest" time="0.002"/>
</testsuite>