<?xml version="1.0" encoding="UTF-8"?>
<!-- Generated by org.testng.reporters.JUnitReportReporter -->
<testsuite hostname="eli-mpb-4.local" name="org.artifactory.webapp.wicket.util.DescriptionExtractorTest" tests="8" failures="0" timestamp="27 Nov 2014 18:04:14 GMT" time="0.219" errors="0">
  <testcase name="propertyWithoutDescription" time="0.015" classname="org.artifactory.webapp.wicket.util.DescriptionExtractorTest"/>
  <testcase name="noSuchProperty" time="0.001" classname="org.artifactory.webapp.wicket.util.DescriptionExtractorTest"/>
  <testcase name="nestedProperty" time="0.022" classname="org.artifactory.webapp.wicket.util.DescriptionExtractorTest"/>
  <testcase name="xmlTypeFromClass" time="0.001" classname="org.artifactory.webapp.wicket.util.DescriptionExtractorTest"/>
  <testcase name="propertyWithElementWrapper" time="0.033" classname="org.artifactory.webapp.wicket.util.DescriptionExtractorTest"/>
  <testcase name="inheritedProperty" time="0.121" classname="org.artifactory.webapp.wicket.util.DescriptionExtractorTest"/>
  <testcase name="simpleProperty" time="0.013" classname="org.artifactory.webapp.wicket.util.DescriptionExtractorTest"/>
  <testcase name="simplePropertyDescriptionWithinCData" time="0.013" classname="org.artifactory.webapp.wicket.util.DescriptionExtractorTest"/>
</testsuite> <!-- org.artifactory.webapp.wicket.util.DescriptionExtractorTest -->
