<?xml version="1.0" encoding="UTF-8"?>
<!-- Generated by org.testng.reporters.JUnitReportReporter -->
<testsuite hostname="eli-mpb-4.local" name="org.artifactory.webapp.wicket.util.CronUtilsTest" tests="5" failures="0" timestamp="27 Nov 2014 18:04:14 GMT" time="0.018" errors="0">
  <testcase name="nextRun" time="0.002" classname="org.artifactory.webapp.wicket.util.CronUtilsTest"/>
  <testcase name="illegalExpression" time="0.000" classname="org.artifactory.webapp.wicket.util.CronUtilsTest"/>
  <testcase name="validExpression" time="0.001" classname="org.artifactory.webapp.wicket.util.CronUtilsTest"/>
  <testcase name="nullExpression" time="0.000" classname="org.artifactory.webapp.wicket.util.CronUtilsTest"/>
  <testcase name="emptyExpression" time="0.015" classname="org.artifactory.webapp.wicket.util.CronUtilsTest"/>
</testsuite> <!-- org.artifactory.webapp.wicket.util.CronUtilsTest -->
