<?xml version="1.0" encoding="UTF-8"?>
<!-- Generated by org.testng.reporters.JUnitReportReporter -->
<testsuite hostname="eli-mpb-4.local" name="org.artifactory.addon.wicket.WicketAddonsImplTest" tests="4" failures="0" timestamp="27 Nov 2014 18:04:14 GMT" time="0.012" errors="0">
  <testcase name="testValidateLicenseTargetIsnullPro" time="0.005" classname="org.artifactory.addon.wicket.WicketAddonsImplTest"/>
  <testcase name="testValidateLicenseTargetIsnullOSS" time="0.000" classname="org.artifactory.addon.wicket.WicketAddonsImplTest"/>
  <testcase name="testValidateLicenseTargetISame" time="0.006" classname="org.artifactory.addon.wicket.WicketAddonsImplTest"/>
  <testcase name="testValidateLicenseTargetIsTrial" time="0.001" classname="org.artifactory.addon.wicket.WicketAddonsImplTest"/>
</testsuite> <!-- org.artifactory.addon.wicket.WicketAddonsImplTest -->
