<?xml version="1.0" encoding="UTF-8"?>
<!-- Generated by org.testng.reporters.JUnitReportReporter -->
<testsuite hostname="eli-mpb-4.local" name="org.artifactory.webapp.wicket.util.CssClassTest" tests="7" failures="0" timestamp="27 Nov 2014 18:04:14 GMT" time="0.009" errors="0">
  <testcase name="rarCss" time="0.000" classname="org.artifactory.webapp.wicket.util.CssClassTest"/>
  <testcase name="jarCss" time="0.000" classname="org.artifactory.webapp.wicket.util.CssClassTest"/>
  <testcase name="zipAsDocCss" time="0.002" classname="org.artifactory.webapp.wicket.util.CssClassTest"/>
  <testcase name="genericCss" time="0.007" classname="org.artifactory.webapp.wicket.util.CssClassTest"/>
  <testcase name="pomCss" time="0.000" classname="org.artifactory.webapp.wicket.util.CssClassTest"/>
  <testcase name="parentCss" time="0.000" classname="org.artifactory.webapp.wicket.util.CssClassTest"/>
  <testcase name="genericCss2" time="0.000" classname="org.artifactory.webapp.wicket.util.CssClassTest"/>
</testsuite> <!-- org.artifactory.webapp.wicket.util.CssClassTest -->
