<?xml version="1.0" encoding="UTF-8"?>
<!-- Generated by org.testng.reporters.JUnitReportReporter -->
<testsuite hostname="eli-mpb-4.local" name="org.artifactory.webapp.wicket.util.ListPropertySorterTest" tests="4" failures="0" timestamp="27 Nov 2014 18:04:09 GMT" time="0.240" errors="0">
  <testcase name="nullSortParam" time="0.003" classname="org.artifactory.webapp.wicket.util.ListPropertySorterTest"/>
  <testcase name="ascendingAndDescendingStringProperty" time="0.001" classname="org.artifactory.webapp.wicket.util.ListPropertySorterTest"/>
  <testcase name="ascendingAndDescendingIntProperty" time="0.236" classname="org.artifactory.webapp.wicket.util.ListPropertySorterTest"/>
  <testcase name="stringPropertiesAreNotCaseSensitive" time="0.000" classname="org.artifactory.webapp.wicket.util.ListPropertySorterTest"/>
</testsuite> <!-- org.artifactory.webapp.wicket.util.ListPropertySorterTest -->
