<?xml version="1.0" encoding="UTF-8"?>
<!-- Generated by org.testng.reporters.JUnitReportReporter -->
<testsuite hostname="eli-mpb-4.local" name="org.artifactory.storage.db.build.entity.BuildEntityTest" tests="18" failures="0" timestamp="27 Nov 2014 18:03:27 GMT" time="0.016" errors="0">
  <testcase name="noNumberBuildTest" time="0.000" classname="org.artifactory.storage.db.build.entity.BuildEntityTest"/>
  <testcase name="negIdBuildTest" time="0.000" classname="org.artifactory.storage.db.build.entity.BuildEntityTest"/>
  <testcase name="doubleSetPropertiesInBuildTest" time="0.000" classname="org.artifactory.storage.db.build.entity.BuildEntityTest"/>
  <testcase name="nullNumberBuildTest" time="0.001" classname="org.artifactory.storage.db.build.entity.BuildEntityTest"/>
  <testcase name="buildPropertiesTest" time="0.001" classname="org.artifactory.storage.db.build.entity.BuildEntityTest"/>
  <testcase name="maxNullBuildTest" time="0.000" classname="org.artifactory.storage.db.build.entity.BuildEntityTest"/>
  <testcase name="nullDateBuildTest" time="0.000" classname="org.artifactory.storage.db.build.entity.BuildEntityTest"/>
  <testcase name="simpleBuildTest" time="0.000" classname="org.artifactory.storage.db.build.entity.BuildEntityTest"/>
  <testcase name="setNullPromotionsInBuildTest" time="0.000" classname="org.artifactory.storage.db.build.entity.BuildEntityTest"/>
  <testcase name="noIdBuildTest" time="0.000" classname="org.artifactory.storage.db.build.entity.BuildEntityTest"/>
  <testcase name="doubleSetPromotionsInBuildTest" time="0.000" classname="org.artifactory.storage.db.build.entity.BuildEntityTest"/>
  <testcase name="noDateBuildTest" time="0.000" classname="org.artifactory.storage.db.build.entity.BuildEntityTest"/>
  <testcase name="buildPromotionsTest" time="0.014" classname="org.artifactory.storage.db.build.entity.BuildEntityTest"/>
  <testcase name="setNullPropertiesInBuildTest" time="0.000" classname="org.artifactory.storage.db.build.entity.BuildEntityTest"/>
  <testcase name="noNameBuildTest" time="0.000" classname="org.artifactory.storage.db.build.entity.BuildEntityTest"/>
  <testcase name="noPromotionsInBuildTest" time="0.000" classname="org.artifactory.storage.db.build.entity.BuildEntityTest"/>
  <testcase name="noPropertiesInBuildTest" time="0.000" classname="org.artifactory.storage.db.build.entity.BuildEntityTest"/>
  <testcase name="nullNameBuildTest" time="0.000" classname="org.artifactory.storage.db.build.entity.BuildEntityTest"/>
</testsuite> <!-- org.artifactory.storage.db.build.entity.BuildEntityTest -->
