<?xml version="1.0" encoding="UTF-8"?>
<!-- Generated by org.testng.reporters.JUnitReportReporter -->
<testsuite hostname="eli-mpb-4.local" name="org.artifactory.storage.db.fs.itest.service.ConfigsServiceImplTest" tests="9" failures="0" timestamp="27 Nov 2014 18:03:47 GMT" time="0.012" errors="0">
  <testcase name="getConfig" time="0.001" classname="org.artifactory.storage.db.fs.itest.service.ConfigsServiceImplTest"/>
  <testcase name="addOrUpdateConfig" time="0.003" classname="org.artifactory.storage.db.fs.itest.service.ConfigsServiceImplTest"/>
  <testcase name="updateConfigNoConfig" time="0.001" classname="org.artifactory.storage.db.fs.itest.service.ConfigsServiceImplTest"/>
  <testcase name="hasConfigNoConfig" time="0.001" classname="org.artifactory.storage.db.fs.itest.service.ConfigsServiceImplTest"/>
  <testcase name="hasConfig" time="0.002" classname="org.artifactory.storage.db.fs.itest.service.ConfigsServiceImplTest"/>
  <testcase name="updateConfig" time="0.001" classname="org.artifactory.storage.db.fs.itest.service.ConfigsServiceImplTest"/>
  <testcase name="addConfig" time="0.000" classname="org.artifactory.storage.db.fs.itest.service.ConfigsServiceImplTest"/>
  <testcase name="addConfigExistingConfig" time="0.001" classname="org.artifactory.storage.db.fs.itest.service.ConfigsServiceImplTest"/>
  <testcase name="loadConfigNoConfig" time="0.002" classname="org.artifactory.storage.db.fs.itest.service.ConfigsServiceImplTest"/>
</testsuite> <!-- org.artifactory.storage.db.fs.itest.service.ConfigsServiceImplTest -->
