<?xml version="1.0" encoding="UTF-8"?>
<!-- Generated by org.testng.reporters.JUnitReportReporter -->
<testsuite hostname="eli-mpb-4.local" name="org.artifactory.storage.db.aql.api.AqlApiTest" tests="12" failures="0" timestamp="27 Nov 2014 18:03:27 GMT" time="0.210" errors="0">
  <testcase name="singleWildCardMaching" time="0.012" classname="org.artifactory.storage.db.aql.api.AqlApiTest"/>
  <testcase name="findArtifactsWithAndOr" time="0.030" classname="org.artifactory.storage.db.aql.api.AqlApiTest"/>
  <testcase name="findAllSortedArtifactsTest" time="0.004" classname="org.artifactory.storage.db.aql.api.AqlApiTest"/>
  <testcase name="findArtifactsBiggerThanWithLimit" time="0.011" classname="org.artifactory.storage.db.aql.api.AqlApiTest"/>
  <testcase name="findArtifactsWithAnd" time="0.035" classname="org.artifactory.storage.db.aql.api.AqlApiTest"/>
  <testcase name="findPropertiesWithFieldFilter" time="0.016" classname="org.artifactory.storage.db.aql.api.AqlApiTest"/>
  <testcase name="findArtifactsBiggerThan" time="0.015" classname="org.artifactory.storage.db.aql.api.AqlApiTest"/>
  <testcase name="findArtifactsWithSort" time="0.012" classname="org.artifactory.storage.db.aql.api.AqlApiTest"/>
  <testcase name="findAllArtifactsTest" time="0.028" classname="org.artifactory.storage.db.aql.api.AqlApiTest"/>
  <testcase name="findAllProperties" time="0.016" classname="org.artifactory.storage.db.aql.api.AqlApiTest"/>
  <testcase name="findArtifactsWithOr" time="0.018" classname="org.artifactory.storage.db.aql.api.AqlApiTest"/>
  <testcase name="multipleCriteriaOnSamePropertyRow" time="0.013" classname="org.artifactory.storage.db.aql.api.AqlApiTest"/>
</testsuite> <!-- org.artifactory.storage.db.aql.api.AqlApiTest -->
