<?xml version="1.0" encoding="UTF-8"?>
<!-- Generated by org.testng.reporters.JUnitReportReporter -->
<testsuite hostname="eli-mpb-4.local" name="org.artifactory.storage.db.binstore.itest.service.BinaryStoreExternalProviderPassThroughTest" tests="10" failures="0" timestamp="27 Nov 2014 18:03:47 GMT" time="0.064" errors="0">
  <testcase name="testLoadResources" time="0.003" classname="org.artifactory.storage.db.binstore.itest.service.BinaryStoreExternalProviderPassThroughTest"/>
  <testcase name="testLoadResources" time="0.002" classname="org.artifactory.storage.db.binstore.itest.service.BinaryStoreExternalProviderPassThroughTest"/>
  <testcase name="testGarbageOneByOne" time="0.007" classname="org.artifactory.storage.db.binstore.itest.service.BinaryStoreExternalProviderPassThroughTest"/>
  <testcase name="testEmpty" time="0.005" classname="org.artifactory.storage.db.binstore.itest.service.BinaryStoreExternalProviderPassThroughTest"/>
  <testcase name="testGarbageOneByOne" time="0.006" classname="org.artifactory.storage.db.binstore.itest.service.BinaryStoreExternalProviderPassThroughTest"/>
  <testcase name="testGarbageOneByOne" time="0.005" classname="org.artifactory.storage.db.binstore.itest.service.BinaryStoreExternalProviderPassThroughTest"/>
  <testcase name="testLoadResources" time="0.004" classname="org.artifactory.storage.db.binstore.itest.service.BinaryStoreExternalProviderPassThroughTest"/>
  <testcase name="testLoadResources" time="0.001" classname="org.artifactory.storage.db.binstore.itest.service.BinaryStoreExternalProviderPassThroughTest"/>
  <testcase name="testLoadedNothingToDelete" time="0.019" classname="org.artifactory.storage.db.binstore.itest.service.BinaryStoreExternalProviderPassThroughTest"/>
  <testcase name="testGarbageOneByOne" time="0.012" classname="org.artifactory.storage.db.binstore.itest.service.BinaryStoreExternalProviderPassThroughTest"/>
</testsuite> <!-- org.artifactory.storage.db.binstore.itest.service.BinaryStoreExternalProviderPassThroughTest -->
