<?xml version="1.0" encoding="UTF-8"?>
<!-- Generated by org.testng.reporters.JUnitReportReporter -->
<testsuite hostname="eli-mpb-4.local" name="org.artifactory.storage.db.fs.itest.dao.ArchiveEntriesDaoTest" tests="16" failures="0" timestamp="27 Nov 2014 18:03:47 GMT" time="0.067" errors="0">
  <testcase name="removeByChecksum" time="0.011" classname="org.artifactory.storage.db.fs.itest.dao.ArchiveEntriesDaoTest"/>
  <testcase name="deleteUnreferencedPathIds" time="0.006" classname="org.artifactory.storage.db.fs.itest.dao.ArchiveEntriesDaoTest"/>
  <testcase name="isIndexed" time="0.002" classname="org.artifactory.storage.db.fs.itest.dao.ArchiveEntriesDaoTest"/>
  <testcase name="findArchivePathEntryEmpty" time="0.001" classname="org.artifactory.storage.db.fs.itest.dao.ArchiveEntriesDaoTest"/>
  <testcase name="createFindArchiveNameEntry" time="0.006" classname="org.artifactory.storage.db.fs.itest.dao.ArchiveEntriesDaoTest"/>
  <testcase name="createFindArchiveNameEntryEmpty" time="0.002" classname="org.artifactory.storage.db.fs.itest.dao.ArchiveEntriesDaoTest"/>
  <testcase name="getEntryPathExistingPath" time="0.001" classname="org.artifactory.storage.db.fs.itest.dao.ArchiveEntriesDaoTest"/>
  <testcase name="getEntryPathNonExistingPath" time="0.000" classname="org.artifactory.storage.db.fs.itest.dao.ArchiveEntriesDaoTest"/>
  <testcase name="loadByChecksum" time="0.013" classname="org.artifactory.storage.db.fs.itest.dao.ArchiveEntriesDaoTest"/>
  <testcase name="createFindArchivePathEntry" time="0.006" classname="org.artifactory.storage.db.fs.itest.dao.ArchiveEntriesDaoTest"/>
  <testcase name="hasIndexedArchivesEntries" time="0.005" classname="org.artifactory.storage.db.fs.itest.dao.ArchiveEntriesDaoTest"/>
  <testcase name="deleteUnreferencedNameIds" time="0.007" classname="org.artifactory.storage.db.fs.itest.dao.ArchiveEntriesDaoTest"/>
  <testcase name="loadByChecksumNonExisting" time="0.001" classname="org.artifactory.storage.db.fs.itest.dao.ArchiveEntriesDaoTest"/>
  <testcase name="createIndexedArchive" time="0.006" classname="org.artifactory.storage.db.fs.itest.dao.ArchiveEntriesDaoTest"/>
  <testcase name="isIndexedNoSuchChecksum" time="0.000" classname="org.artifactory.storage.db.fs.itest.dao.ArchiveEntriesDaoTest"/>
  <testcase name="removeByChecksumNoSuchChecksum" time="0.000" classname="org.artifactory.storage.db.fs.itest.dao.ArchiveEntriesDaoTest"/>
</testsuite> <!-- org.artifactory.storage.db.fs.itest.dao.ArchiveEntriesDaoTest -->
