<?xml version="1.0" encoding="UTF-8"?>
<!-- Generated by org.testng.reporters.JUnitReportReporter -->
<testsuite hostname="eli-mpb-4.local" name="org.artifactory.storage.db.security.entity.PermissionTargetTest" tests="5" failures="0" timestamp="27 Nov 2014 18:03:27 GMT" time="0.001" errors="0">
  <testcase name="tooManyRepoKeysSetTest" time="0.000" classname="org.artifactory.storage.db.security.entity.PermissionTargetTest"/>
  <testcase name="noPermTargetNameTest" time="0.000" classname="org.artifactory.storage.db.security.entity.PermissionTargetTest"/>
  <testcase name="simplePermTargetTest" time="0.001" classname="org.artifactory.storage.db.security.entity.PermissionTargetTest"/>
  <testcase name="noRepoKeysSetTest" time="0.000" classname="org.artifactory.storage.db.security.entity.PermissionTargetTest"/>
  <testcase name="noPermTargetIdTest" time="0.000" classname="org.artifactory.storage.db.security.entity.PermissionTargetTest"/>
</testsuite> <!-- org.artifactory.storage.db.security.entity.PermissionTargetTest -->
