<?xml version="1.0" encoding="UTF-8"?>
<!-- Generated by org.testng.reporters.JUnitReportReporter -->
<testsuite hostname="eli-mpb-4.local" name="org.artifactory.storage.db.fs.itest.service.ArchiveEntriesServiceImplTest" tests="8" failures="0" timestamp="27 Nov 2014 18:03:47 GMT" time="0.036" errors="0">
  <testcase name="hasEntriesNoSuchChecksum" time="0.002" classname="org.artifactory.storage.db.fs.itest.service.ArchiveEntriesServiceImplTest"/>
  <testcase name="getEntries" time="0.002" classname="org.artifactory.storage.db.fs.itest.service.ArchiveEntriesServiceImplTest"/>
  <testcase name="deleteEntries" time="0.002" classname="org.artifactory.storage.db.fs.itest.service.ArchiveEntriesServiceImplTest"/>
  <testcase name="insertEntriesReusedPathAndName" time="0.013" classname="org.artifactory.storage.db.fs.itest.service.ArchiveEntriesServiceImplTest"/>
  <testcase name="insertEntries" time="0.007" classname="org.artifactory.storage.db.fs.itest.service.ArchiveEntriesServiceImplTest"/>
  <testcase name="hasEntries" time="0.001" classname="org.artifactory.storage.db.fs.itest.service.ArchiveEntriesServiceImplTest"/>
  <testcase name="deleteKeepsPathAndName" time="0.009" classname="org.artifactory.storage.db.fs.itest.service.ArchiveEntriesServiceImplTest"/>
  <testcase name="deleteEntriesNotIndexed" time="0.000" classname="org.artifactory.storage.db.fs.itest.service.ArchiveEntriesServiceImplTest"/>
</testsuite> <!-- org.artifactory.storage.db.fs.itest.service.ArchiveEntriesServiceImplTest -->
