<?xml version="1.0" encoding="UTF-8"?>
<!-- Generated by org.testng.reporters.JUnitReportReporter -->
<testsuite hostname="eli-mpb-4.local" name="org.artifactory.storage.db.aql.service.AqlServiceTest" tests="66" failures="0" timestamp="27 Nov 2014 18:03:27 GMT" time="1.373" errors="0">
  <testcase name="findBuildArtifactsSortDesc" time="0.007" classname="org.artifactory.storage.db.aql.service.AqlServiceTest"/>
  <testcase name="findBuildDependenciesMergingArtifactFieldsAndBuildFieldsAndBuildPropertiesFields" time="0.025" classname="org.artifactory.storage.db.aql.service.AqlServiceTest"/>
  <testcase name="findArtifactWithOrAndAndOperatorsArtifactFieldsAndProperties" time="0.025" classname="org.artifactory.storage.db.aql.service.AqlServiceTest"/>
  <testcase name="findPropertiesFilteringByKey" time="0.019" classname="org.artifactory.storage.db.aql.service.AqlServiceTest"/>
  <testcase name="findArtifactsWithBuildFields" time="0.014" classname="org.artifactory.storage.db.aql.service.AqlServiceTest"/>
  <testcase name="findBuildArtifactsSortAsc" time="0.009" classname="org.artifactory.storage.db.aql.service.AqlServiceTest"/>
  <testcase name="findBuildArtifactsMergingArtifactFieldsAndBuildFieldsAndBuildPropertiesFields" time="0.024" classname="org.artifactory.storage.db.aql.service.AqlServiceTest"/>
  <testcase name="findArtifactWithShortEqualsQueries2" time="0.011" classname="org.artifactory.storage.db.aql.service.AqlServiceTest"/>
  <testcase name="findArtifactsFilterByPropertiesUsingOrAndDefaultAnd" time="0.024" classname="org.artifactory.storage.db.aql.service.AqlServiceTest"/>
  <testcase name="findBuildArtifactsWithExtraFieldsAndSorting" time="0.009" classname="org.artifactory.storage.db.aql.service.AqlServiceTest"/>
  <testcase name="findArtifactsUsingArchives" time="0.015" classname="org.artifactory.storage.db.aql.service.AqlServiceTest"/>
  <testcase name="findArtifactsFilterByPropertiesUsingDefaultAnd" time="0.030" classname="org.artifactory.storage.db.aql.service.AqlServiceTest"/>
  <testcase name="findPropertiesFilterByPropertiesUsingJoinAndDefaultAnd1" time="0.024" classname="org.artifactory.storage.db.aql.service.AqlServiceTest"/>
  <testcase name="findArtifactsWithCanonicalAndOperatorsAndArtifactsFieldsAndPropertyKeyMatchingAndNorEqual" time="0.041" classname="org.artifactory.storage.db.aql.service.AqlServiceTest"/>
  <testcase name="purePropertiesSearch" time="0.017" classname="org.artifactory.storage.db.aql.service.AqlServiceTest"/>
  <testcase name="findArtifactsWithOrAndAndOperatorsAndArtifactsFieldsAndPropertyKeyMatching" time="0.037" classname="org.artifactory.storage.db.aql.service.AqlServiceTest"/>
  <testcase name="findArtifactsUsingRepoFieldAndDates" time="0.069" classname="org.artifactory.storage.db.aql.service.AqlServiceTest"/>
  <testcase name="findArtifactsByArtifactTypeFolder" time="0.005" classname="org.artifactory.storage.db.aql.service.AqlServiceTest"/>
  <testcase name="findPropertiesMergingFieldsFromStatisticsAndPropertiesAnfArtifactsUsingDates" time="0.016" classname="org.artifactory.storage.db.aql.service.AqlServiceTest"/>
  <testcase name="findPropertiesMergingFieldsArchiveAndEqualls" time="0.014" classname="org.artifactory.storage.db.aql.service.AqlServiceTest"/>
  <testcase name="findArtifactsWithCanonicalAndOrOperatorsAndArtifactsFieldsAndPropertyKeyMatching" time="0.035" classname="org.artifactory.storage.db.aql.service.AqlServiceTest"/>
  <testcase name="findArtifactsUsingRepoFieldAndProperty" time="0.014" classname="org.artifactory.storage.db.aql.service.AqlServiceTest"/>
  <testcase name="findArtifactsByPropertyValueAndDefaultEquals" time="0.009" classname="org.artifactory.storage.db.aql.service.AqlServiceTest"/>
  <testcase name="findArtifactsByPropertyValueAndMatch" time="0.010" classname="org.artifactory.storage.db.aql.service.AqlServiceTest"/>
  <testcase name="findBuildArtifactsMergingArtifactFieldsAndBuildFieldsAndBuildFields2" time="0.016" classname="org.artifactory.storage.db.aql.service.AqlServiceTest"/>
  <testcase name="findPropertiesUsingJoin" time="0.025" classname="org.artifactory.storage.db.aql.service.AqlServiceTest"/>
  <testcase name="findArtifactsWithOrOperatorsAndArtifactsFieldsAndPropertyKeyMatching" time="0.024" classname="org.artifactory.storage.db.aql.service.AqlServiceTest"/>
  <testcase name="findArtifactWithPropertyKeyNotMatchesAnyThing" time="0.004" classname="org.artifactory.storage.db.aql.service.AqlServiceTest"/>
  <testcase name="findArtifactsWithCanonicalAndOrOperatorsAndArtifactsFieldsAndArchiveFieldsUsingNotEquals" time="0.028" classname="org.artifactory.storage.db.aql.service.AqlServiceTest"/>
  <testcase name="findArtifactWithPropertyKeyNotMatches" time="0.011" classname="org.artifactory.storage.db.aql.service.AqlServiceTest"/>
  <testcase name="findArtifactsUsingRepoFieldPropertyKeyPropertyValueShortcut" time="0.020" classname="org.artifactory.storage.db.aql.service.AqlServiceTest"/>
  <testcase name="sortWithcomplexStringComparator" time="0.009" classname="org.artifactory.storage.db.aql.service.AqlServiceTest"/>
  <testcase name="findArtifactsUsingOrOperatorAndAndOperatorAndFieldsAndProperties" time="0.015" classname="org.artifactory.storage.db.aql.service.AqlServiceTest"/>
  <testcase name="findArtifactsByPropertyValueAndPropertyKey" time="0.022" classname="org.artifactory.storage.db.aql.service.AqlServiceTest"/>
  <testcase name="findPropertiesUsingBamesExtension" time="0.015" classname="org.artifactory.storage.db.aql.service.AqlServiceTest"/>
  <testcase name="findArtifactsByPropertyAndNotMatch" time="0.010" classname="org.artifactory.storage.db.aql.service.AqlServiceTest"/>
  <testcase name="findBuildDependenciesMergingArtifactFieldsAndBuildFields1" time="0.016" classname="org.artifactory.storage.db.aql.service.AqlServiceTest"/>
  <testcase name="findPropertiesMergingFieldsFromStatisticsAndPropertiesAnfArtifactsAndBuildUsingDates" time="0.016" classname="org.artifactory.storage.db.aql.service.AqlServiceTest"/>
  <testcase name="findPropertiesMergingArtifactsFieldJoinAndOrOperatorUsingMatchesAndFilteringByPropertyKey" time="0.016" classname="org.artifactory.storage.db.aql.service.AqlServiceTest"/>
  <testcase name="findArtifactsWithCanonicalAndOrOperatorsAndArtifactsFieldsUsingNotEquals" time="0.034" classname="org.artifactory.storage.db.aql.service.AqlServiceTest"/>
  <testcase name="artifacts6" time="0.018" classname="org.artifactory.storage.db.aql.service.AqlServiceTest"/>
  <testcase name="findArtifactsUsingOrOperatorAndAndOperator" time="0.018" classname="org.artifactory.storage.db.aql.service.AqlServiceTest"/>
  <testcase name="failOnSortThatContainsNoneResultField" time="0.000" classname="org.artifactory.storage.db.aql.service.AqlServiceTest"/>
  <testcase name="findArtifactWithShortEqualsQueries1" time="0.010" classname="org.artifactory.storage.db.aql.service.AqlServiceTest"/>
  <testcase name="findPropertiesMergingFieldsArchiveAndMaching" time="0.014" classname="org.artifactory.storage.db.aql.service.AqlServiceTest"/>
  <testcase name="findPropertiesFilterByPropertiesUsingJoinAndDefaultAnd2" time="0.046" classname="org.artifactory.storage.db.aql.service.AqlServiceTest"/>
  <testcase name="artifactWithLimit" time="0.010" classname="org.artifactory.storage.db.aql.service.AqlServiceTest"/>
  <testcase name="findBuildArtifactsMergingArtifactFieldsAndBuildFieldsAndBuildFields1" time="0.016" classname="org.artifactory.storage.db.aql.service.AqlServiceTest"/>
  <testcase name="findPropertiesMergingArtifactsFieldsAndPropertyKeFiltering" time="0.016" classname="org.artifactory.storage.db.aql.service.AqlServiceTest"/>
  <testcase name="findArtifactWithJoin" time="0.014" classname="org.artifactory.storage.db.aql.service.AqlServiceTest"/>
  <testcase name="findArtifactsUsingRepoFieldAndDatesAndAndOperator" time="0.009" classname="org.artifactory.storage.db.aql.service.AqlServiceTest"/>
  <testcase name="rejectionSortByValue1" time="0.001" classname="org.artifactory.storage.db.aql.service.AqlServiceTest"/>
  <testcase name="findArtifactsFilterByPropertiesUsingJoinAndDefaultAnd" time="0.021" classname="org.artifactory.storage.db.aql.service.AqlServiceTest"/>
  <testcase name="findStatistics" time="0.009" classname="org.artifactory.storage.db.aql.service.AqlServiceTest"/>
  <testcase name="findArtifactWithShortEqualsQueriesAndNormalQueries" time="0.016" classname="org.artifactory.storage.db.aql.service.AqlServiceTest"/>
  <testcase name="findPropertiesMergingFieldsFromStatisticsAndProperties" time="0.020" classname="org.artifactory.storage.db.aql.service.AqlServiceTest"/>
  <testcase name="findArtifactsUsingRepoFieldAndDatesAndLess" time="0.017" classname="org.artifactory.storage.db.aql.service.AqlServiceTest"/>
  <testcase name="complexQueryWithPropertiesSortJoinAndOr" time="0.256" classname="org.artifactory.storage.db.aql.service.AqlServiceTest"/>
  <testcase name="findArtifactsWithCanonicalAndOrOperatorsAndArtifactsFieldsAndArchiveFields" time="0.017" classname="org.artifactory.storage.db.aql.service.AqlServiceTest"/>
  <testcase name="findArtifactsByRepoEqualsAndPathMatches" time="0.008" classname="org.artifactory.storage.db.aql.service.AqlServiceTest"/>
  <testcase name="findBuildDependenciesMergingArtifactFieldsAndBuildFields2" time="0.003" classname="org.artifactory.storage.db.aql.service.AqlServiceTest"/>
  <testcase name="findArtifactsByRepoEqualsAndArtifactTypeFIle" time="0.006" classname="org.artifactory.storage.db.aql.service.AqlServiceTest"/>
  <testcase name="findArtifactsUsingArchivesAndMatches" time="0.003" classname="org.artifactory.storage.db.aql.service.AqlServiceTest"/>
  <testcase name="findArtifactWithPropertyNotMatches" time="0.011" classname="org.artifactory.storage.db.aql.service.AqlServiceTest"/>
  <testcase name="findPropertiesUsingJoinAndOrOperator" time="0.023" classname="org.artifactory.storage.db.aql.service.AqlServiceTest"/>
  <testcase name="findArtifactsByRepoAndDefaultEquals" time="0.007" classname="org.artifactory.storage.db.aql.service.AqlServiceTest"/>
</testsuite> <!-- org.artifactory.storage.db.aql.service.AqlServiceTest -->
