<?xml version="1.0" encoding="UTF-8"?>
<!-- Generated by org.testng.reporters.JUnitReportReporter -->
<testsuite hostname="eli-mpb-4.local" name="org.artifactory.storage.db.security.itest.dao.AclsDaoTest" tests="12" failures="0" timestamp="27 Nov 2014 18:03:47 GMT" time="0.068" errors="0">
  <testcase name="testCreatePermissionTargetNoRepoKeys" time="0.009" classname="org.artifactory.storage.db.security.itest.dao.AclsDaoTest"/>
  <testcase name="testDeletePermissionTarget" time="0.002" classname="org.artifactory.storage.db.security.itest.dao.AclsDaoTest"/>
  <testcase name="testFindAclById" time="0.002" classname="org.artifactory.storage.db.security.itest.dao.AclsDaoTest"/>
  <testcase name="testLoadAllAcls" time="0.006" classname="org.artifactory.storage.db.security.itest.dao.AclsDaoTest"/>
  <testcase name="testFindAclByPermissionTargetId" time="0.001" classname="org.artifactory.storage.db.security.itest.dao.AclsDaoTest"/>
  <testcase name="testCreatePermissionTargetWrongRepoKeys" time="0.002" classname="org.artifactory.storage.db.security.itest.dao.AclsDaoTest"/>
  <testcase name="testCreatePermissionTargetWithRepoKeys" time="0.003" classname="org.artifactory.storage.db.security.itest.dao.AclsDaoTest"/>
  <testcase name="testUserOrGroupHasAce" time="0.007" classname="org.artifactory.storage.db.security.itest.dao.AclsDaoTest"/>
  <testcase name="testCreateAclNoAces" time="0.013" classname="org.artifactory.storage.db.security.itest.dao.AclsDaoTest"/>
  <testcase name="testDeleteAcls" time="0.015" classname="org.artifactory.storage.db.security.itest.dao.AclsDaoTest"/>
  <testcase name="testCreateAclWithAces" time="0.005" classname="org.artifactory.storage.db.security.itest.dao.AclsDaoTest"/>
  <testcase name="testLoadPermissionTargets" time="0.003" classname="org.artifactory.storage.db.security.itest.dao.AclsDaoTest"/>
</testsuite> <!-- org.artifactory.storage.db.security.itest.dao.AclsDaoTest -->
