<?xml version="1.0" encoding="UTF-8"?>
<!-- Generated by org.testng.reporters.JUnitReportReporter -->
<testsuite hostname="eli-mpb-4.local" name="org.artifactory.storage.db.fs.entity.NodeBuilderTest" tests="2" failures="0" timestamp="27 Nov 2014 18:03:27 GMT" time="0.001" errors="0">
  <testcase name="buildFile" time="0.000" classname="org.artifactory.storage.db.fs.entity.NodeBuilderTest"/>
  <testcase name="buildDirectory" time="0.001" classname="org.artifactory.storage.db.fs.entity.NodeBuilderTest"/>
</testsuite> <!-- org.artifactory.storage.db.fs.entity.NodeBuilderTest -->
