<?xml version="1.0" encoding="UTF-8"?>
<!-- Generated by org.testng.reporters.JUnitReportReporter -->
<testsuite hostname="eli-mpb-4.local" name="org.artifactory.storage.db.build.entity.BuildDependencyTest" tests="10" failures="0" timestamp="27 Nov 2014 18:03:27 GMT" time="0.001" errors="0">
  <testcase name="negModuleIdTest" time="0.000" classname="org.artifactory.storage.db.build.entity.BuildDependencyTest"/>
  <testcase name="noModuleIdTest" time="0.000" classname="org.artifactory.storage.db.build.entity.BuildDependencyTest"/>
  <testcase name="mostlyNullBuildDependencyTest2" time="0.000" classname="org.artifactory.storage.db.build.entity.BuildDependencyTest"/>
  <testcase name="noDependencyIdTest" time="0.000" classname="org.artifactory.storage.db.build.entity.BuildDependencyTest"/>
  <testcase name="simpleBuildDependencyTest" time="0.000" classname="org.artifactory.storage.db.build.entity.BuildDependencyTest"/>
  <testcase name="noDependencyNameTest" time="0.000" classname="org.artifactory.storage.db.build.entity.BuildDependencyTest"/>
  <testcase name="mostlyNullBuildDependencyTest" time="0.001" classname="org.artifactory.storage.db.build.entity.BuildDependencyTest"/>
  <testcase name="emptyDependencyNameTest" time="0.000" classname="org.artifactory.storage.db.build.entity.BuildDependencyTest"/>
  <testcase name="negDependencyIdTest" time="0.000" classname="org.artifactory.storage.db.build.entity.BuildDependencyTest"/>
  <testcase name="mostlyNullBuildDependencyTest3" time="0.000" classname="org.artifactory.storage.db.build.entity.BuildDependencyTest"/>
</testsuite> <!-- org.artifactory.storage.db.build.entity.BuildDependencyTest -->
