<?xml version="1.0" encoding="UTF-8"?>
<!-- Generated by org.testng.reporters.JUnitReportReporter -->
<testsuite hostname="eli-mpb-4.local" name="org.artifactory.storage.db.fs.itest.ItemTreeTest" tests="3" failures="0" timestamp="27 Nov 2014 18:03:47 GMT" time="0.023" errors="0">
  <testcase name="treeWithFilter" time="0.003" classname="org.artifactory.storage.db.fs.itest.ItemTreeTest"/>
  <testcase name="rootItemTree" time="0.007" classname="org.artifactory.storage.db.fs.itest.ItemTreeTest"/>
  <testcase name="preBuildTree" time="0.013" classname="org.artifactory.storage.db.fs.itest.ItemTreeTest"/>
</testsuite> <!-- org.artifactory.storage.db.fs.itest.ItemTreeTest -->
