<?xml version="1.0" encoding="UTF-8"?>
<!-- Generated by org.testng.reporters.JUnitReportReporter -->
<testsuite hostname="eli-mpb-4.local" name="org.artifactory.storage.db.util.SimpleIdGeneratorTest" tests="5" failures="0" timestamp="27 Nov 2014 18:03:27 GMT" time="0.011" errors="0">
  <testcase name="firstId" time="0.003" classname="org.artifactory.storage.db.util.SimpleIdGeneratorTest"/>
  <testcase name="nextId" time="0.000" classname="org.artifactory.storage.db.util.SimpleIdGeneratorTest"/>
  <testcase name="afterInit" time="0.002" classname="org.artifactory.storage.db.util.SimpleIdGeneratorTest"/>
  <testcase name="beforeExhaust" time="0.005" classname="org.artifactory.storage.db.util.SimpleIdGeneratorTest"/>
  <testcase name="afterExhaust" time="0.001" classname="org.artifactory.storage.db.util.SimpleIdGeneratorTest"/>
</testsuite> <!-- org.artifactory.storage.db.util.SimpleIdGeneratorTest -->
