<?xml version="1.0" encoding="UTF-8"?>
<!-- Generated by org.testng.reporters.JUnitReportReporter -->
<testsuite hostname="eli-mpb-4.local" name="org.artifactory.storage.db.ha.itest.service.ArtifactoryServersServiceImplTest" tests="1" failures="0" timestamp="27 Nov 2014 18:03:47 GMT" time="0.002" errors="0">
  <testcase name="testAllServers" time="0.002" classname="org.artifactory.storage.db.ha.itest.service.ArtifactoryServersServiceImplTest"/>
</testsuite> <!-- org.artifactory.storage.db.ha.itest.service.ArtifactoryServersServiceImplTest -->
