<?xml version="1.0" encoding="UTF-8"?>
<!-- Generated by org.testng.reporters.JUnitReportReporter -->
<testsuite hostname="eli-mpb-4.local" name="org.artifactory.storage.db.fs.itest.service.WatchesServiceImplTest" tests="15" failures="0" timestamp="27 Nov 2014 18:03:47 GMT" time="0.036" errors="0">
  <testcase name="getWatchesNodeWithWatches" time="0.000" classname="org.artifactory.storage.db.fs.itest.service.WatchesServiceImplTest"/>
  <testcase name="getWatchesNodeNotExist" time="0.001" classname="org.artifactory.storage.db.fs.itest.service.WatchesServiceImplTest"/>
  <testcase name="createWatches" time="0.002" classname="org.artifactory.storage.db.fs.itest.service.WatchesServiceImplTest"/>
  <testcase name="createWatch" time="0.021" classname="org.artifactory.storage.db.fs.itest.service.WatchesServiceImplTest"/>
  <testcase name="deleteWatches" time="0.002" classname="org.artifactory.storage.db.fs.itest.service.WatchesServiceImplTest"/>
  <testcase name="getWatchesNodeWithMultiWatches" time="0.001" classname="org.artifactory.storage.db.fs.itest.service.WatchesServiceImplTest"/>
  <testcase name="verifyCachePopulation" time="0.003" classname="org.artifactory.storage.db.fs.itest.service.WatchesServiceImplTest"/>
  <testcase name="deleteUserWatches" time="0.003" classname="org.artifactory.storage.db.fs.itest.service.WatchesServiceImplTest"/>
  <testcase name="deleteUserWatchesNoSuchUser" time="0.000" classname="org.artifactory.storage.db.fs.itest.service.WatchesServiceImplTest"/>
  <testcase name="hasWatchesNodeNotExist" time="0.001" classname="org.artifactory.storage.db.fs.itest.service.WatchesServiceImplTest"/>
  <testcase name="deleteAllUserWatchesNoSuchUser" time="0.000" classname="org.artifactory.storage.db.fs.itest.service.WatchesServiceImplTest"/>
  <testcase name="hasWatchesNodeWithoutWatches" time="0.000" classname="org.artifactory.storage.db.fs.itest.service.WatchesServiceImplTest"/>
  <testcase name="getWatchesNodeWithNone" time="0.000" classname="org.artifactory.storage.db.fs.itest.service.WatchesServiceImplTest"/>
  <testcase name="hasWatchesNodeWithWatches" time="0.000" classname="org.artifactory.storage.db.fs.itest.service.WatchesServiceImplTest"/>
  <testcase name="deleteAllUserWatches" time="0.002" classname="org.artifactory.storage.db.fs.itest.service.WatchesServiceImplTest"/>
</testsuite> <!-- org.artifactory.storage.db.fs.itest.service.WatchesServiceImplTest -->
