<?xml version="1.0" encoding="UTF-8"?>
<!-- Generated by org.testng.reporters.JUnitReportReporter -->
<testsuite hostname="eli-mpb-4.local" name="org.artifactory.storage.db.fs.util.NodeUtilsTest" tests="6" failures="0" timestamp="27 Nov 2014 18:03:27 GMT" time="0.000" errors="0">
  <testcase name="simplePath" time="0.000" classname="org.artifactory.storage.db.fs.util.NodeUtilsTest"/>
  <testcase name="oneLevelPath" time="0.000" classname="org.artifactory.storage.db.fs.util.NodeUtilsTest"/>
  <testcase name="trailingAndLeadingSlashesPath" time="0.000" classname="org.artifactory.storage.db.fs.util.NodeUtilsTest"/>
  <testcase name="emptyPath" time="0.000" classname="org.artifactory.storage.db.fs.util.NodeUtilsTest"/>
  <testcase name="nullPath" time="0.000" classname="org.artifactory.storage.db.fs.util.NodeUtilsTest"/>
  <testcase name="noSlashesPath" time="0.000" classname="org.artifactory.storage.db.fs.util.NodeUtilsTest"/>
</testsuite> <!-- org.artifactory.storage.db.fs.util.NodeUtilsTest -->
