<?xml version="1.0" encoding="UTF-8"?>
<!-- Generated by org.testng.reporters.JUnitReportReporter -->
<testsuite hostname="eli-mpb-4.local" name="org.artifactory.storage.db.security.itest.dao.FullDeleteUserGroupsDaoTest" tests="2" failures="0" timestamp="27 Nov 2014 18:03:47 GMT" time="0.013" errors="0">
  <testcase name="testDeleteLastAdmin" time="0.010" classname="org.artifactory.storage.db.security.itest.dao.FullDeleteUserGroupsDaoTest"/>
  <testcase name="testDeleteAllData" time="0.003" classname="org.artifactory.storage.db.security.itest.dao.FullDeleteUserGroupsDaoTest"/>
</testsuite> <!-- org.artifactory.storage.db.security.itest.dao.FullDeleteUserGroupsDaoTest -->
