<?xml version="1.0" encoding="UTF-8"?>
<!-- Generated by org.testng.reporters.JUnitReportReporter -->
<testsuite hostname="eli-mpb-4.local" name="org.artifactory.storage.db.fs.entity.RepoStorageSummaryTest" tests="1" failures="0" timestamp="27 Nov 2014 18:03:27 GMT" time="0.003" errors="0">
  <testcase name="simpleConstructor" time="0.003" classname="org.artifactory.storage.db.fs.entity.RepoStorageSummaryTest"/>
</testsuite> <!-- org.artifactory.storage.db.fs.entity.RepoStorageSummaryTest -->
