<?xml version="1.0" encoding="UTF-8"?>
<!-- Generated by org.testng.reporters.JUnitReportReporter -->
<testsuite hostname="eli-mpb-4.local" name="org.artifactory.webapp.wicket.page.browse.treebrowser.tabs.general.dependency.IvyDependencyDeclarationProviderTest" tests="9" failures="0" timestamp="27 Nov 2014 18:04:14 GMT" time="0.009" errors="0">
  <testcase name="testGetSyntaxType" time="0.000" classname="org.artifactory.webapp.wicket.page.browse.treebrowser.tabs.general.dependency.IvyDependencyDeclarationProviderTest"/>
  <testcase name="testGetDependencyDeclarationWithExt" time="0.001" classname="org.artifactory.webapp.wicket.page.browse.treebrowser.tabs.general.dependency.IvyDependencyDeclarationProviderTest"/>
  <testcase name="testGetDependencyDeclarationWithAllParams" time="0.002" classname="org.artifactory.webapp.wicket.page.browse.treebrowser.tabs.general.dependency.IvyDependencyDeclarationProviderTest"/>
  <testcase name="testGetDependencyDeclarationWithArtifactRevisionAndClassifier" time="0.001" classname="org.artifactory.webapp.wicket.page.browse.treebrowser.tabs.general.dependency.IvyDependencyDeclarationProviderTest"/>
  <testcase name="testGetDependencyDeclarationWithClassifier" time="0.001" classname="org.artifactory.webapp.wicket.page.browse.treebrowser.tabs.general.dependency.IvyDependencyDeclarationProviderTest"/>
  <testcase name="testGetDependencyDeclarationWithArtifactRevision" time="0.001" classname="org.artifactory.webapp.wicket.page.browse.treebrowser.tabs.general.dependency.IvyDependencyDeclarationProviderTest"/>
  <testcase name="testGetDependencyDeclarationWithMinimalParams" time="0.001" classname="org.artifactory.webapp.wicket.page.browse.treebrowser.tabs.general.dependency.IvyDependencyDeclarationProviderTest"/>
  <testcase name="testGetDependencyDeclarationWithArtifactRevisionAndExt" time="0.001" classname="org.artifactory.webapp.wicket.page.browse.treebrowser.tabs.general.dependency.IvyDependencyDeclarationProviderTest"/>
  <testcase name="testGetDependencyDeclarationWithClassifierAndExt" time="0.001" classname="org.artifactory.webapp.wicket.page.browse.treebrowser.tabs.general.dependency.IvyDependencyDeclarationProviderTest"/>
</testsuite> <!-- org.artifactory.webapp.wicket.page.browse.treebrowser.tabs.general.dependency.IvyDependencyDeclarationProviderTest -->
