<?xml version="1.0" encoding="UTF-8" ?>
<testsuite failures="0" time="8.219" errors="0" skipped="0" tests="225" name="TestSuite">
  <properties>
    <property name="java.vendor" value="Oracle Corporation"/>
    <property name="JOB_NAME" value="artifactory-3.x-release"/>
    <property name="PWD" value="/opt/hudson/hudson/hudson-home"/>
    <property name="sun.java.launcher" value="SUN_STANDARD"/>
    <property name="sun.management.compiler" value="HotSpot 64-Bit Tiered Compilers"/>
    <property name="JENKINS_HOME" value="/opt/tomcat/hudson/hudson-home"/>
    <property name="PATH" value="/usr/kerberos/bin:/usr/local/bin:/bin:/usr/bin"/>
    <property name="HUDSON_SERVER_COOKIE" value="8f6cc43b682e0d4a"/>
    <property name="os.name" value="Linux"/>
    <property name="BUILDINFO_PROPFILE" value="/opt/tomcat/hudson/temp/buildInfo5888093729695937898.properties"/>
    <property name="sun.boot.class.path" value="/usr/java/jdk1.7.0_10/jre/lib/resources.jar:/usr/java/jdk1.7.0_10/jre/lib/rt.jar:/usr/java/jdk1.7.0_10/jre/lib/sunrsasign.jar:/usr/java/jdk1.7.0_10/jre/lib/jsse.jar:/usr/java/jdk1.7.0_10/jre/lib/jce.jar:/usr/java/jdk1.7.0_10/jre/lib/charsets.jar:/usr/java/jdk1.7.0_10/jre/lib/jfr.jar:/usr/java/jdk1.7.0_10/jre/classes"/>
    <property name="EXECUTOR_NUMBER" value="0"/>
    <property name="java.vm.specification.vendor" value="Oracle Corporation"/>
    <property name="NODE_LABELS" value="derby master"/>
    <property name="java.runtime.version" value="1.7.0_10-b18"/>
    <property name="LD_LIBRARY_PATH" value="/opt/CA/SharedComponents/lib"/>
    <property name="user.name" value="hudson"/>
    <property name="guice.disable.misplaced.annotation.check" value="true"/>
    <property name="m3plugin.lib" value="/opt/tomcat/hudson/hudson-home/plugins/artifactory/WEB-INF/lib"/>
    <property name="extractor.used" value="true"/>
    <property name="maven.repo.local" value="/opt/tomcat/hudson/hudson-home/jobs/artifactory-3.x-release/workspace/.repository"/>
    <property name="user.language" value="en"/>
    <property name="HUDSON_BASEDIR" value="/opt/tomcat/hudson"/>
    <property name="sun.boot.library.path" value="/usr/java/jdk1.7.0_10/jre/lib/amd64"/>
    <property name="classworlds.conf" value="/opt/tomcat/hudson/temp/classworlds363598555893358228conf"/>
    <property name="java.version" value="1.7.0_10"/>
    <property name="user.timezone" value="GMT"/>
    <property name="sun.arch.data.model" value="64"/>
    <property name="NODE_NAME" value="master"/>
    <property name="TERM" value="xterm"/>
    <property name="NLSPATH" value="/usr/dt/lib/nls/msg/%L/%N.cat"/>
    <property name="java.endorsed.dirs" value="/usr/java/jdk1.7.0_10/jre/lib/endorsed"/>
    <property name="BUILD_ID" value="2013-05-13_13-05-04"/>
    <property name="sun.cpu.isalist" value=""/>
    <property name="sun.jnu.encoding" value="UTF-8"/>
    <property name="file.encoding.pkg" value="sun.io"/>
    <property name="SHELL" value="/bin/bash"/>
    <property name="file.separator" value="/"/>
    <property name="java.specification.name" value="Java Platform API Specification"/>
    <property name="CATALINA_OPTS" value="-DHUDSON_HOME=/opt/tomcat/hudson/hudson-home -Xms2g -Xmx2g -XX:MaxPermSize=128m -Djava.awt.headless=true"/>
    <property name="java.class.version" value="51.0"/>
    <property name="user.country" value="US"/>
    <property name="securerandom.source" value="file:/dev/./urandom"/>
    <property name="java.home" value="/usr/java/jdk1.7.0_10/jre"/>
    <property name="java.vm.info" value="mixed mode"/>
    <property name="CASHCOMP" value="/opt/CA/SharedComponents"/>
    <property name="LESSOPEN" value="|/usr/bin/lesspipe.sh %s"/>
    <property name="os.version" value="2.6.18-92.1.22.el5"/>
    <property name="TOMCAT_HOME" value="/opt/tomcat/hudson"/>
    <property name="sun.font.fontmanager" value="sun.awt.X11FontManager"/>
    <property name="path.separator" value=":"/>
    <property name="java.vm.version" value="23.6-b04"/>
    <property name="CALIB" value="/opt/CA/SharedComponents/lib"/>
    <property name="SHLVL" value="2"/>
    <property name="_" value="/opt/java/1.7.0//bin/java"/>
    <property name="java.awt.printerjob" value="sun.print.PSPrinterJob"/>
    <property name="JAVA_HOME" value="/opt/java/1.7.0"/>
    <property name="sun.io.unicode.encoding" value="UnicodeLittle"/>
    <property name="awt.toolkit" value="sun.awt.X11.XToolkit"/>
    <property name="LOGNAME" value="hudson"/>
    <property name="HOME" value="/opt/tomcat/hudson"/>
    <property name="G_BROKEN_FILENAMES" value="1"/>
    <property name="user.home" value="/opt/tomcat/hudson/hudson-home"/>
    <property name="BUILD_TAG" value="jenkins-artifactory-3.x-release-30008"/>
    <property name="JENKINS_SERVER_COOKIE" value="8f6cc43b682e0d4a"/>
    <property name="HUDSON_URL" value="https://build.jfrog.org/hudson/"/>
    <property name="java.specification.vendor" value="Oracle Corporation"/>
    <property name="CLASSPATH" value=""/>
    <property name="java.library.path" value="/opt/CA/SharedComponents/lib:/usr/java/packages/lib/amd64:/usr/lib64:/lib64:/lib:/usr/lib"/>
    <property name="java.vendor.url" value="http://java.oracle.com/"/>
    <property name="java.vm.vendor" value="Oracle Corporation"/>
    <property name="HISTSIZE" value="1000"/>
    <property name="LIC_ECHO" value="echo -e"/>
    <property name="java.runtime.name" value="Java(TM) SE Runtime Environment"/>
    <property name="maven.home" value="/opt/tools/apache-maven/apache-maven-3.0.4"/>
    <property name="java.class.path" value="/opt/tomcat/hudson/hudson-home/plugins/maven-plugin/WEB-INF/lib/maven3-agent-1.2.jar:/opt/tools/apache-maven/current/boot/plexus-classworlds-2.4.jar"/>
    <property name="sun.java.command" value="org.jvnet.hudson.maven3.agent.Maven3Main /opt/tools/apache-maven/current/ /opt/hudson/hudson/webapps/hudson/WEB-INF/lib/remoting-2.17.jar /opt/tomcat/hudson/hudson-home/plugins/maven-plugin/WEB-INF/lib/maven3-interceptor-1.2.jar 58331"/>
    <property name="CATALINA_PID" value="/opt/tomcat/hudson/hudson-tomcat.pid"/>
    <property name="java.vm.specification.name" value="Java Virtual Machine Specification"/>
    <property name="PATH+JDK" value="/opt/java/1.7.0/bin"/>
    <property name="java.vm.specification.version" value="1.7"/>
    <property name="sun.os.patch.level" value="unknown"/>
    <property name="sun.cpu.endian" value="little"/>
    <property name="M2_HOME" value="/opt/tools/apache-maven/current/"/>
    <property name="MAIL" value="/var/spool/mail/hudson"/>
    <property name="java.io.tmpdir" value="/tmp"/>
    <property name="HOSTNAME" value="pond.jfrog.org"/>
    <property name="HUDSON_HOME" value="/opt/tomcat/hudson/hudson-home"/>
    <property name="PATH+MAVEN" value="/opt/tools/apache-maven/current//bin"/>
    <property name="BUILD_URL" value="https://build.jfrog.org/hudson/job/artifactory-3.x-release/30008/"/>
    <property name="java.vendor.url.bug" value="http://bugreport.sun.com/bugreport/"/>
    <property name="LS_COLORS" value="no=00:fi=00:di=00;34:ln=00;36:pi=40;33:so=00;35:bd=40;33;01:cd=40;33;01:or=01;05;37;41:mi=01;05;37;41:ex=00;32:*.cmd=00;32:*.exe=00;32:*.com=00;32:*.btm=00;32:*.bat=00;32:*.sh=00;32:*.csh=00;32:*.tar=00;31:*.tgz=00;31:*.arj=00;31:*.taz=00;31:*.lzh=00;31:*.zip=00;31:*.z=00;31:*.Z=00;31:*.gz=00;31:*.bz2=00;31:*.bz=00;31:*.tz=00;31:*.rpm=00;31:*.cpio=00;31:*.jpg=00;35:*.gif=00;35:*.bmp=00;35:*.xbm=00;35:*.xpm=00;35:*.png=00;35:*.tif=00;35:"/>
    <property name="buildInfoConfig.propertiesFile" value="/opt/tomcat/hudson/temp/buildInfo5888093729695937898.properties"/>
    <property name="buildNumber.prop" value="30008"/>
    <property name="MAVEN_OPTS" value="-Xmx512m -Dm3plugin.lib=/opt/tomcat/hudson/hudson-home/plugins/artifactory/WEB-INF/lib"/>
    <property name="java.awt.graphicsenv" value="sun.awt.X11GraphicsEnvironment"/>
    <property name="os.arch" value="amd64"/>
    <property name="java.ext.dirs" value="/usr/java/jdk1.7.0_10/jre/lib/ext:/usr/java/packages/lib/ext"/>
    <property name="dbType" value="derby"/>
    <property name="user.dir" value="/opt/hudson/hudson/hudson-home/jobs/artifactory-3.x-release/workspace/devenv"/>
    <property name="JOB_URL" value="https://build.jfrog.org/hudson/job/artifactory-3.x-release/"/>
    <property name="line.separator" value="
"/>
    <property name="MAVEN_HOME" value="/opt/tools/apache-maven/current/"/>
    <property name="java.vm.name" value="Java HotSpot(TM) 64-Bit Server VM"/>
    <property name="BUILD_NUMBER" value="30008"/>
    <property name="JENKINS_URL" value="https://build.jfrog.org/hudson/"/>
    <property name="GIT_BRANCH" value="origin/3.x-release"/>
    <property name="BUILD_CAUSE_USERIDCAUSE" value="true"/>
    <property name="GIT_COMMIT" value="94cbdbb07e30729689450409e806680421ed094b"/>
    <property name="project.version.prop" value="3.0.1"/>
    <property name="file.encoding" value="UTF-8"/>
    <property name="LANG" value="en_US.UTF-8"/>
    <property name="maven3.interceptor" value="/opt/tomcat/hudson/hudson-home/plugins/maven-plugin/WEB-INF/lib/maven3-interceptor-1.2.jar"/>
    <property name="CVS_RSH" value="ssh"/>
    <property name="WORKSPACE" value="/opt/tomcat/hudson/hudson-home/jobs/artifactory-3.x-release/workspace"/>
    <property name="java.specification.version" value="1.7"/>
    <property name="BUILD_CAUSE" value="USERIDCAUSE"/>
    <property name="INPUTRC" value="/etc/inputrc"/>
    <property name="USER" value="hudson"/>
    <property name="XFILESEARCHPATH" value="/usr/dt/app-defaults/%L/Dt"/>
  </properties>
  <testcase time="0.064" classname="org.artifactory.version.converter.v1414.ArchiveBrowsingConverterTest" name="convertDefault"/>
  <testcase time="0.029" classname="org.artifactory.version.converter.v1414.ArchiveBrowsingConverterTest" name="convertWithArchiveBrowsing"/>
  <testcase time="0.01" classname="org.artifactory.mime.version.converter.v3.ArchivesIndexConverterTest" name="convert"/>
  <testcase time="0" classname="org.artifactory.common.ArtifactoryPropertiesTest" name="artifactoryVersion"/>
  <testcase time="0.001" classname="org.artifactory.common.ArtifactoryPropertiesTest" name="defaultArtifactoryVersion"/>
  <testcase time="0" classname="org.artifactory.common.ArtifactoryPropertiesTest" name="printArtifactorySystemFile"/>
  <testcase time="0.001" classname="org.artifactory.common.ArtifactoryPropertiesTest" name="systemPropsOverrideArtifactoryProperties"/>
  <testcase time="0" classname="org.artifactory.common.ArtifactoryPropertiesTest" name="testLoadProps"/>
  <testcase time="0" classname="org.artifactory.common.ArtifactoryPropertiesTest" name="testSystemProps"/>
  <testcase time="0" classname="org.artifactory.version.ArtifactoryVersionReaderTest" name="failIfNullStream"/>
  <testcase time="0.003" classname="org.artifactory.version.ArtifactoryVersionReaderTest" name="notExistingFutureVersion"/>
  <testcase time="0.001" classname="org.artifactory.version.ArtifactoryVersionReaderTest" name="readCurrentVersion"/>
  <testcase time="0.001" classname="org.artifactory.version.ArtifactoryVersionReaderTest" name="readDevelopmentVersion"/>
  <testcase time="0.001" classname="org.artifactory.version.ArtifactoryVersionReaderTest" name="readFromFileNoTimestamp"/>
  <testcase time="0.001" classname="org.artifactory.version.ArtifactoryVersionReaderTest" name="readFromStreamNoTimestamp"/>
  <testcase time="0.001" classname="org.artifactory.version.ArtifactoryVersionReaderTest" name="readFromStreamWithTimestamp"/>
  <testcase time="0.008" classname="org.artifactory.mime.version.converter.v2.AscMimeTypeConverterTest" name="convert"/>
  <testcase time="0.019" classname="org.artifactory.version.converter.v1414.AssumedOfflineConverterTest" name="defaultConfigTest"/>
  <testcase time="0.018" classname="org.artifactory.version.converter.v1414.AssumedOfflineConverterTest" name="withFailedRetrievalCache"/>
  <testcase time="0.001" classname="org.artifactory.descriptor.backup.BackupDescriptorTest" name="defaultConstructor"/>
  <testcase time="0.001" classname="org.artifactory.descriptor.backup.BackupDescriptorTest" name="testSameTaskDefinition"/>
  <testcase time="0" classname="org.artifactory.descriptor.config.CentralConfigDescriptorImplTest" name="backupExistence"/>
  <testcase time="0.014" classname="org.artifactory.descriptor.config.CentralConfigDescriptorImplTest" name="defaultProxyChanged"/>
  <testcase time="0" classname="org.artifactory.descriptor.config.CentralConfigDescriptorImplTest" name="defaultsTest"/>
  <testcase time="0" classname="org.artifactory.descriptor.config.CentralConfigDescriptorImplTest" name="duplicateLocalRepo"/>
  <testcase time="0.001" classname="org.artifactory.descriptor.config.CentralConfigDescriptorImplTest" name="duplicateRemoteRepo"/>
  <testcase time="0" classname="org.artifactory.descriptor.config.CentralConfigDescriptorImplTest" name="duplicateVirtualRepo"/>
  <testcase time="0" classname="org.artifactory.descriptor.config.CentralConfigDescriptorImplTest" name="propertySetExistence"/>
  <testcase time="0" classname="org.artifactory.descriptor.config.CentralConfigDescriptorImplTest" name="proxyExistence"/>
  <testcase time="0" classname="org.artifactory.descriptor.config.CentralConfigDescriptorImplTest" name="removeBackup"/>
  <testcase time="0" classname="org.artifactory.descriptor.config.CentralConfigDescriptorImplTest" name="removePropertySet"/>
  <testcase time="0" classname="org.artifactory.descriptor.config.CentralConfigDescriptorImplTest" name="removeProxy"/>
  <testcase time="0.001" classname="org.artifactory.descriptor.config.CentralConfigDescriptorImplTest" name="removeReferencedProxy"/>
  <testcase time="0" classname="org.artifactory.descriptor.config.CentralConfigDescriptorImplTest" name="removeReplicationUpdates"/>
  <testcase time="0.008" classname="org.artifactory.descriptor.config.CentralConfigDescriptorImplTest" name="removeRepoLayout"/>
  <testcase time="0" classname="org.artifactory.descriptor.config.CentralConfigDescriptorImplTest" name="replicationsExistence"/>
  <testcase time="0" classname="org.artifactory.descriptor.config.CentralConfigDescriptorImplTest" name="repoLayoutExistence"/>
  <testcase time="0" classname="org.artifactory.descriptor.config.CentralConfigDescriptorImplTest" name="repositoriesExistence"/>
  <testcase time="0" classname="org.artifactory.descriptor.config.CentralConfigDescriptorImplTest" name="uniqueKeyExistence"/>
  <testcase time="0.826" classname="org.artifactory.descriptor.config.CentralConfigReadWriteTest" name="defaultConfigElements"/>
  <testcase time="0.092" classname="org.artifactory.descriptor.config.CentralConfigReadWriteTest" name="writeCentralConfig"/>
  <testcase time="0.111" classname="org.artifactory.descriptor.config.CentralConfigReadWriteTest" name="writeW3cSchema"/>
  <testcase time="5.133" classname="org.artifactory.descriptor.reader.CentralConfigReaderTest" name="readAllConfigFiles"/>
  <testcase time="0.063" classname="org.artifactory.descriptor.reader.CentralConfigReaderTest" name="readV7Config"/>
  <testcase time="0.001" classname="org.artifactory.version.ConfigXmlConversionTest" name="configVersionSanityCheck"/>
  <testcase time="0.11" classname="org.artifactory.version.ConfigXmlConversionTest" name="convert100"/>
  <testcase time="0.05" classname="org.artifactory.version.ConfigXmlConversionTest" name="convert100NoBackupCron"/>
  <testcase time="0.114" classname="org.artifactory.version.ConfigXmlConversionTest" name="convert110"/>
  <testcase time="0.115" classname="org.artifactory.version.ConfigXmlConversionTest" name="convert120"/>
  <testcase time="0.116" classname="org.artifactory.version.ConfigXmlConversionTest" name="convert130"/>
  <testcase time="0.111" classname="org.artifactory.version.ConfigXmlConversionTest" name="convert131"/>
  <testcase time="0.056" classname="org.artifactory.version.ConfigXmlConversionTest" name="convert132Custom"/>
  <testcase time="0.055" classname="org.artifactory.version.ConfigXmlConversionTest" name="convert132Install"/>
  <testcase time="0.056" classname="org.artifactory.version.ConfigXmlConversionTest" name="convert132WithNoSchemaLocation"/>
  <testcase time="0.052" classname="org.artifactory.version.ConfigXmlConversionTest" name="convert134Install"/>
  <testcase time="0.048" classname="org.artifactory.version.ConfigXmlConversionTest" name="convert135Install"/>
  <testcase time="0.048" classname="org.artifactory.version.ConfigXmlConversionTest" name="convert135ProxyWithDomain"/>
  <testcase time="0.169" classname="org.artifactory.version.ConfigXmlConversionTest" name="convert140DefaultProxy"/>
  <testcase time="0.054" classname="org.artifactory.version.ConfigXmlConversionTest" name="convert141"/>
  <testcase time="0.042" classname="org.artifactory.version.ConfigXmlConversionTest" name="convert1412custom"/>
  <testcase time="0.05" classname="org.artifactory.version.ConfigXmlConversionTest" name="convert141Custom"/>
  <testcase time="0.042" classname="org.artifactory.version.ConfigXmlConversionTest" name="convert142Custom"/>
  <testcase time="0.05" classname="org.artifactory.version.ConfigXmlConversionTest" name="convert143"/>
  <testcase time="0.05" classname="org.artifactory.version.ConfigXmlConversionTest" name="convert143WithServerId"/>
  <testcase time="0.053" classname="org.artifactory.version.ConfigXmlConversionTest" name="convert143custom"/>
  <testcase time="0.058" classname="org.artifactory.version.ConfigXmlConversionTest" name="convert146"/>
  <testcase time="0.04" classname="org.artifactory.version.ConfigXmlConversionTest" name="convert150custom"/>
  <testcase time="0" classname="org.artifactory.descriptor.security.sso.CrowdSettingsTest" name="testClientPropertiesProduction"/>
  <testcase time="0.001" classname="org.artifactory.descriptor.security.sso.CrowdSettingsTest" name="testDefaultConstructor"/>
  <testcase time="0.001" classname="org.artifactory.DefaultConfigLayoutTest" name="testConfigV147NotAutoFormatted"/>
  <testcase time="0.001" classname="org.artifactory.DefaultConfigLayoutTest" name="testConfigV148NotAutoFormatted"/>
  <testcase time="0.001" classname="org.artifactory.DefaultConfigLayoutTest" name="testConfigV149NotAutoFormatted"/>
  <testcase time="0" classname="org.artifactory.DefaultConfigLayoutTest" name="testDefaultConfigXmlNotAutoFormatted"/>
  <testcase time="0.004" classname="org.artifactory.version.converter.v147.DefaultRepoLayoutConverterTest" name="convert"/>
  <testcase time="0.001" classname="org.artifactory.util.ExceptionUtilsTest" name="testGetCauseOfTypes"/>
  <testcase time="0" classname="org.artifactory.util.ExceptionUtilsTest" name="testGetRootCauseNested"/>
  <testcase time="0" classname="org.artifactory.util.ExceptionUtilsTest" name="testGetRootCauseNotNested"/>
  <testcase time="0" classname="org.artifactory.util.ExceptionUtilsTest" name="testUnwrapThrowablesOfTypes"/>
  <testcase time="0.001" classname="org.artifactory.util.FilesTest" name="cleanupEmptyDirectoriesDirWithEmptyNestedDirectories"/>
  <testcase time="0.001" classname="org.artifactory.util.FilesTest" name="cleanupEmptyDirectoriesDirWithFiles"/>
  <testcase time="0" classname="org.artifactory.util.FilesTest" name="cleanupEmptyDirectoriesEmptyDir"/>
  <testcase time="0.01" classname="org.artifactory.util.FilesTest" name="cleanupEmptyDirectoriesNonExistentDir"/>
  <testcase time="0" classname="org.artifactory.descriptor.security.sso.HttpSsoSettingsTest" name="testDefaultConstructor"/>
  <testcase time="0.003" classname="org.artifactory.version.converter.v1412.IndexerCronExpPropertyConverterTest" name="testReplacingIntervalByCronExp"/>
  <testcase time="0.004" classname="org.artifactory.version.converter.v147.JfrogRemoteRepoUrlConverterTest" name="convert"/>
  <testcase time="0.001" classname="org.artifactory.descriptor.security.ldap.LdapSettingTest" name="defaultConstructor"/>
  <testcase time="0" classname="org.artifactory.descriptor.security.ldap.LdapSettingTest" name="testUrlProtocolTransformer"/>
  <testcase time="0.005" classname="org.artifactory.logging.version.v3.LineNumberLayoutLoggerConverterTest" name="testConversion"/>
  <testcase time="0" classname="org.artifactory.descriptor.repo.LocalRepoDescriptorTest" name="defaultConstructor"/>
  <testcase time="0.001" classname="org.artifactory.mime.MimeTypesTest" name="getByExtension"/>
  <testcase time="0" classname="org.artifactory.mime.MimeTypesTest" name="getByExtensionUpperCase"/>
  <testcase time="0" classname="org.artifactory.mime.MimeTypesTest" name="getByMimeEntryName"/>
  <testcase time="0" classname="org.artifactory.mime.MimeTypesTest" name="getForUnknownExtension"/>
  <testcase time="0.018" classname="org.artifactory.mime.version.MimeTypesVersionTest" name="convertVersion1"/>
  <testcase time="0.017" classname="org.artifactory.mime.version.MimeTypesVersionTest" name="convertVersion2"/>
  <testcase time="0.002" classname="org.artifactory.mime.version.MimeTypesVersionTest" name="findNonExistentVersion"/>
  <testcase time="0" classname="org.artifactory.mime.version.MimeTypesVersionTest" name="findVersion1"/>
  <testcase time="0" classname="org.artifactory.mime.version.MimeTypesVersionTest" name="versionString"/>
  <testcase time="0.001" classname="org.artifactory.mapper.MinutesToSecondsPropertyMapperTest" name="minutesToSecondsPropertyMapper"/>
  <testcase time="0.005" classname="org.artifactory.version.converter.v144.MultiLdapXmlConverterTest" name="convert"/>
  <testcase time="0.004" classname="org.artifactory.mime.version.converter.v3.NuPkgMimeTypeConverterTest" name="convert"/>
  <testcase time="0" classname="org.artifactory.descriptor.security.PasswordSettingsTest" name="defaultConstructor"/>
  <testcase time="0" classname="org.artifactory.descriptor.security.PasswordSettingsTest" name="encryptionEnabled"/>
  <testcase time="0.002" classname="org.artifactory.util.PathUtilsTest" name="addTrailingSlash"/>
  <testcase time="0" classname="org.artifactory.util.PathUtilsTest" name="checksumTargetFile"/>
  <testcase time="0" classname="org.artifactory.util.PathUtilsTest" name="formatFormattedPath"/>
  <testcase time="0" classname="org.artifactory.util.PathUtilsTest" name="formatNullPath"/>
  <testcase time="0" classname="org.artifactory.util.PathUtilsTest" name="formatSimplePath"/>
  <testcase time="0.001" classname="org.artifactory.util.PathUtilsTest" name="getFirstPathElementsAbsolutePath"/>
  <testcase time="0" classname="org.artifactory.util.PathUtilsTest" name="getFirstPathElementsEmptyPath"/>
  <testcase time="0.001" classname="org.artifactory.util.PathUtilsTest" name="getFirstPathElementsNullPath"/>
  <testcase time="0" classname="org.artifactory.util.PathUtilsTest" name="getFirstPathElementsRelativePath"/>
  <testcase time="0" classname="org.artifactory.util.PathUtilsTest" name="getFirstPathElementsRootPath"/>
  <testcase time="0" classname="org.artifactory.util.PathUtilsTest" name="getPathElementsAbsolutePath"/>
  <testcase time="0" classname="org.artifactory.util.PathUtilsTest" name="getPathElementsEmptyPath"/>
  <testcase time="0" classname="org.artifactory.util.PathUtilsTest" name="getPathElementsNullPath"/>
  <testcase time="0" classname="org.artifactory.util.PathUtilsTest" name="getPathElementsPathWithTrailingSlash"/>
  <testcase time="0" classname="org.artifactory.util.PathUtilsTest" name="getPathElementsRelativePath"/>
  <testcase time="0" classname="org.artifactory.util.PathUtilsTest" name="getPathElementsRootPath"/>
  <testcase time="0.001" classname="org.artifactory.util.PathUtilsTest" name="injectStringAtTheBeginning"/>
  <testcase time="0.001" classname="org.artifactory.util.PathUtilsTest" name="injectStringAtTheEnd"/>
  <testcase time="0" classname="org.artifactory.util.PathUtilsTest" name="injectStringEmpty"/>
  <testcase time="0" classname="org.artifactory.util.PathUtilsTest" name="injectStringInMiddle"/>
  <testcase time="0" classname="org.artifactory.util.PathUtilsTest" name="injectStringNull"/>
  <testcase time="0" classname="org.artifactory.util.PathUtilsTest" name="normalizeSlashes"/>
  <testcase time="0" classname="org.artifactory.util.PathUtilsTest" name="parentPathOfEmptyString"/>
  <testcase time="0" classname="org.artifactory.util.PathUtilsTest" name="parentPathOfPathWithParent"/>
  <testcase time="0.001" classname="org.artifactory.util.PathUtilsTest" name="parentPathOfRoot"/>
  <testcase time="0" classname="org.artifactory.util.PathUtilsTest" name="stripExtensionEmptyPath"/>
  <testcase time="0" classname="org.artifactory.util.PathUtilsTest" name="stripExtensionMultipleExtensions"/>
  <testcase time="0" classname="org.artifactory.util.PathUtilsTest" name="stripExtensionNullPath"/>
  <testcase time="0" classname="org.artifactory.util.PathUtilsTest" name="stripExtensionPathWithDotAtEnd"/>
  <testcase time="0" classname="org.artifactory.util.PathUtilsTest" name="stripExtensionPathWithNoExtension"/>
  <testcase time="0" classname="org.artifactory.util.PathUtilsTest" name="stripExtensionSimple"/>
  <testcase time="0.001" classname="org.artifactory.util.PathUtilsTest" name="stripFirstPathElement"/>
  <testcase time="0" classname="org.artifactory.util.PathUtilsTest" name="trimLeadingSlashes"/>
  <testcase time="0.001" classname="org.artifactory.util.PathUtilsTest" name="trimLeadingSlashesChars"/>
  <testcase time="0" classname="org.artifactory.util.PathUtilsTest" name="trimTrailingSlashes"/>
  <testcase time="0.001" classname="org.artifactory.util.PathUtilsTest" name="trimTrailingSlashesChars"/>
  <testcase time="0" classname="org.artifactory.descriptor.property.PropertySetTest" name="defaultConstructor"/>
  <testcase time="0.001" classname="org.artifactory.descriptor.property.PropertySetTest" name="testEqual"/>
  <testcase time="0" classname="org.artifactory.descriptor.property.PropertySetTest" name="testUnequal"/>
  <testcase time="0.004" classname="org.artifactory.version.converter.v141.ProxyDefaultConverterTest" name="covertRemoteRepositoriesWithDefaultProxy"/>
  <testcase time="0.001" classname="org.artifactory.descriptor.repo.ProxyDescriptorTest" name="defaultConstructor"/>
  <testcase time="0" classname="org.artifactory.descriptor.repo.ProxyDescriptorTest" name="redirectedToHosts"/>
  <testcase time="0.005" classname="org.artifactory.logging.version.v4.PublicApiPackageChangeLoggerConverterTest" name="testStatusHolderPackageConversion"/>
  <testcase time="0.002" classname="org.artifactory.version.converter.v143.RemoteChecksumPolicyConverterTest" name="convertConfigWithChecksumPolicyTags"/>
  <testcase time="0.004" classname="org.artifactory.version.converter.v143.RemoteChecksumPolicyConverterTest" name="convertConfigWithNoChecksumPolicyTags"/>
  <testcase time="0.001" classname="org.artifactory.descriptor.repo.RemoteRepoDescriptorTest" name="defaultConstructor"/>
  <testcase time="0" classname="org.artifactory.descriptor.replication.RemoteReplicationDescriptorTest" name="testBaseSetters"/>
  <testcase time="0" classname="org.artifactory.descriptor.replication.RemoteReplicationDescriptorTest" name="testDefaultBaseValues"/>
  <testcase time="0" classname="org.artifactory.descriptor.repo.RepoLayoutTest" name="testCopyConstructor"/>
  <testcase time="0.001" classname="org.artifactory.descriptor.repo.RepoLayoutTest" name="testDefaultConstructor"/>
  <testcase time="0" classname="org.artifactory.descriptor.repo.RepoLayoutTest" name="testGradleConstants"/>
  <testcase time="0" classname="org.artifactory.descriptor.repo.RepoLayoutTest" name="testIvyConstants"/>
  <testcase time="0" classname="org.artifactory.descriptor.repo.RepoLayoutTest" name="testM1Constants"/>
  <testcase time="0.001" classname="org.artifactory.descriptor.repo.RepoLayoutTest" name="testM2Constants"/>
  <testcase time="0" classname="org.artifactory.descriptor.security.SecurityDescriptorTest" name="addLdap"/>
  <testcase time="0.001" classname="org.artifactory.descriptor.security.SecurityDescriptorTest" name="addTwoEnabledLdaps"/>
  <testcase time="0" classname="org.artifactory.descriptor.security.SecurityDescriptorTest" name="defaultConstructor"/>
  <testcase time="0.001" classname="org.artifactory.descriptor.security.SecurityDescriptorTest" name="isLdapExists"/>
  <testcase time="0" classname="org.artifactory.descriptor.security.SecurityDescriptorTest" name="removeLastLdap"/>
  <testcase time="0" classname="org.artifactory.descriptor.security.SecurityDescriptorTest" name="removeLdap"/>
  <testcase time="0" classname="org.artifactory.descriptor.security.SecurityDescriptorTest" name="removeLdapSetting"/>
  <testcase time="0.004" classname="org.artifactory.version.converter.v144.ServerIdXmlConverterTest" name="convertDefault"/>
  <testcase time="0.004" classname="org.artifactory.version.converter.v144.ServerIdXmlConverterTest" name="convertWithServerId"/>
  <testcase time="0.001" classname="org.artifactory.util.StringsTest" name="maskEmpty"/>
  <testcase time="0" classname="org.artifactory.util.StringsTest" name="maskKeyValue"/>
  <testcase time="0" classname="org.artifactory.util.StringsTest" name="maskKeyValueEmpty"/>
  <testcase time="0" classname="org.artifactory.util.StringsTest" name="maskKeyValueNoEquals"/>
  <testcase time="0" classname="org.artifactory.util.StringsTest" name="maskKeyValueNull"/>
  <testcase time="0" classname="org.artifactory.util.StringsTest" name="maskNull"/>
  <testcase time="0" classname="org.artifactory.util.StringsTest" name="maskString"/>
  <testcase time="0.003" classname="org.artifactory.logging.version.LoggingVersionTest" name="versionsCoverage"/>
  <testcase time="0" classname="org.artifactory.version.ArtifactoryConfigVersionTest" name="versionsCoverage"/>
  <testcase time="0.002" classname="org.artifactory.version.ConfigVersionTest" name="versionsCoverage"/>
  <testcase time="0" classname="org.artifactory.descriptor.repo.VirtualRepoDescriptorTest" name="defaultConstructor"/>
  <testcase time="0.002" classname="org.artifactory.descriptor.repo.VirtualRepoDescriptorTest" name="identicalCache"/>
  <testcase time="0.002" classname="org.artifactory.descriptor.repo.VirtualRepoResolverTest" name="sameRepoInTwoVirtualRepos"/>
  <testcase time="0" classname="org.artifactory.descriptor.repo.VirtualRepoResolverTest" name="virtualInVirtualWithCycles"/>
  <testcase time="0.001" classname="org.artifactory.descriptor.repo.VirtualRepoResolverTest" name="virtualWithLocalAndRemote"/>
  <testcase time="0" classname="org.artifactory.descriptor.repo.VirtualRepoResolverTest" name="virtualWithinVirtualNoCycles"/>
  <testcase time="0.004" classname="org.artifactory.mime.version.converter.v1.XmlIndexedConverterTest" name="convert"/>
  <testcase time="0" classname="org.artifactory.util.RepoLayoutUtilsTest" name="testDefaultTokenRegExpValues"/>
  <testcase time="0.001" classname="org.artifactory.util.RepoLayoutUtilsTest" name="testDefaultTokenValues"/>
  <testcase time="0.001" classname="org.artifactory.util.RepoLayoutUtilsTest" name="testLayoutsAreCompatible"/>
  <testcase time="0" classname="org.artifactory.util.RepoLayoutUtilsTest" name="testTokenHasFilter"/>
  <testcase time="0.002" classname="org.artifactory.util.RepoLayoutUtilsTest" name="testGetDescriptorLayoutAsIvyPattern"/>
  <testcase time="0.002" classname="org.artifactory.util.RepoLayoutUtilsTest" name="testFailCustomTokenWithNoRegEx"/>
  <testcase time="0" classname="org.artifactory.util.RepoLayoutUtilsTest" name="testDefaultTokenFilterMap"/>
  <testcase time="0" classname="org.artifactory.util.RepoLayoutUtilsTest" name="testDefaultLayouts"/>
  <testcase time="0.001" classname="org.artifactory.util.RepoLayoutUtilsTest" name="testWrapKeywordAsToken"/>
  <testcase time="0" classname="org.artifactory.util.RepoLayoutUtilsTest" name="testDefaultLayoutNames"/>
  <testcase time="0" classname="org.artifactory.util.RepoLayoutUtilsTest" name="testRemoveUnReplacedTokenOptionalBrackets"/>
  <testcase time="0" classname="org.artifactory.util.RepoLayoutUtilsTest" name="testCustomTokenRegExpValues"/>
  <testcase time="0" classname="org.artifactory.util.RepoLayoutUtilsTest" name="testIsDefaultM2Layout"/>
  <testcase time="0.002" classname="org.artifactory.util.RepoLayoutUtilsTest" name="testFailOnUnknownCustomToken"/>
  <testcase time="0.001" classname="org.artifactory.util.RepoLayoutUtilsTest" name="testGenerateRegExpFromPatternOfDefaultLayouts"/>
  <testcase time="0" classname="org.artifactory.util.RepoLayoutUtilsTest" name="testLayoutContainsOrgPathToken"/>
  <testcase time="0.001" classname="org.artifactory.util.RepoLayoutUtilsTest" name="testReservedRepoLayoutNames"/>
  <testcase time="0" classname="org.artifactory.util.RepoLayoutUtilsTest" name="testIgnoreUnknownTokens"/>
  <testcase time="0.001" classname="org.artifactory.util.RepoLayoutUtilsTest" name="testNullLayoutContainsOrgPathToken"/>
  <testcase time="0" classname="org.artifactory.util.RepoLayoutUtilsTest" name="testDefaultTokenSet"/>
  <testcase time="0.001" classname="org.artifactory.util.RepoLayoutUtilsTest" name="testGetArtifactLayoutAsIvyPattern"/>
  <testcase time="0" classname="org.artifactory.util.RepoLayoutUtilsTest" name="testRemoveReplacedTokenOptionalBrackets"/>
  <testcase time="0" classname="org.artifactory.descriptor.replication.LocalReplicationDescriptorTest" name="testDefaultValues"/>
  <testcase time="0" classname="org.artifactory.descriptor.replication.LocalReplicationDescriptorTest" name="testDefaultBaseValues"/>
  <testcase time="0" classname="org.artifactory.descriptor.replication.LocalReplicationDescriptorTest" name="testSetters"/>
  <testcase time="0" classname="org.artifactory.descriptor.replication.LocalReplicationDescriptorTest" name="testBaseSetters"/>
  <testcase time="0" classname="org.artifactory.descriptor.property.PredefinedValueTest" name="defaultConstructor"/>
  <testcase time="0.015" classname="org.artifactory.mime.MimeTypesReaderTest" name="readConvertVersion1"/>
  <testcase time="0" classname="org.artifactory.mime.MimeTypesReaderTest" name="checkArchiveMime"/>
  <testcase time="0.003" classname="org.artifactory.mime.MimeTypesReaderTest" name="trimmedFileExtensions"/>
  <testcase time="0.029" classname="org.artifactory.mime.MimeTypesReaderTest" name="versionsRead"/>
  <testcase time="0" classname="org.artifactory.descriptor.property.PropertyTest" name="defaultConstructor"/>
  <testcase time="0.004" classname="org.artifactory.version.converter.v147.UnusedArtifactCleanupSwitchConverterTest" name="convert"/>
  <testcase time="0.003" classname="org.artifactory.version.converter.v149.ReplicationElementNameConverterTest" name="convert"/>
  <testcase time="0.004" classname="org.artifactory.version.converter.v1414.CleanupConfigConverterTest" name="testCreateCleanupCronExp"/>
  <testcase time="0.003" classname="org.artifactory.version.converter.v135.ProxyNTHostConverterTest" name="convertConfigWithProxyDomain"/>
  <testcase time="0.001" classname="org.artifactory.logging.version.v6.RequestTraceLoggerConverterTest" name="testLoggerWasAdded"/>
  <testcase time="0.001" classname="org.artifactory.logging.version.v6.RequestTraceLoggerConverterTest" name="testAppenderWasAdded"/>
  <testcase time="0.003" classname="org.artifactory.mime.version.converter.LatestVersionConverterTest" name="convert"/>
  <testcase time="0.003" classname="org.artifactory.version.converter.v1410.GcSystemPropertyConverterTest" name="testCreateDefaultGcInterval"/>
  <testcase time="0.005" classname="org.artifactory.logging.version.v1.LogbackConfigSwapperTest" name="testSwap"/>
  <testcase time="0.046" classname="org.artifactory.descriptor.config.CentralConfigReadWriteTest" name="readWrittenCentralConfig"/>
</testsuite>