<?xml version="1.0" encoding="UTF-8"?>
<testsuite name="TestSuite" time="4.081" tests="228" errors="0" skipped="0" failures="0">
  <properties>
    <property name="java.runtime.name" value="Java(TM) SE Runtime Environment"/>
    <property name="sun.boot.library.path" value="/Library/Internet Plug-Ins/JavaAppletPlugin.plugin/Contents/Home/lib"/>
    <property name="java.vm.version" value="24.71-b01"/>
    <property name="user.country.format" value="IL"/>
    <property name="gopherProxySet" value="false"/>
    <property name="java.vm.vendor" value="Oracle Corporation"/>
    <property name="java.vendor.url" value="http://java.oracle.com/"/>
    <property name="path.separator" value=":"/>
    <property name="guice.disable.misplaced.annotation.check" value="true"/>
    <property name="java.vm.name" value="Java HotSpot(TM) 64-Bit Server VM"/>
    <property name="file.encoding.pkg" value="sun.io"/>
    <property name="user.country" value="US"/>
    <property name="sun.java.launcher" value="SUN_STANDARD"/>
    <property name="sun.os.patch.level" value="unknown"/>
    <property name="java.vm.specification.name" value="Java Virtual Machine Specification"/>
    <property name="user.dir" value="/Users/eli/work/artifactory-3.x/artifactory/devenv"/>
    <property name="java.runtime.version" value="1.7.0_71-b14"/>
    <property name="java.awt.graphicsenv" value="sun.awt.CGraphicsEnvironment"/>
    <property name="java.endorsed.dirs" value="/Library/Internet Plug-Ins/JavaAppletPlugin.plugin/Contents/Home/lib/endorsed"/>
    <property name="os.arch" value="x86_64"/>
    <property name="java.io.tmpdir" value="/var/folders/yn/1sq_t_xs5917rgx6sh72hssh0000gp/T/"/>
    <property name="line.separator" value="&#10;"/>
    <property name="java.vm.specification.vendor" value="Oracle Corporation"/>
    <property name="os.name" value="Mac OS X"/>
    <property name="classworlds.conf" value="/usr/local/Cellar/maven/3.1.1/libexec/bin/m2.conf"/>
    <property name="sun.jnu.encoding" value="UTF-8"/>
    <property name="java.library.path" value="/Users/eli/Library/Java/Extensions:/Library/Java/Extensions:/Network/Library/Java/Extensions:/System/Library/Java/Extensions:/usr/lib/java:."/>
    <property name="java.specification.name" value="Java Platform API Specification"/>
    <property name="java.class.version" value="51.0"/>
    <property name="sun.management.compiler" value="HotSpot 64-Bit Tiered Compilers"/>
    <property name="os.version" value="10.10.1"/>
    <property name="http.nonProxyHosts" value="local|*.local|169.254/16|*.169.254/16"/>
    <property name="user.home" value="/Users/eli"/>
    <property name="user.timezone" value="Asia/Jerusalem"/>
    <property name="java.awt.printerjob" value="sun.lwawt.macosx.CPrinterJob"/>
    <property name="java.specification.version" value="1.7"/>
    <property name="file.encoding" value="UTF-8"/>
    <property name="user.name" value="eli"/>
    <property name="java.class.path" value="/usr/local/Cellar/maven/3.1.1/libexec/boot/plexus-classworlds-2.5.1.jar"/>
    <property name="org.slf4j.simpleLogger.defaultLogLevel" value="info"/>
    <property name="java.vm.specification.version" value="1.7"/>
    <property name="sun.arch.data.model" value="64"/>
    <property name="java.home" value="/Library/Internet Plug-Ins/JavaAppletPlugin.plugin/Contents/Home"/>
    <property name="sun.java.command" value="org.codehaus.plexus.classworlds.launcher.Launcher install"/>
    <property name="java.specification.vendor" value="Oracle Corporation"/>
    <property name="user.language" value="en"/>
    <property name="awt.toolkit" value="sun.lwawt.macosx.LWCToolkit"/>
    <property name="java.vm.info" value="mixed mode"/>
    <property name="java.version" value="1.7.0_71"/>
    <property name="java.ext.dirs" value="/Users/eli/Library/Java/Extensions:/Library/Internet Plug-Ins/JavaAppletPlugin.plugin/Contents/Home/lib/ext:/Library/Java/Extensions:/Network/Library/Java/Extensions:/System/Library/Java/Extensions:/usr/lib/java"/>
    <property name="sun.boot.class.path" value="/Library/Internet Plug-Ins/JavaAppletPlugin.plugin/Contents/Home/lib/resources.jar:/Library/Internet Plug-Ins/JavaAppletPlugin.plugin/Contents/Home/lib/rt.jar:/Library/Internet Plug-Ins/JavaAppletPlugin.plugin/Contents/Home/lib/sunrsasign.jar:/Library/Internet Plug-Ins/JavaAppletPlugin.plugin/Contents/Home/lib/jsse.jar:/Library/Internet Plug-Ins/JavaAppletPlugin.plugin/Contents/Home/lib/jce.jar:/Library/Internet Plug-Ins/JavaAppletPlugin.plugin/Contents/Home/lib/charsets.jar:/Library/Internet Plug-Ins/JavaAppletPlugin.plugin/Contents/Home/lib/jfr.jar:/Library/Internet Plug-Ins/JavaAppletPlugin.plugin/Contents/Home/classes"/>
    <property name="java.vendor" value="Oracle Corporation"/>
    <property name="maven.home" value="/usr/local/Cellar/maven/3.1.1/libexec"/>
    <property name="file.separator" value="/"/>
    <property name="java.vendor.url.bug" value="http://bugreport.sun.com/bugreport/"/>
    <property name="sun.cpu.endian" value="little"/>
    <property name="sun.io.unicode.encoding" value="UnicodeBig"/>
    <property name="socksNonProxyHosts" value="local|*.local|169.254/16|*.169.254/16"/>
    <property name="ftp.nonProxyHosts" value="local|*.local|169.254/16|*.169.254/16"/>
    <property name="sun.cpu.isalist" value=""/>
  </properties>
  <testcase name="artifactoryVersion" classname="org.artifactory.common.ArtifactoryPropertiesTest" time="0.002"/>
  <testcase name="defaultArtifactoryVersion" classname="org.artifactory.common.ArtifactoryPropertiesTest" time="0"/>
  <testcase name="printArtifactorySystemFile" classname="org.artifactory.common.ArtifactoryPropertiesTest" time="0.001"/>
  <testcase name="systemPropsOverrideArtifactoryProperties" classname="org.artifactory.common.ArtifactoryPropertiesTest" time="0.001"/>
  <testcase name="testLoadProps" classname="org.artifactory.common.ArtifactoryPropertiesTest" time="0"/>
  <testcase name="testSystemProps" classname="org.artifactory.common.ArtifactoryPropertiesTest" time="0"/>
  <testcase name="testConfigV147NotAutoFormatted" classname="org.artifactory.DefaultConfigLayoutTest" time="0"/>
  <testcase name="testConfigV148NotAutoFormatted" classname="org.artifactory.DefaultConfigLayoutTest" time="0"/>
  <testcase name="testConfigV149NotAutoFormatted" classname="org.artifactory.DefaultConfigLayoutTest" time="0.001"/>
  <testcase name="testDefaultConfigXmlNotAutoFormatted" classname="org.artifactory.DefaultConfigLayoutTest" time="0.001"/>
  <testcase name="defaultConstructor" classname="org.artifactory.descriptor.backup.BackupDescriptorTest" time="0.001"/>
  <testcase name="testSameTaskDefinition" classname="org.artifactory.descriptor.backup.BackupDescriptorTest" time="0.001"/>
  <testcase name="backupExistence" classname="org.artifactory.descriptor.config.CentralConfigDescriptorImplTest" time="0"/>
  <testcase name="defaultProxyChanged" classname="org.artifactory.descriptor.config.CentralConfigDescriptorImplTest" time="0.009"/>
  <testcase name="defaultsTest" classname="org.artifactory.descriptor.config.CentralConfigDescriptorImplTest" time="0.001"/>
  <testcase name="duplicateLocalRepo" classname="org.artifactory.descriptor.config.CentralConfigDescriptorImplTest" time="0.001"/>
  <testcase name="duplicateRemoteRepo" classname="org.artifactory.descriptor.config.CentralConfigDescriptorImplTest" time="0"/>
  <testcase name="duplicateVirtualRepo" classname="org.artifactory.descriptor.config.CentralConfigDescriptorImplTest" time="0"/>
  <testcase name="propertySetExistence" classname="org.artifactory.descriptor.config.CentralConfigDescriptorImplTest" time="0.001"/>
  <testcase name="proxyExistence" classname="org.artifactory.descriptor.config.CentralConfigDescriptorImplTest" time="0"/>
  <testcase name="removeBackup" classname="org.artifactory.descriptor.config.CentralConfigDescriptorImplTest" time="0.001"/>
  <testcase name="removePropertySet" classname="org.artifactory.descriptor.config.CentralConfigDescriptorImplTest" time="0"/>
  <testcase name="removeProxy" classname="org.artifactory.descriptor.config.CentralConfigDescriptorImplTest" time="0"/>
  <testcase name="removeReferencedProxy" classname="org.artifactory.descriptor.config.CentralConfigDescriptorImplTest" time="0"/>
  <testcase name="removeReplicationUpdates" classname="org.artifactory.descriptor.config.CentralConfigDescriptorImplTest" time="0"/>
  <testcase name="removeRepoLayout" classname="org.artifactory.descriptor.config.CentralConfigDescriptorImplTest" time="0.005"/>
  <testcase name="replicationsExistence" classname="org.artifactory.descriptor.config.CentralConfigDescriptorImplTest" time="0"/>
  <testcase name="repoLayoutExistence" classname="org.artifactory.descriptor.config.CentralConfigDescriptorImplTest" time="0"/>
  <testcase name="repositoriesExistence" classname="org.artifactory.descriptor.config.CentralConfigDescriptorImplTest" time="0"/>
  <testcase name="uniqueKeyExistence" classname="org.artifactory.descriptor.config.CentralConfigDescriptorImplTest" time="0"/>
  <testcase name="defaultConfigElements" classname="org.artifactory.descriptor.config.CentralConfigReadWriteTest" time="0.347"/>
  <testcase name="writeCentralConfig" classname="org.artifactory.descriptor.config.CentralConfigReadWriteTest" time="0.053"/>
  <testcase name="writeW3cSchema" classname="org.artifactory.descriptor.config.CentralConfigReadWriteTest" time="0.055"/>
  <testcase name="readWrittenCentralConfig" classname="org.artifactory.descriptor.config.CentralConfigReadWriteTest" time="0.096"/>
  <testcase name="defaultConstructor" classname="org.artifactory.descriptor.property.PredefinedValueTest" time="0"/>
  <testcase name="defaultConstructor" classname="org.artifactory.descriptor.property.PropertySetTest" time="0"/>
  <testcase name="testEqual" classname="org.artifactory.descriptor.property.PropertySetTest" time="0"/>
  <testcase name="testUnequal" classname="org.artifactory.descriptor.property.PropertySetTest" time="0"/>
  <testcase name="defaultConstructor" classname="org.artifactory.descriptor.property.PropertyTest" time="0"/>
  <testcase name="readAllConfigFiles" classname="org.artifactory.descriptor.reader.CentralConfigReaderTest" time="1.74"/>
  <testcase name="readV7Config" classname="org.artifactory.descriptor.reader.CentralConfigReaderTest" time="0.103"/>
  <testcase name="testDefaultValues" classname="org.artifactory.descriptor.replication.LocalReplicationDescriptorTest" time="0"/>
  <testcase name="testSetters" classname="org.artifactory.descriptor.replication.LocalReplicationDescriptorTest" time="0"/>
  <testcase name="testBaseSetters" classname="org.artifactory.descriptor.replication.LocalReplicationDescriptorTest" time="0"/>
  <testcase name="testDefaultBaseValues" classname="org.artifactory.descriptor.replication.LocalReplicationDescriptorTest" time="0"/>
  <testcase name="testBaseSetters" classname="org.artifactory.descriptor.replication.RemoteReplicationDescriptorTest" time="0"/>
  <testcase name="testDefaultBaseValues" classname="org.artifactory.descriptor.replication.RemoteReplicationDescriptorTest" time="0"/>
  <testcase name="defaultConstructor" classname="org.artifactory.descriptor.repo.LocalRepoDescriptorTest" time="0"/>
  <testcase name="defaultConstructor" classname="org.artifactory.descriptor.repo.ProxyDescriptorTest" time="0"/>
  <testcase name="redirectedToHosts" classname="org.artifactory.descriptor.repo.ProxyDescriptorTest" time="0.001"/>
  <testcase name="defaultConstructor" classname="org.artifactory.descriptor.repo.RemoteRepoDescriptorTest" time="0.001"/>
  <testcase name="testCopyConstructor" classname="org.artifactory.descriptor.repo.RepoLayoutTest" time="0.005"/>
  <testcase name="testDefaultConstructor" classname="org.artifactory.descriptor.repo.RepoLayoutTest" time="0"/>
  <testcase name="testGradleConstants" classname="org.artifactory.descriptor.repo.RepoLayoutTest" time="0"/>
  <testcase name="testIvyConstants" classname="org.artifactory.descriptor.repo.RepoLayoutTest" time="0"/>
  <testcase name="testM1Constants" classname="org.artifactory.descriptor.repo.RepoLayoutTest" time="0.001"/>
  <testcase name="testM2Constants" classname="org.artifactory.descriptor.repo.RepoLayoutTest" time="0"/>
  <testcase name="defaultConstructor" classname="org.artifactory.descriptor.repo.VirtualRepoDescriptorTest" time="0"/>
  <testcase name="identicalCache" classname="org.artifactory.descriptor.repo.VirtualRepoDescriptorTest" time="0.002"/>
  <testcase name="sameRepoInTwoVirtualRepos" classname="org.artifactory.descriptor.repo.VirtualRepoResolverTest" time="0.002"/>
  <testcase name="virtualInVirtualWithCycles" classname="org.artifactory.descriptor.repo.VirtualRepoResolverTest" time="0.001"/>
  <testcase name="virtualWithLocalAndRemote" classname="org.artifactory.descriptor.repo.VirtualRepoResolverTest" time="0"/>
  <testcase name="virtualWithinVirtualNoCycles" classname="org.artifactory.descriptor.repo.VirtualRepoResolverTest" time="0"/>
  <testcase name="defaultConstructor" classname="org.artifactory.descriptor.security.ldap.LdapSettingTest" time="0"/>
  <testcase name="testUrlProtocolTransformer" classname="org.artifactory.descriptor.security.ldap.LdapSettingTest" time="0"/>
  <testcase name="defaultConstructor" classname="org.artifactory.descriptor.security.PasswordSettingsTest" time="0"/>
  <testcase name="encryptionEnabled" classname="org.artifactory.descriptor.security.PasswordSettingsTest" time="0"/>
  <testcase name="addLdap" classname="org.artifactory.descriptor.security.SecurityDescriptorTest" time="0.001"/>
  <testcase name="addTwoEnabledLdaps" classname="org.artifactory.descriptor.security.SecurityDescriptorTest" time="0"/>
  <testcase name="defaultConstructor" classname="org.artifactory.descriptor.security.SecurityDescriptorTest" time="0"/>
  <testcase name="isLdapExists" classname="org.artifactory.descriptor.security.SecurityDescriptorTest" time="0"/>
  <testcase name="removeLastLdap" classname="org.artifactory.descriptor.security.SecurityDescriptorTest" time="0.001"/>
  <testcase name="removeLdap" classname="org.artifactory.descriptor.security.SecurityDescriptorTest" time="0"/>
  <testcase name="removeLdapSetting" classname="org.artifactory.descriptor.security.SecurityDescriptorTest" time="0"/>
  <testcase name="testDefaultConstructor" classname="org.artifactory.descriptor.security.sso.HttpSsoSettingsTest" time="0"/>
  <testcase name="versionsCoverage" classname="org.artifactory.logging.version.LoggingVersionTest" time="0.003"/>
  <testcase name="testSwap" classname="org.artifactory.logging.version.v1.LogbackConfigSwapperTest" time="0.006"/>
  <testcase name="loggerExists" classname="org.artifactory.logging.version.v3.LogbackJFrogInfoConverterTest" time="0.004"/>
  <testcase name="loggerIsMissing" classname="org.artifactory.logging.version.v3.LogbackJFrogInfoConverterTest" time="0.004"/>
  <testcase name="minutesToSecondsPropertyMapper" classname="org.artifactory.mapper.MinutesToSecondsPropertyMapperTest" time="0.001"/>
  <testcase name="checkArchiveMime" classname="org.artifactory.mime.MimeTypesReaderTest" time="0"/>
  <testcase name="readConvertVersion1" classname="org.artifactory.mime.MimeTypesReaderTest" time="0.014"/>
  <testcase name="readConvertVersion5" classname="org.artifactory.mime.MimeTypesReaderTest" time="0.015"/>
  <testcase name="trimmedFileExtensions" classname="org.artifactory.mime.MimeTypesReaderTest" time="0"/>
  <testcase name="versionsRead" classname="org.artifactory.mime.MimeTypesReaderTest" time="0.06"/>
  <testcase name="getByExtension" classname="org.artifactory.mime.MimeTypesTest" time="0"/>
  <testcase name="getByExtensionUpperCase" classname="org.artifactory.mime.MimeTypesTest" time="0"/>
  <testcase name="getByMimeEntryName" classname="org.artifactory.mime.MimeTypesTest" time="0"/>
  <testcase name="getForUnknownExtension" classname="org.artifactory.mime.MimeTypesTest" time="0"/>
  <testcase name="convert" classname="org.artifactory.mime.version.converter.LatestVersionConverterTest" time="0.002"/>
  <testcase name="convert" classname="org.artifactory.mime.version.converter.v1.XmlIndexedConverterTest" time="0.004"/>
  <testcase name="convert" classname="org.artifactory.mime.version.converter.v2.AscMimeTypeConverterTest" time="0.003"/>
  <testcase name="convert" classname="org.artifactory.mime.version.converter.v3.ArchivesIndexConverterTest" time="0.003"/>
  <testcase name="convert" classname="org.artifactory.mime.version.converter.v3.NuPkgMimeTypeConverterTest" time="0.003"/>
  <testcase name="convert" classname="org.artifactory.mime.version.converter.v4.GemMimeTypeConverterTest" time="0.004"/>
  <testcase name="convert" classname="org.artifactory.mime.version.converter.v5.JsonMimeTypeConverterTest" time="0.003"/>
  <testcase name="convertVersion1" classname="org.artifactory.mime.version.MimeTypesVersionTest" time="0.015"/>
  <testcase name="convertVersion2" classname="org.artifactory.mime.version.MimeTypesVersionTest" time="0.017"/>
  <testcase name="findNonExistentVersion" classname="org.artifactory.mime.version.MimeTypesVersionTest" time="0.001"/>
  <testcase name="findVersion1" classname="org.artifactory.mime.version.MimeTypesVersionTest" time="0"/>
  <testcase name="versionString" classname="org.artifactory.mime.version.MimeTypesVersionTest" time="0"/>
  <testcase name="testGetCauseOfTypes" classname="org.artifactory.util.ExceptionUtilsTest" time="0.001"/>
  <testcase name="testGetRootCauseNested" classname="org.artifactory.util.ExceptionUtilsTest" time="0"/>
  <testcase name="testGetRootCauseNotNested" classname="org.artifactory.util.ExceptionUtilsTest" time="0"/>
  <testcase name="testUnwrapThrowablesOfTypes" classname="org.artifactory.util.ExceptionUtilsTest" time="0"/>
  <testcase name="cleanupEmptyDirectoriesDirWithEmptyNestedDirectories" classname="org.artifactory.util.FilesTest" time="0.002"/>
  <testcase name="cleanupEmptyDirectoriesDirWithFiles" classname="org.artifactory.util.FilesTest" time="0.002"/>
  <testcase name="cleanupEmptyDirectoriesEmptyDir" classname="org.artifactory.util.FilesTest" time="0"/>
  <testcase name="cleanupEmptyDirectoriesNonExistentDir" classname="org.artifactory.util.FilesTest" time="0.007"/>
  <testcase name="addTrailingSlash" classname="org.artifactory.util.PathUtilsTest" time="0"/>
  <testcase name="checksumTargetFile" classname="org.artifactory.util.PathUtilsTest" time="0"/>
  <testcase name="formatFormattedPath" classname="org.artifactory.util.PathUtilsTest" time="0"/>
  <testcase name="formatNullPath" classname="org.artifactory.util.PathUtilsTest" time="0.001"/>
  <testcase name="formatSimplePath" classname="org.artifactory.util.PathUtilsTest" time="0"/>
  <testcase name="getFirstPathElementsAbsolutePath" classname="org.artifactory.util.PathUtilsTest" time="0"/>
  <testcase name="getFirstPathElementsEmptyPath" classname="org.artifactory.util.PathUtilsTest" time="0"/>
  <testcase name="getFirstPathElementsNullPath" classname="org.artifactory.util.PathUtilsTest" time="0"/>
  <testcase name="getFirstPathElementsRelativePath" classname="org.artifactory.util.PathUtilsTest" time="0"/>
  <testcase name="getFirstPathElementsRootPath" classname="org.artifactory.util.PathUtilsTest" time="0.001"/>
  <testcase name="getPathElementsAbsolutePath" classname="org.artifactory.util.PathUtilsTest" time="0"/>
  <testcase name="getPathElementsEmptyPath" classname="org.artifactory.util.PathUtilsTest" time="0"/>
  <testcase name="getPathElementsNullPath" classname="org.artifactory.util.PathUtilsTest" time="0"/>
  <testcase name="getPathElementsPathWithTrailingSlash" classname="org.artifactory.util.PathUtilsTest" time="0"/>
  <testcase name="getPathElementsRelativePath" classname="org.artifactory.util.PathUtilsTest" time="0"/>
  <testcase name="getPathElementsRootPath" classname="org.artifactory.util.PathUtilsTest" time="0"/>
  <testcase name="injectStringAtTheBeginning" classname="org.artifactory.util.PathUtilsTest" time="0"/>
  <testcase name="injectStringAtTheEnd" classname="org.artifactory.util.PathUtilsTest" time="0"/>
  <testcase name="injectStringEmpty" classname="org.artifactory.util.PathUtilsTest" time="0"/>
  <testcase name="injectStringInMiddle" classname="org.artifactory.util.PathUtilsTest" time="0"/>
  <testcase name="injectStringNull" classname="org.artifactory.util.PathUtilsTest" time="0"/>
  <testcase name="normalizeSlashes" classname="org.artifactory.util.PathUtilsTest" time="0.001"/>
  <testcase name="parentPathOfEmptyString" classname="org.artifactory.util.PathUtilsTest" time="0"/>
  <testcase name="parentPathOfPathWithParent" classname="org.artifactory.util.PathUtilsTest" time="0"/>
  <testcase name="parentPathOfRoot" classname="org.artifactory.util.PathUtilsTest" time="0"/>
  <testcase name="stripExtensionEmptyPath" classname="org.artifactory.util.PathUtilsTest" time="0"/>
  <testcase name="stripExtensionMultipleExtensions" classname="org.artifactory.util.PathUtilsTest" time="0"/>
  <testcase name="stripExtensionNullPath" classname="org.artifactory.util.PathUtilsTest" time="0"/>
  <testcase name="stripExtensionPathWithDotAtEnd" classname="org.artifactory.util.PathUtilsTest" time="0"/>
  <testcase name="stripExtensionPathWithNoExtension" classname="org.artifactory.util.PathUtilsTest" time="0"/>
  <testcase name="stripExtensionSimple" classname="org.artifactory.util.PathUtilsTest" time="0"/>
  <testcase name="stripFirstPathElement" classname="org.artifactory.util.PathUtilsTest" time="0"/>
  <testcase name="trimLeadingSlashes" classname="org.artifactory.util.PathUtilsTest" time="0"/>
  <testcase name="trimLeadingSlashesChars" classname="org.artifactory.util.PathUtilsTest" time="0.001"/>
  <testcase name="trimTrailingSlashes" classname="org.artifactory.util.PathUtilsTest" time="0"/>
  <testcase name="trimTrailingSlashesChars" classname="org.artifactory.util.PathUtilsTest" time="0"/>
  <testcase name="testCustomTokenRegExpValues" classname="org.artifactory.util.RepoLayoutUtilsTest" time="0"/>
  <testcase name="testCustomTokenWithSpecialCharacters" classname="org.artifactory.util.RepoLayoutUtilsTest" time="0"/>
  <testcase name="testDefaultLayoutNames" classname="org.artifactory.util.RepoLayoutUtilsTest" time="0"/>
  <testcase name="testDefaultLayouts" classname="org.artifactory.util.RepoLayoutUtilsTest" time="0"/>
  <testcase name="testDefaultTokenFilterMap" classname="org.artifactory.util.RepoLayoutUtilsTest" time="0"/>
  <testcase name="testDefaultTokenRegExpValues" classname="org.artifactory.util.RepoLayoutUtilsTest" time="0"/>
  <testcase name="testDefaultTokenSet" classname="org.artifactory.util.RepoLayoutUtilsTest" time="0"/>
  <testcase name="testDefaultTokenValues" classname="org.artifactory.util.RepoLayoutUtilsTest" time="0"/>
  <testcase name="testFailCustomTokenWithNoRegEx" classname="org.artifactory.util.RepoLayoutUtilsTest" time="0.001"/>
  <testcase name="testFailOnUnknownCustomToken" classname="org.artifactory.util.RepoLayoutUtilsTest" time="0.001"/>
  <testcase name="testGenerateRegExpFromPatternOfDefaultLayouts" classname="org.artifactory.util.RepoLayoutUtilsTest" time="0.001"/>
  <testcase name="testGetArtifactLayoutAsIvyPattern" classname="org.artifactory.util.RepoLayoutUtilsTest" time="0.001"/>
  <testcase name="testGetDescriptorLayoutAsIvyPattern" classname="org.artifactory.util.RepoLayoutUtilsTest" time="0"/>
  <testcase name="testIgnoreUnknownTokens" classname="org.artifactory.util.RepoLayoutUtilsTest" time="0"/>
  <testcase name="testIsDefaultM2Layout" classname="org.artifactory.util.RepoLayoutUtilsTest" time="0"/>
  <testcase name="testLayoutContainsOrgPathToken" classname="org.artifactory.util.RepoLayoutUtilsTest" time="0"/>
  <testcase name="testLayoutsAreCompatible" classname="org.artifactory.util.RepoLayoutUtilsTest" time="0.001"/>
  <testcase name="testNullLayoutContainsOrgPathToken" classname="org.artifactory.util.RepoLayoutUtilsTest" time="0"/>
  <testcase name="testRemoveReplacedTokenOptionalBrackets" classname="org.artifactory.util.RepoLayoutUtilsTest" time="0"/>
  <testcase name="testRemoveUnReplacedTokenOptionalBrackets" classname="org.artifactory.util.RepoLayoutUtilsTest" time="0.001"/>
  <testcase name="testReservedRepoLayoutNames" classname="org.artifactory.util.RepoLayoutUtilsTest" time="0"/>
  <testcase name="testTokenHasFilter" classname="org.artifactory.util.RepoLayoutUtilsTest" time="0"/>
  <testcase name="testWrapKeywordAsToken" classname="org.artifactory.util.RepoLayoutUtilsTest" time="0.002"/>
  <testcase name="maskEmpty" classname="org.artifactory.util.StringsTest" time="0.001"/>
  <testcase name="maskKeyValue" classname="org.artifactory.util.StringsTest" time="0"/>
  <testcase name="maskKeyValueEmpty" classname="org.artifactory.util.StringsTest" time="0"/>
  <testcase name="maskKeyValueNoEquals" classname="org.artifactory.util.StringsTest" time="0"/>
  <testcase name="maskKeyValueNull" classname="org.artifactory.util.StringsTest" time="0"/>
  <testcase name="maskNull" classname="org.artifactory.util.StringsTest" time="0.001"/>
  <testcase name="maskString" classname="org.artifactory.util.StringsTest" time="0"/>
  <testcase name="versionsCoverage" classname="org.artifactory.version.ArtifactoryConfigVersionTest" time="0"/>
  <testcase name="failIfNullStream" classname="org.artifactory.version.ArtifactoryVersionReaderTest" time="0"/>
  <testcase name="notExistingFutureVersion" classname="org.artifactory.version.ArtifactoryVersionReaderTest" time="0.002"/>
  <testcase name="readCurrentVersion" classname="org.artifactory.version.ArtifactoryVersionReaderTest" time="0"/>
  <testcase name="readDevelopmentVersion" classname="org.artifactory.version.ArtifactoryVersionReaderTest" time="0.001"/>
  <testcase name="readFromFileNoTimestamp" classname="org.artifactory.version.ArtifactoryVersionReaderTest" time="0.001"/>
  <testcase name="readFromStreamNoTimestamp" classname="org.artifactory.version.ArtifactoryVersionReaderTest" time="0"/>
  <testcase name="readFromStreamWithTimestamp" classname="org.artifactory.version.ArtifactoryVersionReaderTest" time="0"/>
  <testcase name="versionsCoverage" classname="org.artifactory.version.ConfigVersionTest" time="0.001"/>
  <testcase name="configVersionSanityCheck" classname="org.artifactory.version.ConfigXmlConversionTest" time="0"/>
  <testcase name="convert100" classname="org.artifactory.version.ConfigXmlConversionTest" time="0.135"/>
  <testcase name="convert100NoBackupCron" classname="org.artifactory.version.ConfigXmlConversionTest" time="0.059"/>
  <testcase name="convert110" classname="org.artifactory.version.ConfigXmlConversionTest" time="0.126"/>
  <testcase name="convert120" classname="org.artifactory.version.ConfigXmlConversionTest" time="0.119"/>
  <testcase name="convert130" classname="org.artifactory.version.ConfigXmlConversionTest" time="0.11"/>
  <testcase name="convert131" classname="org.artifactory.version.ConfigXmlConversionTest" time="0.09"/>
  <testcase name="convert132Custom" classname="org.artifactory.version.ConfigXmlConversionTest" time="0.046"/>
  <testcase name="convert132Install" classname="org.artifactory.version.ConfigXmlConversionTest" time="0.044"/>
  <testcase name="convert132WithNoSchemaLocation" classname="org.artifactory.version.ConfigXmlConversionTest" time="0.045"/>
  <testcase name="convert134Install" classname="org.artifactory.version.ConfigXmlConversionTest" time="0.044"/>
  <testcase name="convert135Install" classname="org.artifactory.version.ConfigXmlConversionTest" time="0.043"/>
  <testcase name="convert135ProxyWithDomain" classname="org.artifactory.version.ConfigXmlConversionTest" time="0.054"/>
  <testcase name="convert140DefaultProxy" classname="org.artifactory.version.ConfigXmlConversionTest" time="0.043"/>
  <testcase name="convert141" classname="org.artifactory.version.ConfigXmlConversionTest" time="0.048"/>
  <testcase name="convert1412custom" classname="org.artifactory.version.ConfigXmlConversionTest" time="0.04"/>
  <testcase name="convert141Custom" classname="org.artifactory.version.ConfigXmlConversionTest" time="0.046"/>
  <testcase name="convert142Custom" classname="org.artifactory.version.ConfigXmlConversionTest" time="0.037"/>
  <testcase name="convert143" classname="org.artifactory.version.ConfigXmlConversionTest" time="0.042"/>
  <testcase name="convert143WithServerId" classname="org.artifactory.version.ConfigXmlConversionTest" time="0.042"/>
  <testcase name="convert143custom" classname="org.artifactory.version.ConfigXmlConversionTest" time="0.1"/>
  <testcase name="convert146" classname="org.artifactory.version.ConfigXmlConversionTest" time="0.04"/>
  <testcase name="convert150custom" classname="org.artifactory.version.ConfigXmlConversionTest" time="0.031"/>
  <testcase name="convertConfigWithProxyDomain" classname="org.artifactory.version.converter.v135.ProxyNTHostConverterTest" time="0.002"/>
  <testcase name="covertRemoteRepositoriesWithDefaultProxy" classname="org.artifactory.version.converter.v141.ProxyDefaultConverterTest" time="0.001"/>
  <testcase name="testCreateDefaultGcInterval" classname="org.artifactory.version.converter.v1410.GcSystemPropertyConverterTest" time="0.003"/>
  <testcase name="testReplacingIntervalByCronExp" classname="org.artifactory.version.converter.v1412.IndexerCronExpPropertyConverterTest" time="0.003"/>
  <testcase name="convertDefault" classname="org.artifactory.version.converter.v1414.ArchiveBrowsingConverterTest" time="0.002"/>
  <testcase name="convertWithArchiveBrowsing" classname="org.artifactory.version.converter.v1414.ArchiveBrowsingConverterTest" time="0.002"/>
  <testcase name="defaultConfigTest" classname="org.artifactory.version.converter.v1414.AssumedOfflineConverterTest" time="0.002"/>
  <testcase name="withFailedRetrievalCache" classname="org.artifactory.version.converter.v1414.AssumedOfflineConverterTest" time="0.002"/>
  <testcase name="testCreateCleanupCronExp" classname="org.artifactory.version.converter.v1414.CleanupConfigConverterTest" time="0.003"/>
  <testcase name="convertConfigWithChecksumPolicyTags" classname="org.artifactory.version.converter.v143.RemoteChecksumPolicyConverterTest" time="0.002"/>
  <testcase name="convertConfigWithNoChecksumPolicyTags" classname="org.artifactory.version.converter.v143.RemoteChecksumPolicyConverterTest" time="0.003"/>
  <testcase name="convert" classname="org.artifactory.version.converter.v144.MultiLdapXmlConverterTest" time="0.003"/>
  <testcase name="convertDefault" classname="org.artifactory.version.converter.v144.ServerIdXmlConverterTest" time="0.002"/>
  <testcase name="convertWithServerId" classname="org.artifactory.version.converter.v144.ServerIdXmlConverterTest" time="0.002"/>
  <testcase name="convert" classname="org.artifactory.version.converter.v147.DefaultRepoLayoutConverterTest" time="0.003"/>
  <testcase name="convert" classname="org.artifactory.version.converter.v147.JfrogRemoteRepoUrlConverterTest" time="0.003"/>
  <testcase name="convert" classname="org.artifactory.version.converter.v147.UnusedArtifactCleanupSwitchConverterTest" time="0.002"/>
  <testcase name="convert" classname="org.artifactory.version.converter.v149.ReplicationElementNameConverterTest" time="0.002"/>
  <testcase name="addDefaultProxyTest" classname="org.artifactory.version.converter.v152.BlackduckConverterTest" time="0.009"/>
  <testcase name="dontAddIfNoDefaultProxy" classname="org.artifactory.version.converter.v152.BlackduckConverterTest" time="0.009"/>
  <testcase name="noBlackduckSection" classname="org.artifactory.version.converter.v152.BlackduckConverterTest" time="0.009"/>
</testsuite>