<?xml version="1.0" encoding="UTF-8"?>
<!-- Generated by org.testng.reporters.JUnitReportReporter -->
<testsuite hostname="eli-mpb-4.local" name="org.artifactory.rest.common.list.KeyValueListTest" tests="2" failures="0" timestamp="27 Nov 2014 18:04:07 GMT" time="0.290" errors="0">
  <testcase name="testToPropertyMap" time="0.289" classname="org.artifactory.rest.common.list.KeyValueListTest"/>
  <testcase name="testToStringMap" time="0.001" classname="org.artifactory.rest.common.list.KeyValueListTest"/>
</testsuite> <!-- org.artifactory.rest.common.list.KeyValueListTest -->
