<?xml version="1.0" encoding="UTF-8"?>
<!-- Generated by org.testng.reporters.JUnitReportReporter -->
<testsuite hostname="eli-mpb-4.local" name="org.artifactory.traffic.read.TrafficStreamParserTest" tests="5" failures="0" timestamp="27 Nov 2014 18:03:50 GMT" time="0.015" errors="0">
  <testcase name="testWithinRange" time="0.013" classname="org.artifactory.traffic.read.TrafficStreamParserTest"/>
  <testcase name="testOutOfRange" time="0.001" classname="org.artifactory.traffic.read.TrafficStreamParserTest"/>
  <testcase name="testInvalidDates" time="0.001" classname="org.artifactory.traffic.read.TrafficStreamParserTest"/>
  <testcase name="testNullDates" time="0.000" classname="org.artifactory.traffic.read.TrafficStreamParserTest"/>
  <testcase name="testNullReader" time="0.000" classname="org.artifactory.traffic.read.TrafficStreamParserTest"/>
</testsuite> <!-- org.artifactory.traffic.read.TrafficStreamParserTest -->
