<?xml version="1.0" encoding="UTF-8"?>
<!-- Generated by org.testng.reporters.JUnitReportReporter -->
<testsuite hostname="eli-mpb-4.local" name="org.artifactory.traffic.entry.RequestEntryTest" tests="4" failures="0" timestamp="27 Nov 2014 18:03:50 GMT" time="0.004" errors="0">
  <testcase name="testInvalidReturnCode" time="0.000" classname="org.artifactory.traffic.entry.RequestEntryTest"/>
  <testcase name="testInvalidContentLength" time="0.000" classname="org.artifactory.traffic.entry.RequestEntryTest"/>
  <testcase name="requestEntryToString" time="0.003" classname="org.artifactory.traffic.entry.RequestEntryTest"/>
  <testcase name="stringToRequestEntry" time="0.001" classname="org.artifactory.traffic.entry.RequestEntryTest"/>
</testsuite> <!-- org.artifactory.traffic.entry.RequestEntryTest -->
