<?xml version="1.0" encoding="UTF-8"?>
<!-- Generated by org.testng.reporters.JUnitReportReporter -->
<testsuite hostname="pond.jfrog.org" name="org.artifactory.traffic.TrafficTest" tests="1" failures="0" timestamp="13 May 2013 13:12:40 GMT" time="0.030" errors="0">
  <testcase name="testTrafficLog" time="0.030" classname="org.artifactory.traffic.TrafficTest"/>
</testsuite> <!-- org.artifactory.traffic.TrafficTest -->
