<?xml version="1.0" encoding="UTF-8"?>
<!-- Generated by org.testng.reporters.JUnitReportReporter -->
<testsuite hostname="pond.jfrog.org" name="org.artifactory.traffic.entry.TrafficEntryBuilderTest" tests="4" failures="0" timestamp="13 May 2013 13:12:40 GMT" time="0.001" errors="0">
  <testcase name="testEmptyEntry" time="0.000" classname="org.artifactory.traffic.entry.TrafficEntryBuilderTest"/>
  <testcase name="testValidEntry" time="0.000" classname="org.artifactory.traffic.entry.TrafficEntryBuilderTest"/>
  <testcase name="testEntryNoData" time="0.000" classname="org.artifactory.traffic.entry.TrafficEntryBuilderTest"/>
  <testcase name="testNullEntry" time="0.001" classname="org.artifactory.traffic.entry.TrafficEntryBuilderTest"/>
</testsuite> <!-- org.artifactory.traffic.entry.TrafficEntryBuilderTest -->
