<?xml version="1.0" encoding="UTF-8"?>
<!-- Generated by org.testng.reporters.JUnitReportReporter -->
<testsuite hostname="pond.jfrog.org" name="org.artifactory.traffic.entry.RequestEntryTest" tests="4" failures="0" timestamp="13 May 2013 13:12:40 GMT" time="0.007" errors="0">
  <testcase name="testInvalidReturnCode" time="0.000" classname="org.artifactory.traffic.entry.RequestEntryTest"/>
  <testcase name="testInvalidContentLength" time="0.001" classname="org.artifactory.traffic.entry.RequestEntryTest"/>
  <testcase name="requestEntryToString" time="0.005" classname="org.artifactory.traffic.entry.RequestEntryTest"/>
  <testcase name="stringToRequestEntry" time="0.001" classname="org.artifactory.traffic.entry.RequestEntryTest"/>
</testsuite> <!-- org.artifactory.traffic.entry.RequestEntryTest -->
