<?xml version="1.0" encoding="UTF-8"?>
<!-- Generated by org.testng.reporters.JUnitReportReporter -->
<testsuite hostname="eli-mpb-4.local" name="org.artifactory.traffic.TrafficActionTest" tests="3" failures="0" timestamp="27 Nov 2014 18:03:50 GMT" time="0.002" errors="0">
  <testcase name="testRequestAction" time="0.001" classname="org.artifactory.traffic.TrafficActionTest"/>
  <testcase name="testUploadAction" time="0.000" classname="org.artifactory.traffic.TrafficActionTest"/>
  <testcase name="testDownloadAction" time="0.001" classname="org.artifactory.traffic.TrafficActionTest"/>
</testsuite> <!-- org.artifactory.traffic.TrafficActionTest -->
