<?xml version="1.0" encoding="UTF-8"?>
<!-- Generated by org.testng.reporters.JUnitReportReporter -->
<testsuite hostname="pond.jfrog.org" name="org.artifactory.repo.RepoDetailsTest" tests="4" failures="0" timestamp="13 May 2013 13:11:31 GMT" time="0.003" errors="0">
  <testcase name="testDefaultConstructor" time="0.001" classname="org.artifactory.repo.RepoDetailsTest"/>
  <testcase name="testRemoteConstructor" time="0.001" classname="org.artifactory.repo.RepoDetailsTest"/>
  <testcase name="testSetters" time="0.000" classname="org.artifactory.repo.RepoDetailsTest"/>
  <testcase name="testLocalOrVirtualConstructor" time="0.001" classname="org.artifactory.repo.RepoDetailsTest"/>
</testsuite> <!-- org.artifactory.repo.RepoDetailsTest -->
