<?xml version="1.0" encoding="UTF-8"?>
<!-- Generated by org.testng.reporters.JUnitReportReporter -->
<testsuite hostname="pond.jfrog.org" name="org.artifactory.request.ArtifactoryResponseTest" tests="1" failures="0" timestamp="13 May 2013 13:11:31 GMT" time="0.018" errors="0">
  <testcase name="sendErroChangesState" time="0.018" classname="org.artifactory.request.ArtifactoryResponseTest"/>
</testsuite> <!-- org.artifactory.request.ArtifactoryResponseTest -->
