<?xml version="1.0" encoding="UTF-8"?>
<!-- Generated by org.testng.reporters.JUnitReportReporter -->
<testsuite hostname="pond.jfrog.org" name="org.artifactory.addon.AddonTypeTest" tests="1" failures="0" timestamp="13 May 2013 13:11:31 GMT" time="0.015" errors="0">
  <testcase name="testAddonsDisplayOrdinal" time="0.015" classname="org.artifactory.addon.AddonTypeTest"/>
</testsuite> <!-- org.artifactory.addon.AddonTypeTest -->
