<?xml version="1.0" encoding="UTF-8"?>
<!-- Generated by org.testng.reporters.JUnitReportReporter -->
<testsuite hostname="pond.jfrog.org" name="org.artifactory.maven.PomTargetPathValidatorTest" tests="3" failures="0" timestamp="13 May 2013 13:11:31 GMT" time="0.025" errors="0">
  <testcase name="validatePluginPom" time="0.017" classname="org.artifactory.maven.PomTargetPathValidatorTest"/>
  <testcase name="validatePomTargetValidPath" time="0.003" classname="org.artifactory.maven.PomTargetPathValidatorTest"/>
  <testcase name="validatePomTargetInValidPath" time="0.005" classname="org.artifactory.maven.PomTargetPathValidatorTest"/>
</testsuite> <!-- org.artifactory.maven.PomTargetPathValidatorTest -->
