<?xml version="1.0" encoding="UTF-8"?>
<!-- Generated by org.testng.reporters.JUnitReportReporter -->
<testsuite hostname="pond.jfrog.org" name="org.artifactory.storage.StorageUnitTest" tests="6" failures="0" timestamp="13 May 2013 13:11:31 GMT" time="0.006" errors="0">
  <testcase name="readableFormatToBytes" time="0.002" classname="org.artifactory.storage.StorageUnitTest"/>
  <testcase name="revertGbToBytes" time="0.000" classname="org.artifactory.storage.StorageUnitTest"/>
  <testcase name="bytesToReadableFormat" time="0.003" classname="org.artifactory.storage.StorageUnitTest"/>
  <testcase name="revertMbToBytes" time="0.000" classname="org.artifactory.storage.StorageUnitTest"/>
  <testcase name="convertBytesToGb" time="0.001" classname="org.artifactory.storage.StorageUnitTest"/>
  <testcase name="convertBytesToMb" time="0.000" classname="org.artifactory.storage.StorageUnitTest"/>
</testsuite> <!-- org.artifactory.storage.StorageUnitTest -->
