<?xml version="1.0" encoding="UTF-8"?>
<!-- Generated by org.testng.reporters.JUnitReportReporter -->
<testsuite hostname="pond.jfrog.org" name="org.artifactory.security.SecurityEntityListItemTest" tests="2" failures="0" timestamp="13 May 2013 13:11:31 GMT" time="0.001" errors="0">
  <testcase name="testDefaultValues" time="0.001" classname="org.artifactory.security.SecurityEntityListItemTest"/>
  <testcase name="testSetters" time="0.000" classname="org.artifactory.security.SecurityEntityListItemTest"/>
</testsuite> <!-- org.artifactory.security.SecurityEntityListItemTest -->
