<?xml version="1.0" encoding="UTF-8"?>
<!-- Generated by org.testng.reporters.JUnitReportReporter -->
<testsuite hostname="pond.jfrog.org" name="org.artifactory.util.TimeUnitFormatTest" tests="5" failures="0" timestamp="13 May 2013 13:11:31 GMT" time="0.003" errors="0">
  <testcase name="toSecondsWithMillisecondTimeUnit" time="0.000" classname="org.artifactory.util.TimeUnitFormatTest"/>
  <testcase name="toSeconds" time="0.000" classname="org.artifactory.util.TimeUnitFormatTest"/>
  <testcase name="stillNanos" time="0.002" classname="org.artifactory.util.TimeUnitFormatTest"/>
  <testcase name="toMillis" time="0.001" classname="org.artifactory.util.TimeUnitFormatTest"/>
  <testcase name="toMinutes" time="0.000" classname="org.artifactory.util.TimeUnitFormatTest"/>
</testsuite> <!-- org.artifactory.util.TimeUnitFormatTest -->
