<?xml version="1.0" encoding="UTF-8"?>
<!-- Generated by org.testng.reporters.JUnitReportReporter -->
<testsuite hostname="eli-mpb-4.local" name="org.artifactory.api.module.IvyModuleInfoUtilsTest" tests="16" failures="0" timestamp="27 Nov 2014 18:03:00 GMT" time="0.009" errors="0">
  <testcase name="testSuperLongReleaseWithClassifier" time="0.000" classname="org.artifactory.api.module.IvyModuleInfoUtilsTest"/>
  <testcase name="testSuperLongRelease" time="0.001" classname="org.artifactory.api.module.IvyModuleInfoUtilsTest"/>
  <testcase name="testReleaseWithClassifier" time="0.001" classname="org.artifactory.api.module.IvyModuleInfoUtilsTest"/>
  <testcase name="testSuperLongTimezoneSnapshot" time="0.001" classname="org.artifactory.api.module.IvyModuleInfoUtilsTest"/>
  <testcase name="testSuperLongLinkedInIvyModule" time="0.000" classname="org.artifactory.api.module.IvyModuleInfoUtilsTest"/>
  <testcase name="testGradleStyle" time="0.001" classname="org.artifactory.api.module.IvyModuleInfoUtilsTest"/>
  <testcase name="testSuperLongUniqueSnapshotWithClassifier" time="0.001" classname="org.artifactory.api.module.IvyModuleInfoUtilsTest"/>
  <testcase name="testSuperLongLowercaseSnapshot" time="0.001" classname="org.artifactory.api.module.IvyModuleInfoUtilsTest"/>
  <testcase name="testLowercaseSnapshot" time="0.001" classname="org.artifactory.api.module.IvyModuleInfoUtilsTest"/>
  <testcase name="testTimezoneSnapshot" time="0.000" classname="org.artifactory.api.module.IvyModuleInfoUtilsTest"/>
  <testcase name="testUniqueSnapshotWithClassifier" time="0.000" classname="org.artifactory.api.module.IvyModuleInfoUtilsTest"/>
  <testcase name="testUniqueSnapshot" time="0.000" classname="org.artifactory.api.module.IvyModuleInfoUtilsTest"/>
  <testcase name="testSuperLongUniqueSnapshot" time="0.001" classname="org.artifactory.api.module.IvyModuleInfoUtilsTest"/>
  <testcase name="testRelease" time="0.000" classname="org.artifactory.api.module.IvyModuleInfoUtilsTest"/>
  <testcase name="testLinkedInIvyModule" time="0.000" classname="org.artifactory.api.module.IvyModuleInfoUtilsTest"/>
  <testcase name="testSuperLongGradleStyle" time="0.001" classname="org.artifactory.api.module.IvyModuleInfoUtilsTest"/>
</testsuite> <!-- org.artifactory.api.module.IvyModuleInfoUtilsTest -->
