<?xml version="1.0" encoding="UTF-8"?>
<!-- Generated by org.testng.reporters.JUnitReportReporter -->
<testsuite hostname="eli-mpb-4.local" name="org.artifactory.api.module.ModuleInfoUtilsTest" tests="9" failures="0" timestamp="27 Nov 2014 18:03:00 GMT" time="0.000" errors="0">
  <testcase name="constructArtifactPathWithNullRepoLayout" time="0.000" classname="org.artifactory.api.module.ModuleInfoUtilsTest"/>
  <testcase name="moduleInfoFromArtifactPathWithNullRepoLayout" time="0.000" classname="org.artifactory.api.module.ModuleInfoUtilsTest"/>
  <testcase name="moduleInfoFromDescriptorPathWithNullArtifactPath" time="0.000" classname="org.artifactory.api.module.ModuleInfoUtilsTest"/>
  <testcase name="moduleInfoFromArtifactPathWithNullArtifactPath" time="0.000" classname="org.artifactory.api.module.ModuleInfoUtilsTest"/>
  <testcase name="constructArtifactPathWithNullModuleInfo" time="0.000" classname="org.artifactory.api.module.ModuleInfoUtilsTest"/>
  <testcase name="constructArtifactPathWithInvalidModuleInfo" time="0.000" classname="org.artifactory.api.module.ModuleInfoUtilsTest"/>
  <testcase name="moduleInfoFromArtifactPathWithBlankItemPath" time="0.000" classname="org.artifactory.api.module.ModuleInfoUtilsTest"/>
  <testcase name="moduleInfoFromDescriptorPathWithNullRepoLayout" time="0.000" classname="org.artifactory.api.module.ModuleInfoUtilsTest"/>
  <testcase name="moduleInfoFromDescriptorPathWithBlankItemPath" time="0.000" classname="org.artifactory.api.module.ModuleInfoUtilsTest"/>
</testsuite> <!-- org.artifactory.api.module.ModuleInfoUtilsTest -->
