<?xml version="1.0" encoding="UTF-8"?>
<!-- Generated by org.testng.reporters.JUnitReportReporter -->
<testsuite hostname="eli-mpb-4.local" name="org.artifactory.api.rest.artifact.FileListElementTest" tests="3" failures="0" timestamp="27 Nov 2014 18:03:00 GMT" time="0.000" errors="0">
  <testcase name="testFullConstructor" time="0.000" classname="org.artifactory.api.rest.artifact.FileListElementTest"/>
  <testcase name="testDefaultConstructor" time="0.000" classname="org.artifactory.api.rest.artifact.FileListElementTest"/>
  <testcase name="testSetters" time="0.000" classname="org.artifactory.api.rest.artifact.FileListElementTest"/>
</testsuite> <!-- org.artifactory.api.rest.artifact.FileListElementTest -->
