<?xml version="1.0" encoding="UTF-8"?>
<!-- Generated by org.testng.reporters.JUnitReportReporter -->
<testsuite hostname="eli-mpb-4.local" name="org.artifactory.api.module.SpringIvyModuleInfoUtilsTest" tests="5" failures="0" timestamp="27 Nov 2014 18:03:00 GMT" time="0.005" errors="0">
  <testcase name="testSpringBundlesSnapshot2" time="0.001" classname="org.artifactory.api.module.SpringIvyModuleInfoUtilsTest"/>
  <testcase name="testSpringBundlesSnapshot1" time="0.001" classname="org.artifactory.api.module.SpringIvyModuleInfoUtilsTest"/>
  <testcase name="testSpringBundlesExternal" time="0.001" classname="org.artifactory.api.module.SpringIvyModuleInfoUtilsTest"/>
  <testcase name="testSpringBundlesMilestone" time="0.001" classname="org.artifactory.api.module.SpringIvyModuleInfoUtilsTest"/>
  <testcase name="testSpringBundlesRelease" time="0.001" classname="org.artifactory.api.module.SpringIvyModuleInfoUtilsTest"/>
</testsuite> <!-- org.artifactory.api.module.SpringIvyModuleInfoUtilsTest -->
