<?xml version="1.0" encoding="UTF-8"?>
<!-- Generated by org.testng.reporters.JUnitReportReporter -->
<testsuite hostname="eli-mpb-4.local" name="org.artifactory.api.security.PermissionTargetInfoTest" tests="5" failures="0" timestamp="27 Nov 2014 18:03:10 GMT" time="0.002" errors="0">
  <testcase name="copyConstructorReflectionEquality" time="0.000" classname="org.artifactory.api.security.PermissionTargetInfoTest"/>
  <testcase name="createWithNoIncluesExcludesPatterns" time="0.001" classname="org.artifactory.api.security.PermissionTargetInfoTest"/>
  <testcase name="testDefaultConstructor" time="0.000" classname="org.artifactory.api.security.PermissionTargetInfoTest"/>
  <testcase name="createWithIncluesAndExcludesPatterns" time="0.000" classname="org.artifactory.api.security.PermissionTargetInfoTest"/>
  <testcase name="copyConstructor" time="0.001" classname="org.artifactory.api.security.PermissionTargetInfoTest"/>
</testsuite> <!-- org.artifactory.api.security.PermissionTargetInfoTest -->
