<?xml version="1.0" encoding="UTF-8"?>
<!-- Generated by org.testng.reporters.JUnitReportReporter -->
<testsuite hostname="eli-mpb-4.local" name="org.artifactory.storage.fs.tree.file.JavaIOFileAdapterTest" tests="2" failures="0" timestamp="27 Nov 2014 18:03:10 GMT" time="0.004" errors="0">
  <testcase name="folderInfoAdapter" time="0.002" classname="org.artifactory.storage.fs.tree.file.JavaIOFileAdapterTest"/>
  <testcase name="fileInfoAdapter" time="0.002" classname="org.artifactory.storage.fs.tree.file.JavaIOFileAdapterTest"/>
</testsuite> <!-- org.artifactory.storage.fs.tree.file.JavaIOFileAdapterTest -->
