<?xml version="1.0" encoding="UTF-8"?>
<!-- Generated by org.testng.reporters.JUnitReportReporter -->
<testsuite hostname="eli-mpb-4.local" name="org.artifactory.repo.InternalRepoPathFactoryTest" tests="3" failures="0" timestamp="27 Nov 2014 18:03:10 GMT" time="0.000" errors="0">
  <testcase name="cacheRepoPathFromRemote" time="0.000" classname="org.artifactory.repo.InternalRepoPathFactoryTest"/>
  <testcase name="cacheRepoPathFromCache" time="0.000" classname="org.artifactory.repo.InternalRepoPathFactoryTest"/>
  <testcase name="cacheRepoPathFromRootRepoPath" time="0.000" classname="org.artifactory.repo.InternalRepoPathFactoryTest"/>
</testsuite> <!-- org.artifactory.repo.InternalRepoPathFactoryTest -->
