<?xml version="1.0" encoding="UTF-8"?>
<!-- Generated by org.testng.reporters.JUnitReportReporter -->
<testsuite hostname="pond.jfrog.org" name="org.artifactory.descriptor.property.PropertySetTest" tests="3" failures="0" timestamp="13 May 2013 13:10:47 GMT" time="0.000" errors="0">
  <testcase name="defaultConstructor" time="0.000" classname="org.artifactory.descriptor.property.PropertySetTest"/>
  <testcase name="testEqual" time="0.000" classname="org.artifactory.descriptor.property.PropertySetTest"/>
  <testcase name="testUnequal" time="0.000" classname="org.artifactory.descriptor.property.PropertySetTest"/>
</testsuite> <!-- org.artifactory.descriptor.property.PropertySetTest -->
