<?xml version="1.0" encoding="UTF-8"?>
<!-- Generated by org.testng.reporters.JUnitReportReporter -->
<testsuite hostname="pond.jfrog.org" name="org.artifactory.mime.MimeTypesTest" tests="4" failures="0" timestamp="13 May 2013 13:10:47 GMT" time="0.002" errors="0">
  <testcase name="getForUnknownExtension" time="0.001" classname="org.artifactory.mime.MimeTypesTest"/>
  <testcase name="getByMimeEntryName" time="0.000" classname="org.artifactory.mime.MimeTypesTest"/>
  <testcase name="getByExtension" time="0.001" classname="org.artifactory.mime.MimeTypesTest"/>
  <testcase name="getByExtensionUpperCase" time="0.000" classname="org.artifactory.mime.MimeTypesTest"/>
</testsuite> <!-- org.artifactory.mime.MimeTypesTest -->
