<?xml version="1.0" encoding="UTF-8"?>
<!-- Generated by org.testng.reporters.JUnitReportReporter -->
<testsuite hostname="pond.jfrog.org" name="org.artifactory.version.ConfigVersionTest" tests="1" failures="0" timestamp="13 May 2013 13:10:47 GMT" time="0.001" errors="0">
  <testcase name="versionsCoverage" time="0.001" classname="org.artifactory.version.ConfigVersionTest"/>
</testsuite> <!-- org.artifactory.version.ConfigVersionTest -->
