<?xml version="1.0" encoding="UTF-8"?>
<!-- Generated by org.testng.reporters.JUnitReportReporter -->
<testsuite hostname="pond.jfrog.org" name="org.artifactory.descriptor.replication.LocalReplicationDescriptorTest" tests="4" failures="0" timestamp="13 May 2013 13:10:47 GMT" time="0.000" errors="0">
  <testcase name="testBaseSetters" time="0.000" classname="org.artifactory.descriptor.replication.LocalReplicationDescriptorTest"/>
  <testcase name="testDefaultBaseValues" time="0.000" classname="org.artifactory.descriptor.replication.LocalReplicationDescriptorTest"/>
  <testcase name="testSetters" time="0.000" classname="org.artifactory.descriptor.replication.LocalReplicationDescriptorTest"/>
  <testcase name="testDefaultValues" time="0.000" classname="org.artifactory.descriptor.replication.LocalReplicationDescriptorTest"/>
</testsuite> <!-- org.artifactory.descriptor.replication.LocalReplicationDescriptorTest -->
