<?xml version="1.0" encoding="UTF-8"?>
<!-- Generated by org.testng.reporters.JUnitReportReporter -->
<testsuite hostname="pond.jfrog.org" name="org.artifactory.descriptor.repo.RepoLayoutTest" tests="6" failures="0" timestamp="13 May 2013 13:10:47 GMT" time="0.001" errors="0">
  <testcase name="testDefaultConstructor" time="0.001" classname="org.artifactory.descriptor.repo.RepoLayoutTest"/>
  <testcase name="testIvyConstants" time="0.000" classname="org.artifactory.descriptor.repo.RepoLayoutTest"/>
  <testcase name="testGradleConstants" time="0.000" classname="org.artifactory.descriptor.repo.RepoLayoutTest"/>
  <testcase name="testCopyConstructor" time="0.000" classname="org.artifactory.descriptor.repo.RepoLayoutTest"/>
  <testcase name="testM2Constants" time="0.000" classname="org.artifactory.descriptor.repo.RepoLayoutTest"/>
  <testcase name="testM1Constants" time="0.000" classname="org.artifactory.descriptor.repo.RepoLayoutTest"/>
</testsuite> <!-- org.artifactory.descriptor.repo.RepoLayoutTest -->
