<?xml version="1.0" encoding="UTF-8"?>
<!-- Generated by org.testng.reporters.JUnitReportReporter -->
<testsuite hostname="pond.jfrog.org" name="org.artifactory.version.converter.v143.RemoteChecksumPolicyConverterTest" tests="2" failures="0" timestamp="13 May 2013 13:10:47 GMT" time="0.006" errors="0">
  <testcase name="convertConfigWithChecksumPolicyTags" time="0.003" classname="org.artifactory.version.converter.v143.RemoteChecksumPolicyConverterTest"/>
  <testcase name="convertConfigWithNoChecksumPolicyTags" time="0.003" classname="org.artifactory.version.converter.v143.RemoteChecksumPolicyConverterTest"/>
</testsuite> <!-- org.artifactory.version.converter.v143.RemoteChecksumPolicyConverterTest -->
