<?xml version="1.0" encoding="UTF-8"?>
<!-- Generated by org.testng.reporters.JUnitReportReporter -->
<testsuite hostname="pond.jfrog.org" name="org.artifactory.mime.version.converter.v3.ArchivesIndexConverterTest" tests="1" failures="0" timestamp="13 May 2013 13:10:47 GMT" time="0.011" errors="0">
  <testcase name="convert" time="0.011" classname="org.artifactory.mime.version.converter.v3.ArchivesIndexConverterTest"/>
</testsuite> <!-- org.artifactory.mime.version.converter.v3.ArchivesIndexConverterTest -->
