<?xml version="1.0" encoding="UTF-8"?>
<!-- Generated by org.testng.reporters.JUnitReportReporter -->
<testsuite hostname="pond.jfrog.org" name="org.artifactory.descriptor.security.SecurityDescriptorTest" tests="7" failures="0" timestamp="13 May 2013 13:10:47 GMT" time="0.000" errors="0">
  <testcase name="defaultConstructor" time="0.000" classname="org.artifactory.descriptor.security.SecurityDescriptorTest"/>
  <testcase name="addLdap" time="0.000" classname="org.artifactory.descriptor.security.SecurityDescriptorTest"/>
  <testcase name="removeLdapSetting" time="0.000" classname="org.artifactory.descriptor.security.SecurityDescriptorTest"/>
  <testcase name="addTwoEnabledLdaps" time="0.000" classname="org.artifactory.descriptor.security.SecurityDescriptorTest"/>
  <testcase name="isLdapExists" time="0.000" classname="org.artifactory.descriptor.security.SecurityDescriptorTest"/>
  <testcase name="removeLastLdap" time="0.000" classname="org.artifactory.descriptor.security.SecurityDescriptorTest"/>
  <testcase name="removeLdap" time="0.000" classname="org.artifactory.descriptor.security.SecurityDescriptorTest"/>
</testsuite> <!-- org.artifactory.descriptor.security.SecurityDescriptorTest -->
