<?xml version="1.0" encoding="UTF-8"?>
<!-- Generated by org.testng.reporters.JUnitReportReporter -->
<testsuite hostname="pond.jfrog.org" name="org.artifactory.descriptor.reader.CentralConfigReaderTest" tests="2" failures="0" timestamp="13 May 2013 13:10:47 GMT" time="5.198" errors="0">
  <testcase name="readAllConfigFiles" time="5.134" classname="org.artifactory.descriptor.reader.CentralConfigReaderTest"/>
  <testcase name="readV7Config" time="0.064" classname="org.artifactory.descriptor.reader.CentralConfigReaderTest"/>
</testsuite> <!-- org.artifactory.descriptor.reader.CentralConfigReaderTest -->
