<?xml version="1.0" encoding="UTF-8"?>
<!-- Generated by org.testng.reporters.JUnitReportReporter -->
<testsuite hostname="pond.jfrog.org" name="org.artifactory.mime.version.converter.v2.AscMimeTypeConverterTest" tests="1" failures="0" timestamp="13 May 2013 13:10:47 GMT" time="0.008" errors="0">
  <testcase name="convert" time="0.008" classname="org.artifactory.mime.version.converter.v2.AscMimeTypeConverterTest"/>
</testsuite> <!-- org.artifactory.mime.version.converter.v2.AscMimeTypeConverterTest -->
