<?xml version="1.0" encoding="UTF-8"?>
<!-- Generated by org.testng.reporters.JUnitReportReporter -->
<testsuite hostname="pond.jfrog.org" name="org.artifactory.util.RepoLayoutUtilsTest" tests="22" failures="0" timestamp="13 May 2013 13:10:47 GMT" time="0.012" errors="0">
  <testcase name="testDefaultTokenValues" time="0.001" classname="org.artifactory.util.RepoLayoutUtilsTest"/>
  <testcase name="testFailOnUnknownCustomToken" time="0.003" classname="org.artifactory.util.RepoLayoutUtilsTest"/>
  <testcase name="testGetArtifactLayoutAsIvyPattern" time="0.001" classname="org.artifactory.util.RepoLayoutUtilsTest"/>
  <testcase name="testIgnoreUnknownTokens" time="0.000" classname="org.artifactory.util.RepoLayoutUtilsTest"/>
  <testcase name="testReservedRepoLayoutNames" time="0.000" classname="org.artifactory.util.RepoLayoutUtilsTest"/>
  <testcase name="testIsDefaultM2Layout" time="0.000" classname="org.artifactory.util.RepoLayoutUtilsTest"/>
  <testcase name="testCustomTokenRegExpValues" time="0.001" classname="org.artifactory.util.RepoLayoutUtilsTest"/>
  <testcase name="testDefaultTokenRegExpValues" time="0.000" classname="org.artifactory.util.RepoLayoutUtilsTest"/>
  <testcase name="testNullLayoutContainsOrgPathToken" time="0.001" classname="org.artifactory.util.RepoLayoutUtilsTest"/>
  <testcase name="testFailCustomTokenWithNoRegEx" time="0.002" classname="org.artifactory.util.RepoLayoutUtilsTest"/>
  <testcase name="testGenerateRegExpFromPatternOfDefaultLayouts" time="0.000" classname="org.artifactory.util.RepoLayoutUtilsTest"/>
  <testcase name="testDefaultLayoutNames" time="0.000" classname="org.artifactory.util.RepoLayoutUtilsTest"/>
  <testcase name="testGetDescriptorLayoutAsIvyPattern" time="0.001" classname="org.artifactory.util.RepoLayoutUtilsTest"/>
  <testcase name="testDefaultTokenFilterMap" time="0.000" classname="org.artifactory.util.RepoLayoutUtilsTest"/>
  <testcase name="testRemoveReplacedTokenOptionalBrackets" time="0.000" classname="org.artifactory.util.RepoLayoutUtilsTest"/>
  <testcase name="testLayoutContainsOrgPathToken" time="0.000" classname="org.artifactory.util.RepoLayoutUtilsTest"/>
  <testcase name="testTokenHasFilter" time="0.000" classname="org.artifactory.util.RepoLayoutUtilsTest"/>
  <testcase name="testLayoutsAreCompatible" time="0.001" classname="org.artifactory.util.RepoLayoutUtilsTest"/>
  <testcase name="testRemoveUnReplacedTokenOptionalBrackets" time="0.000" classname="org.artifactory.util.RepoLayoutUtilsTest"/>
  <testcase name="testWrapKeywordAsToken" time="0.001" classname="org.artifactory.util.RepoLayoutUtilsTest"/>
  <testcase name="testDefaultLayouts" time="0.000" classname="org.artifactory.util.RepoLayoutUtilsTest"/>
  <testcase name="testDefaultTokenSet" time="0.000" classname="org.artifactory.util.RepoLayoutUtilsTest"/>
</testsuite> <!-- org.artifactory.util.RepoLayoutUtilsTest -->
