<?xml version="1.0" encoding="UTF-8"?>
<!-- Generated by org.testng.reporters.JUnitReportReporter -->
<testsuite hostname="pond.jfrog.org" name="org.artifactory.descriptor.config.CentralConfigDescriptorImplTest" tests="18" failures="0" timestamp="13 May 2013 13:10:47 GMT" time="0.039" errors="0">
  <testcase name="replicationsExistence" time="0.000" classname="org.artifactory.descriptor.config.CentralConfigDescriptorImplTest"/>
  <testcase name="uniqueKeyExistence" time="0.000" classname="org.artifactory.descriptor.config.CentralConfigDescriptorImplTest"/>
  <testcase name="repositoriesExistence" time="0.001" classname="org.artifactory.descriptor.config.CentralConfigDescriptorImplTest"/>
  <testcase name="propertySetExistence" time="0.001" classname="org.artifactory.descriptor.config.CentralConfigDescriptorImplTest"/>
  <testcase name="removePropertySet" time="0.001" classname="org.artifactory.descriptor.config.CentralConfigDescriptorImplTest"/>
  <testcase name="proxyExistence" time="0.001" classname="org.artifactory.descriptor.config.CentralConfigDescriptorImplTest"/>
  <testcase name="repoLayoutExistence" time="0.001" classname="org.artifactory.descriptor.config.CentralConfigDescriptorImplTest"/>
  <testcase name="removeBackup" time="0.000" classname="org.artifactory.descriptor.config.CentralConfigDescriptorImplTest"/>
  <testcase name="duplicateLocalRepo" time="0.001" classname="org.artifactory.descriptor.config.CentralConfigDescriptorImplTest"/>
  <testcase name="defaultsTest" time="0.001" classname="org.artifactory.descriptor.config.CentralConfigDescriptorImplTest"/>
  <testcase name="defaultProxyChanged" time="0.014" classname="org.artifactory.descriptor.config.CentralConfigDescriptorImplTest"/>
  <testcase name="duplicateVirtualRepo" time="0.000" classname="org.artifactory.descriptor.config.CentralConfigDescriptorImplTest"/>
  <testcase name="removeReplicationUpdates" time="0.001" classname="org.artifactory.descriptor.config.CentralConfigDescriptorImplTest"/>
  <testcase name="backupExistence" time="0.000" classname="org.artifactory.descriptor.config.CentralConfigDescriptorImplTest"/>
  <testcase name="removeProxy" time="0.000" classname="org.artifactory.descriptor.config.CentralConfigDescriptorImplTest"/>
  <testcase name="removeRepoLayout" time="0.017" classname="org.artifactory.descriptor.config.CentralConfigDescriptorImplTest"/>
  <testcase name="duplicateRemoteRepo" time="0.000" classname="org.artifactory.descriptor.config.CentralConfigDescriptorImplTest"/>
  <testcase name="removeReferencedProxy" time="0.000" classname="org.artifactory.descriptor.config.CentralConfigDescriptorImplTest"/>
</testsuite> <!-- org.artifactory.descriptor.config.CentralConfigDescriptorImplTest -->
