<?xml version="1.0" encoding="UTF-8"?>
<!-- Generated by org.testng.reporters.JUnitReportReporter -->
<testsuite hostname="pond.jfrog.org" name="org.artifactory.version.converter.v1414.AssumedOfflineConverterTest" tests="2" failures="0" timestamp="13 May 2013 13:10:47 GMT" time="0.038" errors="0">
  <testcase name="defaultConfigTest" time="0.020" classname="org.artifactory.version.converter.v1414.AssumedOfflineConverterTest"/>
  <testcase name="withFailedRetrievalCache" time="0.018" classname="org.artifactory.version.converter.v1414.AssumedOfflineConverterTest"/>
</testsuite> <!-- org.artifactory.version.converter.v1414.AssumedOfflineConverterTest -->
