<?xml version="1.0" encoding="UTF-8"?>
<!-- Generated by org.testng.reporters.JUnitReportReporter -->
<testsuite hostname="pond.jfrog.org" name="org.artifactory.mime.version.MimeTypesVersionTest" tests="5" failures="0" timestamp="13 May 2013 13:10:47 GMT" time="0.037" errors="0">
  <testcase name="findNonExistentVersion" time="0.001" classname="org.artifactory.mime.version.MimeTypesVersionTest"/>
  <testcase name="convertVersion1" time="0.018" classname="org.artifactory.mime.version.MimeTypesVersionTest"/>
  <testcase name="findVersion1" time="0.000" classname="org.artifactory.mime.version.MimeTypesVersionTest"/>
  <testcase name="versionString" time="0.000" classname="org.artifactory.mime.version.MimeTypesVersionTest"/>
  <testcase name="convertVersion2" time="0.018" classname="org.artifactory.mime.version.MimeTypesVersionTest"/>
</testsuite> <!-- org.artifactory.mime.version.MimeTypesVersionTest -->
