<?xml version="1.0" encoding="UTF-8"?>
<!-- Generated by org.testng.reporters.JUnitReportReporter -->
<testsuite hostname="pond.jfrog.org" name="org.artifactory.logging.version.v6.RequestTraceLoggerConverterTest" tests="2" failures="0" timestamp="13 May 2013 13:10:47 GMT" time="0.003" errors="0">
  <testcase name="testLoggerWasAdded" time="0.002" classname="org.artifactory.logging.version.v6.RequestTraceLoggerConverterTest"/>
  <testcase name="testAppenderWasAdded" time="0.001" classname="org.artifactory.logging.version.v6.RequestTraceLoggerConverterTest"/>
</testsuite> <!-- org.artifactory.logging.version.v6.RequestTraceLoggerConverterTest -->
