<?xml version="1.0" encoding="UTF-8"?>
<!-- Generated by org.testng.reporters.JUnitReportReporter -->
<testsuite hostname="pond.jfrog.org" name="org.artifactory.version.ArtifactoryVersionReaderTest" tests="7" failures="0" timestamp="13 May 2013 13:10:47 GMT" time="0.007" errors="0">
  <testcase name="notExistingFutureVersion" time="0.003" classname="org.artifactory.version.ArtifactoryVersionReaderTest"/>
  <testcase name="failIfNullStream" time="0.001" classname="org.artifactory.version.ArtifactoryVersionReaderTest"/>
  <testcase name="readFromStreamNoTimestamp" time="0.000" classname="org.artifactory.version.ArtifactoryVersionReaderTest"/>
  <testcase name="readDevelopmentVersion" time="0.001" classname="org.artifactory.version.ArtifactoryVersionReaderTest"/>
  <testcase name="readFromFileNoTimestamp" time="0.001" classname="org.artifactory.version.ArtifactoryVersionReaderTest"/>
  <testcase name="readCurrentVersion" time="0.001" classname="org.artifactory.version.ArtifactoryVersionReaderTest"/>
  <testcase name="readFromStreamWithTimestamp" time="0.000" classname="org.artifactory.version.ArtifactoryVersionReaderTest"/>
</testsuite> <!-- org.artifactory.version.ArtifactoryVersionReaderTest -->
