<?xml version="1.0" encoding="UTF-8"?>
<!-- Generated by org.testng.reporters.JUnitReportReporter -->
<testsuite hostname="eli-mpb-4.local" name="org.artifactory.build.BuildInfoIOTest" tests="1" failures="0" timestamp="27 Nov 2014 18:03:07 GMT" time="0.269" errors="0">
  <testcase name="generateFromObject" time="0.269" classname="org.artifactory.build.BuildInfoIOTest"/>
</testsuite> <!-- org.artifactory.build.BuildInfoIOTest -->
