<?xml version="1.0" encoding="UTF-8"?>
<!-- Generated by org.testng.reporters.JUnitReportReporter -->
<testsuite hostname="eli-mpb-4.local" name="org.artifactory.maven.MavenPomBuilderTest" tests="1" failures="0" timestamp="27 Nov 2014 18:03:07 GMT" time="0.000" errors="0">
  <testcase name="buildSimple" time="0.000" classname="org.artifactory.maven.MavenPomBuilderTest"/>
</testsuite> <!-- org.artifactory.maven.MavenPomBuilderTest -->
