<?xml version="1.0" encoding="UTF-8"?>
<!-- Generated by org.testng.reporters.JUnitReportReporter -->
<testsuite hostname="pond.jfrog.org" name="org.artifactory.addon.plugin.PluginInfoTest" tests="2" failures="0" timestamp="13 May 2013 13:09:41 GMT" time="0.047" errors="0">
  <testcase name="testConstructorWithNoClosureMap" time="0.000" classname="org.artifactory.addon.plugin.PluginInfoTest"/>
  <testcase name="testConstructor" time="0.047" classname="org.artifactory.addon.plugin.PluginInfoTest"/>
</testsuite> <!-- org.artifactory.addon.plugin.PluginInfoTest -->
