<?xml version="1.0" encoding="UTF-8"?>
<!-- Generated by org.testng.reporters.JUnitReportReporter -->
<testsuite hostname="pond.jfrog.org" name="org.artifactory.api.search.archive.ArchiveSearchControlsTest" tests="1" failures="0" timestamp="13 May 2013 13:11:10 GMT" time="0.024" errors="0">
  <testcase name="isWildcardsOnly" time="0.024" classname="org.artifactory.api.search.archive.ArchiveSearchControlsTest"/>
</testsuite> <!-- org.artifactory.api.search.archive.ArchiveSearchControlsTest -->
