<?xml version="1.0" encoding="UTF-8"?>
<!-- Generated by org.testng.reporters.JUnitReportReporter -->
<testsuite hostname="pond.jfrog.org" name="org.artifactory.checksum.ChecksumsTypeTest" tests="6" failures="0" timestamp="13 May 2013 13:11:10 GMT" time="0.000" errors="0">
  <testcase name="validMD5Checksum" time="0.000" classname="org.artifactory.checksum.ChecksumsTypeTest"/>
  <testcase name="wrongLengthChecksums" time="0.000" classname="org.artifactory.checksum.ChecksumsTypeTest"/>
  <testcase name="invalidSha1Checksum" time="0.000" classname="org.artifactory.checksum.ChecksumsTypeTest"/>
  <testcase name="invalidMD5Checksum" time="0.000" classname="org.artifactory.checksum.ChecksumsTypeTest"/>
  <testcase name="validSha1Checksum" time="0.000" classname="org.artifactory.checksum.ChecksumsTypeTest"/>
  <testcase name="nullAndEmptyAreNotValidChecksums" time="0.000" classname="org.artifactory.checksum.ChecksumsTypeTest"/>
</testsuite> <!-- org.artifactory.checksum.ChecksumsTypeTest -->
