<?xml version="1.0" encoding="UTF-8"?>
<!-- Generated by org.testng.reporters.JUnitReportReporter -->
<testsuite hostname="pond.jfrog.org" name="org.artifactory.api.module.ModuleInfoUtilsTest" tests="9" failures="0" timestamp="13 May 2013 13:11:10 GMT" time="0.002" errors="0">
  <testcase name="constructArtifactPathWithNullModuleInfo" time="0.001" classname="org.artifactory.api.module.ModuleInfoUtilsTest"/>
  <testcase name="moduleInfoFromDescriptorPathWithNullRepoLayout" time="0.000" classname="org.artifactory.api.module.ModuleInfoUtilsTest"/>
  <testcase name="moduleInfoFromArtifactPathWithNullRepoLayout" time="0.000" classname="org.artifactory.api.module.ModuleInfoUtilsTest"/>
  <testcase name="moduleInfoFromDescriptorPathWithBlankItemPath" time="0.000" classname="org.artifactory.api.module.ModuleInfoUtilsTest"/>
  <testcase name="moduleInfoFromArtifactPathWithNullArtifactPath" time="0.000" classname="org.artifactory.api.module.ModuleInfoUtilsTest"/>
  <testcase name="constructArtifactPathWithInvalidModuleInfo" time="0.001" classname="org.artifactory.api.module.ModuleInfoUtilsTest"/>
  <testcase name="constructArtifactPathWithNullRepoLayout" time="0.000" classname="org.artifactory.api.module.ModuleInfoUtilsTest"/>
  <testcase name="moduleInfoFromDescriptorPathWithNullArtifactPath" time="0.000" classname="org.artifactory.api.module.ModuleInfoUtilsTest"/>
  <testcase name="moduleInfoFromArtifactPathWithBlankItemPath" time="0.000" classname="org.artifactory.api.module.ModuleInfoUtilsTest"/>
</testsuite> <!-- org.artifactory.api.module.ModuleInfoUtilsTest -->
