<?xml version="1.0" encoding="UTF-8"?>
<!-- Generated by org.testng.reporters.JUnitReportReporter -->
<testsuite hostname="pond.jfrog.org" name="org.artifactory.api.common.MultiStatusHolderTest" tests="4" failures="0" timestamp="13 May 2013 13:11:10 GMT" time="0.014" errors="0">
  <testcase name="mergeWithErrorOverride" time="0.000" classname="org.artifactory.api.common.MultiStatusHolderTest"/>
  <testcase name="mergeWithEmptyStatusHolder" time="0.001" classname="org.artifactory.api.common.MultiStatusHolderTest"/>
  <testcase name="mergeWithSingleStatusHolder" time="0.011" classname="org.artifactory.api.common.MultiStatusHolderTest"/>
  <testcase name="mergeTwoStatusHolders" time="0.002" classname="org.artifactory.api.common.MultiStatusHolderTest"/>
</testsuite> <!-- org.artifactory.api.common.MultiStatusHolderTest -->
