<?xml version="1.0" encoding="UTF-8"?>
<!-- Generated by org.testng.reporters.JUnitReportReporter -->
<testsuite hostname="pond.jfrog.org" name="org.artifactory.checksum.ChecksumsInfoTest" tests="2" failures="0" timestamp="13 May 2013 13:11:10 GMT" time="0.011" errors="0">
  <testcase name="addChecksum" time="0.003" classname="org.artifactory.checksum.ChecksumsInfoTest"/>
  <testcase name="copyConstructor" time="0.008" classname="org.artifactory.checksum.ChecksumsInfoTest"/>
</testsuite> <!-- org.artifactory.checksum.ChecksumsInfoTest -->
