<?xml version="1.0" encoding="UTF-8"?>
<!-- Generated by org.testng.reporters.JUnitReportReporter -->
<testsuite hostname="pond.jfrog.org" name="org.artifactory.api.module.ModuleInfoBuilderTest" tests="5" failures="0" timestamp="13 May 2013 13:11:10 GMT" time="0.001" errors="0">
  <testcase name="testNoParams" time="0.000" classname="org.artifactory.api.module.ModuleInfoBuilderTest"/>
  <testcase name="testValidParams" time="0.000" classname="org.artifactory.api.module.ModuleInfoBuilderTest"/>
  <testcase name="testNullParams" time="0.000" classname="org.artifactory.api.module.ModuleInfoBuilderTest"/>
  <testcase name="testCopyDefaultConstruct" time="0.001" classname="org.artifactory.api.module.ModuleInfoBuilderTest"/>
  <testcase name="testCopyConstructor" time="0.000" classname="org.artifactory.api.module.ModuleInfoBuilderTest"/>
</testsuite> <!-- org.artifactory.api.module.ModuleInfoBuilderTest -->
