<?xml version="1.0" encoding="UTF-8"?>
<!-- Generated by org.testng.reporters.JUnitReportReporter -->
<testsuite hostname="pond.jfrog.org" name="org.artifactory.api.module.CustomModuleInfoUtilsTest" tests="6" failures="0" timestamp="13 May 2013 13:11:10 GMT" time="0.034" errors="0">
  <testcase name="testArtifactModuleToModule" time="0.017" classname="org.artifactory.api.module.CustomModuleInfoUtilsTest"/>
  <testcase name="testDescriptorPathToModuleWithConstantExtension" time="0.002" classname="org.artifactory.api.module.CustomModuleInfoUtilsTest"/>
  <testcase name="testCustom1" time="0.004" classname="org.artifactory.api.module.CustomModuleInfoUtilsTest"/>
  <testcase name="testCustom2" time="0.004" classname="org.artifactory.api.module.CustomModuleInfoUtilsTest"/>
  <testcase name="testDescriptorPathToModule" time="0.004" classname="org.artifactory.api.module.CustomModuleInfoUtilsTest"/>
  <testcase name="testArtifactPathToModule" time="0.003" classname="org.artifactory.api.module.CustomModuleInfoUtilsTest"/>
</testsuite> <!-- org.artifactory.api.module.CustomModuleInfoUtilsTest -->
