<?xml version="1.0" encoding="UTF-8"?>
<!-- Generated by org.testng.reporters.JUnitReportReporter -->
<testsuite hostname="pond.jfrog.org" name="org.artifactory.repo.remote.browse.RemoteItemTest" tests="3" failures="0" timestamp="13 May 2013 13:11:10 GMT" time="0.001" errors="0">
  <testcase name="getNameFromDirectory" time="0.001" classname="org.artifactory.repo.remote.browse.RemoteItemTest"/>
  <testcase name="getNameFromFile" time="0.000" classname="org.artifactory.repo.remote.browse.RemoteItemTest"/>
  <testcase name="nullUrl" time="0.000" classname="org.artifactory.repo.remote.browse.RemoteItemTest"/>
</testsuite> <!-- org.artifactory.repo.remote.browse.RemoteItemTest -->
