<?xml version="1.0" encoding="UTF-8"?>
<!-- Generated by org.testng.reporters.JUnitReportReporter -->
<testsuite hostname="pond.jfrog.org" name="org.artifactory.api.search.SearchControlsBaseTest" tests="1" failures="0" timestamp="13 May 2013 13:11:10 GMT" time="0.193" errors="0">
  <testcase name="isWildcardsOnly" time="0.193" classname="org.artifactory.api.search.SearchControlsBaseTest"/>
</testsuite> <!-- org.artifactory.api.search.SearchControlsBaseTest -->
