<?xml version="1.0" encoding="UTF-8"?>
<!-- Generated by org.testng.reporters.JUnitReportReporter -->
<testsuite hostname="pond.jfrog.org" name="org.artifactory.addon.layouts.translate.ChecksumTranslatorFilterTest" tests="3" failures="0" timestamp="13 May 2013 13:11:10 GMT" time="0.034" errors="0">
  <testcase name="testValidMd5Test" time="0.018" classname="org.artifactory.addon.layouts.translate.ChecksumTranslatorFilterTest"/>
  <testcase name="testInvalidPaths" time="0.014" classname="org.artifactory.addon.layouts.translate.ChecksumTranslatorFilterTest"/>
  <testcase name="testValidSha1Test" time="0.002" classname="org.artifactory.addon.layouts.translate.ChecksumTranslatorFilterTest"/>
</testsuite> <!-- org.artifactory.addon.layouts.translate.ChecksumTranslatorFilterTest -->
