<?xml version="1.0" encoding="UTF-8"?>
<!-- Generated by org.testng.reporters.JUnitReportReporter -->
<testsuite hostname="pond.jfrog.org" name="org.artifactory.api.module.ModuleInfoTest" tests="4" failures="0" timestamp="13 May 2013 13:11:10 GMT" time="0.001" errors="0">
  <testcase name="testFullInfo" time="0.000" classname="org.artifactory.api.module.ModuleInfoTest"/>
  <testcase name="testMinimalInfo" time="0.000" classname="org.artifactory.api.module.ModuleInfoTest"/>
  <testcase name="testDefaultConstructor" time="0.000" classname="org.artifactory.api.module.ModuleInfoTest"/>
  <testcase name="testPartialInfo" time="0.001" classname="org.artifactory.api.module.ModuleInfoTest"/>
</testsuite> <!-- org.artifactory.api.module.ModuleInfoTest -->
