<?xml version="1.0" encoding="UTF-8"?>
<!-- Generated by org.testng.reporters.JUnitReportReporter -->
<testsuite hostname="pond.jfrog.org" name="org.artifactory.api.module.IvyModuleInfoUtilsTest" tests="16" failures="0" timestamp="13 May 2013 13:11:10 GMT" time="0.031" errors="0">
  <testcase name="testSuperLongLinkedInIvyModule" time="0.001" classname="org.artifactory.api.module.IvyModuleInfoUtilsTest"/>
  <testcase name="testSuperLongUniqueSnapshotWithClassifier" time="0.002" classname="org.artifactory.api.module.IvyModuleInfoUtilsTest"/>
  <testcase name="testUniqueSnapshotWithClassifier" time="0.002" classname="org.artifactory.api.module.IvyModuleInfoUtilsTest"/>
  <testcase name="testLowercaseSnapshot" time="0.002" classname="org.artifactory.api.module.IvyModuleInfoUtilsTest"/>
  <testcase name="testReleaseWithClassifier" time="0.001" classname="org.artifactory.api.module.IvyModuleInfoUtilsTest"/>
  <testcase name="testUniqueSnapshot" time="0.003" classname="org.artifactory.api.module.IvyModuleInfoUtilsTest"/>
  <testcase name="testRelease" time="0.002" classname="org.artifactory.api.module.IvyModuleInfoUtilsTest"/>
  <testcase name="testSuperLongUniqueSnapshot" time="0.003" classname="org.artifactory.api.module.IvyModuleInfoUtilsTest"/>
  <testcase name="testSuperLongTimezoneSnapshot" time="0.002" classname="org.artifactory.api.module.IvyModuleInfoUtilsTest"/>
  <testcase name="testTimezoneSnapshot" time="0.001" classname="org.artifactory.api.module.IvyModuleInfoUtilsTest"/>
  <testcase name="testSuperLongReleaseWithClassifier" time="0.002" classname="org.artifactory.api.module.IvyModuleInfoUtilsTest"/>
  <testcase name="testGradleStyle" time="0.002" classname="org.artifactory.api.module.IvyModuleInfoUtilsTest"/>
  <testcase name="testSuperLongGradleStyle" time="0.004" classname="org.artifactory.api.module.IvyModuleInfoUtilsTest"/>
  <testcase name="testSuperLongRelease" time="0.002" classname="org.artifactory.api.module.IvyModuleInfoUtilsTest"/>
  <testcase name="testLinkedInIvyModule" time="0.001" classname="org.artifactory.api.module.IvyModuleInfoUtilsTest"/>
  <testcase name="testSuperLongLowercaseSnapshot" time="0.001" classname="org.artifactory.api.module.IvyModuleInfoUtilsTest"/>
</testsuite> <!-- org.artifactory.api.module.IvyModuleInfoUtilsTest -->
