<?xml version="1.0" encoding="UTF-8"?>
<!-- Generated by org.testng.reporters.JUnitReportReporter -->
<testsuite hostname="pond.jfrog.org" name="org.artifactory.api.rest.search.result.PatternResultFileSetTest" tests="5" failures="0" timestamp="13 May 2013 13:11:10 GMT" time="0.002" errors="0">
  <testcase name="testNoFilesConstructor" time="0.000" classname="org.artifactory.api.rest.search.result.PatternResultFileSetTest"/>
  <testcase name="testDefaultConstructor" time="0.001" classname="org.artifactory.api.rest.search.result.PatternResultFileSetTest"/>
  <testcase name="testSetters" time="0.000" classname="org.artifactory.api.rest.search.result.PatternResultFileSetTest"/>
  <testcase name="testFullConstructor" time="0.000" classname="org.artifactory.api.rest.search.result.PatternResultFileSetTest"/>
  <testcase name="testAddMethod" time="0.001" classname="org.artifactory.api.rest.search.result.PatternResultFileSetTest"/>
</testsuite> <!-- org.artifactory.api.rest.search.result.PatternResultFileSetTest -->
