<?xml version="1.0" encoding="UTF-8"?>
<!-- Generated by org.testng.reporters.JUnitReportReporter -->
<testsuite hostname="pond.jfrog.org" name="org.artifactory.checksum.ChecksumInfoTest" tests="11" failures="0" timestamp="13 May 2013 13:11:10 GMT" time="0.010" errors="0">
  <testcase name="trustedOriginalShouldReturnActual" time="0.000" classname="org.artifactory.checksum.ChecksumInfoTest"/>
  <testcase name="matchNullOriginalAndActual" time="0.000" classname="org.artifactory.checksum.ChecksumInfoTest"/>
  <testcase name="matchSameOriginalAndActual" time="0.001" classname="org.artifactory.checksum.ChecksumInfoTest"/>
  <testcase name="notValidChecksumNormalizationTest" time="0.000" classname="org.artifactory.checksum.ChecksumInfoTest"/>
  <testcase name="matchIfOriginalIsTruetedAndActualIsSet" time="0.001" classname="org.artifactory.checksum.ChecksumInfoTest"/>
  <testcase name="matchNullActual" time="0.001" classname="org.artifactory.checksum.ChecksumInfoTest"/>
  <testcase name="matchNullOriginal" time="0.001" classname="org.artifactory.checksum.ChecksumInfoTest"/>
  <testcase name="validChecksumWithDifferentCaseNormalizationTest" time="0.001" classname="org.artifactory.checksum.ChecksumInfoTest"/>
  <testcase name="wrongSha1Actual" time="0.001" classname="org.artifactory.checksum.ChecksumInfoTest"/>
  <testcase name="wrongMd5Actual" time="0.001" classname="org.artifactory.checksum.ChecksumInfoTest"/>
  <testcase name="matchDifferentOriginalAndActual" time="0.003" classname="org.artifactory.checksum.ChecksumInfoTest"/>
</testsuite> <!-- org.artifactory.checksum.ChecksumInfoTest -->
