<?xml version="1.0" encoding="UTF-8"?>
<!-- Generated by org.testng.reporters.JUnitReportReporter -->
<testsuite hostname="pond.jfrog.org" name="org.artifactory.addon.layouts.translate.PathTranslationHelperTest" tests="9" failures="0" timestamp="13 May 2013 13:11:10 GMT" time="0.132" errors="0">
  <testcase name="testMavenToGradle" time="0.012" classname="org.artifactory.addon.layouts.translate.PathTranslationHelperTest"/>
  <testcase name="testMavenToIvy" time="0.012" classname="org.artifactory.addon.layouts.translate.PathTranslationHelperTest"/>
  <testcase name="testMavenToMaven" time="0.011" classname="org.artifactory.addon.layouts.translate.PathTranslationHelperTest"/>
  <testcase name="testGradleToIvy" time="0.019" classname="org.artifactory.addon.layouts.translate.PathTranslationHelperTest"/>
  <testcase name="testGradleToMaven" time="0.016" classname="org.artifactory.addon.layouts.translate.PathTranslationHelperTest"/>
  <testcase name="testIvyToMaven" time="0.013" classname="org.artifactory.addon.layouts.translate.PathTranslationHelperTest"/>
  <testcase name="testIvyToGradle" time="0.016" classname="org.artifactory.addon.layouts.translate.PathTranslationHelperTest"/>
  <testcase name="testGradleToGradle" time="0.018" classname="org.artifactory.addon.layouts.translate.PathTranslationHelperTest"/>
  <testcase name="testIvyToIvy" time="0.015" classname="org.artifactory.addon.layouts.translate.PathTranslationHelperTest"/>
</testsuite> <!-- org.artifactory.addon.layouts.translate.PathTranslationHelperTest -->
