<?xml version="1.0" encoding="UTF-8" ?>
<testsuite failures="0" time="1.19" errors="0" skipped="0" tests="125" name="TestSuite">
  <properties>
    <property name="java.vendor" value="Oracle Corporation"/>
    <property name="JOB_NAME" value="artifactory-3.x-release"/>
    <property name="PWD" value="/opt/hudson/hudson/hudson-home"/>
    <property name="sun.java.launcher" value="SUN_STANDARD"/>
    <property name="sun.management.compiler" value="HotSpot 64-Bit Tiered Compilers"/>
    <property name="JENKINS_HOME" value="/opt/tomcat/hudson/hudson-home"/>
    <property name="PATH" value="/usr/kerberos/bin:/usr/local/bin:/bin:/usr/bin"/>
    <property name="HUDSON_SERVER_COOKIE" value="8f6cc43b682e0d4a"/>
    <property name="os.name" value="Linux"/>
    <property name="BUILDINFO_PROPFILE" value="/opt/tomcat/hudson/temp/buildInfo5888093729695937898.properties"/>
    <property name="sun.boot.class.path" value="/usr/java/jdk1.7.0_10/jre/lib/resources.jar:/usr/java/jdk1.7.0_10/jre/lib/rt.jar:/usr/java/jdk1.7.0_10/jre/lib/sunrsasign.jar:/usr/java/jdk1.7.0_10/jre/lib/jsse.jar:/usr/java/jdk1.7.0_10/jre/lib/jce.jar:/usr/java/jdk1.7.0_10/jre/lib/charsets.jar:/usr/java/jdk1.7.0_10/jre/lib/jfr.jar:/usr/java/jdk1.7.0_10/jre/classes"/>
    <property name="EXECUTOR_NUMBER" value="0"/>
    <property name="java.vm.specification.vendor" value="Oracle Corporation"/>
    <property name="NODE_LABELS" value="derby master"/>
    <property name="java.runtime.version" value="1.7.0_10-b18"/>
    <property name="LD_LIBRARY_PATH" value="/opt/CA/SharedComponents/lib"/>
    <property name="user.name" value="hudson"/>
    <property name="guice.disable.misplaced.annotation.check" value="true"/>
    <property name="m3plugin.lib" value="/opt/tomcat/hudson/hudson-home/plugins/artifactory/WEB-INF/lib"/>
    <property name="extractor.used" value="true"/>
    <property name="maven.repo.local" value="/opt/tomcat/hudson/hudson-home/jobs/artifactory-3.x-release/workspace/.repository"/>
    <property name="user.language" value="en"/>
    <property name="HUDSON_BASEDIR" value="/opt/tomcat/hudson"/>
    <property name="sun.boot.library.path" value="/usr/java/jdk1.7.0_10/jre/lib/amd64"/>
    <property name="classworlds.conf" value="/opt/tomcat/hudson/temp/classworlds363598555893358228conf"/>
    <property name="java.version" value="1.7.0_10"/>
    <property name="user.timezone" value="GMT"/>
    <property name="sun.arch.data.model" value="64"/>
    <property name="NODE_NAME" value="master"/>
    <property name="TERM" value="xterm"/>
    <property name="NLSPATH" value="/usr/dt/lib/nls/msg/%L/%N.cat"/>
    <property name="java.endorsed.dirs" value="/usr/java/jdk1.7.0_10/jre/lib/endorsed"/>
    <property name="BUILD_ID" value="2013-05-13_13-05-04"/>
    <property name="sun.cpu.isalist" value=""/>
    <property name="sun.jnu.encoding" value="UTF-8"/>
    <property name="file.encoding.pkg" value="sun.io"/>
    <property name="SHELL" value="/bin/bash"/>
    <property name="file.separator" value="/"/>
    <property name="java.specification.name" value="Java Platform API Specification"/>
    <property name="CATALINA_OPTS" value="-DHUDSON_HOME=/opt/tomcat/hudson/hudson-home -Xms2g -Xmx2g -XX:MaxPermSize=128m -Djava.awt.headless=true"/>
    <property name="java.class.version" value="51.0"/>
    <property name="user.country" value="US"/>
    <property name="securerandom.source" value="file:/dev/./urandom"/>
    <property name="java.home" value="/usr/java/jdk1.7.0_10/jre"/>
    <property name="java.vm.info" value="mixed mode"/>
    <property name="CASHCOMP" value="/opt/CA/SharedComponents"/>
    <property name="LESSOPEN" value="|/usr/bin/lesspipe.sh %s"/>
    <property name="os.version" value="2.6.18-92.1.22.el5"/>
    <property name="TOMCAT_HOME" value="/opt/tomcat/hudson"/>
    <property name="sun.font.fontmanager" value="sun.awt.X11FontManager"/>
    <property name="path.separator" value=":"/>
    <property name="java.vm.version" value="23.6-b04"/>
    <property name="CALIB" value="/opt/CA/SharedComponents/lib"/>
    <property name="SHLVL" value="2"/>
    <property name="_" value="/opt/java/1.7.0//bin/java"/>
    <property name="java.awt.printerjob" value="sun.print.PSPrinterJob"/>
    <property name="JAVA_HOME" value="/opt/java/1.7.0"/>
    <property name="sun.io.unicode.encoding" value="UnicodeLittle"/>
    <property name="awt.toolkit" value="sun.awt.X11.XToolkit"/>
    <property name="LOGNAME" value="hudson"/>
    <property name="HOME" value="/opt/tomcat/hudson"/>
    <property name="G_BROKEN_FILENAMES" value="1"/>
    <property name="user.home" value="/opt/tomcat/hudson/hudson-home"/>
    <property name="BUILD_TAG" value="jenkins-artifactory-3.x-release-30008"/>
    <property name="JENKINS_SERVER_COOKIE" value="8f6cc43b682e0d4a"/>
    <property name="HUDSON_URL" value="https://build.jfrog.org/hudson/"/>
    <property name="java.specification.vendor" value="Oracle Corporation"/>
    <property name="CLASSPATH" value=""/>
    <property name="java.library.path" value="/opt/CA/SharedComponents/lib:/usr/java/packages/lib/amd64:/usr/lib64:/lib64:/lib:/usr/lib"/>
    <property name="java.vendor.url" value="http://java.oracle.com/"/>
    <property name="java.vm.vendor" value="Oracle Corporation"/>
    <property name="HISTSIZE" value="1000"/>
    <property name="LIC_ECHO" value="echo -e"/>
    <property name="java.runtime.name" value="Java(TM) SE Runtime Environment"/>
    <property name="maven.home" value="/opt/tools/apache-maven/apache-maven-3.0.4"/>
    <property name="java.class.path" value="/opt/tomcat/hudson/hudson-home/plugins/maven-plugin/WEB-INF/lib/maven3-agent-1.2.jar:/opt/tools/apache-maven/current/boot/plexus-classworlds-2.4.jar"/>
    <property name="sun.java.command" value="org.jvnet.hudson.maven3.agent.Maven3Main /opt/tools/apache-maven/current/ /opt/hudson/hudson/webapps/hudson/WEB-INF/lib/remoting-2.17.jar /opt/tomcat/hudson/hudson-home/plugins/maven-plugin/WEB-INF/lib/maven3-interceptor-1.2.jar 58331"/>
    <property name="CATALINA_PID" value="/opt/tomcat/hudson/hudson-tomcat.pid"/>
    <property name="java.vm.specification.name" value="Java Virtual Machine Specification"/>
    <property name="PATH+JDK" value="/opt/java/1.7.0/bin"/>
    <property name="java.vm.specification.version" value="1.7"/>
    <property name="sun.os.patch.level" value="unknown"/>
    <property name="sun.cpu.endian" value="little"/>
    <property name="M2_HOME" value="/opt/tools/apache-maven/current/"/>
    <property name="MAIL" value="/var/spool/mail/hudson"/>
    <property name="java.io.tmpdir" value="/tmp"/>
    <property name="HOSTNAME" value="pond.jfrog.org"/>
    <property name="HUDSON_HOME" value="/opt/tomcat/hudson/hudson-home"/>
    <property name="PATH+MAVEN" value="/opt/tools/apache-maven/current//bin"/>
    <property name="BUILD_URL" value="https://build.jfrog.org/hudson/job/artifactory-3.x-release/30008/"/>
    <property name="java.vendor.url.bug" value="http://bugreport.sun.com/bugreport/"/>
    <property name="LS_COLORS" value="no=00:fi=00:di=00;34:ln=00;36:pi=40;33:so=00;35:bd=40;33;01:cd=40;33;01:or=01;05;37;41:mi=01;05;37;41:ex=00;32:*.cmd=00;32:*.exe=00;32:*.com=00;32:*.btm=00;32:*.bat=00;32:*.sh=00;32:*.csh=00;32:*.tar=00;31:*.tgz=00;31:*.arj=00;31:*.taz=00;31:*.lzh=00;31:*.zip=00;31:*.z=00;31:*.Z=00;31:*.gz=00;31:*.bz2=00;31:*.bz=00;31:*.tz=00;31:*.rpm=00;31:*.cpio=00;31:*.jpg=00;35:*.gif=00;35:*.bmp=00;35:*.xbm=00;35:*.xpm=00;35:*.png=00;35:*.tif=00;35:"/>
    <property name="buildInfoConfig.propertiesFile" value="/opt/tomcat/hudson/temp/buildInfo5888093729695937898.properties"/>
    <property name="buildNumber.prop" value="30008"/>
    <property name="MAVEN_OPTS" value="-Xmx512m -Dm3plugin.lib=/opt/tomcat/hudson/hudson-home/plugins/artifactory/WEB-INF/lib"/>
    <property name="java.awt.graphicsenv" value="sun.awt.X11GraphicsEnvironment"/>
    <property name="os.arch" value="amd64"/>
    <property name="java.ext.dirs" value="/usr/java/jdk1.7.0_10/jre/lib/ext:/usr/java/packages/lib/ext"/>
    <property name="dbType" value="derby"/>
    <property name="user.dir" value="/opt/hudson/hudson/hudson-home/jobs/artifactory-3.x-release/workspace/devenv"/>
    <property name="JOB_URL" value="https://build.jfrog.org/hudson/job/artifactory-3.x-release/"/>
    <property name="line.separator" value="
"/>
    <property name="MAVEN_HOME" value="/opt/tools/apache-maven/current/"/>
    <property name="java.vm.name" value="Java HotSpot(TM) 64-Bit Server VM"/>
    <property name="BUILD_NUMBER" value="30008"/>
    <property name="JENKINS_URL" value="https://build.jfrog.org/hudson/"/>
    <property name="GIT_BRANCH" value="origin/3.x-release"/>
    <property name="BUILD_CAUSE_USERIDCAUSE" value="true"/>
    <property name="GIT_COMMIT" value="94cbdbb07e30729689450409e806680421ed094b"/>
    <property name="project.version.prop" value="3.0.1"/>
    <property name="file.encoding" value="UTF-8"/>
    <property name="LANG" value="en_US.UTF-8"/>
    <property name="maven3.interceptor" value="/opt/tomcat/hudson/hudson-home/plugins/maven-plugin/WEB-INF/lib/maven3-interceptor-1.2.jar"/>
    <property name="CVS_RSH" value="ssh"/>
    <property name="WORKSPACE" value="/opt/tomcat/hudson/hudson-home/jobs/artifactory-3.x-release/workspace"/>
    <property name="java.specification.version" value="1.7"/>
    <property name="BUILD_CAUSE" value="USERIDCAUSE"/>
    <property name="INPUTRC" value="/etc/inputrc"/>
    <property name="USER" value="hudson"/>
    <property name="XFILESEARCHPATH" value="/usr/dt/app-defaults/%L/Dt"/>
  </properties>
  <testcase time="0.014" classname="org.artifactory.addon.AddonTypeTest" name="testAddonsDisplayOrdinal"/>
  <testcase time="0.018" classname="org.artifactory.request.ArtifactoryResponseTest" name="sendErroChangesState"/>
  <testcase time="0.355" classname="org.artifactory.build.BuildInfoIOTest" name="generateFromObject"/>
  <testcase time="0.09" classname="org.artifactory.security.CryptoHelperTest" name="availableAlgorithms"/>
  <testcase time="0.251" classname="org.artifactory.security.CryptoHelperTest" name="encrypt"/>
  <testcase time="0.048" classname="org.artifactory.security.CryptoHelperTest" name="encryptDecrypt"/>
  <testcase time="0.023" classname="org.artifactory.security.CryptoHelperTest" name="encryptDecryptSymmetric"/>
  <testcase time="0.002" classname="org.artifactory.security.CryptoHelperTest" name="encryptSymmetric"/>
  <testcase time="0.001" classname="org.artifactory.security.CryptoHelperTest" name="escapeEncryptedPassword"/>
  <testcase time="0.033" classname="org.artifactory.security.CryptoHelperTest" name="generateKeyPair"/>
  <testcase time="0.001" classname="org.artifactory.security.CryptoHelperTest" name="generateSecretKey"/>
  <testcase time="0" classname="org.artifactory.security.CryptoHelperTest" name="isEncrypted"/>
  <testcase time="0.039" classname="org.artifactory.security.CryptoHelperTest" name="restoreKeysFromBase64"/>
  <testcase time="0.04" classname="org.artifactory.security.CryptoHelperTest" name="restorePrivateKey"/>
  <testcase time="0.023" classname="org.artifactory.security.CryptoHelperTest" name="toBase64String"/>
  <testcase time="0.001" classname="org.artifactory.security.CustomizedEncryptedPasswordPrefixTest" name="testCustomizedEncryptedPasswordPrefixSurroundingCharacters"/>
  <testcase time="0.002" classname="org.artifactory.security.CustomizedEncryptedPasswordPrefixTest" name="testCustomizedEncryptedPasswordPrefixWithInvalidSurroundingCharacters"/>
  <testcase time="0.001" classname="org.artifactory.security.GroupConfigurationImplTest" name="testDefaultConstructor"/>
  <testcase time="0.001" classname="org.artifactory.security.GroupConfigurationImplTest" name="testSetters"/>
  <testcase time="0" classname="org.artifactory.common.IvyNamingTest" name="ivyFileName"/>
  <testcase time="0.016" classname="org.artifactory.maven.MavenModelUtilsTest" name="buildSnapshotMavenMetadataWithM3Metadata"/>
  <testcase time="0.001" classname="org.artifactory.maven.MavenModelUtilsTest" name="buildSnapshotMavenMetadataWithoutM3Metadata"/>
  <testcase time="0.016" classname="org.artifactory.maven.MavenModelUtilsTest" name="getArtifactInfoJar"/>
  <testcase time="0.037" classname="org.artifactory.maven.MavenModelUtilsTest" name="getArtifactInfoPom"/>
  <testcase time="0.007" classname="org.artifactory.maven.MavenModelUtilsTest" name="inputStreamToMavenMetadata"/>
  <testcase time="0.007" classname="org.artifactory.maven.MavenModelUtilsTest" name="mavenMetadataToString"/>
  <testcase time="0.001" classname="org.artifactory.maven.MavenModelUtilsTest" name="mavenModelToArtifactInfo"/>
  <testcase time="0.001" classname="org.artifactory.maven.MavenModelUtilsTest" name="mavenModelToArtifactInfoGroupIdInParent"/>
  <testcase time="0.001" classname="org.artifactory.maven.MavenModelUtilsTest" name="nonValidMetadataString"/>
  <testcase time="0.001" classname="org.artifactory.maven.MavenModelUtilsTest" name="readNewMaven3MetadataFormat"/>
  <testcase time="0.001" classname="org.artifactory.maven.MavenModelUtilsTest" name="testToMaven1Path"/>
  <testcase time="0.001" classname="org.artifactory.maven.MavenModelUtilsTest" name="testToMaven1PathMd5"/>
  <testcase time="0.001" classname="org.artifactory.maven.MavenModelUtilsTest" name="testToMaven1PathPom"/>
  <testcase time="0.001" classname="org.artifactory.maven.MavenModelUtilsTest" name="testToMaven1PathSha1"/>
  <testcase time="0.001" classname="org.artifactory.maven.MavenModelUtilsTest" name="validStringToMetadata"/>
  <testcase time="0.001" classname="org.artifactory.maven.MavenModelUtilsTest" name="validStringToMetadataNoVersioning"/>
  <testcase time="0" classname="org.artifactory.maven.MavenNamingTest" name="artifactWithAlphaNumberArtifactId"/>
  <testcase time="0" classname="org.artifactory.maven.MavenNamingTest" name="artifactWithAlphaNumberArtifactId"/>
  <testcase time="0" classname="org.artifactory.maven.MavenNamingTest" name="artifactWithAlphaNumberArtifactId"/>
  <testcase time="0" classname="org.artifactory.maven.MavenNamingTest" name="artifactWithAlphaNumericClassifier"/>
  <testcase time="0" classname="org.artifactory.maven.MavenNamingTest" name="artifactWithAlphaNumericClassifier"/>
  <testcase time="0" classname="org.artifactory.maven.MavenNamingTest" name="artifactWithAlphaNumericVersion"/>
  <testcase time="0.001" classname="org.artifactory.maven.MavenNamingTest" name="artifactWithClassifier"/>
  <testcase time="0" classname="org.artifactory.maven.MavenNamingTest" name="artifactWithLongExtension"/>
  <testcase time="0" classname="org.artifactory.maven.MavenNamingTest" name="artifactWithMultipleArtifactIds"/>
  <testcase time="0" classname="org.artifactory.maven.MavenNamingTest" name="artifactWithMultipleArtifactIds"/>
  <testcase time="0" classname="org.artifactory.maven.MavenNamingTest" name="artifactWithMultipleArtifactIds"/>
  <testcase time="0" classname="org.artifactory.maven.MavenNamingTest" name="artifactWithMultipleArtifactIds"/>
  <testcase time="0" classname="org.artifactory.maven.MavenNamingTest" name="artifactWithMultipleArtifactIds"/>
  <testcase time="0.001" classname="org.artifactory.maven.MavenNamingTest" name="artifactWithNoClassifier"/>
  <testcase time="0" classname="org.artifactory.maven.MavenNamingTest" name="artifactWithNumericArtifactId"/>
  <testcase time="0" classname="org.artifactory.maven.MavenNamingTest" name="artifactWithNumericClassifier"/>
  <testcase time="0" classname="org.artifactory.maven.MavenNamingTest" name="artifactWithPath"/>
  <testcase time="0.001" classname="org.artifactory.maven.MavenNamingTest" name="artifactWithShortExtension"/>
  <testcase time="0" classname="org.artifactory.maven.MavenNamingTest" name="getArtifactInfo"/>
  <testcase time="0" classname="org.artifactory.maven.MavenNamingTest" name="isMavenMetadataChecksum"/>
  <testcase time="0" classname="org.artifactory.maven.MavenNamingTest" name="isMetadata"/>
  <testcase time="0" classname="org.artifactory.maven.MavenNamingTest" name="isNonUniqueSnapshotVersion"/>
  <testcase time="0" classname="org.artifactory.maven.MavenNamingTest" name="isSnapshotMavenMetadata"/>
  <testcase time="0" classname="org.artifactory.maven.MavenNamingTest" name="pathWithCompositeFileExtension"/>
  <testcase time="0" classname="org.artifactory.maven.MavenNamingTest" name="testIsClientOrServerPom"/>
  <testcase time="0" classname="org.artifactory.maven.MavenNamingTest" name="testIsNonUniqueSnapshotFilePath"/>
  <testcase time="0.002" classname="org.artifactory.maven.MavenNamingTest" name="testIsVersionUniqueSnapshot"/>
  <testcase time="0" classname="org.artifactory.maven.MavenNamingTest" name="testUniqueSnapshotVersionBuildNumber"/>
  <testcase time="0.001" classname="org.artifactory.maven.MavenNamingTest" name="testUniqueVersionTimestamp"/>
  <testcase time="0" classname="org.artifactory.maven.MavenNamingTest" name="testUniqueVersionTimestampAndBuildNumber"/>
  <testcase time="0" classname="org.artifactory.maven.MavenNamingTest" name="uniqueSnapshotVersionBaseVersion"/>
  <testcase time="0" classname="org.artifactory.maven.MavenPomBuilderTest" name="buildSimple"/>
  <testcase time="0.026" classname="org.artifactory.maven.MavenServiceImplTest" name="generateMavenSettings"/>
  <testcase time="0.001" classname="org.artifactory.util.PathValidatorTest" name="illegalBackslash"/>
  <testcase time="0" classname="org.artifactory.util.PathValidatorTest" name="illegalCarretLeft"/>
  <testcase time="0" classname="org.artifactory.util.PathValidatorTest" name="illegalCarretRight"/>
  <testcase time="0" classname="org.artifactory.util.PathValidatorTest" name="illegalColon"/>
  <testcase time="0.001" classname="org.artifactory.util.PathValidatorTest" name="illegalPipe"/>
  <testcase time="0" classname="org.artifactory.util.PathValidatorTest" name="illegalQuestionMark"/>
  <testcase time="0" classname="org.artifactory.util.PathValidatorTest" name="illegalQuotationMark"/>
  <testcase time="0" classname="org.artifactory.util.PathValidatorTest" name="illegalStar"/>
  <testcase time="0.001" classname="org.artifactory.util.PathValidatorTest" name="invalidAllSpaces"/>
  <testcase time="0.003" classname="org.artifactory.util.PathValidatorTest" name="invalidDot"/>
  <testcase time="0.001" classname="org.artifactory.util.PathValidatorTest" name="invalidDotDot"/>
  <testcase time="0" classname="org.artifactory.util.PathValidatorTest" name="invalidSingleAmpersand"/>
  <testcase time="0" classname="org.artifactory.util.PathValidatorTest" name="invalidSingleColon"/>
  <testcase time="0" classname="org.artifactory.util.PathValidatorTest" name="invalidSingleDot"/>
  <testcase time="0" classname="org.artifactory.util.PathValidatorTest" name="invalidSingleDotDot"/>
  <testcase time="0.001" classname="org.artifactory.util.PathValidatorTest" name="invalidSingleSlash"/>
  <testcase time="0" classname="org.artifactory.util.PathValidatorTest" name="invalidSingleTokenAmpersand"/>
  <testcase time="0" classname="org.artifactory.util.PathValidatorTest" name="invalidSpaceAfterSlash"/>
  <testcase time="0" classname="org.artifactory.util.PathValidatorTest" name="invalidSpaceBeforeSlash"/>
  <testcase time="0.001" classname="org.artifactory.util.PathValidatorTest" name="validPaths"/>
  <testcase time="0.001" classname="org.artifactory.security.PermissionTargetConfigurationImplTest" name="testDefaultValues"/>
  <testcase time="0.001" classname="org.artifactory.security.PermissionTargetConfigurationImplTest" name="testSetters"/>
  <testcase time="0.017" classname="org.artifactory.maven.PomTargetPathValidatorTest" name="validatePluginPom"/>
  <testcase time="0.004" classname="org.artifactory.maven.PomTargetPathValidatorTest" name="validatePomTargetInValidPath"/>
  <testcase time="0.002" classname="org.artifactory.maven.PomTargetPathValidatorTest" name="validatePomTargetValidPath"/>
  <testcase time="0" classname="org.artifactory.security.PrincipalConfigurationImplTest" name="testDefaultValues"/>
  <testcase time="0" classname="org.artifactory.security.PrincipalConfigurationImplTest" name="testSetters"/>
  <testcase time="0.001" classname="org.artifactory.repo.RepoDetailsTest" name="testDefaultConstructor"/>
  <testcase time="0" classname="org.artifactory.repo.RepoDetailsTest" name="testLocalOrVirtualConstructor"/>
  <testcase time="0" classname="org.artifactory.repo.RepoDetailsTest" name="testRemoteConstructor"/>
  <testcase time="0" classname="org.artifactory.repo.RepoDetailsTest" name="testSetters"/>
  <testcase time="0" classname="org.artifactory.repo.RepoDetailsTypeTest" name="testDisplayName"/>
  <testcase time="0.001" classname="org.artifactory.security.SecurityEntityListItemTest" name="testDefaultValues"/>
  <testcase time="0" classname="org.artifactory.security.SecurityEntityListItemTest" name="testSetters"/>
  <testcase time="0.003" classname="org.artifactory.storage.StorageUnitTest" name="bytesToReadableFormat"/>
  <testcase time="0" classname="org.artifactory.storage.StorageUnitTest" name="convertBytesToGb"/>
  <testcase time="0" classname="org.artifactory.storage.StorageUnitTest" name="convertBytesToMb"/>
  <testcase time="0.001" classname="org.artifactory.storage.StorageUnitTest" name="readableFormatToBytes"/>
  <testcase time="0.001" classname="org.artifactory.storage.StorageUnitTest" name="revertGbToBytes"/>
  <testcase time="0" classname="org.artifactory.storage.StorageUnitTest" name="revertMbToBytes"/>
  <testcase time="0.001" classname="org.artifactory.util.StringInputStreamTest" name="readMultiLineString"/>
  <testcase time="0" classname="org.artifactory.util.StringInputStreamTest" name="readOneLineString"/>
  <testcase time="0.002" classname="org.artifactory.util.TimeUnitFormatTest" name="stillNanos"/>
  <testcase time="0.001" classname="org.artifactory.util.TimeUnitFormatTest" name="toMillis"/>
  <testcase time="0" classname="org.artifactory.util.TimeUnitFormatTest" name="toMinutes"/>
  <testcase time="0" classname="org.artifactory.util.TimeUnitFormatTest" name="toSeconds"/>
  <testcase time="0" classname="org.artifactory.util.TimeUnitFormatTest" name="toSecondsWithMillisecondTimeUnit"/>
  <testcase time="0.001" classname="org.artifactory.security.UserConfigurationImplTest" name="testDefaultConstructor"/>
  <testcase time="0" classname="org.artifactory.security.UserConfigurationImplTest" name="testSetters"/>
  <testcase time="0.008" classname="org.artifactory.util.ZipUtilsTest" name="locateExistingEntry"/>
  <testcase time="0" classname="org.artifactory.util.ZipUtilsTest" name="locateMissingEntry"/>
  <testcase time="0.035" classname="org.artifactory.util.ZipUtilsTest" name="testExtractTarFile"/>
  <testcase time="0.004" classname="org.artifactory.util.ZipUtilsTest" name="testExtractTarGzFile"/>
  <testcase time="0.002" classname="org.artifactory.util.ZipUtilsTest" name="testExtractTgzFile"/>
  <testcase time="0.025" classname="org.artifactory.util.ZipUtilsTest" name="testExtractZipFile"/>
  <testcase time="0.001" classname="org.artifactory.util.ZipUtilsTest" name="testUnsupportedArchive"/>
</testsuite>