<?xml version="1.0" encoding="UTF-8"?>
<!-- Generated by org.testng.reporters.JUnitReportReporter -->
<testsuite hostname="eli-mpb-4.local" name="org.artifactory.security.SaltTest" tests="4" failures="0" timestamp="27 Nov 2014 18:03:58 GMT" time="0.010" errors="0">
  <testcase name="saltValueTest" time="0.000" classname="org.artifactory.security.SaltTest"/>
  <testcase name="saltedPasswordGenerationWithNullSaltTest" time="0.008" classname="org.artifactory.security.SaltTest"/>
  <testcase name="saltedPasswordWitDefaultSaltGenerationTest" time="0.000" classname="org.artifactory.security.SaltTest"/>
  <testcase name="saltedPasswordGenerationWithExistingUserTest" time="0.002" classname="org.artifactory.security.SaltTest"/>
</testsuite> <!-- org.artifactory.security.SaltTest -->
