<?xml version="1.0" encoding="UTF-8"?>
<!-- Generated by org.testng.reporters.JUnitReportReporter -->
<testsuite hostname="eli-mpb-4.local" name="org.artifactory.api.security.UserInfoBuilderTest" tests="4" failures="0" timestamp="27 Nov 2014 18:03:58 GMT" time="0.002" errors="0">
  <testcase name="minimalBuild" time="0.000" classname="org.artifactory.api.security.UserInfoBuilderTest"/>
  <testcase name="emailBuild" time="0.002" classname="org.artifactory.api.security.UserInfoBuilderTest"/>
  <testcase name="noUsernameBuild" time="0.000" classname="org.artifactory.api.security.UserInfoBuilderTest"/>
  <testcase name="saltBuild" time="0.000" classname="org.artifactory.api.security.UserInfoBuilderTest"/>
</testsuite> <!-- org.artifactory.api.security.UserInfoBuilderTest -->
