<?xml version="1.0" encoding="UTF-8"?>
<!-- Generated by org.testng.reporters.JUnitReportReporter -->
<testsuite hostname="pond.jfrog.org" name="org.artifactory.repo.snapshot.UniqueSnapshotVersionAdapterTest" tests="6" failures="0" timestamp="13 May 2013 13:13:25 GMT" time="0.022" errors="0">
  <testcase name="alreadyUniqueChecksumArtifact" time="0.003" classname="org.artifactory.repo.snapshot.UniqueSnapshotVersionAdapterTest"/>
  <testcase name="artifactWithNoMavenStructure" time="0.001" classname="org.artifactory.repo.snapshot.UniqueSnapshotVersionAdapterTest"/>
  <testcase name="artifactWithReleaseVersion" time="0.001" classname="org.artifactory.repo.snapshot.UniqueSnapshotVersionAdapterTest"/>
  <testcase name="alreadyUniqueArtifactWithClassifier" time="0.001" classname="org.artifactory.repo.snapshot.UniqueSnapshotVersionAdapterTest"/>
  <testcase name="alreadyUniqueArtifact" time="0.001" classname="org.artifactory.repo.snapshot.UniqueSnapshotVersionAdapterTest"/>
  <testcase name="testArtifactWithSnapshotInTheClassifier" time="0.015" classname="org.artifactory.repo.snapshot.UniqueSnapshotVersionAdapterTest"/>
</testsuite> <!-- org.artifactory.repo.snapshot.UniqueSnapshotVersionAdapterTest -->
