<?xml version="1.0" encoding="UTF-8"?>
<!-- Generated by org.testng.reporters.JUnitReportReporter -->
<testsuite hostname="eli-mpb-4.local" name="org.artifactory.io.checksum.policy.ChecksumPolicyFailTest" tests="5" failures="0" timestamp="27 Nov 2014 18:03:58 GMT" time="0.008" errors="0">
  <testcase name="checksumsDoesNotMatch" time="0.006" classname="org.artifactory.io.checksum.policy.ChecksumPolicyFailTest"/>
  <testcase name="noOriginalChecksum" time="0.002" classname="org.artifactory.io.checksum.policy.ChecksumPolicyFailTest"/>
  <testcase name="returnedChecksum" time="0.000" classname="org.artifactory.io.checksum.policy.ChecksumPolicyFailTest"/>
  <testcase name="oneMatchedChecksumAllShouldPass" time="0.000" classname="org.artifactory.io.checksum.policy.ChecksumPolicyFailTest"/>
  <testcase name="checksumsMatch" time="0.000" classname="org.artifactory.io.checksum.policy.ChecksumPolicyFailTest"/>
</testsuite> <!-- org.artifactory.io.checksum.policy.ChecksumPolicyFailTest -->
