<?xml version="1.0" encoding="UTF-8"?>
<!-- Generated by org.testng.reporters.JUnitReportReporter -->
<testsuite hostname="pond.jfrog.org" name="org.artifactory.util.VersionParserTest" tests="1" failures="0" timestamp="13 May 2013 13:13:25 GMT" time="0.006" errors="0">
  <testcase name="testLoadResource" time="0.006" classname="org.artifactory.util.VersionParserTest"/>
</testsuite> <!-- org.artifactory.util.VersionParserTest -->
