<?xml version="1.0" encoding="UTF-8"?>
<!-- Generated by org.testng.reporters.JUnitReportReporter -->
<testsuite hostname="pond.jfrog.org" name="org.artifactory.repo.cahce.expirable.CacheExpiryImplTest" tests="6" failures="0" timestamp="13 May 2013 13:13:25 GMT" time="0.337" errors="0">
  <testcase name="testIsNotExpirable" time="0.001" classname="org.artifactory.repo.cahce.expirable.CacheExpiryImplTest"/>
  <testcase name="testIsExpirableWithNullPath" time="0.001" classname="org.artifactory.repo.cahce.expirable.CacheExpiryImplTest"/>
  <testcase name="testInitWithNullBeanName" time="0.306" classname="org.artifactory.repo.cahce.expirable.CacheExpiryImplTest"/>
  <testcase name="testIsExpirableWithValidPathAndNoExpirables" time="0.001" classname="org.artifactory.repo.cahce.expirable.CacheExpiryImplTest"/>
  <testcase name="testInitWithNullContext" time="0.001" classname="org.artifactory.repo.cahce.expirable.CacheExpiryImplTest"/>
  <testcase name="testIsExpirable" time="0.027" classname="org.artifactory.repo.cahce.expirable.CacheExpiryImplTest"/>
</testsuite> <!-- org.artifactory.repo.cahce.expirable.CacheExpiryImplTest -->
