<?xml version="1.0" encoding="UTF-8"?>
<!-- Generated by org.testng.reporters.JUnitReportReporter -->
<testsuite hostname="pond.jfrog.org" name="org.artifactory.maven.versioning.CreationDateMavenMetadataVersionComparatorTest" tests="1" failures="0" timestamp="13 May 2013 13:13:25 GMT" time="0.008" errors="0">
  <testcase name="compare" time="0.008" classname="org.artifactory.maven.versioning.CreationDateMavenMetadataVersionComparatorTest"/>
</testsuite> <!-- org.artifactory.maven.versioning.CreationDateMavenMetadataVersionComparatorTest -->
