<?xml version="1.0" encoding="UTF-8"?>
<!-- Generated by org.testng.reporters.JUnitReportReporter -->
<testsuite hostname="eli-mpb-4.local" name="org.artifactory.addon.replication.RemoteReplicationSettingsBuilderTest" tests="3" failures="0" timestamp="27 Nov 2014 18:03:58 GMT" time="0.009" errors="0">
  <testcase name="testSetters" time="0.001" classname="org.artifactory.addon.replication.RemoteReplicationSettingsBuilderTest"/>
  <testcase name="testNoRepoPath" time="0.000" classname="org.artifactory.addon.replication.RemoteReplicationSettingsBuilderTest"/>
  <testcase name="testDefaultValues" time="0.008" classname="org.artifactory.addon.replication.RemoteReplicationSettingsBuilderTest"/>
</testsuite> <!-- org.artifactory.addon.replication.RemoteReplicationSettingsBuilderTest -->
