<?xml version="1.0" encoding="UTF-8"?>
<!-- Generated by org.testng.reporters.JUnitReportReporter -->
<testsuite hostname="pond.jfrog.org" name="org.artifactory.io.checksum.policy.ChecksumPolicyGenerateIfAbsentTest" tests="5" failures="0" timestamp="13 May 2013 13:13:25 GMT" time="0.005" errors="0">
  <testcase name="returnedChecksum" time="0.002" classname="org.artifactory.io.checksum.policy.ChecksumPolicyGenerateIfAbsentTest"/>
  <testcase name="checksumsMatch" time="0.001" classname="org.artifactory.io.checksum.policy.ChecksumPolicyGenerateIfAbsentTest"/>
  <testcase name="checksumsDoesNotMatch" time="0.000" classname="org.artifactory.io.checksum.policy.ChecksumPolicyGenerateIfAbsentTest"/>
  <testcase name="noOriginalChecksum" time="0.001" classname="org.artifactory.io.checksum.policy.ChecksumPolicyGenerateIfAbsentTest"/>
  <testcase name="oneMatchedChecksumAllShouldPass" time="0.001" classname="org.artifactory.io.checksum.policy.ChecksumPolicyGenerateIfAbsentTest"/>
</testsuite> <!-- org.artifactory.io.checksum.policy.ChecksumPolicyGenerateIfAbsentTest -->
