<?xml version="1.0" encoding="UTF-8"?>
<!-- Generated by org.testng.reporters.JUnitReportReporter -->
<testsuite hostname="eli-mpb-4.local" name="org.artifactory.io.checksum.policy.LocalRepoChecksumPolicyTest" tests="6" failures="0" timestamp="27 Nov 2014 18:03:58 GMT" time="0.003" errors="0">
  <testcase name="checksumTypeNotFound" time="0.000" classname="org.artifactory.io.checksum.policy.LocalRepoChecksumPolicyTest"/>
  <testcase name="checksumOfMetadata" time="0.002" classname="org.artifactory.io.checksum.policy.LocalRepoChecksumPolicyTest"/>
  <testcase name="clientPolicyType" time="0.001" classname="org.artifactory.io.checksum.policy.LocalRepoChecksumPolicyTest"/>
  <testcase name="checksumOfSnapshotMetadata" time="0.000" classname="org.artifactory.io.checksum.policy.LocalRepoChecksumPolicyTest"/>
  <testcase name="serverPolicyType" time="0.000" classname="org.artifactory.io.checksum.policy.LocalRepoChecksumPolicyTest"/>
  <testcase name="checksumValueNotFound" time="0.000" classname="org.artifactory.io.checksum.policy.LocalRepoChecksumPolicyTest"/>
</testsuite> <!-- org.artifactory.io.checksum.policy.LocalRepoChecksumPolicyTest -->
