<?xml version="1.0" encoding="UTF-8"?>
<!-- Generated by org.testng.reporters.JUnitReportReporter -->
<testsuite hostname="eli-mpb-4.local" name="org.artifactory.repo.virtual.interceptor.PomTransformerTest" tests="7" failures="0" timestamp="27 Nov 2014 18:03:58 GMT" time="0.068" errors="0">
  <testcase name="cleanWithDiscardActiveReference" time="0.009" classname="org.artifactory.repo.virtual.interceptor.PomTransformerTest"/>
  <testcase name="cleanWithNothingPolicy" time="0.006" classname="org.artifactory.repo.virtual.interceptor.PomTransformerTest"/>
  <testcase name="transformableWithNothingPolicy" time="0.002" classname="org.artifactory.repo.virtual.interceptor.PomTransformerTest"/>
  <testcase name="transformableWithDiscardActiveReference" time="0.031" classname="org.artifactory.repo.virtual.interceptor.PomTransformerTest"/>
  <testcase name="transformBadPom" time="0.005" classname="org.artifactory.repo.virtual.interceptor.PomTransformerTest"/>
  <testcase name="cleanWithDiscardAnyReference" time="0.008" classname="org.artifactory.repo.virtual.interceptor.PomTransformerTest"/>
  <testcase name="transformableWithDiscardAnyReference" time="0.007" classname="org.artifactory.repo.virtual.interceptor.PomTransformerTest"/>
</testsuite> <!-- org.artifactory.repo.virtual.interceptor.PomTransformerTest -->
