<?xml version="1.0" encoding="UTF-8"?>
<!-- Generated by org.testng.reporters.JUnitReportReporter -->
<testsuite hostname="eli-mpb-4.local" name="org.artifactory.repo.RepoPathFactoryTest" tests="1" failures="0" timestamp="27 Nov 2014 18:03:58 GMT" time="0.000" errors="0">
  <testcase name="testRepoPathFactory" time="0.000" classname="org.artifactory.repo.RepoPathFactoryTest"/>
</testsuite> <!-- org.artifactory.repo.RepoPathFactoryTest -->
