<?xml version="1.0" encoding="UTF-8"?>
<!-- Generated by org.testng.reporters.JUnitReportReporter -->
<testsuite hostname="pond.jfrog.org" name="org.artifactory.io.checksum.ChecksumInputStreamTest" tests="3" failures="0" timestamp="13 May 2013 13:13:25 GMT" time="0.004" errors="0">
  <testcase name="offsetInputStream" time="0.001" classname="org.artifactory.io.checksum.ChecksumInputStreamTest"/>
  <testcase name="simpleInputStream" time="0.000" classname="org.artifactory.io.checksum.ChecksumInputStreamTest"/>
  <testcase name="nonClosedStream" time="0.003" classname="org.artifactory.io.checksum.ChecksumInputStreamTest"/>
</testsuite> <!-- org.artifactory.io.checksum.ChecksumInputStreamTest -->
