<?xml version="1.0" encoding="UTF-8"?>
<!-- Generated by org.testng.reporters.JUnitReportReporter -->
<testsuite hostname="eli-mpb-4.local" name="org.artifactory.util.PathMatcherTest" tests="10" failures="0" timestamp="27 Nov 2014 18:03:58 GMT" time="0.007" errors="0">
  <testcase name="matchWithIncludeAll" time="0.000" classname="org.artifactory.util.PathMatcherTest"/>
  <testcase name="matchWithExcludesOnly" time="0.000" classname="org.artifactory.util.PathMatcherTest"/>
  <testcase name="matchExcludesAndIncludes" time="0.001" classname="org.artifactory.util.PathMatcherTest"/>
  <testcase name="matchWithExcludeAll" time="0.001" classname="org.artifactory.util.PathMatcherTest"/>
  <testcase name="excludesTakesPrecedenceOverIncludes" time="0.001" classname="org.artifactory.util.PathMatcherTest"/>
  <testcase name="test" time="0.000" classname="org.artifactory.util.PathMatcherTest"/>
  <testcase name="subPathIncludes" time="0.000" classname="org.artifactory.util.PathMatcherTest"/>
  <testcase name="matchWithIncludesOnly" time="0.001" classname="org.artifactory.util.PathMatcherTest"/>
  <testcase name="sourcesIncludes" time="0.001" classname="org.artifactory.util.PathMatcherTest"/>
  <testcase name="matchWithIncludesOnlyPartial" time="0.002" classname="org.artifactory.util.PathMatcherTest"/>
</testsuite> <!-- org.artifactory.util.PathMatcherTest -->
