<?xml version="1.0" encoding="UTF-8"?>
<!-- Generated by org.testng.reporters.JUnitReportReporter -->
<testsuite hostname="pond.jfrog.org" name="org.artifactory.repo.interceptor.YumCalculationInterceptorTest" tests="4" failures="0" timestamp="13 May 2013 13:13:25 GMT" time="0.098" errors="0">
  <testcase name="testCalculatingRepo" time="0.085" classname="org.artifactory.repo.interceptor.YumCalculationInterceptorTest"/>
  <testcase name="testRpmGroupFile" time="0.007" classname="org.artifactory.repo.interceptor.YumCalculationInterceptorTest"/>
  <testcase name="testNoneCalculatingRepo" time="0.002" classname="org.artifactory.repo.interceptor.YumCalculationInterceptorTest"/>
  <testcase name="testNoneRpmFile" time="0.004" classname="org.artifactory.repo.interceptor.YumCalculationInterceptorTest"/>
</testsuite> <!-- org.artifactory.repo.interceptor.YumCalculationInterceptorTest -->
