<?xml version="1.0" encoding="UTF-8"?>
<!-- Generated by org.testng.reporters.JUnitReportReporter -->
<testsuite hostname="eli-mpb-4.local" name="org.artifactory.repo.db.StoringRepoMixinTest" tests="6" failures="0" timestamp="27 Nov 2014 18:03:58 GMT" time="0.013" errors="0">
  <testcase name="testCacheAndExpirableProtection" time="0.002" classname="org.artifactory.repo.db.StoringRepoMixinTest"/>
  <testcase name="testLocalNotCacheAndNotFileProtection" time="0.002" classname="org.artifactory.repo.db.StoringRepoMixinTest"/>
  <testcase name="allowOverrideOfAnArtifactWithProvidedChecksumIfExistingFileHasTheSameChecksum" time="0.005" classname="org.artifactory.repo.db.StoringRepoMixinTest"/>
  <testcase name="testLocalNotCacheAndOverridableProtection" time="0.002" classname="org.artifactory.repo.db.StoringRepoMixinTest"/>
  <testcase name="testLocalNotCacheAndMetadataProtection" time="0.002" classname="org.artifactory.repo.db.StoringRepoMixinTest"/>
  <testcase name="testChecksumProtection" time="0.000" classname="org.artifactory.repo.db.StoringRepoMixinTest"/>
</testsuite> <!-- org.artifactory.repo.db.StoringRepoMixinTest -->
