<?xml version="1.0" encoding="UTF-8"?>
<!-- Generated by org.testng.reporters.JUnitReportReporter -->
<testsuite hostname="eli-mpb-4.local" name="org.artifactory.maven.versioning.CreationDateMavenMetadataVersionComparatorTest" tests="1" failures="0" timestamp="27 Nov 2014 18:03:58 GMT" time="0.001" errors="0">
  <testcase name="compare" time="0.001" classname="org.artifactory.maven.versioning.CreationDateMavenMetadataVersionComparatorTest"/>
</testsuite> <!-- org.artifactory.maven.versioning.CreationDateMavenMetadataVersionComparatorTest -->
