<?xml version="1.0" encoding="UTF-8"?>
<!-- Generated by org.testng.reporters.JUnitReportReporter -->
<testsuite hostname="pond.jfrog.org" name="org.artifactory.util.HttpClientConfiguratorTest" tests="14" failures="0" timestamp="13 May 2013 13:13:25 GMT" time="0.010" errors="0">
  <testcase name="testHost" time="0.001" classname="org.artifactory.util.HttpClientConfiguratorTest"/>
  <testcase name="testAuthenticationWithBlankHost" time="0.001" classname="org.artifactory.util.HttpClientConfiguratorTest"/>
  <testcase name="testConstructor" time="0.000" classname="org.artifactory.util.HttpClientConfiguratorTest"/>
  <testcase name="testAuthenticationWithCredentialsObject" time="0.001" classname="org.artifactory.util.HttpClientConfiguratorTest"/>
  <testcase name="testHostFromUrl" time="0.000" classname="org.artifactory.util.HttpClientConfiguratorTest"/>
  <testcase name="testAuthentication" time="0.000" classname="org.artifactory.util.HttpClientConfiguratorTest"/>
  <testcase name="testNullLocalAddress" time="0.001" classname="org.artifactory.util.HttpClientConfiguratorTest"/>
  <testcase name="testAuthenticationWithNullCredentials" time="0.001" classname="org.artifactory.util.HttpClientConfiguratorTest"/>
  <testcase name="testHostFromInvalidUrl" time="0.002" classname="org.artifactory.util.HttpClientConfiguratorTest"/>
  <testcase name="testLocalAddress" time="0.000" classname="org.artifactory.util.HttpClientConfiguratorTest"/>
  <testcase name="testAuthenticationWithBlankUsername" time="0.000" classname="org.artifactory.util.HttpClientConfiguratorTest"/>
  <testcase name="testHostFromNullUrl" time="0.002" classname="org.artifactory.util.HttpClientConfiguratorTest"/>
  <testcase name="testNullHost" time="0.001" classname="org.artifactory.util.HttpClientConfiguratorTest"/>
  <testcase name="testSimpleSetters" time="0.000" classname="org.artifactory.util.HttpClientConfiguratorTest"/>
</testsuite> <!-- org.artifactory.util.HttpClientConfiguratorTest -->
