<?xml version="1.0" encoding="UTF-8"?>
<!-- Generated by org.testng.reporters.JUnitReportReporter -->
<testsuite hostname="pond.jfrog.org" name="org.artifactory.resource.ChecksumResourceTest" tests="1" failures="0" timestamp="13 May 2013 13:13:25 GMT" time="0.003" errors="0">
  <testcase name="checksumResource" time="0.003" classname="org.artifactory.resource.ChecksumResourceTest"/>
</testsuite> <!-- org.artifactory.resource.ChecksumResourceTest -->
