<?xml version="1.0" encoding="UTF-8"?>
<!-- Generated by org.testng.reporters.JUnitReportReporter -->
<testsuite hostname="eli-mpb-4.local" name="org.artifactory.bintray.BintrayServiceImplTest" tests="1" failures="0" timestamp="27 Nov 2014 18:03:58 GMT" time="0.203" errors="0">
  <testcase name="testGetPackagesToDeploy" time="0.203" classname="org.artifactory.bintray.BintrayServiceImplTest"/>
</testsuite> <!-- org.artifactory.bintray.BintrayServiceImplTest -->
