<?xml version="1.0" encoding="UTF-8"?>
<!-- Generated by org.testng.reporters.JUnitReportReporter -->
<testsuite hostname="pond.jfrog.org" name="org.artifactory.resource.ResolvedResourceTest" tests="3" failures="0" timestamp="13 May 2013 13:13:25 GMT" time="0.009" errors="0">
  <testcase name="testAutoChecksumReCalculation" time="0.007" classname="org.artifactory.resource.ResolvedResourceTest"/>
  <testcase name="testNoChecksumReCalculation" time="0.001" classname="org.artifactory.resource.ResolvedResourceTest"/>
  <testcase name="testExplicitChecksumReCalculation" time="0.001" classname="org.artifactory.resource.ResolvedResourceTest"/>
</testsuite> <!-- org.artifactory.resource.ResolvedResourceTest -->
