<?xml version="1.0" encoding="UTF-8"?>
<!-- Generated by org.testng.reporters.JUnitReportReporter -->
<testsuite hostname="eli-mpb-4.local" name="org.artifactory.repo.replication.RemoteReplicationJobTest" tests="5" failures="0" timestamp="27 Nov 2014 18:03:58 GMT" time="0.004" errors="0">
  <testcase name="testContextNotReady" time="0.001" classname="org.artifactory.repo.replication.RemoteReplicationJobTest"/>
  <testcase name="testExecution" time="0.001" classname="org.artifactory.repo.replication.RemoteReplicationJobTest"/>
  <testcase name="testNullRepoKey" time="0.000" classname="org.artifactory.repo.replication.RemoteReplicationJobTest"/>
  <testcase name="testManualExecution" time="0.001" classname="org.artifactory.repo.replication.RemoteReplicationJobTest"/>
  <testcase name="testExecutionException" time="0.001" classname="org.artifactory.repo.replication.RemoteReplicationJobTest"/>
</testsuite> <!-- org.artifactory.repo.replication.RemoteReplicationJobTest -->
