<?xml version="1.0" encoding="UTF-8"?>
<!-- Generated by org.testng.reporters.JUnitReportReporter -->
<testsuite hostname="eli-mpb-4.local" name="org.artifactory.api.request.ArtifactoryRequestTest" tests="7" failures="0" timestamp="27 Nov 2014 18:03:58 GMT" time="0.008" errors="0">
  <testcase name="matrixParams" time="0.004" classname="org.artifactory.api.request.ArtifactoryRequestTest"/>
  <testcase name="pathWithNonAscii" time="0.001" classname="org.artifactory.api.request.ArtifactoryRequestTest"/>
  <testcase name="pathsWithSpaces" time="0.000" classname="org.artifactory.api.request.ArtifactoryRequestTest"/>
  <testcase name="zipResourceEmptyPath" time="0.000" classname="org.artifactory.api.request.ArtifactoryRequestTest"/>
  <testcase name="zipResourceAbsolute" time="0.001" classname="org.artifactory.api.request.ArtifactoryRequestTest"/>
  <testcase name="matrixParamsWithEncodedValues" time="0.001" classname="org.artifactory.api.request.ArtifactoryRequestTest"/>
  <testcase name="zipResourceRelative" time="0.001" classname="org.artifactory.api.request.ArtifactoryRequestTest"/>
</testsuite> <!-- org.artifactory.api.request.ArtifactoryRequestTest -->
