<?xml version="1.0" encoding="UTF-8"?>
<!-- Generated by org.testng.reporters.JUnitReportReporter -->
<testsuite hostname="pond.jfrog.org" name="org.artifactory.repo.RepoPathFactoryTest" tests="1" failures="0" timestamp="13 May 2013 13:13:25 GMT" time="0.001" errors="0">
  <testcase name="testRepoPathFactory" time="0.001" classname="org.artifactory.repo.RepoPathFactoryTest"/>
</testsuite> <!-- org.artifactory.repo.RepoPathFactoryTest -->
