<?xml version="1.0" encoding="UTF-8"?>
<!-- Generated by org.testng.reporters.JUnitReportReporter -->
<testsuite hostname="pond.jfrog.org" name="org.artifactory.config.DefaultConfigTest" tests="1" failures="0" timestamp="13 May 2013 13:13:25 GMT" time="0.666" errors="0">
  <testcase name="testReadDefaultConfig" time="0.666" classname="org.artifactory.config.DefaultConfigTest"/>
</testsuite> <!-- org.artifactory.config.DefaultConfigTest -->
