<?xml version="1.0" encoding="UTF-8"?>
<!-- Generated by org.testng.reporters.JUnitReportReporter -->
<testsuite hostname="pond.jfrog.org" name="org.artifactory.repo.virtual.interceptor.PomTransformerTest" tests="7" failures="0" timestamp="13 May 2013 13:13:25 GMT" time="0.251" errors="0">
  <testcase name="transformableWithDiscardAnyReference" time="0.016" classname="org.artifactory.repo.virtual.interceptor.PomTransformerTest"/>
  <testcase name="cleanWithNothingPolicy" time="0.002" classname="org.artifactory.repo.virtual.interceptor.PomTransformerTest"/>
  <testcase name="cleanWithDiscardActiveReference" time="0.005" classname="org.artifactory.repo.virtual.interceptor.PomTransformerTest"/>
  <testcase name="cleanWithDiscardAnyReference" time="0.006" classname="org.artifactory.repo.virtual.interceptor.PomTransformerTest"/>
  <testcase name="transformBadPom" time="0.145" classname="org.artifactory.repo.virtual.interceptor.PomTransformerTest"/>
  <testcase name="transformableWithDiscardActiveReference" time="0.072" classname="org.artifactory.repo.virtual.interceptor.PomTransformerTest"/>
  <testcase name="transformableWithNothingPolicy" time="0.005" classname="org.artifactory.repo.virtual.interceptor.PomTransformerTest"/>
</testsuite> <!-- org.artifactory.repo.virtual.interceptor.PomTransformerTest -->
