<?xml version="1.0" encoding="UTF-8"?>
<!-- Generated by org.testng.reporters.JUnitReportReporter -->
<testsuite hostname="eli-mpb-4.local" name="org.artifactory.repo.HttpRepoTest" tests="1" failures="0" timestamp="27 Nov 2014 18:03:58 GMT" time="0.215" errors="0">
  <testcase name="testProxyRemoteAuthAndMultihome" time="0.215" classname="org.artifactory.repo.HttpRepoTest"/>
</testsuite> <!-- org.artifactory.repo.HttpRepoTest -->
