<?xml version="1.0" encoding="UTF-8"?>
<!-- Generated by org.testng.reporters.JUnitReportReporter -->
<testsuite hostname="eli-mpb-4.local" name="org.artifactory.io.checksum.ChecksumsTest" tests="4" failures="0" timestamp="27 Nov 2014 18:03:58 GMT" time="0.002" errors="0">
  <testcase name="calculateSha1" time="0.000" classname="org.artifactory.io.checksum.ChecksumsTest"/>
  <testcase name="calculateSha1AndMd5" time="0.001" classname="org.artifactory.io.checksum.ChecksumsTest"/>
  <testcase name="calculateMd5" time="0.000" classname="org.artifactory.io.checksum.ChecksumsTest"/>
  <testcase name="calculateAllKnownChecksums" time="0.001" classname="org.artifactory.io.checksum.ChecksumsTest"/>
</testsuite> <!-- org.artifactory.io.checksum.ChecksumsTest -->
