<?xml version="1.0" encoding="UTF-8"?>
<!-- Generated by org.testng.reporters.JUnitReportReporter -->
<testsuite hostname="pond.jfrog.org" name="org.artifactory.repo.interceptor.NuGetCalculationInterceptorTest" tests="12" failures="0" timestamp="13 May 2013 13:13:25 GMT" time="0.049" errors="0">
  <testcase name="testBeforeDeleteNotLatest" time="0.002" classname="org.artifactory.repo.interceptor.NuGetCalculationInterceptorTest"/>
  <testcase name="testAfterImport" time="0.001" classname="org.artifactory.repo.interceptor.NuGetCalculationInterceptorTest"/>
  <testcase name="testBeforeDeleteNoPackageId" time="0.001" classname="org.artifactory.repo.interceptor.NuGetCalculationInterceptorTest"/>
  <testcase name="testAfterCopy" time="0.029" classname="org.artifactory.repo.interceptor.NuGetCalculationInterceptorTest"/>
  <testcase name="testAfterCreate" time="0.000" classname="org.artifactory.repo.interceptor.NuGetCalculationInterceptorTest"/>
  <testcase name="testAfterMoveNotLatestVersion" time="0.001" classname="org.artifactory.repo.interceptor.NuGetCalculationInterceptorTest"/>
  <testcase name="testNotNuGetFile" time="0.008" classname="org.artifactory.repo.interceptor.NuGetCalculationInterceptorTest"/>
  <testcase name="testAfterMoveNoNuGetProperties" time="0.002" classname="org.artifactory.repo.interceptor.NuGetCalculationInterceptorTest"/>
  <testcase name="testNotNuGetRepo" time="0.001" classname="org.artifactory.repo.interceptor.NuGetCalculationInterceptorTest"/>
  <testcase name="testBeforeDelete" time="0.001" classname="org.artifactory.repo.interceptor.NuGetCalculationInterceptorTest"/>
  <testcase name="testAfterMoveOrCopyNoIdProperty" time="0.001" classname="org.artifactory.repo.interceptor.NuGetCalculationInterceptorTest"/>
  <testcase name="testAfterMoveLatestVersion" time="0.002" classname="org.artifactory.repo.interceptor.NuGetCalculationInterceptorTest"/>
</testsuite> <!-- org.artifactory.repo.interceptor.NuGetCalculationInterceptorTest -->
