<?xml version="1.0" encoding="UTF-8"?>
<!-- Generated by org.testng.reporters.JUnitReportReporter -->
<testsuite hostname="pond.jfrog.org" name="org.artifactory.io.checksum.ChecksumsTest" tests="4" failures="0" timestamp="13 May 2013 13:13:25 GMT" time="0.009" errors="0">
  <testcase name="calculateSha1AndMd5" time="0.001" classname="org.artifactory.io.checksum.ChecksumsTest"/>
  <testcase name="calculateAllKnownChecksums" time="0.008" classname="org.artifactory.io.checksum.ChecksumsTest"/>
  <testcase name="calculateMd5" time="0.000" classname="org.artifactory.io.checksum.ChecksumsTest"/>
  <testcase name="calculateSha1" time="0.000" classname="org.artifactory.io.checksum.ChecksumsTest"/>
</testsuite> <!-- org.artifactory.io.checksum.ChecksumsTest -->
