<?xml version="1.0" encoding="UTF-8"?>
<!-- Generated by org.testng.reporters.JUnitReportReporter -->
<testsuite hostname="pond.jfrog.org" name="org.artifactory.repo.RemoteRepoBaseTest" tests="10" failures="0" timestamp="13 May 2013 13:13:25 GMT" time="0.025" errors="0">
  <testcase name="testDownloadWithAnonymousEnabledAndNoReadPermissions" time="0.005" classname="org.artifactory.repo.RemoteRepoBaseTest"/>
  <testcase name="testDownloadWithBlackedOut" time="0.000" classname="org.artifactory.repo.RemoteRepoBaseTest"/>
  <testcase name="testDownloadWithExcludes" time="0.004" classname="org.artifactory.repo.RemoteRepoBaseTest"/>
  <testcase name="testReadCommentChecksum" time="0.001" classname="org.artifactory.repo.RemoteRepoBaseTest"/>
  <testcase name="testDownloadWithCachePrefix" time="0.004" classname="org.artifactory.repo.RemoteRepoBaseTest"/>
  <testcase name="testDownloadWithNoReleases" time="0.004" classname="org.artifactory.repo.RemoteRepoBaseTest"/>
  <testcase name="testReadDescChecksum" time="0.002" classname="org.artifactory.repo.RemoteRepoBaseTest"/>
  <testcase name="testDownloadWithNoCachePrefix" time="0.005" classname="org.artifactory.repo.RemoteRepoBaseTest"/>
  <testcase name="testReadValidChecksum" time="0.000" classname="org.artifactory.repo.RemoteRepoBaseTest"/>
  <testcase name="testReadEmptyChecksum" time="0.000" classname="org.artifactory.repo.RemoteRepoBaseTest"/>
</testsuite> <!-- org.artifactory.repo.RemoteRepoBaseTest -->
