<?xml version="1.0" encoding="UTF-8"?>
<!-- Generated by org.testng.reporters.JUnitReportReporter -->
<testsuite hostname="pond.jfrog.org" name="org.artifactory.repo.remote.browse.HtmlRepositoryBrowserTest" tests="5" failures="0" timestamp="13 May 2013 13:13:25 GMT" time="0.040" errors="0">
  <testcase name="listAllNoHrefs" time="0.000" classname="org.artifactory.repo.remote.browse.HtmlRepositoryBrowserTest"/>
  <testcase name="listAll" time="0.010" classname="org.artifactory.repo.remote.browse.HtmlRepositoryBrowserTest"/>
  <testcase name="listAllFromArtifactorySimpleBrowsingHtml" time="0.029" classname="org.artifactory.repo.remote.browse.HtmlRepositoryBrowserTest"/>
  <testcase name="listAllInvalid" time="0.000" classname="org.artifactory.repo.remote.browse.HtmlRepositoryBrowserTest"/>
  <testcase name="listAllFromArtifactoryListBrowsingHtml" time="0.001" classname="org.artifactory.repo.remote.browse.HtmlRepositoryBrowserTest"/>
</testsuite> <!-- org.artifactory.repo.remote.browse.HtmlRepositoryBrowserTest -->
