<?xml version="1.0" encoding="UTF-8"?>
<!-- Generated by org.testng.reporters.JUnitReportReporter -->
<testsuite hostname="eli-mpb-4.local" name="org.artifactory.repo.service.mover.RepoPathIteratorTest" tests="3" failures="0" timestamp="27 Nov 2014 18:03:58 GMT" time="0.001" errors="0">
  <testcase name="twoLevelsRepoPath" time="0.001" classname="org.artifactory.repo.service.mover.RepoPathIteratorTest"/>
  <testcase name="nullPath" time="0.000" classname="org.artifactory.repo.service.mover.RepoPathIteratorTest"/>
  <testcase name="rootRepoPath" time="0.000" classname="org.artifactory.repo.service.mover.RepoPathIteratorTest"/>
</testsuite> <!-- org.artifactory.repo.service.mover.RepoPathIteratorTest -->
