<?xml version="1.0" encoding="UTF-8"?>
<!-- Generated by org.testng.reporters.JUnitReportReporter -->
<testsuite hostname="pond.jfrog.org" name="org.artifactory.traffic.TrafficActionTest" tests="3" failures="0" timestamp="13 May 2013 13:12:40 GMT" time="0.003" errors="0">
  <testcase name="testDownloadAction" time="0.001" classname="org.artifactory.traffic.TrafficActionTest"/>
  <testcase name="testRequestAction" time="0.001" classname="org.artifactory.traffic.TrafficActionTest"/>
  <testcase name="testUploadAction" time="0.001" classname="org.artifactory.traffic.TrafficActionTest"/>
</testsuite> <!-- org.artifactory.traffic.TrafficActionTest -->
