<?xml version="1.0" encoding="UTF-8"?>
<!-- Generated by org.testng.reporters.JUnitReportReporter -->
<testsuite hostname="pond.jfrog.org" name="org.artifactory.traffic.read.TrafficReaderTest" tests="7" failures="0" timestamp="13 May 2013 13:12:40 GMT" time="0.050" errors="0">
  <testcase name="testOutOfRange" time="0.002" classname="org.artifactory.traffic.read.TrafficReaderTest"/>
  <testcase name="testInvalidDates" time="0.001" classname="org.artifactory.traffic.read.TrafficReaderTest"/>
  <testcase name="testEntriesWithinRange" time="0.007" classname="org.artifactory.traffic.read.TrafficReaderTest"/>
  <testcase name="testEntriesStream" time="0.039" classname="org.artifactory.traffic.read.TrafficReaderTest"/>
  <testcase name="testNullDir" time="0.001" classname="org.artifactory.traffic.read.TrafficReaderTest"/>
  <testcase name="testNonExistingBaseDir" time="0.000" classname="org.artifactory.traffic.read.TrafficReaderTest"/>
  <testcase name="testNullDates" time="0.000" classname="org.artifactory.traffic.read.TrafficReaderTest"/>
</testsuite> <!-- org.artifactory.traffic.read.TrafficReaderTest -->
