<?xml version="1.0" encoding="UTF-8"?>
<!-- Generated by org.testng.reporters.JUnitReportReporter -->
<testsuite hostname="pond.jfrog.org" name="org.artifactory.traffic.entry.BaseEntryBehaviorTest" tests="7" failures="0" timestamp="13 May 2013 13:12:40 GMT" time="0.027" errors="0">
  <testcase name="testNoDataRequestEntry" time="0.000" classname="org.artifactory.traffic.entry.BaseEntryBehaviorTest"/>
  <testcase name="testEmptyUploadEntry" time="0.023" classname="org.artifactory.traffic.entry.BaseEntryBehaviorTest"/>
  <testcase name="testShortDownloadEntry" time="0.000" classname="org.artifactory.traffic.entry.BaseEntryBehaviorTest"/>
  <testcase name="testInvalidRequestEntryDate" time="0.002" classname="org.artifactory.traffic.entry.BaseEntryBehaviorTest"/>
  <testcase name="testNullDownloadEntry" time="0.000" classname="org.artifactory.traffic.entry.BaseEntryBehaviorTest"/>
  <testcase name="testLongUploadEntry" time="0.001" classname="org.artifactory.traffic.entry.BaseEntryBehaviorTest"/>
  <testcase name="testInvalidDownloadEntryDateFormat" time="0.001" classname="org.artifactory.traffic.entry.BaseEntryBehaviorTest"/>
</testsuite> <!-- org.artifactory.traffic.entry.BaseEntryBehaviorTest -->
