<?xml version="1.0" encoding="UTF-8"?>
<!-- Generated by org.testng.reporters.JUnitReportReporter -->
<testsuite hostname="pond.jfrog.org" name="org.artifactory.traffic.entry.TransferEntryTest" tests="3" failures="0" timestamp="13 May 2013 13:12:40 GMT" time="0.001" errors="0">
  <testcase name="uploadEntryToString" time="0.000" classname="org.artifactory.traffic.entry.TransferEntryTest"/>
  <testcase name="testInvalidUploadEntryContentLength" time="0.000" classname="org.artifactory.traffic.entry.TransferEntryTest"/>
  <testcase name="stringToUploadEntry" time="0.001" classname="org.artifactory.traffic.entry.TransferEntryTest"/>
</testsuite> <!-- org.artifactory.traffic.entry.TransferEntryTest -->
