<?xml version="1.0" encoding="UTF-8"?>
<!-- Generated by org.testng.reporters.JUnitReportReporter -->
<testsuite hostname="pond.jfrog.org" name="org.artifactory.traffic.read.TrafficStreamParserTest" tests="5" failures="0" timestamp="13 May 2013 13:12:40 GMT" time="0.025" errors="0">
  <testcase name="testNullDates" time="0.001" classname="org.artifactory.traffic.read.TrafficStreamParserTest"/>
  <testcase name="testInvalidDates" time="0.001" classname="org.artifactory.traffic.read.TrafficStreamParserTest"/>
  <testcase name="testOutOfRange" time="0.002" classname="org.artifactory.traffic.read.TrafficStreamParserTest"/>
  <testcase name="testNullReader" time="0.000" classname="org.artifactory.traffic.read.TrafficStreamParserTest"/>
  <testcase name="testWithinRange" time="0.021" classname="org.artifactory.traffic.read.TrafficStreamParserTest"/>
</testsuite> <!-- org.artifactory.traffic.read.TrafficStreamParserTest -->
