<?xml version="1.0" encoding="UTF-8"?>
<!-- Generated by org.testng.reporters.JUnitReportReporter -->
<testsuite hostname="eli-mpb-4.local" name="org.artifactory.update.md.v125rc0.MdFolderConverterTest" tests="1" failures="0" timestamp="27 Nov 2014 18:03:13 GMT" time="0.003" errors="0">
  <testcase name="convertValidFile" time="0.003" classname="org.artifactory.update.md.v125rc0.MdFolderConverterTest"/>
</testsuite> <!-- org.artifactory.update.md.v125rc0.MdFolderConverterTest -->
