<?xml version="1.0" encoding="UTF-8"?>
<!-- Generated by org.testng.reporters.JUnitReportReporter -->
<testsuite hostname="eli-mpb-4.local" name="org.artifactory.update.security.v2.RepoPathAclConverterTest" tests="2" failures="0" timestamp="27 Nov 2014 18:03:13 GMT" time="0.009" errors="0">
  <testcase name="convertValidFile" time="0.004" classname="org.artifactory.update.security.v2.RepoPathAclConverterTest"/>
  <testcase name="convertOutputOfSimpleUserConverter" time="0.005" classname="org.artifactory.update.security.v2.RepoPathAclConverterTest"/>
</testsuite> <!-- org.artifactory.update.security.v2.RepoPathAclConverterTest -->
