<?xml version="1.0" encoding="UTF-8"?>
<!-- Generated by org.testng.reporters.JUnitReportReporter -->
<testsuite hostname="eli-mpb-4.local" name="org.artifactory.update.test.ReadOldBackupsTest" tests="2" failures="0" timestamp="27 Nov 2014 18:03:13 GMT" time="0.033" errors="0">
  <testcase name="testReadingVersion" time="0.016" classname="org.artifactory.update.test.ReadOldBackupsTest"/>
  <testcase name="testSecurityConversion" time="0.017" classname="org.artifactory.update.test.ReadOldBackupsTest"/>
</testsuite> <!-- org.artifactory.update.test.ReadOldBackupsTest -->
