<?xml version="1.0" encoding="UTF-8"?>
<!-- Generated by org.testng.reporters.JUnitReportReporter -->
<testsuite hostname="eli-mpb-4.local" name="org.artifactory.update.security.SecurityInfoReaderTest" tests="2" failures="0" timestamp="27 Nov 2014 18:03:13 GMT" time="0.226" errors="0">
  <testcase name="readVersion5" time="0.021" classname="org.artifactory.update.security.SecurityInfoReaderTest"/>
  <testcase name="readAllVersions" time="0.205" classname="org.artifactory.update.security.SecurityInfoReaderTest"/>
</testsuite> <!-- org.artifactory.update.security.SecurityInfoReaderTest -->
