<?xml version="1.0" encoding="UTF-8"?>
<!-- Generated by org.testng.reporters.JUnitReportReporter -->
<testsuite hostname="eli-mpb-4.local" name="org.artifactory.update.security.v1.UserPermissionsConverterTest" tests="1" failures="0" timestamp="27 Nov 2014 18:03:13 GMT" time="0.007" errors="0">
  <testcase name="convertOutputOfSimpleUserConverter" time="0.007" classname="org.artifactory.update.security.v1.UserPermissionsConverterTest"/>
</testsuite> <!-- org.artifactory.update.security.v1.UserPermissionsConverterTest -->
