<?xml version="1.0" encoding="UTF-8"?>
<!-- Generated by org.testng.reporters.JUnitReportReporter -->
<testsuite hostname="eli-mpb-4.local" name="org.artifactory.update.test.ArtifactoryVersionTest" tests="1" failures="0" timestamp="27 Nov 2014 18:03:13 GMT" time="0.033" errors="0">
  <testcase name="testBackupPropertyFile" time="0.033" classname="org.artifactory.update.test.ArtifactoryVersionTest"/>
</testsuite> <!-- org.artifactory.update.test.ArtifactoryVersionTest -->
