<?xml version="1.0" encoding="UTF-8"?>
<testsuite name="TestSuite" time="0.296" tests="34" errors="0" skipped="0" failures="0">
  <properties>
    <property name="java.runtime.name" value="Java(TM) SE Runtime Environment"/>
    <property name="sun.boot.library.path" value="/Library/Internet Plug-Ins/JavaAppletPlugin.plugin/Contents/Home/lib"/>
    <property name="java.vm.version" value="24.71-b01"/>
    <property name="user.country.format" value="IL"/>
    <property name="gopherProxySet" value="false"/>
    <property name="java.vm.vendor" value="Oracle Corporation"/>
    <property name="java.vendor.url" value="http://java.oracle.com/"/>
    <property name="path.separator" value=":"/>
    <property name="guice.disable.misplaced.annotation.check" value="true"/>
    <property name="java.vm.name" value="Java HotSpot(TM) 64-Bit Server VM"/>
    <property name="file.encoding.pkg" value="sun.io"/>
    <property name="user.country" value="US"/>
    <property name="sun.java.launcher" value="SUN_STANDARD"/>
    <property name="sun.os.patch.level" value="unknown"/>
    <property name="java.vm.specification.name" value="Java Virtual Machine Specification"/>
    <property name="user.dir" value="/Users/eli/work/artifactory-3.x/artifactory/devenv"/>
    <property name="java.runtime.version" value="1.7.0_71-b14"/>
    <property name="java.awt.graphicsenv" value="sun.awt.CGraphicsEnvironment"/>
    <property name="java.endorsed.dirs" value="/Library/Internet Plug-Ins/JavaAppletPlugin.plugin/Contents/Home/lib/endorsed"/>
    <property name="os.arch" value="x86_64"/>
    <property name="java.io.tmpdir" value="/var/folders/yn/1sq_t_xs5917rgx6sh72hssh0000gp/T/"/>
    <property name="line.separator" value="&#10;"/>
    <property name="java.vm.specification.vendor" value="Oracle Corporation"/>
    <property name="os.name" value="Mac OS X"/>
    <property name="classworlds.conf" value="/usr/local/Cellar/maven/3.1.1/libexec/bin/m2.conf"/>
    <property name="sun.jnu.encoding" value="UTF-8"/>
    <property name="java.library.path" value="/Users/eli/Library/Java/Extensions:/Library/Java/Extensions:/Network/Library/Java/Extensions:/System/Library/Java/Extensions:/usr/lib/java:."/>
    <property name="java.specification.name" value="Java Platform API Specification"/>
    <property name="java.class.version" value="51.0"/>
    <property name="sun.management.compiler" value="HotSpot 64-Bit Tiered Compilers"/>
    <property name="os.version" value="10.10.1"/>
    <property name="http.nonProxyHosts" value="local|*.local|169.254/16|*.169.254/16"/>
    <property name="user.home" value="/Users/eli"/>
    <property name="user.timezone" value="Asia/Jerusalem"/>
    <property name="java.awt.printerjob" value="sun.lwawt.macosx.CPrinterJob"/>
    <property name="java.specification.version" value="1.7"/>
    <property name="file.encoding" value="UTF-8"/>
    <property name="user.name" value="eli"/>
    <property name="java.class.path" value="/usr/local/Cellar/maven/3.1.1/libexec/boot/plexus-classworlds-2.5.1.jar"/>
    <property name="org.slf4j.simpleLogger.defaultLogLevel" value="info"/>
    <property name="java.vm.specification.version" value="1.7"/>
    <property name="sun.arch.data.model" value="64"/>
    <property name="java.home" value="/Library/Internet Plug-Ins/JavaAppletPlugin.plugin/Contents/Home"/>
    <property name="sun.java.command" value="org.codehaus.plexus.classworlds.launcher.Launcher install"/>
    <property name="java.specification.vendor" value="Oracle Corporation"/>
    <property name="user.language" value="en"/>
    <property name="awt.toolkit" value="sun.lwawt.macosx.LWCToolkit"/>
    <property name="java.vm.info" value="mixed mode"/>
    <property name="java.version" value="1.7.0_71"/>
    <property name="java.ext.dirs" value="/Users/eli/Library/Java/Extensions:/Library/Internet Plug-Ins/JavaAppletPlugin.plugin/Contents/Home/lib/ext:/Library/Java/Extensions:/Network/Library/Java/Extensions:/System/Library/Java/Extensions:/usr/lib/java"/>
    <property name="sun.boot.class.path" value="/Library/Internet Plug-Ins/JavaAppletPlugin.plugin/Contents/Home/lib/resources.jar:/Library/Internet Plug-Ins/JavaAppletPlugin.plugin/Contents/Home/lib/rt.jar:/Library/Internet Plug-Ins/JavaAppletPlugin.plugin/Contents/Home/lib/sunrsasign.jar:/Library/Internet Plug-Ins/JavaAppletPlugin.plugin/Contents/Home/lib/jsse.jar:/Library/Internet Plug-Ins/JavaAppletPlugin.plugin/Contents/Home/lib/jce.jar:/Library/Internet Plug-Ins/JavaAppletPlugin.plugin/Contents/Home/lib/charsets.jar:/Library/Internet Plug-Ins/JavaAppletPlugin.plugin/Contents/Home/lib/jfr.jar:/Library/Internet Plug-Ins/JavaAppletPlugin.plugin/Contents/Home/classes"/>
    <property name="java.vendor" value="Oracle Corporation"/>
    <property name="maven.home" value="/usr/local/Cellar/maven/3.1.1/libexec"/>
    <property name="file.separator" value="/"/>
    <property name="java.vendor.url.bug" value="http://bugreport.sun.com/bugreport/"/>
    <property name="sun.cpu.endian" value="little"/>
    <property name="sun.io.unicode.encoding" value="UnicodeBig"/>
    <property name="socksNonProxyHosts" value="local|*.local|169.254/16|*.169.254/16"/>
    <property name="ftp.nonProxyHosts" value="local|*.local|169.254/16|*.169.254/16"/>
    <property name="sun.cpu.isalist" value=""/>
  </properties>
  <testcase name="testEmptyUploadEntry" classname="org.artifactory.traffic.entry.BaseEntryBehaviorTest" time="0.019"/>
  <testcase name="testInvalidDownloadEntryDateFormat" classname="org.artifactory.traffic.entry.BaseEntryBehaviorTest" time="0"/>
  <testcase name="testInvalidRequestEntryDate" classname="org.artifactory.traffic.entry.BaseEntryBehaviorTest" time="0.001"/>
  <testcase name="testLongUploadEntry" classname="org.artifactory.traffic.entry.BaseEntryBehaviorTest" time="0.057"/>
  <testcase name="testNoDataRequestEntry" classname="org.artifactory.traffic.entry.BaseEntryBehaviorTest" time="0"/>
  <testcase name="testNullDownloadEntry" classname="org.artifactory.traffic.entry.BaseEntryBehaviorTest" time="0"/>
  <testcase name="testShortDownloadEntry" classname="org.artifactory.traffic.entry.BaseEntryBehaviorTest" time="0"/>
  <testcase name="requestEntryToString" classname="org.artifactory.traffic.entry.RequestEntryTest" time="0.003"/>
  <testcase name="stringToRequestEntry" classname="org.artifactory.traffic.entry.RequestEntryTest" time="0.001"/>
  <testcase name="testInvalidContentLength" classname="org.artifactory.traffic.entry.RequestEntryTest" time="0"/>
  <testcase name="testInvalidReturnCode" classname="org.artifactory.traffic.entry.RequestEntryTest" time="0.001"/>
  <testcase name="testEmptyEntry" classname="org.artifactory.traffic.entry.TrafficEntryBuilderTest" time="0.001"/>
  <testcase name="testEntryNoData" classname="org.artifactory.traffic.entry.TrafficEntryBuilderTest" time="0"/>
  <testcase name="testNullEntry" classname="org.artifactory.traffic.entry.TrafficEntryBuilderTest" time="0"/>
  <testcase name="testValidEntry" classname="org.artifactory.traffic.entry.TrafficEntryBuilderTest" time="0"/>
  <testcase name="stringToUploadEntry" classname="org.artifactory.traffic.entry.TransferEntryTest" time="0.167"/>
  <testcase name="testInvalidUploadEntryContentLength" classname="org.artifactory.traffic.entry.TransferEntryTest" time="0"/>
  <testcase name="uploadEntryToString" classname="org.artifactory.traffic.entry.TransferEntryTest" time="0.002"/>
  <testcase name="testEntriesStream" classname="org.artifactory.traffic.read.TrafficReaderTest" time="0.021"/>
  <testcase name="testEntriesWithinRange" classname="org.artifactory.traffic.read.TrafficReaderTest" time="0.003"/>
  <testcase name="testInvalidDates" classname="org.artifactory.traffic.read.TrafficReaderTest" time="0"/>
  <testcase name="testNonExistingBaseDir" classname="org.artifactory.traffic.read.TrafficReaderTest" time="0"/>
  <testcase name="testNullDates" classname="org.artifactory.traffic.read.TrafficReaderTest" time="0"/>
  <testcase name="testNullDir" classname="org.artifactory.traffic.read.TrafficReaderTest" time="0"/>
  <testcase name="testOutOfRange" classname="org.artifactory.traffic.read.TrafficReaderTest" time="0.001"/>
  <testcase name="testInvalidDates" classname="org.artifactory.traffic.read.TrafficStreamParserTest" time="0.001"/>
  <testcase name="testNullDates" classname="org.artifactory.traffic.read.TrafficStreamParserTest" time="0"/>
  <testcase name="testNullReader" classname="org.artifactory.traffic.read.TrafficStreamParserTest" time="0"/>
  <testcase name="testOutOfRange" classname="org.artifactory.traffic.read.TrafficStreamParserTest" time="0.001"/>
  <testcase name="testWithinRange" classname="org.artifactory.traffic.read.TrafficStreamParserTest" time="0.013"/>
  <testcase name="testDownloadAction" classname="org.artifactory.traffic.TrafficActionTest" time="0"/>
  <testcase name="testRequestAction" classname="org.artifactory.traffic.TrafficActionTest" time="0"/>
  <testcase name="testUploadAction" classname="org.artifactory.traffic.TrafficActionTest" time="0"/>
  <testcase name="testTrafficLog" classname="org.artifactory.traffic.TrafficTest" time="0.004"/>
</testsuite>