<?xml version="1.0" encoding="UTF-8"?>
<!-- Generated by org.testng.reporters.JUnitReportReporter -->
<testsuite hostname="eli-mpb-4.local" name="org.artifactory.storage.db.build.itest.dao.BuildModulesDaoTest" tests="4" failures="0" timestamp="27 Nov 2014 18:03:47 GMT" time="0.039" errors="0">
  <testcase name="testSimpleCreateBuildModule" time="0.004" classname="org.artifactory.storage.db.build.itest.dao.BuildModulesDaoTest"/>
  <testcase name="testCreateTwoBuildModulesWithProperties" time="0.016" classname="org.artifactory.storage.db.build.itest.dao.BuildModulesDaoTest"/>
  <testcase name="testReadBuildModulesById" time="0.004" classname="org.artifactory.storage.db.build.itest.dao.BuildModulesDaoTest"/>
  <testcase name="testDeleteBuildModules" time="0.015" classname="org.artifactory.storage.db.build.itest.dao.BuildModulesDaoTest"/>
</testsuite> <!-- org.artifactory.storage.db.build.itest.dao.BuildModulesDaoTest -->
