<?xml version="1.0" encoding="UTF-8"?>
<!-- Generated by org.testng.reporters.JUnitReportReporter -->
<testsuite hostname="eli-mpb-4.local" name="org.artifactory.storage.db.util.ConcurrentIdGeneratorTest" tests="1" failures="0" timestamp="27 Nov 2014 18:03:27 GMT" time="2.223" errors="0">
  <testcase name="concurrentIdGenerator" time="2.223" classname="org.artifactory.storage.db.util.ConcurrentIdGeneratorTest"/>
</testsuite> <!-- org.artifactory.storage.db.util.ConcurrentIdGeneratorTest -->
