<?xml version="1.0" encoding="UTF-8"?>
<!-- Generated by org.testng.reporters.JUnitReportReporter -->
<testsuite hostname="eli-mpb-4.local" name="org.artifactory.storage.db.binstore.itest.service.BinaryStoreImplFullPathFileProviderTest" tests="10" failures="0" timestamp="27 Nov 2014 18:03:47 GMT" time="0.061" errors="0">
  <testcase name="testLoadResources" time="0.003" classname="org.artifactory.storage.db.binstore.itest.service.BinaryStoreImplFullPathFileProviderTest"/>
  <testcase name="testGarbageOneByOne" time="0.008" classname="org.artifactory.storage.db.binstore.itest.service.BinaryStoreImplFullPathFileProviderTest"/>
  <testcase name="testEmpty" time="0.005" classname="org.artifactory.storage.db.binstore.itest.service.BinaryStoreImplFullPathFileProviderTest"/>
  <testcase name="testLoadedNothingToDelete" time="0.016" classname="org.artifactory.storage.db.binstore.itest.service.BinaryStoreImplFullPathFileProviderTest"/>
  <testcase name="testGarbageOneByOne" time="0.007" classname="org.artifactory.storage.db.binstore.itest.service.BinaryStoreImplFullPathFileProviderTest"/>
  <testcase name="testLoadResources" time="0.003" classname="org.artifactory.storage.db.binstore.itest.service.BinaryStoreImplFullPathFileProviderTest"/>
  <testcase name="testGarbageOneByOne" time="0.007" classname="org.artifactory.storage.db.binstore.itest.service.BinaryStoreImplFullPathFileProviderTest"/>
  <testcase name="testLoadResources" time="0.003" classname="org.artifactory.storage.db.binstore.itest.service.BinaryStoreImplFullPathFileProviderTest"/>
  <testcase name="testGarbageOneByOne" time="0.006" classname="org.artifactory.storage.db.binstore.itest.service.BinaryStoreImplFullPathFileProviderTest"/>
  <testcase name="testLoadResources" time="0.003" classname="org.artifactory.storage.db.binstore.itest.service.BinaryStoreImplFullPathFileProviderTest"/>
</testsuite> <!-- org.artifactory.storage.db.binstore.itest.service.BinaryStoreImplFullPathFileProviderTest -->
