<?xml version="1.0" encoding="UTF-8"?>
<!-- Generated by org.testng.reporters.JUnitReportReporter -->
<testsuite hostname="eli-mpb-4.local" name="org.artifactory.storage.db.build.entity.BuildPropertyTest" tests="9" failures="0" timestamp="27 Nov 2014 18:03:27 GMT" time="0.001" errors="0">
  <testcase name="negIdBuildPropertyTest" time="0.000" classname="org.artifactory.storage.db.build.entity.BuildPropertyTest"/>
  <testcase name="noKeyBuildPropertyTest" time="0.000" classname="org.artifactory.storage.db.build.entity.BuildPropertyTest"/>
  <testcase name="maxNullsBuildPropertyTest" time="0.000" classname="org.artifactory.storage.db.build.entity.BuildPropertyTest"/>
  <testcase name="simpleBuildPropertyTest" time="0.000" classname="org.artifactory.storage.db.build.entity.BuildPropertyTest"/>
  <testcase name="equalsBuildPropertyTest" time="0.000" classname="org.artifactory.storage.db.build.entity.BuildPropertyTest"/>
  <testcase name="noIdBuildPropertyTest" time="0.000" classname="org.artifactory.storage.db.build.entity.BuildPropertyTest"/>
  <testcase name="negBuildIdBuildPropertyTest" time="0.000" classname="org.artifactory.storage.db.build.entity.BuildPropertyTest"/>
  <testcase name="noBuildIdBuildPropertyTest" time="0.001" classname="org.artifactory.storage.db.build.entity.BuildPropertyTest"/>
  <testcase name="nullKeyBuildPropertyTest" time="0.000" classname="org.artifactory.storage.db.build.entity.BuildPropertyTest"/>
</testsuite> <!-- org.artifactory.storage.db.build.entity.BuildPropertyTest -->
