<?xml version="1.0" encoding="UTF-8"?>
<!-- Generated by org.testng.reporters.JUnitReportReporter -->
<testsuite hostname="eli-mpb-4.local" name="org.artifactory.storage.db.binstore.itest.service.BinaryStoreImplFullDbProviderTest" tests="10" failures="0" timestamp="27 Nov 2014 18:03:47 GMT" time="0.081" errors="0">
  <testcase name="testLoadResources" time="0.015" classname="org.artifactory.storage.db.binstore.itest.service.BinaryStoreImplFullDbProviderTest"/>
  <testcase name="testGarbageOneByOne" time="0.006" classname="org.artifactory.storage.db.binstore.itest.service.BinaryStoreImplFullDbProviderTest"/>
  <testcase name="testGarbageOneByOne" time="0.010" classname="org.artifactory.storage.db.binstore.itest.service.BinaryStoreImplFullDbProviderTest"/>
  <testcase name="testLoadResources" time="0.005" classname="org.artifactory.storage.db.binstore.itest.service.BinaryStoreImplFullDbProviderTest"/>
  <testcase name="testLoadResources" time="0.004" classname="org.artifactory.storage.db.binstore.itest.service.BinaryStoreImplFullDbProviderTest"/>
  <testcase name="testLoadedNothingToDelete" time="0.015" classname="org.artifactory.storage.db.binstore.itest.service.BinaryStoreImplFullDbProviderTest"/>
  <testcase name="testLoadResources" time="0.005" classname="org.artifactory.storage.db.binstore.itest.service.BinaryStoreImplFullDbProviderTest"/>
  <testcase name="testEmpty" time="0.009" classname="org.artifactory.storage.db.binstore.itest.service.BinaryStoreImplFullDbProviderTest"/>
  <testcase name="testGarbageOneByOne" time="0.005" classname="org.artifactory.storage.db.binstore.itest.service.BinaryStoreImplFullDbProviderTest"/>
  <testcase name="testGarbageOneByOne" time="0.007" classname="org.artifactory.storage.db.binstore.itest.service.BinaryStoreImplFullDbProviderTest"/>
</testsuite> <!-- org.artifactory.storage.db.binstore.itest.service.BinaryStoreImplFullDbProviderTest -->
