<?xml version="1.0" encoding="UTF-8"?>
<!-- Generated by org.testng.reporters.JUnitReportReporter -->
<testsuite hostname="eli-mpb-4.local" name="org.artifactory.storage.db.base.itest.dao.DbPropertiesDaoTest" tests="4" failures="0" timestamp="27 Nov 2014 18:03:47 GMT" time="0.025" errors="0">
  <testcase name="loadExistingProps" time="0.018" classname="org.artifactory.storage.db.base.itest.dao.DbPropertiesDaoTest"/>
  <testcase name="createNewLatestProps" time="0.003" classname="org.artifactory.storage.db.base.itest.dao.DbPropertiesDaoTest"/>
  <testcase name="createNewLatestReleaseProps" time="0.002" classname="org.artifactory.storage.db.base.itest.dao.DbPropertiesDaoTest"/>
  <testcase name="createNewDevModeProps" time="0.002" classname="org.artifactory.storage.db.base.itest.dao.DbPropertiesDaoTest"/>
</testsuite> <!-- org.artifactory.storage.db.base.itest.dao.DbPropertiesDaoTest -->
