<?xml version="1.0" encoding="UTF-8"?>
<!-- Generated by org.testng.reporters.JUnitReportReporter -->
<testsuite hostname="eli-mpb-4.local" name="org.artifactory.storage.db.fs.itest.dao.TasksDaoTest" tests="5" failures="0" timestamp="27 Nov 2014 18:03:47 GMT" time="0.017" errors="0">
  <testcase name="loadByType" time="0.000" classname="org.artifactory.storage.db.fs.itest.dao.TasksDaoTest"/>
  <testcase name="exist" time="0.001" classname="org.artifactory.storage.db.fs.itest.dao.TasksDaoTest"/>
  <testcase name="delete" time="0.006" classname="org.artifactory.storage.db.fs.itest.dao.TasksDaoTest"/>
  <testcase name="create" time="0.008" classname="org.artifactory.storage.db.fs.itest.dao.TasksDaoTest"/>
  <testcase name="createDuplicate" time="0.002" classname="org.artifactory.storage.db.fs.itest.dao.TasksDaoTest"/>
</testsuite> <!-- org.artifactory.storage.db.fs.itest.dao.TasksDaoTest -->
