<?xml version="1.0" encoding="UTF-8"?>
<!-- Generated by org.testng.reporters.JUnitReportReporter -->
<testsuite hostname="eli-mpb-4.local" name="org.artifactory.storage.db.binstore.itest.service.BinaryStoreImplFileProviderTest" tests="10" failures="0" timestamp="27 Nov 2014 18:03:47 GMT" time="0.128" errors="0">
  <testcase name="testGarbageOneByOne" time="0.005" classname="org.artifactory.storage.db.binstore.itest.service.BinaryStoreImplFileProviderTest"/>
  <testcase name="testLoadResources" time="0.011" classname="org.artifactory.storage.db.binstore.itest.service.BinaryStoreImplFileProviderTest"/>
  <testcase name="testLoadResources" time="0.006" classname="org.artifactory.storage.db.binstore.itest.service.BinaryStoreImplFileProviderTest"/>
  <testcase name="testEmpty" time="0.041" classname="org.artifactory.storage.db.binstore.itest.service.BinaryStoreImplFileProviderTest"/>
  <testcase name="testGarbageOneByOne" time="0.006" classname="org.artifactory.storage.db.binstore.itest.service.BinaryStoreImplFileProviderTest"/>
  <testcase name="testLoadResources" time="0.003" classname="org.artifactory.storage.db.binstore.itest.service.BinaryStoreImplFileProviderTest"/>
  <testcase name="testGarbageOneByOne" time="0.007" classname="org.artifactory.storage.db.binstore.itest.service.BinaryStoreImplFileProviderTest"/>
  <testcase name="testLoadedNothingToDelete" time="0.023" classname="org.artifactory.storage.db.binstore.itest.service.BinaryStoreImplFileProviderTest"/>
  <testcase name="testLoadResources" time="0.004" classname="org.artifactory.storage.db.binstore.itest.service.BinaryStoreImplFileProviderTest"/>
  <testcase name="testGarbageOneByOne" time="0.022" classname="org.artifactory.storage.db.binstore.itest.service.BinaryStoreImplFileProviderTest"/>
</testsuite> <!-- org.artifactory.storage.db.binstore.itest.service.BinaryStoreImplFileProviderTest -->
