<?xml version="1.0" encoding="UTF-8"?>
<!-- Generated by org.testng.reporters.JUnitReportReporter -->
<testsuite hostname="eli-mpb-4.local" name="org.artifactory.storage.db.security.entity.UserGroupTest" tests="5" failures="0" timestamp="27 Nov 2014 18:03:27 GMT" time="0.001" errors="0">
  <testcase name="noGroupUserGroupTest" time="0.001" classname="org.artifactory.storage.db.security.entity.UserGroupTest"/>
  <testcase name="withRealmUserGroupTest" time="0.000" classname="org.artifactory.storage.db.security.entity.UserGroupTest"/>
  <testcase name="simpleUserGroupTest" time="0.000" classname="org.artifactory.storage.db.security.entity.UserGroupTest"/>
  <testcase name="noUserUserGroupTest" time="0.000" classname="org.artifactory.storage.db.security.entity.UserGroupTest"/>
  <testcase name="EqualsUserGroupTest" time="0.000" classname="org.artifactory.storage.db.security.entity.UserGroupTest"/>
</testsuite> <!-- org.artifactory.storage.db.security.entity.UserGroupTest -->
