<?xml version="1.0" encoding="UTF-8"?>
<!-- Generated by org.testng.reporters.JUnitReportReporter -->
<testsuite hostname="eli-mpb-4.local" name="org.artifactory.storage.db.fs.itest.service.FileServiceSpecialCharsTest" tests="19" failures="0" timestamp="27 Nov 2014 18:03:47 GMT" time="0.050" errors="0">
  <testcase name="invalidDot" time="0.001" classname="org.artifactory.storage.db.fs.itest.service.FileServiceSpecialCharsTest"/>
  <testcase name="createFileValidChars" time="0.025" classname="org.artifactory.storage.db.fs.itest.service.FileServiceSpecialCharsTest"/>
  <testcase name="invalidSingleColon" time="0.000" classname="org.artifactory.storage.db.fs.itest.service.FileServiceSpecialCharsTest"/>
  <testcase name="invalidAllSpaces" time="0.003" classname="org.artifactory.storage.db.fs.itest.service.FileServiceSpecialCharsTest"/>
  <testcase name="illegalColon" time="0.000" classname="org.artifactory.storage.db.fs.itest.service.FileServiceSpecialCharsTest"/>
  <testcase name="illegalQuestionMark" time="0.002" classname="org.artifactory.storage.db.fs.itest.service.FileServiceSpecialCharsTest"/>
  <testcase name="invalidSingleDotDot" time="0.000" classname="org.artifactory.storage.db.fs.itest.service.FileServiceSpecialCharsTest"/>
  <testcase name="validCarretRight" time="0.004" classname="org.artifactory.storage.db.fs.itest.service.FileServiceSpecialCharsTest"/>
  <testcase name="validCarretLeft" time="0.003" classname="org.artifactory.storage.db.fs.itest.service.FileServiceSpecialCharsTest"/>
  <testcase name="rootRepo" time="0.003" classname="org.artifactory.storage.db.fs.itest.service.FileServiceSpecialCharsTest"/>
  <testcase name="invalidDotDot" time="0.000" classname="org.artifactory.storage.db.fs.itest.service.FileServiceSpecialCharsTest"/>
  <testcase name="invalidSpaceAfterSlash" time="0.000" classname="org.artifactory.storage.db.fs.itest.service.FileServiceSpecialCharsTest"/>
  <testcase name="illegalQuotationMark" time="0.000" classname="org.artifactory.storage.db.fs.itest.service.FileServiceSpecialCharsTest"/>
  <testcase name="invalidSingleDot" time="0.000" classname="org.artifactory.storage.db.fs.itest.service.FileServiceSpecialCharsTest"/>
  <testcase name="createFolderValidChars" time="0.005" classname="org.artifactory.storage.db.fs.itest.service.FileServiceSpecialCharsTest"/>
  <testcase name="invalidSpaceBeforeSlash" time="0.001" classname="org.artifactory.storage.db.fs.itest.service.FileServiceSpecialCharsTest"/>
  <testcase name="illegalPipe" time="0.001" classname="org.artifactory.storage.db.fs.itest.service.FileServiceSpecialCharsTest"/>
  <testcase name="invalidSingleAmpersand" time="0.000" classname="org.artifactory.storage.db.fs.itest.service.FileServiceSpecialCharsTest"/>
  <testcase name="illegalStar" time="0.002" classname="org.artifactory.storage.db.fs.itest.service.FileServiceSpecialCharsTest"/>
</testsuite> <!-- org.artifactory.storage.db.fs.itest.service.FileServiceSpecialCharsTest -->
