<?xml version="1.0" encoding="UTF-8"?>
<!-- Generated by org.testng.reporters.JUnitReportReporter -->
<testsuite hostname="eli-mpb-4.local" name="org.artifactory.storage.db.fs.entity.NodeTest" tests="2" failures="0" timestamp="27 Nov 2014 18:03:27 GMT" time="0.000" errors="0">
  <testcase name="directoryConstructor" time="0.000" classname="org.artifactory.storage.db.fs.entity.NodeTest"/>
  <testcase name="fileConstructor" time="0.000" classname="org.artifactory.storage.db.fs.entity.NodeTest"/>
</testsuite> <!-- org.artifactory.storage.db.fs.entity.NodeTest -->
