<?xml version="1.0" encoding="UTF-8"?>
<!-- Generated by org.testng.reporters.JUnitReportReporter -->
<testsuite hostname="eli-mpb-4.local" name="org.artifactory.util.PathUtilsTest" tests="36" failures="0" timestamp="27 Nov 2014 18:02:53 GMT" time="0.004" errors="0">
  <testcase name="checksumTargetFile" time="0.000" classname="org.artifactory.util.PathUtilsTest"/>
  <testcase name="stripExtensionPathWithNoExtension" time="0.000" classname="org.artifactory.util.PathUtilsTest"/>
  <testcase name="trimTrailingSlashes" time="0.000" classname="org.artifactory.util.PathUtilsTest"/>
  <testcase name="injectStringAtTheBeginning" time="0.000" classname="org.artifactory.util.PathUtilsTest"/>
  <testcase name="stripFirstPathElement" time="0.000" classname="org.artifactory.util.PathUtilsTest"/>
  <testcase name="formatNullPath" time="0.000" classname="org.artifactory.util.PathUtilsTest"/>
  <testcase name="getPathElementsRelativePath" time="0.000" classname="org.artifactory.util.PathUtilsTest"/>
  <testcase name="formatFormattedPath" time="0.000" classname="org.artifactory.util.PathUtilsTest"/>
  <testcase name="normalizeSlashes" time="0.001" classname="org.artifactory.util.PathUtilsTest"/>
  <testcase name="parentPathOfPathWithParent" time="0.000" classname="org.artifactory.util.PathUtilsTest"/>
  <testcase name="getFirstPathElementsEmptyPath" time="0.000" classname="org.artifactory.util.PathUtilsTest"/>
  <testcase name="trimTrailingSlashesChars" time="0.000" classname="org.artifactory.util.PathUtilsTest"/>
  <testcase name="injectStringNull" time="0.000" classname="org.artifactory.util.PathUtilsTest"/>
  <testcase name="addTrailingSlash" time="0.000" classname="org.artifactory.util.PathUtilsTest"/>
  <testcase name="stripExtensionSimple" time="0.000" classname="org.artifactory.util.PathUtilsTest"/>
  <testcase name="parentPathOfEmptyString" time="0.000" classname="org.artifactory.util.PathUtilsTest"/>
  <testcase name="getFirstPathElementsNullPath" time="0.000" classname="org.artifactory.util.PathUtilsTest"/>
  <testcase name="getPathElementsAbsolutePath" time="0.000" classname="org.artifactory.util.PathUtilsTest"/>
  <testcase name="stripExtensionNullPath" time="0.001" classname="org.artifactory.util.PathUtilsTest"/>
  <testcase name="injectStringInMiddle" time="0.000" classname="org.artifactory.util.PathUtilsTest"/>
  <testcase name="getPathElementsRootPath" time="0.001" classname="org.artifactory.util.PathUtilsTest"/>
  <testcase name="getFirstPathElementsRootPath" time="0.000" classname="org.artifactory.util.PathUtilsTest"/>
  <testcase name="stripExtensionEmptyPath" time="0.000" classname="org.artifactory.util.PathUtilsTest"/>
  <testcase name="injectStringEmpty" time="0.000" classname="org.artifactory.util.PathUtilsTest"/>
  <testcase name="getFirstPathElementsAbsolutePath" time="0.000" classname="org.artifactory.util.PathUtilsTest"/>
  <testcase name="getPathElementsPathWithTrailingSlash" time="0.000" classname="org.artifactory.util.PathUtilsTest"/>
  <testcase name="getFirstPathElementsRelativePath" time="0.000" classname="org.artifactory.util.PathUtilsTest"/>
  <testcase name="formatSimplePath" time="0.000" classname="org.artifactory.util.PathUtilsTest"/>
  <testcase name="trimLeadingSlashes" time="0.000" classname="org.artifactory.util.PathUtilsTest"/>
  <testcase name="injectStringAtTheEnd" time="0.000" classname="org.artifactory.util.PathUtilsTest"/>
  <testcase name="trimLeadingSlashesChars" time="0.001" classname="org.artifactory.util.PathUtilsTest"/>
  <testcase name="parentPathOfRoot" time="0.000" classname="org.artifactory.util.PathUtilsTest"/>
  <testcase name="stripExtensionPathWithDotAtEnd" time="0.000" classname="org.artifactory.util.PathUtilsTest"/>
  <testcase name="getPathElementsNullPath" time="0.000" classname="org.artifactory.util.PathUtilsTest"/>
  <testcase name="stripExtensionMultipleExtensions" time="0.000" classname="org.artifactory.util.PathUtilsTest"/>
  <testcase name="getPathElementsEmptyPath" time="0.000" classname="org.artifactory.util.PathUtilsTest"/>
</testsuite> <!-- org.artifactory.util.PathUtilsTest -->
