<?xml version="1.0" encoding="UTF-8"?>
<!-- Generated by org.testng.reporters.JUnitReportReporter -->
<testsuite hostname="eli-mpb-4.local" name="org.artifactory.descriptor.repo.VirtualRepoResolverTest" tests="4" failures="0" timestamp="27 Nov 2014 18:02:53 GMT" time="0.003" errors="0">
  <testcase name="virtualWithLocalAndRemote" time="0.000" classname="org.artifactory.descriptor.repo.VirtualRepoResolverTest"/>
  <testcase name="virtualWithinVirtualNoCycles" time="0.000" classname="org.artifactory.descriptor.repo.VirtualRepoResolverTest"/>
  <testcase name="virtualInVirtualWithCycles" time="0.001" classname="org.artifactory.descriptor.repo.VirtualRepoResolverTest"/>
  <testcase name="sameRepoInTwoVirtualRepos" time="0.002" classname="org.artifactory.descriptor.repo.VirtualRepoResolverTest"/>
</testsuite> <!-- org.artifactory.descriptor.repo.VirtualRepoResolverTest -->
