<?xml version="1.0" encoding="UTF-8"?>
<!-- Generated by org.testng.reporters.JUnitReportReporter -->
<testsuite hostname="eli-mpb-4.local" name="org.artifactory.version.converter.v1414.AssumedOfflineConverterTest" tests="2" failures="0" timestamp="27 Nov 2014 18:02:53 GMT" time="0.006" errors="0">
  <testcase name="defaultConfigTest" time="0.004" classname="org.artifactory.version.converter.v1414.AssumedOfflineConverterTest"/>
  <testcase name="withFailedRetrievalCache" time="0.002" classname="org.artifactory.version.converter.v1414.AssumedOfflineConverterTest"/>
</testsuite> <!-- org.artifactory.version.converter.v1414.AssumedOfflineConverterTest -->
