<?xml version="1.0" encoding="UTF-8"?>
<!-- Generated by org.testng.reporters.JUnitReportReporter -->
<testsuite hostname="eli-mpb-4.local" name="org.artifactory.logging.version.v3.LogbackJFrogInfoConverterTest" tests="2" failures="0" timestamp="27 Nov 2014 18:02:53 GMT" time="0.009" errors="0">
  <testcase name="loggerExists" time="0.004" classname="org.artifactory.logging.version.v3.LogbackJFrogInfoConverterTest"/>
  <testcase name="loggerIsMissing" time="0.005" classname="org.artifactory.logging.version.v3.LogbackJFrogInfoConverterTest"/>
</testsuite> <!-- org.artifactory.logging.version.v3.LogbackJFrogInfoConverterTest -->
