<?xml version="1.0" encoding="UTF-8"?>
<!-- Generated by org.testng.reporters.JUnitReportReporter -->
<testsuite hostname="eli-mpb-4.local" name="org.artifactory.util.FilesTest" tests="4" failures="0" timestamp="27 Nov 2014 18:02:53 GMT" time="0.012" errors="0">
  <testcase name="cleanupEmptyDirectoriesEmptyDir" time="0.000" classname="org.artifactory.util.FilesTest"/>
  <testcase name="cleanupEmptyDirectoriesDirWithFiles" time="0.002" classname="org.artifactory.util.FilesTest"/>
  <testcase name="cleanupEmptyDirectoriesDirWithEmptyNestedDirectories" time="0.003" classname="org.artifactory.util.FilesTest"/>
  <testcase name="cleanupEmptyDirectoriesNonExistentDir" time="0.007" classname="org.artifactory.util.FilesTest"/>
</testsuite> <!-- org.artifactory.util.FilesTest -->
