<?xml version="1.0" encoding="UTF-8"?>
<!-- Generated by org.testng.reporters.JUnitReportReporter -->
<testsuite hostname="eli-mpb-4.local" name="org.artifactory.util.StringsTest" tests="7" failures="0" timestamp="27 Nov 2014 18:02:53 GMT" time="0.000" errors="0">
  <testcase name="maskKeyValueEmpty" time="0.000" classname="org.artifactory.util.StringsTest"/>
  <testcase name="maskKeyValue" time="0.000" classname="org.artifactory.util.StringsTest"/>
  <testcase name="maskEmpty" time="0.000" classname="org.artifactory.util.StringsTest"/>
  <testcase name="maskString" time="0.000" classname="org.artifactory.util.StringsTest"/>
  <testcase name="maskNull" time="0.000" classname="org.artifactory.util.StringsTest"/>
  <testcase name="maskKeyValueNull" time="0.000" classname="org.artifactory.util.StringsTest"/>
  <testcase name="maskKeyValueNoEquals" time="0.000" classname="org.artifactory.util.StringsTest"/>
</testsuite> <!-- org.artifactory.util.StringsTest -->
