<?xml version="1.0" encoding="UTF-8"?>
<!-- Generated by org.testng.reporters.JUnitReportReporter -->
<testsuite hostname="eli-mpb-4.local" name="org.artifactory.mime.MimeTypesTest" tests="4" failures="0" timestamp="27 Nov 2014 18:02:53 GMT" time="0.000" errors="0">
  <testcase name="getByMimeEntryName" time="0.000" classname="org.artifactory.mime.MimeTypesTest"/>
  <testcase name="getByExtensionUpperCase" time="0.000" classname="org.artifactory.mime.MimeTypesTest"/>
  <testcase name="getForUnknownExtension" time="0.000" classname="org.artifactory.mime.MimeTypesTest"/>
  <testcase name="getByExtension" time="0.000" classname="org.artifactory.mime.MimeTypesTest"/>
</testsuite> <!-- org.artifactory.mime.MimeTypesTest -->
