<?xml version="1.0" encoding="UTF-8"?>
<!-- Generated by org.testng.reporters.JUnitReportReporter -->
<testsuite hostname="eli-mpb-4.local" name="org.artifactory.descriptor.replication.RemoteReplicationDescriptorTest" tests="2" failures="0" timestamp="27 Nov 2014 18:02:53 GMT" time="0.001" errors="0">
  <testcase name="testDefaultBaseValues" time="0.000" classname="org.artifactory.descriptor.replication.RemoteReplicationDescriptorTest"/>
  <testcase name="testBaseSetters" time="0.001" classname="org.artifactory.descriptor.replication.RemoteReplicationDescriptorTest"/>
</testsuite> <!-- org.artifactory.descriptor.replication.RemoteReplicationDescriptorTest -->
