<?xml version="1.0" encoding="UTF-8"?>
<!-- Generated by org.testng.reporters.JUnitReportReporter -->
<testsuite hostname="eli-mpb-4.local" name="org.artifactory.descriptor.reader.CentralConfigReaderTest" tests="2" failures="0" timestamp="27 Nov 2014 18:02:53 GMT" time="1.845" errors="0">
  <testcase name="readV7Config" time="0.105" classname="org.artifactory.descriptor.reader.CentralConfigReaderTest"/>
  <testcase name="readAllConfigFiles" time="1.740" classname="org.artifactory.descriptor.reader.CentralConfigReaderTest"/>
</testsuite> <!-- org.artifactory.descriptor.reader.CentralConfigReaderTest -->
