<?xml version="1.0" encoding="UTF-8"?>
<!-- Generated by org.testng.reporters.JUnitReportReporter -->
<testsuite hostname="eli-mpb-4.local" name="org.artifactory.version.ConfigXmlConversionTest" tests="23" failures="0" timestamp="27 Nov 2014 18:02:53 GMT" time="1.381" errors="0">
  <testcase name="convert141Custom" time="0.046" classname="org.artifactory.version.ConfigXmlConversionTest"/>
  <testcase name="convert143custom" time="0.100" classname="org.artifactory.version.ConfigXmlConversionTest"/>
  <testcase name="convert135Install" time="0.043" classname="org.artifactory.version.ConfigXmlConversionTest"/>
  <testcase name="convert143" time="0.042" classname="org.artifactory.version.ConfigXmlConversionTest"/>
  <testcase name="convert146" time="0.040" classname="org.artifactory.version.ConfigXmlConversionTest"/>
  <testcase name="convert140DefaultProxy" time="0.043" classname="org.artifactory.version.ConfigXmlConversionTest"/>
  <testcase name="convert100" time="0.135" classname="org.artifactory.version.ConfigXmlConversionTest"/>
  <testcase name="convert120" time="0.118" classname="org.artifactory.version.ConfigXmlConversionTest"/>
  <testcase name="convert132Custom" time="0.046" classname="org.artifactory.version.ConfigXmlConversionTest"/>
  <testcase name="convert110" time="0.125" classname="org.artifactory.version.ConfigXmlConversionTest"/>
  <testcase name="convert131" time="0.089" classname="org.artifactory.version.ConfigXmlConversionTest"/>
  <testcase name="convert132WithNoSchemaLocation" time="0.046" classname="org.artifactory.version.ConfigXmlConversionTest"/>
  <testcase name="configVersionSanityCheck" time="0.000" classname="org.artifactory.version.ConfigXmlConversionTest"/>
  <testcase name="convert134Install" time="0.044" classname="org.artifactory.version.ConfigXmlConversionTest"/>
  <testcase name="convert100NoBackupCron" time="0.059" classname="org.artifactory.version.ConfigXmlConversionTest"/>
  <testcase name="convert141" time="0.048" classname="org.artifactory.version.ConfigXmlConversionTest"/>
  <testcase name="convert150custom" time="0.032" classname="org.artifactory.version.ConfigXmlConversionTest"/>
  <testcase name="convert1412custom" time="0.040" classname="org.artifactory.version.ConfigXmlConversionTest"/>
  <testcase name="convert132Install" time="0.044" classname="org.artifactory.version.ConfigXmlConversionTest"/>
  <testcase name="convert130" time="0.109" classname="org.artifactory.version.ConfigXmlConversionTest"/>
  <testcase name="convert142Custom" time="0.037" classname="org.artifactory.version.ConfigXmlConversionTest"/>
  <testcase name="convert135ProxyWithDomain" time="0.053" classname="org.artifactory.version.ConfigXmlConversionTest"/>
  <testcase name="convert143WithServerId" time="0.042" classname="org.artifactory.version.ConfigXmlConversionTest"/>
</testsuite> <!-- org.artifactory.version.ConfigXmlConversionTest -->
