<?xml version="1.0" encoding="UTF-8"?>
<!-- Generated by org.testng.reporters.JUnitReportReporter -->
<testsuite hostname="eli-mpb-4.local" name="org.artifactory.descriptor.config.CentralConfigDescriptorImplTest" tests="18" failures="0" timestamp="27 Nov 2014 18:02:53 GMT" time="0.034" errors="0">
  <testcase name="duplicateLocalRepo" time="0.001" classname="org.artifactory.descriptor.config.CentralConfigDescriptorImplTest"/>
  <testcase name="duplicateVirtualRepo" time="0.000" classname="org.artifactory.descriptor.config.CentralConfigDescriptorImplTest"/>
  <testcase name="removeReplicationUpdates" time="0.000" classname="org.artifactory.descriptor.config.CentralConfigDescriptorImplTest"/>
  <testcase name="defaultProxyChanged" time="0.010" classname="org.artifactory.descriptor.config.CentralConfigDescriptorImplTest"/>
  <testcase name="removeRepoLayout" time="0.005" classname="org.artifactory.descriptor.config.CentralConfigDescriptorImplTest"/>
  <testcase name="repoLayoutExistence" time="0.000" classname="org.artifactory.descriptor.config.CentralConfigDescriptorImplTest"/>
  <testcase name="defaultsTest" time="0.000" classname="org.artifactory.descriptor.config.CentralConfigDescriptorImplTest"/>
  <testcase name="removeProxy" time="0.000" classname="org.artifactory.descriptor.config.CentralConfigDescriptorImplTest"/>
  <testcase name="proxyExistence" time="0.001" classname="org.artifactory.descriptor.config.CentralConfigDescriptorImplTest"/>
  <testcase name="removePropertySet" time="0.000" classname="org.artifactory.descriptor.config.CentralConfigDescriptorImplTest"/>
  <testcase name="propertySetExistence" time="0.000" classname="org.artifactory.descriptor.config.CentralConfigDescriptorImplTest"/>
  <testcase name="removeBackup" time="0.013" classname="org.artifactory.descriptor.config.CentralConfigDescriptorImplTest"/>
  <testcase name="uniqueKeyExistence" time="0.000" classname="org.artifactory.descriptor.config.CentralConfigDescriptorImplTest"/>
  <testcase name="removeReferencedProxy" time="0.001" classname="org.artifactory.descriptor.config.CentralConfigDescriptorImplTest"/>
  <testcase name="repositoriesExistence" time="0.001" classname="org.artifactory.descriptor.config.CentralConfigDescriptorImplTest"/>
  <testcase name="duplicateRemoteRepo" time="0.000" classname="org.artifactory.descriptor.config.CentralConfigDescriptorImplTest"/>
  <testcase name="backupExistence" time="0.001" classname="org.artifactory.descriptor.config.CentralConfigDescriptorImplTest"/>
  <testcase name="replicationsExistence" time="0.001" classname="org.artifactory.descriptor.config.CentralConfigDescriptorImplTest"/>
</testsuite> <!-- org.artifactory.descriptor.config.CentralConfigDescriptorImplTest -->
