<?xml version="1.0" encoding="UTF-8"?>
<!-- Generated by org.testng.reporters.JUnitReportReporter -->
<testsuite hostname="eli-mpb-4.local" name="org.artifactory.common.ArtifactoryPropertiesTest" tests="6" failures="0" timestamp="27 Nov 2014 18:02:53 GMT" time="0.035" errors="0">
  <testcase name="systemPropsOverrideArtifactoryProperties" time="0.001" classname="org.artifactory.common.ArtifactoryPropertiesTest"/>
  <testcase name="defaultArtifactoryVersion" time="0.001" classname="org.artifactory.common.ArtifactoryPropertiesTest"/>
  <testcase name="artifactoryVersion" time="0.028" classname="org.artifactory.common.ArtifactoryPropertiesTest"/>
  <testcase name="testSystemProps" time="0.001" classname="org.artifactory.common.ArtifactoryPropertiesTest"/>
  <testcase name="printArtifactorySystemFile" time="0.003" classname="org.artifactory.common.ArtifactoryPropertiesTest"/>
  <testcase name="testLoadProps" time="0.001" classname="org.artifactory.common.ArtifactoryPropertiesTest"/>
</testsuite> <!-- org.artifactory.common.ArtifactoryPropertiesTest -->
