<?xml version="1.0" encoding="UTF-8"?>
<!-- Generated by org.testng.reporters.JUnitReportReporter -->
<testsuite hostname="pond.jfrog.org" name="org.artifactory.security.CryptoHelperTest" tests="12" failures="0" timestamp="13 May 2013 13:11:31 GMT" time="0.580" errors="0">
  <testcase name="availableAlgorithms" time="0.089" classname="org.artifactory.security.CryptoHelperTest"/>
  <testcase name="toBase64String" time="0.024" classname="org.artifactory.security.CryptoHelperTest"/>
  <testcase name="escapeEncryptedPassword" time="0.001" classname="org.artifactory.security.CryptoHelperTest"/>
  <testcase name="encryptDecrypt" time="0.048" classname="org.artifactory.security.CryptoHelperTest"/>
  <testcase name="isEncrypted" time="0.001" classname="org.artifactory.security.CryptoHelperTest"/>
  <testcase name="encrypt" time="0.279" classname="org.artifactory.security.CryptoHelperTest"/>
  <testcase name="restoreKeysFromBase64" time="0.040" classname="org.artifactory.security.CryptoHelperTest"/>
  <testcase name="generateSecretKey" time="0.001" classname="org.artifactory.security.CryptoHelperTest"/>
  <testcase name="restorePrivateKey" time="0.040" classname="org.artifactory.security.CryptoHelperTest"/>
  <testcase name="encryptDecryptSymmetric" time="0.022" classname="org.artifactory.security.CryptoHelperTest"/>
  <testcase name="encryptSymmetric" time="0.001" classname="org.artifactory.security.CryptoHelperTest"/>
  <testcase name="generateKeyPair" time="0.034" classname="org.artifactory.security.CryptoHelperTest"/>
</testsuite> <!-- org.artifactory.security.CryptoHelperTest -->
