<?xml version="1.0" encoding="UTF-8"?>
<!-- Generated by org.testng.reporters.JUnitReportReporter -->
<testsuite hostname="eli-mpb-4.local" name="org.artifactory.addon.AddonTypeTest" tests="1" failures="0" timestamp="27 Nov 2014 18:03:07 GMT" time="0.009" errors="0">
  <testcase name="testAddonsDisplayOrdinal" time="0.009" classname="org.artifactory.addon.AddonTypeTest"/>
</testsuite> <!-- org.artifactory.addon.AddonTypeTest -->
