<?xml version="1.0" encoding="UTF-8"?>
<!-- Generated by org.testng.reporters.JUnitReportReporter -->
<testsuite hostname="pond.jfrog.org" name="org.artifactory.util.ZipUtilsTest" tests="7" failures="0" timestamp="13 May 2013 13:11:31 GMT" time="0.086" errors="0">
  <testcase name="locateMissingEntry" time="0.002" classname="org.artifactory.util.ZipUtilsTest"/>
  <testcase name="testExtractTgzFile" time="0.003" classname="org.artifactory.util.ZipUtilsTest"/>
  <testcase name="locateExistingEntry" time="0.009" classname="org.artifactory.util.ZipUtilsTest"/>
  <testcase name="testExtractTarGzFile" time="0.006" classname="org.artifactory.util.ZipUtilsTest"/>
  <testcase name="testUnsupportedArchive" time="0.002" classname="org.artifactory.util.ZipUtilsTest"/>
  <testcase name="testExtractTarFile" time="0.037" classname="org.artifactory.util.ZipUtilsTest"/>
  <testcase name="testExtractZipFile" time="0.027" classname="org.artifactory.util.ZipUtilsTest"/>
</testsuite> <!-- org.artifactory.util.ZipUtilsTest -->
