<?xml version="1.0" encoding="UTF-8"?>
<!-- Generated by org.testng.reporters.JUnitReportReporter -->
<testsuite hostname="eli-mpb-4.local" name="org.artifactory.security.SecurityEntityListItemTest" tests="2" failures="0" timestamp="27 Nov 2014 18:03:07 GMT" time="0.000" errors="0">
  <testcase name="testSetters" time="0.000" classname="org.artifactory.security.SecurityEntityListItemTest"/>
  <testcase name="testDefaultValues" time="0.000" classname="org.artifactory.security.SecurityEntityListItemTest"/>
</testsuite> <!-- org.artifactory.security.SecurityEntityListItemTest -->
