<?xml version="1.0" encoding="UTF-8"?>
<!-- Generated by org.testng.reporters.JUnitReportReporter -->
<testsuite hostname="eli-mpb-4.local" name="org.artifactory.storage.StorageUnitTest" tests="6" failures="0" timestamp="27 Nov 2014 18:03:07 GMT" time="0.003" errors="0">
  <testcase name="bytesToReadableFormat" time="0.002" classname="org.artifactory.storage.StorageUnitTest"/>
  <testcase name="convertBytesToGb" time="0.000" classname="org.artifactory.storage.StorageUnitTest"/>
  <testcase name="revertMbToBytes" time="0.001" classname="org.artifactory.storage.StorageUnitTest"/>
  <testcase name="convertBytesToMb" time="0.000" classname="org.artifactory.storage.StorageUnitTest"/>
  <testcase name="readableFormatToBytes" time="0.000" classname="org.artifactory.storage.StorageUnitTest"/>
  <testcase name="revertGbToBytes" time="0.000" classname="org.artifactory.storage.StorageUnitTest"/>
</testsuite> <!-- org.artifactory.storage.StorageUnitTest -->
