<?xml version="1.0" encoding="UTF-8"?>
<!-- Generated by org.testng.reporters.JUnitReportReporter -->
<testsuite hostname="pond.jfrog.org" name="org.artifactory.build.BuildInfoIOTest" tests="1" failures="0" timestamp="13 May 2013 13:11:31 GMT" time="0.355" errors="0">
  <testcase name="generateFromObject" time="0.355" classname="org.artifactory.build.BuildInfoIOTest"/>
</testsuite> <!-- org.artifactory.build.BuildInfoIOTest -->
