<?xml version="1.0" encoding="UTF-8"?>
<!-- Generated by org.testng.reporters.JUnitReportReporter -->
<testsuite hostname="pond.jfrog.org" name="org.artifactory.repo.RepoDetailsTypeTest" tests="1" failures="0" timestamp="13 May 2013 13:11:31 GMT" time="0.001" errors="0">
  <testcase name="testDisplayName" time="0.001" classname="org.artifactory.repo.RepoDetailsTypeTest"/>
</testsuite> <!-- org.artifactory.repo.RepoDetailsTypeTest -->
