<?xml version="1.0" encoding="UTF-8"?>
<!-- Generated by org.testng.reporters.JUnitReportReporter -->
<testsuite hostname="eli-mpb-4.local" name="org.artifactory.maven.PomTargetPathValidatorTest" tests="3" failures="0" timestamp="27 Nov 2014 18:03:07 GMT" time="0.016" errors="0">
  <testcase name="validatePluginPom" time="0.013" classname="org.artifactory.maven.PomTargetPathValidatorTest"/>
  <testcase name="validatePomTargetValidPath" time="0.001" classname="org.artifactory.maven.PomTargetPathValidatorTest"/>
  <testcase name="validatePomTargetInValidPath" time="0.002" classname="org.artifactory.maven.PomTargetPathValidatorTest"/>
</testsuite> <!-- org.artifactory.maven.PomTargetPathValidatorTest -->
