<?xml version="1.0" encoding="UTF-8"?>
<!-- Generated by org.testng.reporters.JUnitReportReporter -->
<testsuite hostname="eli-mpb-4.local" name="org.artifactory.converters.ConvertersManagerTest" tests="8" failures="0" timestamp="27 Nov 2014 18:03:07 GMT" time="0.348" errors="0">
  <testcase name="convertOldHomeCurrentDbCurrentCluster" time="0.028" classname="org.artifactory.converters.ConvertersManagerTest"/>
  <testcase name="convertCurrentHomeOldDbCurrentCluster" time="0.010" classname="org.artifactory.converters.ConvertersManagerTest"/>
  <testcase name="convertAll301" time="0.226" classname="org.artifactory.converters.ConvertersManagerTest"/>
  <testcase name="convertAll304" time="0.042" classname="org.artifactory.converters.ConvertersManagerTest"/>
  <testcase name="convertCurrentHomeNoDbCurrentCluster" time="0.008" classname="org.artifactory.converters.ConvertersManagerTest"/>
  <testcase name="convertCurrentHomeCurrentDbOldCluster" time="0.016" classname="org.artifactory.converters.ConvertersManagerTest"/>
  <testcase name="convertAllCurrent" time="0.011" classname="org.artifactory.converters.ConvertersManagerTest"/>
  <testcase name="convertNoVersions" time="0.007" classname="org.artifactory.converters.ConvertersManagerTest"/>
</testsuite> <!-- org.artifactory.converters.ConvertersManagerTest -->
