<?xml version="1.0" encoding="UTF-8"?>
<!-- Generated by org.testng.reporters.JUnitReportReporter -->
<testsuite hostname="pond.jfrog.org" name="org.artifactory.maven.MavenModelUtilsTest" tests="16" failures="0" timestamp="13 May 2013 13:11:31 GMT" time="0.099" errors="0">
  <testcase name="inputStreamToMavenMetadata" time="0.006" classname="org.artifactory.maven.MavenModelUtilsTest"/>
  <testcase name="buildSnapshotMavenMetadataWithM3Metadata" time="0.017" classname="org.artifactory.maven.MavenModelUtilsTest"/>
  <testcase name="testToMaven1PathSha1" time="0.001" classname="org.artifactory.maven.MavenModelUtilsTest"/>
  <testcase name="validStringToMetadata" time="0.001" classname="org.artifactory.maven.MavenModelUtilsTest"/>
  <testcase name="getArtifactInfoPom" time="0.037" classname="org.artifactory.maven.MavenModelUtilsTest"/>
  <testcase name="testToMaven1PathPom" time="0.001" classname="org.artifactory.maven.MavenModelUtilsTest"/>
  <testcase name="testToMaven1PathMd5" time="0.001" classname="org.artifactory.maven.MavenModelUtilsTest"/>
  <testcase name="nonValidMetadataString" time="0.002" classname="org.artifactory.maven.MavenModelUtilsTest"/>
  <testcase name="readNewMaven3MetadataFormat" time="0.001" classname="org.artifactory.maven.MavenModelUtilsTest"/>
  <testcase name="buildSnapshotMavenMetadataWithoutM3Metadata" time="0.002" classname="org.artifactory.maven.MavenModelUtilsTest"/>
  <testcase name="mavenMetadataToString" time="0.009" classname="org.artifactory.maven.MavenModelUtilsTest"/>
  <testcase name="validStringToMetadataNoVersioning" time="0.000" classname="org.artifactory.maven.MavenModelUtilsTest"/>
  <testcase name="getArtifactInfoJar" time="0.016" classname="org.artifactory.maven.MavenModelUtilsTest"/>
  <testcase name="testToMaven1Path" time="0.003" classname="org.artifactory.maven.MavenModelUtilsTest"/>
  <testcase name="mavenModelToArtifactInfoGroupIdInParent" time="0.001" classname="org.artifactory.maven.MavenModelUtilsTest"/>
  <testcase name="mavenModelToArtifactInfo" time="0.001" classname="org.artifactory.maven.MavenModelUtilsTest"/>
</testsuite> <!-- org.artifactory.maven.MavenModelUtilsTest -->
