<?xml version="1.0" encoding="UTF-8"?>
<!-- Generated by org.testng.reporters.JUnitReportReporter -->
<testsuite hostname="pond.jfrog.org" name="org.artifactory.maven.MavenServiceImplTest" tests="1" failures="0" timestamp="13 May 2013 13:11:31 GMT" time="0.026" errors="0">
  <testcase name="generateMavenSettings" time="0.026" classname="org.artifactory.maven.MavenServiceImplTest"/>
</testsuite> <!-- org.artifactory.maven.MavenServiceImplTest -->
