<?xml version="1.0" encoding="UTF-8"?>
<!-- Generated by org.testng.reporters.JUnitReportReporter -->
<testsuite hostname="eli-mpb-4.local" name="org.artifactory.repo.RepoDetailsTest" tests="4" failures="0" timestamp="27 Nov 2014 18:03:07 GMT" time="0.001" errors="0">
  <testcase name="testSetters" time="0.000" classname="org.artifactory.repo.RepoDetailsTest"/>
  <testcase name="testLocalOrVirtualConstructor" time="0.001" classname="org.artifactory.repo.RepoDetailsTest"/>
  <testcase name="testRemoteConstructor" time="0.000" classname="org.artifactory.repo.RepoDetailsTest"/>
  <testcase name="testDefaultConstructor" time="0.000" classname="org.artifactory.repo.RepoDetailsTest"/>
</testsuite> <!-- org.artifactory.repo.RepoDetailsTest -->
