<?xml version="1.0" encoding="UTF-8"?>
<!-- Generated by org.testng.reporters.JUnitReportReporter -->
<testsuite hostname="pond.jfrog.org" name="org.artifactory.maven.MavenNamingTest" tests="31" failures="0" timestamp="13 May 2013 13:11:31 GMT" time="0.028" errors="0">
  <testcase name="artifactWithMultipleArtifactIds" time="0.001" classname="org.artifactory.maven.MavenNamingTest"/>
  <testcase name="artifactWithClassifier" time="0.001" classname="org.artifactory.maven.MavenNamingTest"/>
  <testcase name="isSnapshotMavenMetadata" time="0.000" classname="org.artifactory.maven.MavenNamingTest"/>
  <testcase name="artifactWithMultipleArtifactIds" time="0.002" classname="org.artifactory.maven.MavenNamingTest"/>
  <testcase name="artifactWithAlphaNumericVersion" time="0.000" classname="org.artifactory.maven.MavenNamingTest"/>
  <testcase name="artifactWithMultipleArtifactIds" time="0.000" classname="org.artifactory.maven.MavenNamingTest"/>
  <testcase name="artifactWithAlphaNumberArtifactId" time="0.002" classname="org.artifactory.maven.MavenNamingTest"/>
  <testcase name="isNonUniqueSnapshotVersion" time="0.000" classname="org.artifactory.maven.MavenNamingTest"/>
  <testcase name="artifactWithNumericClassifier" time="0.001" classname="org.artifactory.maven.MavenNamingTest"/>
  <testcase name="testUniqueVersionTimestamp" time="0.001" classname="org.artifactory.maven.MavenNamingTest"/>
  <testcase name="artifactWithAlphaNumberArtifactId" time="0.001" classname="org.artifactory.maven.MavenNamingTest"/>
  <testcase name="uniqueSnapshotVersionBaseVersion" time="0.001" classname="org.artifactory.maven.MavenNamingTest"/>
  <testcase name="pathWithCompositeFileExtension" time="0.002" classname="org.artifactory.maven.MavenNamingTest"/>
  <testcase name="artifactWithShortExtension" time="0.002" classname="org.artifactory.maven.MavenNamingTest"/>
  <testcase name="artifactWithMultipleArtifactIds" time="0.000" classname="org.artifactory.maven.MavenNamingTest"/>
  <testcase name="artifactWithAlphaNumberArtifactId" time="0.002" classname="org.artifactory.maven.MavenNamingTest"/>
  <testcase name="isMavenMetadataChecksum" time="0.001" classname="org.artifactory.maven.MavenNamingTest"/>
  <testcase name="artifactWithPath" time="0.001" classname="org.artifactory.maven.MavenNamingTest"/>
  <testcase name="testUniqueVersionTimestampAndBuildNumber" time="0.000" classname="org.artifactory.maven.MavenNamingTest"/>
  <testcase name="artifactWithLongExtension" time="0.001" classname="org.artifactory.maven.MavenNamingTest"/>
  <testcase name="artifactWithMultipleArtifactIds" time="0.001" classname="org.artifactory.maven.MavenNamingTest"/>
  <testcase name="isMetadata" time="0.001" classname="org.artifactory.maven.MavenNamingTest"/>
  <testcase name="artifactWithNumericArtifactId" time="0.001" classname="org.artifactory.maven.MavenNamingTest"/>
  <testcase name="testIsClientOrServerPom" time="0.002" classname="org.artifactory.maven.MavenNamingTest"/>
  <testcase name="getArtifactInfo" time="0.000" classname="org.artifactory.maven.MavenNamingTest"/>
  <testcase name="testIsNonUniqueSnapshotFilePath" time="0.000" classname="org.artifactory.maven.MavenNamingTest"/>
  <testcase name="artifactWithAlphaNumericClassifier" time="0.000" classname="org.artifactory.maven.MavenNamingTest"/>
  <testcase name="testUniqueSnapshotVersionBuildNumber" time="0.001" classname="org.artifactory.maven.MavenNamingTest"/>
  <testcase name="artifactWithNoClassifier" time="0.001" classname="org.artifactory.maven.MavenNamingTest"/>
  <testcase name="testIsVersionUniqueSnapshot" time="0.002" classname="org.artifactory.maven.MavenNamingTest"/>
  <testcase name="artifactWithAlphaNumericClassifier" time="0.000" classname="org.artifactory.maven.MavenNamingTest"/>
</testsuite> <!-- org.artifactory.maven.MavenNamingTest -->
