<?xml version="1.0" encoding="UTF-8"?>
<!-- Generated by org.testng.reporters.JUnitReportReporter -->
<testsuite hostname="pond.jfrog.org" name="org.artifactory.api.config.ExportSettingsTest" tests="2" failures="0" timestamp="13 May 2013 13:11:10 GMT" time="0.016" errors="0">
  <testcase name="fileConstructor" time="0.000" classname="org.artifactory.api.config.ExportSettingsTest"/>
  <testcase name="copyConstructor" time="0.016" classname="org.artifactory.api.config.ExportSettingsTest"/>
</testsuite> <!-- org.artifactory.api.config.ExportSettingsTest -->
