<?xml version="1.0" encoding="UTF-8"?>
<!-- Generated by org.testng.reporters.JUnitReportReporter -->
<testsuite hostname="eli-mpb-4.local" name="org.artifactory.api.config.ExportSettingsTest" tests="2" failures="0" timestamp="27 Nov 2014 18:03:00 GMT" time="0.014" errors="0">
  <testcase name="copyConstructor" time="0.014" classname="org.artifactory.api.config.ExportSettingsTest"/>
  <testcase name="fileConstructor" time="0.000" classname="org.artifactory.api.config.ExportSettingsTest"/>
</testsuite> <!-- org.artifactory.api.config.ExportSettingsTest -->
