<?xml version="1.0" encoding="UTF-8"?>
<!-- Generated by org.testng.reporters.JUnitReportReporter -->
<testsuite hostname="pond.jfrog.org" name="org.artifactory.api.mime.NamingUtilsTest" tests="5" failures="0" timestamp="13 May 2013 13:11:10 GMT" time="0.006" errors="0">
  <testcase name="testJavaSourceNameFromClassName" time="0.003" classname="org.artifactory.api.mime.NamingUtilsTest"/>
  <testcase name="testIsMetadata" time="0.002" classname="org.artifactory.api.mime.NamingUtilsTest"/>
  <testcase name="testIsProperties" time="0.000" classname="org.artifactory.api.mime.NamingUtilsTest"/>
  <testcase name="testIsMetadataChecksum" time="0.000" classname="org.artifactory.api.mime.NamingUtilsTest"/>
  <testcase name="testIsViewable" time="0.001" classname="org.artifactory.api.mime.NamingUtilsTest"/>
</testsuite> <!-- org.artifactory.api.mime.NamingUtilsTest -->
