<?xml version="1.0" encoding="UTF-8"?>
<!-- Generated by org.testng.reporters.JUnitReportReporter -->
<testsuite hostname="eli-mpb-4.local" name="org.artifactory.addon.layouts.translate.ChecksumTranslatorFilterTest" tests="3" failures="0" timestamp="27 Nov 2014 18:03:00 GMT" time="0.029" errors="0">
  <testcase name="testInvalidPaths" time="0.027" classname="org.artifactory.addon.layouts.translate.ChecksumTranslatorFilterTest"/>
  <testcase name="testValidMd5Test" time="0.002" classname="org.artifactory.addon.layouts.translate.ChecksumTranslatorFilterTest"/>
  <testcase name="testValidSha1Test" time="0.000" classname="org.artifactory.addon.layouts.translate.ChecksumTranslatorFilterTest"/>
</testsuite> <!-- org.artifactory.addon.layouts.translate.ChecksumTranslatorFilterTest -->
