<?xml version="1.0" encoding="UTF-8"?>
<!-- Generated by org.testng.reporters.JUnitReportReporter -->
<testsuite hostname="pond.jfrog.org" name="org.artifactory.api.module.SpringIvyModuleInfoUtilsTest" tests="5" failures="0" timestamp="13 May 2013 13:11:10 GMT" time="0.006" errors="0">
  <testcase name="testSpringBundlesRelease" time="0.001" classname="org.artifactory.api.module.SpringIvyModuleInfoUtilsTest"/>
  <testcase name="testSpringBundlesSnapshot1" time="0.001" classname="org.artifactory.api.module.SpringIvyModuleInfoUtilsTest"/>
  <testcase name="testSpringBundlesMilestone" time="0.001" classname="org.artifactory.api.module.SpringIvyModuleInfoUtilsTest"/>
  <testcase name="testSpringBundlesExternal" time="0.002" classname="org.artifactory.api.module.SpringIvyModuleInfoUtilsTest"/>
  <testcase name="testSpringBundlesSnapshot2" time="0.001" classname="org.artifactory.api.module.SpringIvyModuleInfoUtilsTest"/>
</testsuite> <!-- org.artifactory.api.module.SpringIvyModuleInfoUtilsTest -->
