<?xml version="1.0" encoding="UTF-8"?>
<!-- Generated by org.testng.reporters.JUnitReportReporter -->
<testsuite hostname="pond.jfrog.org" name="org.artifactory.api.module.GradleModuleInfoUtilsTest" tests="16" failures="0" timestamp="13 May 2013 13:11:10 GMT" time="0.052" errors="0">
  <testcase name="testSuperLongIntegrationWithClassifier" time="0.003" classname="org.artifactory.api.module.GradleModuleInfoUtilsTest"/>
  <testcase name="testIntegration" time="0.004" classname="org.artifactory.api.module.GradleModuleInfoUtilsTest"/>
  <testcase name="testIntegrationChecksum" time="0.004" classname="org.artifactory.api.module.GradleModuleInfoUtilsTest"/>
  <testcase name="testSuperLongRelease" time="0.004" classname="org.artifactory.api.module.GradleModuleInfoUtilsTest"/>
  <testcase name="testRelease" time="0.003" classname="org.artifactory.api.module.GradleModuleInfoUtilsTest"/>
  <testcase name="testSuperLongIntegrationChecksum" time="0.004" classname="org.artifactory.api.module.GradleModuleInfoUtilsTest"/>
  <testcase name="testSuperLongReleaseChecksumWithClassifier" time="0.003" classname="org.artifactory.api.module.GradleModuleInfoUtilsTest"/>
  <testcase name="testReleaseWithClassifier" time="0.002" classname="org.artifactory.api.module.GradleModuleInfoUtilsTest"/>
  <testcase name="testIntegrationWithClassifier" time="0.003" classname="org.artifactory.api.module.GradleModuleInfoUtilsTest"/>
  <testcase name="testIntegrationChecksumWithClassifier" time="0.003" classname="org.artifactory.api.module.GradleModuleInfoUtilsTest"/>
  <testcase name="testSuperLongIntegrationChecksumWithClassifier" time="0.003" classname="org.artifactory.api.module.GradleModuleInfoUtilsTest"/>
  <testcase name="testSuperLongReleaseWithClassifier" time="0.003" classname="org.artifactory.api.module.GradleModuleInfoUtilsTest"/>
  <testcase name="testReleaseChecksumWithClassifier" time="0.003" classname="org.artifactory.api.module.GradleModuleInfoUtilsTest"/>
  <testcase name="testReleaseChecksum" time="0.003" classname="org.artifactory.api.module.GradleModuleInfoUtilsTest"/>
  <testcase name="testSuperLongIntegration" time="0.004" classname="org.artifactory.api.module.GradleModuleInfoUtilsTest"/>
  <testcase name="testSuperLongReleaseChecksum" time="0.003" classname="org.artifactory.api.module.GradleModuleInfoUtilsTest"/>
</testsuite> <!-- org.artifactory.api.module.GradleModuleInfoUtilsTest -->
