<?xml version="1.0" encoding="UTF-8"?>
<!-- Generated by org.testng.reporters.JUnitReportReporter -->
<testsuite hostname="pond.jfrog.org" name="org.artifactory.addon.layouts.translate.MetadataTranslatorFilterTest" tests="2" failures="0" timestamp="13 May 2013 13:11:10 GMT" time="0.003" errors="0">
  <testcase name="testValidMetadataTest" time="0.002" classname="org.artifactory.addon.layouts.translate.MetadataTranslatorFilterTest"/>
  <testcase name="testInvalidPaths" time="0.001" classname="org.artifactory.addon.layouts.translate.MetadataTranslatorFilterTest"/>
</testsuite> <!-- org.artifactory.addon.layouts.translate.MetadataTranslatorFilterTest -->
