<?xml version="1.0" encoding="UTF-8"?>
<!-- Generated by org.testng.reporters.JUnitReportReporter -->
<testsuite hostname="pond.jfrog.org" name="org.artifactory.api.module.Maven23ModuleInfoUtilsTest" tests="17" failures="0" timestamp="13 May 2013 13:11:10 GMT" time="0.065" errors="0">
  <testcase name="testSuperLongUniqueSnapshotWithClassifier" time="0.003" classname="org.artifactory.api.module.Maven23ModuleInfoUtilsTest"/>
  <testcase name="testSuperLongUniqueSnapshot" time="0.003" classname="org.artifactory.api.module.Maven23ModuleInfoUtilsTest"/>
  <testcase name="testSuperLongReleaseWithClassifier" time="0.002" classname="org.artifactory.api.module.Maven23ModuleInfoUtilsTest"/>
  <testcase name="testReleaseChecksumWithClassifier" time="0.002" classname="org.artifactory.api.module.Maven23ModuleInfoUtilsTest"/>
  <testcase name="testReleaseChecksum" time="0.002" classname="org.artifactory.api.module.Maven23ModuleInfoUtilsTest"/>
  <testcase name="testSuperLongReleaseChecksum" time="0.003" classname="org.artifactory.api.module.Maven23ModuleInfoUtilsTest"/>
  <testcase name="testNonUniqueSnapshotWithClassifier" time="0.002" classname="org.artifactory.api.module.Maven23ModuleInfoUtilsTest"/>
  <testcase name="testUniqueSnapshot" time="0.002" classname="org.artifactory.api.module.Maven23ModuleInfoUtilsTest"/>
  <testcase name="testSuperLongNonUniqueSnapshot" time="0.004" classname="org.artifactory.api.module.Maven23ModuleInfoUtilsTest"/>
  <testcase name="testUniqueSnapshotWithClassifier" time="0.002" classname="org.artifactory.api.module.Maven23ModuleInfoUtilsTest"/>
  <testcase name="testReleaseWithClassifier" time="0.001" classname="org.artifactory.api.module.Maven23ModuleInfoUtilsTest"/>
  <testcase name="testClassifierWithDots" time="0.025" classname="org.artifactory.api.module.Maven23ModuleInfoUtilsTest"/>
  <testcase name="testSuperLongNonUniqueSnapshotWithClassifier" time="0.004" classname="org.artifactory.api.module.Maven23ModuleInfoUtilsTest"/>
  <testcase name="testRelease" time="0.002" classname="org.artifactory.api.module.Maven23ModuleInfoUtilsTest"/>
  <testcase name="testNonUniqueSnapshot" time="0.002" classname="org.artifactory.api.module.Maven23ModuleInfoUtilsTest"/>
  <testcase name="testSuperLongReleaseChecksumWithClassifier" time="0.002" classname="org.artifactory.api.module.Maven23ModuleInfoUtilsTest"/>
  <testcase name="testSuperLongRelease" time="0.004" classname="org.artifactory.api.module.Maven23ModuleInfoUtilsTest"/>
</testsuite> <!-- org.artifactory.api.module.Maven23ModuleInfoUtilsTest -->
