<?xml version="1.0" encoding="UTF-8"?>
<!-- Generated by org.testng.reporters.JUnitReportReporter -->
<testsuite hostname="eli-mpb-4.local" name="org.artifactory.api.module.ModuleInfoTest" tests="4" failures="0" timestamp="27 Nov 2014 18:03:00 GMT" time="0.001" errors="0">
  <testcase name="testMinimalInfo" time="0.000" classname="org.artifactory.api.module.ModuleInfoTest"/>
  <testcase name="testPartialInfo" time="0.000" classname="org.artifactory.api.module.ModuleInfoTest"/>
  <testcase name="testDefaultConstructor" time="0.001" classname="org.artifactory.api.module.ModuleInfoTest"/>
  <testcase name="testFullInfo" time="0.000" classname="org.artifactory.api.module.ModuleInfoTest"/>
</testsuite> <!-- org.artifactory.api.module.ModuleInfoTest -->
