<?xml version="1.0" encoding="UTF-8"?>
<!-- Generated by org.testng.reporters.JUnitReportReporter -->
<testsuite hostname="eli-mpb-4.local" name="org.artifactory.api.rest.search.result.PatternResultFileSetTest" tests="5" failures="0" timestamp="27 Nov 2014 18:03:00 GMT" time="0.000" errors="0">
  <testcase name="testSetters" time="0.000" classname="org.artifactory.api.rest.search.result.PatternResultFileSetTest"/>
  <testcase name="testDefaultConstructor" time="0.000" classname="org.artifactory.api.rest.search.result.PatternResultFileSetTest"/>
  <testcase name="testFullConstructor" time="0.000" classname="org.artifactory.api.rest.search.result.PatternResultFileSetTest"/>
  <testcase name="testNoFilesConstructor" time="0.000" classname="org.artifactory.api.rest.search.result.PatternResultFileSetTest"/>
  <testcase name="testAddMethod" time="0.000" classname="org.artifactory.api.rest.search.result.PatternResultFileSetTest"/>
</testsuite> <!-- org.artifactory.api.rest.search.result.PatternResultFileSetTest -->
