<?xml version="1.0" encoding="UTF-8"?>
<!-- Generated by org.testng.reporters.JUnitReportReporter -->
<testsuite hostname="pond.jfrog.org" name="org.artifactory.api.module.SpringMaven23ModuleInfoUtilsTest" tests="5" failures="0" timestamp="13 May 2013 13:11:10 GMT" time="0.005" errors="0">
  <testcase name="testSpringBundles" time="0.001" classname="org.artifactory.api.module.SpringMaven23ModuleInfoUtilsTest"/>
  <testcase name="testSpringDistMilestone" time="0.001" classname="org.artifactory.api.module.SpringMaven23ModuleInfoUtilsTest"/>
  <testcase name="testSpringDistSnapshot" time="0.001" classname="org.artifactory.api.module.SpringMaven23ModuleInfoUtilsTest"/>
  <testcase name="testSpringArtifacts" time="0.001" classname="org.artifactory.api.module.SpringMaven23ModuleInfoUtilsTest"/>
  <testcase name="testSpringDistRelease" time="0.001" classname="org.artifactory.api.module.SpringMaven23ModuleInfoUtilsTest"/>
</testsuite> <!-- org.artifactory.api.module.SpringMaven23ModuleInfoUtilsTest -->
