<?xml version="1.0" encoding="UTF-8"?>
<!-- Generated by org.testng.reporters.JUnitReportReporter -->
<testsuite hostname="pond.jfrog.org" name="org.artifactory.api.mail.MailServerConfigurationTest" tests="4" failures="0" timestamp="13 May 2013 13:11:10 GMT" time="0.002" errors="0">
  <testcase name="testDefaultMailServerDescriptorConstructor" time="0.002" classname="org.artifactory.api.mail.MailServerConfigurationTest"/>
  <testcase name="testNullMailServerDescriptorConstructor" time="0.000" classname="org.artifactory.api.mail.MailServerConfigurationTest"/>
  <testcase name="testMailServerDescriptorConstructor" time="0.000" classname="org.artifactory.api.mail.MailServerConfigurationTest"/>
  <testcase name="testMainConstructor" time="0.000" classname="org.artifactory.api.mail.MailServerConfigurationTest"/>
</testsuite> <!-- org.artifactory.api.mail.MailServerConfigurationTest -->
