<?xml version="1.0" encoding="UTF-8"?>
<!-- Generated by org.testng.reporters.JUnitReportReporter -->
<testsuite hostname="eli-mpb-4.local" name="org.artifactory.descriptor.config.CentralConfigReadWriteTest" tests="4" failures="0" timestamp="27 Nov 2014 18:02:53 GMT" time="0.551" errors="0">
  <testcase name="defaultConfigElements" time="0.347" classname="org.artifactory.descriptor.config.CentralConfigReadWriteTest"/>
  <testcase name="writeCentralConfig" time="0.053" classname="org.artifactory.descriptor.config.CentralConfigReadWriteTest"/>
  <testcase name="writeW3cSchema" time="0.055" classname="org.artifactory.descriptor.config.CentralConfigReadWriteTest"/>
  <testcase name="readWrittenCentralConfig" time="0.096" classname="org.artifactory.descriptor.config.CentralConfigReadWriteTest"/>
</testsuite> <!-- org.artifactory.descriptor.config.CentralConfigReadWriteTest -->
