<?xml version="1.0" encoding="UTF-8"?>
<!-- Generated by org.testng.reporters.JUnitReportReporter -->
<testsuite hostname="pond.jfrog.org" name="org.artifactory.descriptor.backup.BackupDescriptorTest" tests="2" failures="0" timestamp="13 May 2013 13:10:47 GMT" time="0.002" errors="0">
  <testcase name="testSameTaskDefinition" time="0.001" classname="org.artifactory.descriptor.backup.BackupDescriptorTest"/>
  <testcase name="defaultConstructor" time="0.001" classname="org.artifactory.descriptor.backup.BackupDescriptorTest"/>
</testsuite> <!-- org.artifactory.descriptor.backup.BackupDescriptorTest -->
