<?xml version="1.0" encoding="UTF-8"?>
<!-- Generated by org.testng.reporters.JUnitReportReporter -->
<testsuite hostname="eli-mpb-4.local" name="org.artifactory.descriptor.security.sso.HttpSsoSettingsTest" tests="1" failures="0" timestamp="27 Nov 2014 18:02:53 GMT" time="0.001" errors="0">
  <testcase name="testDefaultConstructor" time="0.001" classname="org.artifactory.descriptor.security.sso.HttpSsoSettingsTest"/>
</testsuite> <!-- org.artifactory.descriptor.security.sso.HttpSsoSettingsTest -->
