<?xml version="1.0" encoding="UTF-8"?>
<!-- Generated by org.testng.reporters.JUnitReportReporter -->
<testsuite hostname="pond.jfrog.org" name="org.artifactory.logging.version.v1.LogbackConfigSwapperTest" tests="1" failures="0" timestamp="13 May 2013 13:10:47 GMT" time="0.006" errors="0">
  <testcase name="testSwap" time="0.006" classname="org.artifactory.logging.version.v1.LogbackConfigSwapperTest"/>
</testsuite> <!-- org.artifactory.logging.version.v1.LogbackConfigSwapperTest -->
