<?xml version="1.0" encoding="UTF-8"?>
<!-- Generated by org.testng.reporters.JUnitReportReporter -->
<testsuite hostname="eli-mpb-4.local" name="org.artifactory.DefaultConfigLayoutTest" tests="4" failures="0" timestamp="27 Nov 2014 18:02:53 GMT" time="0.004" errors="0">
  <testcase name="testConfigV148NotAutoFormatted" time="0.001" classname="org.artifactory.DefaultConfigLayoutTest"/>
  <testcase name="testConfigV149NotAutoFormatted" time="0.001" classname="org.artifactory.DefaultConfigLayoutTest"/>
  <testcase name="testDefaultConfigXmlNotAutoFormatted" time="0.001" classname="org.artifactory.DefaultConfigLayoutTest"/>
  <testcase name="testConfigV147NotAutoFormatted" time="0.001" classname="org.artifactory.DefaultConfigLayoutTest"/>
</testsuite> <!-- org.artifactory.DefaultConfigLayoutTest -->
