<?xml version="1.0" encoding="UTF-8"?>
<!-- Generated by org.testng.reporters.JUnitReportReporter -->
<testsuite hostname="eli-mpb-4.local" name="org.artifactory.version.ArtifactoryVersionReaderTest" tests="7" failures="0" timestamp="27 Nov 2014 18:02:53 GMT" time="0.003" errors="0">
  <testcase name="readDevelopmentVersion" time="0.001" classname="org.artifactory.version.ArtifactoryVersionReaderTest"/>
  <testcase name="readFromStreamNoTimestamp" time="0.000" classname="org.artifactory.version.ArtifactoryVersionReaderTest"/>
  <testcase name="readCurrentVersion" time="0.000" classname="org.artifactory.version.ArtifactoryVersionReaderTest"/>
  <testcase name="notExistingFutureVersion" time="0.002" classname="org.artifactory.version.ArtifactoryVersionReaderTest"/>
  <testcase name="readFromFileNoTimestamp" time="0.000" classname="org.artifactory.version.ArtifactoryVersionReaderTest"/>
  <testcase name="failIfNullStream" time="0.000" classname="org.artifactory.version.ArtifactoryVersionReaderTest"/>
  <testcase name="readFromStreamWithTimestamp" time="0.000" classname="org.artifactory.version.ArtifactoryVersionReaderTest"/>
</testsuite> <!-- org.artifactory.version.ArtifactoryVersionReaderTest -->
