<?xml version="1.0" encoding="UTF-8"?>
<!-- Generated by org.testng.reporters.JUnitReportReporter -->
<testsuite hostname="pond.jfrog.org" name="org.artifactory.descriptor.config.CentralConfigReadWriteTest" tests="4" failures="0" timestamp="13 May 2013 13:10:47 GMT" time="1.075" errors="0">
  <testcase name="writeW3cSchema" time="0.111" classname="org.artifactory.descriptor.config.CentralConfigReadWriteTest"/>
  <testcase name="readWrittenCentralConfig" time="0.046" classname="org.artifactory.descriptor.config.CentralConfigReadWriteTest"/>
  <testcase name="writeCentralConfig" time="0.092" classname="org.artifactory.descriptor.config.CentralConfigReadWriteTest"/>
  <testcase name="defaultConfigElements" time="0.826" classname="org.artifactory.descriptor.config.CentralConfigReadWriteTest"/>
</testsuite> <!-- org.artifactory.descriptor.config.CentralConfigReadWriteTest -->
