<?xml version="1.0" encoding="UTF-8"?>
<!-- Generated by org.testng.reporters.JUnitReportReporter -->
<testsuite hostname="pond.jfrog.org" name="org.artifactory.version.ConfigXmlConversionTest" tests="23" failures="0" timestamp="13 May 2013 13:10:47 GMT" time="1.541" errors="0">
  <testcase name="convert100NoBackupCron" time="0.050" classname="org.artifactory.version.ConfigXmlConversionTest"/>
  <testcase name="convert134Install" time="0.054" classname="org.artifactory.version.ConfigXmlConversionTest"/>
  <testcase name="convert135Install" time="0.049" classname="org.artifactory.version.ConfigXmlConversionTest"/>
  <testcase name="convert132Install" time="0.055" classname="org.artifactory.version.ConfigXmlConversionTest"/>
  <testcase name="convert140DefaultProxy" time="0.169" classname="org.artifactory.version.ConfigXmlConversionTest"/>
  <testcase name="convert120" time="0.114" classname="org.artifactory.version.ConfigXmlConversionTest"/>
  <testcase name="convert132WithNoSchemaLocation" time="0.054" classname="org.artifactory.version.ConfigXmlConversionTest"/>
  <testcase name="convert141" time="0.054" classname="org.artifactory.version.ConfigXmlConversionTest"/>
  <testcase name="convert135ProxyWithDomain" time="0.048" classname="org.artifactory.version.ConfigXmlConversionTest"/>
  <testcase name="convert132Custom" time="0.057" classname="org.artifactory.version.ConfigXmlConversionTest"/>
  <testcase name="convert143custom" time="0.054" classname="org.artifactory.version.ConfigXmlConversionTest"/>
  <testcase name="convert1412custom" time="0.043" classname="org.artifactory.version.ConfigXmlConversionTest"/>
  <testcase name="convert143" time="0.050" classname="org.artifactory.version.ConfigXmlConversionTest"/>
  <testcase name="convert130" time="0.115" classname="org.artifactory.version.ConfigXmlConversionTest"/>
  <testcase name="convert141Custom" time="0.050" classname="org.artifactory.version.ConfigXmlConversionTest"/>
  <testcase name="configVersionSanityCheck" time="0.001" classname="org.artifactory.version.ConfigXmlConversionTest"/>
  <testcase name="convert146" time="0.058" classname="org.artifactory.version.ConfigXmlConversionTest"/>
  <testcase name="convert131" time="0.111" classname="org.artifactory.version.ConfigXmlConversionTest"/>
  <testcase name="convert150custom" time="0.040" classname="org.artifactory.version.ConfigXmlConversionTest"/>
  <testcase name="convert143WithServerId" time="0.050" classname="org.artifactory.version.ConfigXmlConversionTest"/>
  <testcase name="convert110" time="0.113" classname="org.artifactory.version.ConfigXmlConversionTest"/>
  <testcase name="convert100" time="0.110" classname="org.artifactory.version.ConfigXmlConversionTest"/>
  <testcase name="convert142Custom" time="0.042" classname="org.artifactory.version.ConfigXmlConversionTest"/>
</testsuite> <!-- org.artifactory.version.ConfigXmlConversionTest -->
