<?xml version="1.0" encoding="UTF-8"?>
<!-- Generated by org.testng.reporters.JUnitReportReporter -->
<testsuite hostname="pond.jfrog.org" name="org.artifactory.version.converter.v1414.ArchiveBrowsingConverterTest" tests="2" failures="0" timestamp="13 May 2013 13:10:47 GMT" time="0.117" errors="0">
  <testcase name="convertWithArchiveBrowsing" time="0.053" classname="org.artifactory.version.converter.v1414.ArchiveBrowsingConverterTest"/>
  <testcase name="convertDefault" time="0.064" classname="org.artifactory.version.converter.v1414.ArchiveBrowsingConverterTest"/>
</testsuite> <!-- org.artifactory.version.converter.v1414.ArchiveBrowsingConverterTest -->
