<?xml version="1.0" encoding="UTF-8"?>
<!-- Generated by org.testng.reporters.JUnitReportReporter -->
<testsuite hostname="eli-mpb-4.local" name="org.artifactory.mime.version.MimeTypesVersionTest" tests="5" failures="0" timestamp="27 Nov 2014 18:02:53 GMT" time="0.033" errors="0">
  <testcase name="findVersion1" time="0.000" classname="org.artifactory.mime.version.MimeTypesVersionTest"/>
  <testcase name="convertVersion1" time="0.015" classname="org.artifactory.mime.version.MimeTypesVersionTest"/>
  <testcase name="convertVersion2" time="0.017" classname="org.artifactory.mime.version.MimeTypesVersionTest"/>
  <testcase name="versionString" time="0.000" classname="org.artifactory.mime.version.MimeTypesVersionTest"/>
  <testcase name="findNonExistentVersion" time="0.001" classname="org.artifactory.mime.version.MimeTypesVersionTest"/>
</testsuite> <!-- org.artifactory.mime.version.MimeTypesVersionTest -->
