<?xml version="1.0" encoding="UTF-8"?>
<!-- Generated by org.testng.reporters.JUnitReportReporter -->
<testsuite hostname="pond.jfrog.org" name="org.artifactory.logging.version.v4.PublicApiPackageChangeLoggerConverterTest" tests="1" failures="0" timestamp="13 May 2013 13:10:47 GMT" time="0.005" errors="0">
  <testcase name="testStatusHolderPackageConversion" time="0.005" classname="org.artifactory.logging.version.v4.PublicApiPackageChangeLoggerConverterTest"/>
</testsuite> <!-- org.artifactory.logging.version.v4.PublicApiPackageChangeLoggerConverterTest -->
