<?xml version="1.0" encoding="UTF-8"?>
<!-- Generated by org.testng.reporters.JUnitReportReporter -->
<testsuite hostname="eli-mpb-4.local" name="org.artifactory.descriptor.property.PropertySetTest" tests="3" failures="0" timestamp="27 Nov 2014 18:02:53 GMT" time="0.001" errors="0">
  <testcase name="defaultConstructor" time="0.000" classname="org.artifactory.descriptor.property.PropertySetTest"/>
  <testcase name="testUnequal" time="0.000" classname="org.artifactory.descriptor.property.PropertySetTest"/>
  <testcase name="testEqual" time="0.001" classname="org.artifactory.descriptor.property.PropertySetTest"/>
</testsuite> <!-- org.artifactory.descriptor.property.PropertySetTest -->
