<?xml version="1.0" encoding="UTF-8"?>
<!-- Generated by org.testng.reporters.JUnitReportReporter -->
<testsuite hostname="pond.jfrog.org" name="org.artifactory.logging.version.v3.LineNumberLayoutLoggerConverterTest" tests="1" failures="0" timestamp="13 May 2013 13:10:47 GMT" time="0.007" errors="0">
  <testcase name="testConversion" time="0.007" classname="org.artifactory.logging.version.v3.LineNumberLayoutLoggerConverterTest"/>
</testsuite> <!-- org.artifactory.logging.version.v3.LineNumberLayoutLoggerConverterTest -->
