<?xml version="1.0" encoding="UTF-8"?>
<!-- Generated by org.testng.reporters.JUnitReportReporter -->
<testsuite hostname="pond.jfrog.org" name="org.artifactory.DefaultConfigLayoutTest" tests="4" failures="0" timestamp="13 May 2013 13:10:47 GMT" time="0.001" errors="0">
  <testcase name="testConfigV147NotAutoFormatted" time="0.001" classname="org.artifactory.DefaultConfigLayoutTest"/>
  <testcase name="testConfigV148NotAutoFormatted" time="0.000" classname="org.artifactory.DefaultConfigLayoutTest"/>
  <testcase name="testConfigV149NotAutoFormatted" time="0.000" classname="org.artifactory.DefaultConfigLayoutTest"/>
  <testcase name="testDefaultConfigXmlNotAutoFormatted" time="0.000" classname="org.artifactory.DefaultConfigLayoutTest"/>
</testsuite> <!-- org.artifactory.DefaultConfigLayoutTest -->
