<?xml version="1.0" encoding="UTF-8"?>
<!-- Generated by org.testng.reporters.JUnitReportReporter -->
<testsuite hostname="pond.jfrog.org" name="org.artifactory.util.StringsTest" tests="7" failures="0" timestamp="13 May 2013 13:10:47 GMT" time="0.002" errors="0">
  <testcase name="maskEmpty" time="0.001" classname="org.artifactory.util.StringsTest"/>
  <testcase name="maskKeyValue" time="0.000" classname="org.artifactory.util.StringsTest"/>
  <testcase name="maskKeyValueEmpty" time="0.000" classname="org.artifactory.util.StringsTest"/>
  <testcase name="maskNull" time="0.000" classname="org.artifactory.util.StringsTest"/>
  <testcase name="maskString" time="0.000" classname="org.artifactory.util.StringsTest"/>
  <testcase name="maskKeyValueNull" time="0.001" classname="org.artifactory.util.StringsTest"/>
  <testcase name="maskKeyValueNoEquals" time="0.000" classname="org.artifactory.util.StringsTest"/>
</testsuite> <!-- org.artifactory.util.StringsTest -->
