<?xml version="1.0" encoding="UTF-8"?>
<!-- Generated by org.testng.reporters.JUnitReportReporter -->
<testsuite hostname="eli-mpb-4.local" name="org.artifactory.version.converter.v152.BlackduckConverterTest" tests="3" failures="0" timestamp="27 Nov 2014 18:02:53 GMT" time="0.026" errors="0">
  <testcase name="dontAddIfNoDefaultProxy" time="0.009" classname="org.artifactory.version.converter.v152.BlackduckConverterTest"/>
  <testcase name="noBlackduckSection" time="0.008" classname="org.artifactory.version.converter.v152.BlackduckConverterTest"/>
  <testcase name="addDefaultProxyTest" time="0.009" classname="org.artifactory.version.converter.v152.BlackduckConverterTest"/>
</testsuite> <!-- org.artifactory.version.converter.v152.BlackduckConverterTest -->
