<?xml version="1.0" encoding="UTF-8"?>
<!-- Generated by org.testng.reporters.JUnitReportReporter -->
<testsuite hostname="eli-mpb-4.local" name="org.artifactory.descriptor.replication.LocalReplicationDescriptorTest" tests="4" failures="0" timestamp="27 Nov 2014 18:02:53 GMT" time="0.000" errors="0">
  <testcase name="testDefaultValues" time="0.000" classname="org.artifactory.descriptor.replication.LocalReplicationDescriptorTest"/>
  <testcase name="testSetters" time="0.000" classname="org.artifactory.descriptor.replication.LocalReplicationDescriptorTest"/>
  <testcase name="testDefaultBaseValues" time="0.000" classname="org.artifactory.descriptor.replication.LocalReplicationDescriptorTest"/>
  <testcase name="testBaseSetters" time="0.000" classname="org.artifactory.descriptor.replication.LocalReplicationDescriptorTest"/>
</testsuite> <!-- org.artifactory.descriptor.replication.LocalReplicationDescriptorTest -->
