<?xml version="1.0" encoding="UTF-8"?>
<!-- Generated by org.testng.reporters.JUnitReportReporter -->
<testsuite hostname="pond.jfrog.org" name="org.artifactory.common.ArtifactoryPropertiesTest" tests="6" failures="0" timestamp="13 May 2013 13:10:47 GMT" time="0.010" errors="0">
  <testcase name="artifactoryVersion" time="0.002" classname="org.artifactory.common.ArtifactoryPropertiesTest"/>
  <testcase name="testLoadProps" time="0.002" classname="org.artifactory.common.ArtifactoryPropertiesTest"/>
  <testcase name="printArtifactorySystemFile" time="0.002" classname="org.artifactory.common.ArtifactoryPropertiesTest"/>
  <testcase name="defaultArtifactoryVersion" time="0.001" classname="org.artifactory.common.ArtifactoryPropertiesTest"/>
  <testcase name="systemPropsOverrideArtifactoryProperties" time="0.002" classname="org.artifactory.common.ArtifactoryPropertiesTest"/>
  <testcase name="testSystemProps" time="0.001" classname="org.artifactory.common.ArtifactoryPropertiesTest"/>
</testsuite> <!-- org.artifactory.common.ArtifactoryPropertiesTest -->
