<?xml version="1.0" encoding="UTF-8"?>
<!-- Generated by org.testng.reporters.JUnitReportReporter -->
<testsuite hostname="pond.jfrog.org" name="org.artifactory.descriptor.repo.VirtualRepoDescriptorTest" tests="2" failures="0" timestamp="13 May 2013 13:10:47 GMT" time="0.002" errors="0">
  <testcase name="identicalCache" time="0.002" classname="org.artifactory.descriptor.repo.VirtualRepoDescriptorTest"/>
  <testcase name="defaultConstructor" time="0.000" classname="org.artifactory.descriptor.repo.VirtualRepoDescriptorTest"/>
</testsuite> <!-- org.artifactory.descriptor.repo.VirtualRepoDescriptorTest -->
