<?xml version="1.0" encoding="UTF-8"?>
<!-- Generated by org.testng.reporters.JUnitReportReporter -->
<testsuite hostname="pond.jfrog.org" name="org.artifactory.util.FilesTest" tests="4" failures="0" timestamp="13 May 2013 13:10:47 GMT" time="0.017" errors="0">
  <testcase name="cleanupEmptyDirectoriesEmptyDir" time="0.001" classname="org.artifactory.util.FilesTest"/>
  <testcase name="cleanupEmptyDirectoriesDirWithEmptyNestedDirectories" time="0.003" classname="org.artifactory.util.FilesTest"/>
  <testcase name="cleanupEmptyDirectoriesDirWithFiles" time="0.002" classname="org.artifactory.util.FilesTest"/>
  <testcase name="cleanupEmptyDirectoriesNonExistentDir" time="0.011" classname="org.artifactory.util.FilesTest"/>
</testsuite> <!-- org.artifactory.util.FilesTest -->
