<?xml version="1.0" encoding="UTF-8"?>
<!-- Generated by org.testng.reporters.JUnitReportReporter -->
<testsuite hostname="pond.jfrog.org" name="org.artifactory.descriptor.replication.RemoteReplicationDescriptorTest" tests="2" failures="0" timestamp="13 May 2013 13:10:47 GMT" time="0.001" errors="0">
  <testcase name="testBaseSetters" time="0.000" classname="org.artifactory.descriptor.replication.RemoteReplicationDescriptorTest"/>
  <testcase name="testDefaultBaseValues" time="0.001" classname="org.artifactory.descriptor.replication.RemoteReplicationDescriptorTest"/>
</testsuite> <!-- org.artifactory.descriptor.replication.RemoteReplicationDescriptorTest -->
