<?xml version="1.0" encoding="UTF-8"?>
<!-- Generated by org.testng.reporters.JUnitReportReporter -->
<testsuite hostname="pond.jfrog.org" name="org.artifactory.mime.MimeTypesReaderTest" tests="4" failures="0" timestamp="13 May 2013 13:10:47 GMT" time="0.048" errors="0">
  <testcase name="checkArchiveMime" time="0.001" classname="org.artifactory.mime.MimeTypesReaderTest"/>
  <testcase name="readConvertVersion1" time="0.015" classname="org.artifactory.mime.MimeTypesReaderTest"/>
  <testcase name="versionsRead" time="0.029" classname="org.artifactory.mime.MimeTypesReaderTest"/>
  <testcase name="trimmedFileExtensions" time="0.003" classname="org.artifactory.mime.MimeTypesReaderTest"/>
</testsuite> <!-- org.artifactory.mime.MimeTypesReaderTest -->
