<?xml version="1.0" encoding="UTF-8"?>
<!-- Generated by org.testng.reporters.JUnitReportReporter -->
<testsuite hostname="pond.jfrog.org" name="org.artifactory.version.converter.v1410.GcSystemPropertyConverterTest" tests="1" failures="0" timestamp="13 May 2013 13:10:47 GMT" time="0.004" errors="0">
  <testcase name="testCreateDefaultGcInterval" time="0.004" classname="org.artifactory.version.converter.v1410.GcSystemPropertyConverterTest"/>
</testsuite> <!-- org.artifactory.version.converter.v1410.GcSystemPropertyConverterTest -->
