<?xml version="1.0" encoding="UTF-8"?>
<!-- Generated by org.testng.reporters.JUnitReportReporter -->
<testsuite hostname="eli-mpb-4.local" name="org.artifactory.mime.MimeTypesReaderTest" tests="5" failures="0" timestamp="27 Nov 2014 18:02:53 GMT" time="0.089" errors="0">
  <testcase name="versionsRead" time="0.060" classname="org.artifactory.mime.MimeTypesReaderTest"/>
  <testcase name="readConvertVersion5" time="0.015" classname="org.artifactory.mime.MimeTypesReaderTest"/>
  <testcase name="trimmedFileExtensions" time="0.000" classname="org.artifactory.mime.MimeTypesReaderTest"/>
  <testcase name="checkArchiveMime" time="0.000" classname="org.artifactory.mime.MimeTypesReaderTest"/>
  <testcase name="readConvertVersion1" time="0.014" classname="org.artifactory.mime.MimeTypesReaderTest"/>
</testsuite> <!-- org.artifactory.mime.MimeTypesReaderTest -->
