<?xml version="1.0" encoding="UTF-8"?>
<!-- Generated by org.testng.reporters.JUnitReportReporter -->
<testsuite hostname="eli-mpb-4.local" name="org.artifactory.config.CentralConfigServiceImplTest" tests="1" failures="0" timestamp="27 Nov 2014 18:03:58 GMT" time="0.034" errors="0">
  <testcase name="idRefsUseTheSameObject" time="0.034" classname="org.artifactory.config.CentralConfigServiceImplTest"/>
</testsuite> <!-- org.artifactory.config.CentralConfigServiceImplTest -->
