<?xml version="1.0" encoding="UTF-8"?>
<!-- Generated by org.testng.reporters.JUnitReportReporter -->
<testsuite hostname="eli-mpb-4.local" name="org.artifactory.security.SecurityServiceImplTest" tests="23" failures="0" timestamp="27 Nov 2014 18:03:58 GMT" time="0.026" errors="0">
  <testcase name="hasPermissionForGroupInfo" time="0.003" classname="org.artifactory.security.SecurityServiceImplTest"/>
  <testcase name="testUserHasPermissionsFromGroup" time="0.001" classname="org.artifactory.security.SecurityServiceImplTest"/>
  <testcase name="userPasswordMatches" time="0.000" classname="org.artifactory.security.SecurityServiceImplTest"/>
  <testcase name="permissionOnRemoteRoot" time="0.004" classname="org.artifactory.security.SecurityServiceImplTest"/>
  <testcase name="getDeployPermissionTargetsForUserWithDeployPermission" time="0.000" classname="org.artifactory.security.SecurityServiceImplTest"/>
  <testcase name="updateLastLoginWithNotExistingUserTest" time="0.000" classname="org.artifactory.security.SecurityServiceImplTest"/>
  <testcase name="userReadAndDeployPermissionsOnAnyLocal" time="0.001" classname="org.artifactory.security.SecurityServiceImplTest"/>
  <testcase name="groupPermissions" time="0.002" classname="org.artifactory.security.SecurityServiceImplTest"/>
  <testcase name="hasPermissionWithSpecificTarget" time="0.001" classname="org.artifactory.security.SecurityServiceImplTest"/>
  <testcase name="userReadAndDeployPermissionsOnAnyRemote" time="0.001" classname="org.artifactory.security.SecurityServiceImplTest"/>
  <testcase name="testUserHasPermissions" time="0.001" classname="org.artifactory.security.SecurityServiceImplTest"/>
  <testcase name="testSelectiveReload" time="0.001" classname="org.artifactory.security.SecurityServiceImplTest"/>
  <testcase name="getAllPermissionTargetsForUserWithNoPermission" time="0.000" classname="org.artifactory.security.SecurityServiceImplTest"/>
  <testcase name="isAdminOnAdminUser" time="0.000" classname="org.artifactory.security.SecurityServiceImplTest"/>
  <testcase name="userReadAndDeployPermissions" time="0.002" classname="org.artifactory.security.SecurityServiceImplTest"/>
  <testcase name="isAdminOnSimpleUser" time="0.001" classname="org.artifactory.security.SecurityServiceImplTest"/>
  <testcase name="spidermanCanDoAnything" time="0.001" classname="org.artifactory.security.SecurityServiceImplTest"/>
  <testcase name="adminRolePermissions" time="0.000" classname="org.artifactory.security.SecurityServiceImplTest"/>
  <testcase name="testUserLastLoginTimeUpdateBuffer" time="0.002" classname="org.artifactory.security.SecurityServiceImplTest"/>
  <testcase name="getAllPermissionTargetsForAdminUser" time="0.002" classname="org.artifactory.security.SecurityServiceImplTest"/>
  <testcase name="userWithPermissionsToANonUniqueGroupName" time="0.001" classname="org.artifactory.security.SecurityServiceImplTest"/>
  <testcase name="userWithPermissionsToAGroupWithTheSameName" time="0.001" classname="org.artifactory.security.SecurityServiceImplTest"/>
  <testcase name="hasPermissionPassingUserInfo" time="0.001" classname="org.artifactory.security.SecurityServiceImplTest"/>
</testsuite> <!-- org.artifactory.security.SecurityServiceImplTest -->
