<?xml version="1.0" encoding="UTF-8"?>
<!-- Generated by org.testng.reporters.JUnitReportReporter -->
<testsuite hostname="eli-mpb-4.local" name="org.artifactory.resource.ResolvedResourceTest" tests="3" failures="0" timestamp="27 Nov 2014 18:03:58 GMT" time="0.003" errors="0">
  <testcase name="testNoChecksumReCalculation" time="0.000" classname="org.artifactory.resource.ResolvedResourceTest"/>
  <testcase name="testAutoChecksumReCalculation" time="0.002" classname="org.artifactory.resource.ResolvedResourceTest"/>
  <testcase name="testExplicitChecksumReCalculation" time="0.001" classname="org.artifactory.resource.ResolvedResourceTest"/>
</testsuite> <!-- org.artifactory.resource.ResolvedResourceTest -->
