<?xml version="1.0" encoding="UTF-8"?>
<!-- Generated by org.testng.reporters.JUnitReportReporter -->
<testsuite hostname="eli-mpb-4.local" name="org.artifactory.repo.remote.browse.HtmlRepositoryBrowserTest" tests="5" failures="0" timestamp="27 Nov 2014 18:03:58 GMT" time="0.032" errors="0">
  <testcase name="listAll" time="0.013" classname="org.artifactory.repo.remote.browse.HtmlRepositoryBrowserTest"/>
  <testcase name="listAllNoHrefs" time="0.000" classname="org.artifactory.repo.remote.browse.HtmlRepositoryBrowserTest"/>
  <testcase name="listAllFromArtifactoryListBrowsingHtml" time="0.001" classname="org.artifactory.repo.remote.browse.HtmlRepositoryBrowserTest"/>
  <testcase name="listAllFromArtifactorySimpleBrowsingHtml" time="0.017" classname="org.artifactory.repo.remote.browse.HtmlRepositoryBrowserTest"/>
  <testcase name="listAllInvalid" time="0.001" classname="org.artifactory.repo.remote.browse.HtmlRepositoryBrowserTest"/>
</testsuite> <!-- org.artifactory.repo.remote.browse.HtmlRepositoryBrowserTest -->
