<?xml version="1.0" encoding="UTF-8"?>
<!-- Generated by org.testng.reporters.JUnitReportReporter -->
<testsuite hostname="eli-mpb-4.local" name="org.artifactory.repo.cahce.expirable.NonUniqueSnapshotArtifactExpirableOrOverridableTest" tests="2" failures="0" timestamp="27 Nov 2014 18:03:58 GMT" time="0.002" errors="0">
  <testcase name="testIsExpirableOnNoIntegrationModuleInfo" time="0.000" classname="org.artifactory.repo.cahce.expirable.NonUniqueSnapshotArtifactExpirableOrOverridableTest"/>
  <testcase name="testIsExpirable" time="0.002" classname="org.artifactory.repo.cahce.expirable.NonUniqueSnapshotArtifactExpirableOrOverridableTest"/>
</testsuite> <!-- org.artifactory.repo.cahce.expirable.NonUniqueSnapshotArtifactExpirableOrOverridableTest -->
