<?xml version="1.0" encoding="UTF-8"?>
<!-- Generated by org.testng.reporters.JUnitReportReporter -->
<testsuite hostname="eli-mpb-4.local" name="org.artifactory.api.search.SavedSearchResultsTest" tests="5" failures="0" timestamp="27 Nov 2014 18:03:58 GMT" time="0.005" errors="0">
  <testcase name="intersectResults" time="0.000" classname="org.artifactory.api.search.SavedSearchResultsTest"/>
  <testcase name="mergeResults" time="0.000" classname="org.artifactory.api.search.SavedSearchResultsTest"/>
  <testcase name="defaultConstructor" time="0.002" classname="org.artifactory.api.search.SavedSearchResultsTest"/>
  <testcase name="addResultsWithDuplicates" time="0.003" classname="org.artifactory.api.search.SavedSearchResultsTest"/>
  <testcase name="subtractResults" time="0.000" classname="org.artifactory.api.search.SavedSearchResultsTest"/>
</testsuite> <!-- org.artifactory.api.search.SavedSearchResultsTest -->
