<?xml version="1.0" encoding="UTF-8"?>
<!-- Generated by org.testng.reporters.JUnitReportReporter -->
<testsuite hostname="eli-mpb-4.local" name="org.artifactory.repo.interceptor.NuGetCalculationInterceptorTest" tests="7" failures="0" timestamp="27 Nov 2014 18:03:58 GMT" time="0.008" errors="0">
  <testcase name="testAfterImport" time="0.000" classname="org.artifactory.repo.interceptor.NuGetCalculationInterceptorTest"/>
  <testcase name="testNotNuGetFile" time="0.001" classname="org.artifactory.repo.interceptor.NuGetCalculationInterceptorTest"/>
  <testcase name="testAfterMoveOrCopyNoIdProperty" time="0.000" classname="org.artifactory.repo.interceptor.NuGetCalculationInterceptorTest"/>
  <testcase name="testAfterCopy" time="0.004" classname="org.artifactory.repo.interceptor.NuGetCalculationInterceptorTest"/>
  <testcase name="testAfterMoveNoNuGetProperties" time="0.002" classname="org.artifactory.repo.interceptor.NuGetCalculationInterceptorTest"/>
  <testcase name="testAfterCreate" time="0.001" classname="org.artifactory.repo.interceptor.NuGetCalculationInterceptorTest"/>
  <testcase name="testNotNuGetRepo" time="0.000" classname="org.artifactory.repo.interceptor.NuGetCalculationInterceptorTest"/>
</testsuite> <!-- org.artifactory.repo.interceptor.NuGetCalculationInterceptorTest -->
