<?xml version="1.0" encoding="UTF-8"?>
<!-- Generated by org.testng.reporters.JUnitReportReporter -->
<testsuite hostname="eli-mpb-4.local" name="org.artifactory.io.checksum.policy.ChecksumPolicyGenerateIfAbsentTest" tests="5" failures="0" timestamp="27 Nov 2014 18:03:58 GMT" time="0.001" errors="0">
  <testcase name="checksumsDoesNotMatch" time="0.000" classname="org.artifactory.io.checksum.policy.ChecksumPolicyGenerateIfAbsentTest"/>
  <testcase name="noOriginalChecksum" time="0.000" classname="org.artifactory.io.checksum.policy.ChecksumPolicyGenerateIfAbsentTest"/>
  <testcase name="returnedChecksum" time="0.000" classname="org.artifactory.io.checksum.policy.ChecksumPolicyGenerateIfAbsentTest"/>
  <testcase name="oneMatchedChecksumAllShouldPass" time="0.001" classname="org.artifactory.io.checksum.policy.ChecksumPolicyGenerateIfAbsentTest"/>
  <testcase name="checksumsMatch" time="0.000" classname="org.artifactory.io.checksum.policy.ChecksumPolicyGenerateIfAbsentTest"/>
</testsuite> <!-- org.artifactory.io.checksum.policy.ChecksumPolicyGenerateIfAbsentTest -->
