<?xml version="1.0" encoding="UTF-8"?>
<!-- Generated by org.testng.reporters.JUnitReportReporter -->
<testsuite hostname="eli-mpb-4.local" name="org.artifactory.api.module.VersionUnitTest" tests="2" failures="0" timestamp="27 Nov 2014 18:03:58 GMT" time="0.007" errors="0">
  <testcase name="nodeConstructor" time="0.001" classname="org.artifactory.api.module.VersionUnitTest"/>
  <testcase name="invalidPath" time="0.006" classname="org.artifactory.api.module.VersionUnitTest"/>
</testsuite> <!-- org.artifactory.api.module.VersionUnitTest -->
