<?xml version="1.0" encoding="UTF-8"?>
<!-- Generated by org.testng.reporters.JUnitReportReporter -->
<testsuite hostname="eli-mpb-4.local" name="org.artifactory.api.maven.MavenArtifactInfoTest" tests="16" failures="0" timestamp="27 Nov 2014 18:03:58 GMT" time="0.049" errors="0">
  <testcase name="fileExtensionAsNumber" time="0.004" classname="org.artifactory.api.maven.MavenArtifactInfoTest"/>
  <testcase name="fromPathWithOneDigitVersion" time="0.001" classname="org.artifactory.api.maven.MavenArtifactInfoTest"/>
  <testcase name="fromSimplePath" time="0.001" classname="org.artifactory.api.maven.MavenArtifactInfoTest"/>
  <testcase name="fromPathUniqueSnapshotVersion" time="0.000" classname="org.artifactory.api.maven.MavenArtifactInfoTest"/>
  <testcase name="fromInvalidPath" time="0.000" classname="org.artifactory.api.maven.MavenArtifactInfoTest"/>
  <testcase name="testTarBz2" time="0.001" classname="org.artifactory.api.maven.MavenArtifactInfoTest"/>
  <testcase name="testClassifierWithDot" time="0.000" classname="org.artifactory.api.maven.MavenArtifactInfoTest"/>
  <testcase name="fromPathNonUniqueSnapshotVersion" time="0.014" classname="org.artifactory.api.maven.MavenArtifactInfoTest"/>
  <testcase name="testClassifierWithDotAndNumber" time="0.001" classname="org.artifactory.api.maven.MavenArtifactInfoTest"/>
  <testcase name="testConfigPath" time="0.002" classname="org.artifactory.api.maven.MavenArtifactInfoTest"/>
  <testcase name="testTarGz" time="0.000" classname="org.artifactory.api.maven.MavenArtifactInfoTest"/>
  <testcase name="fromPathWithoutExtension" time="0.002" classname="org.artifactory.api.maven.MavenArtifactInfoTest"/>
  <testcase name="fromPathWithClassifier" time="0.001" classname="org.artifactory.api.maven.MavenArtifactInfoTest"/>
  <testcase name="fromPathWithNoGroupId" time="0.001" classname="org.artifactory.api.maven.MavenArtifactInfoTest"/>
  <testcase name="testCustomUserType" time="0.016" classname="org.artifactory.api.maven.MavenArtifactInfoTest"/>
  <testcase name="fromPathUniqueMd5SnapshotVersion" time="0.005" classname="org.artifactory.api.maven.MavenArtifactInfoTest"/>
</testsuite> <!-- org.artifactory.api.maven.MavenArtifactInfoTest -->
