<?xml version="1.0" encoding="UTF-8"?>
<!-- Generated by org.testng.reporters.JUnitReportReporter -->
<testsuite hostname="eli-mpb-4.local" name="org.artifactory.util.HttpClientConfiguratorTest" tests="3" failures="0" timestamp="27 Nov 2014 18:03:58 GMT" time="0.013" errors="0">
  <testcase name="testHostFromInvalidUrl" time="0.002" classname="org.artifactory.util.HttpClientConfiguratorTest"/>
  <testcase name="testHost" time="0.008" classname="org.artifactory.util.HttpClientConfiguratorTest"/>
  <testcase name="testConstructor" time="0.003" classname="org.artifactory.util.HttpClientConfiguratorTest"/>
</testsuite> <!-- org.artifactory.util.HttpClientConfiguratorTest -->
