<?xml version="1.0" encoding="UTF-8"?>
<!-- Generated by org.testng.reporters.JUnitReportReporter -->
<testsuite hostname="eli-mpb-4.local" name="org.artifactory.descriptor.security.SecurityDescriptorTest" tests="7" failures="0" timestamp="27 Nov 2014 18:02:53 GMT" time="0.000" errors="0">
  <testcase name="addLdap" time="0.000" classname="org.artifactory.descriptor.security.SecurityDescriptorTest"/>
  <testcase name="removeLastLdap" time="0.000" classname="org.artifactory.descriptor.security.SecurityDescriptorTest"/>
  <testcase name="removeLdap" time="0.000" classname="org.artifactory.descriptor.security.SecurityDescriptorTest"/>
  <testcase name="addTwoEnabledLdaps" time="0.000" classname="org.artifactory.descriptor.security.SecurityDescriptorTest"/>
  <testcase name="defaultConstructor" time="0.000" classname="org.artifactory.descriptor.security.SecurityDescriptorTest"/>
  <testcase name="removeLdapSetting" time="0.000" classname="org.artifactory.descriptor.security.SecurityDescriptorTest"/>
  <testcase name="isLdapExists" time="0.000" classname="org.artifactory.descriptor.security.SecurityDescriptorTest"/>
</testsuite> <!-- org.artifactory.descriptor.security.SecurityDescriptorTest -->
