<?xml version="1.0" encoding="UTF-8"?>
<!-- Generated by org.testng.reporters.JUnitReportReporter -->
<testsuite hostname="eli-mpb-4.local" name="org.artifactory.version.converter.v144.ServerIdXmlConverterTest" tests="2" failures="0" timestamp="27 Nov 2014 18:02:53 GMT" time="0.007" errors="0">
  <testcase name="convertWithServerId" time="0.003" classname="org.artifactory.version.converter.v144.ServerIdXmlConverterTest"/>
  <testcase name="convertDefault" time="0.004" classname="org.artifactory.version.converter.v144.ServerIdXmlConverterTest"/>
</testsuite> <!-- org.artifactory.version.converter.v144.ServerIdXmlConverterTest -->
