<?xml version="1.0" encoding="UTF-8"?>
<!-- Generated by org.testng.reporters.JUnitReportReporter -->
<testsuite hostname="eli-mpb-4.local" name="org.artifactory.version.converter.v1412.IndexerCronExpPropertyConverterTest" tests="1" failures="0" timestamp="27 Nov 2014 18:02:53 GMT" time="0.004" errors="0">
  <testcase name="testReplacingIntervalByCronExp" time="0.004" classname="org.artifactory.version.converter.v1412.IndexerCronExpPropertyConverterTest"/>
</testsuite> <!-- org.artifactory.version.converter.v1412.IndexerCronExpPropertyConverterTest -->
