<?xml version="1.0" encoding="UTF-8"?>
<!-- Generated by org.testng.reporters.JUnitReportReporter -->
<testsuite hostname="eli-mpb-4.local" name="org.artifactory.logging.version.v1.LogbackConfigSwapperTest" tests="1" failures="0" timestamp="27 Nov 2014 18:02:53 GMT" time="0.007" errors="0">
  <testcase name="testSwap" time="0.007" classname="org.artifactory.logging.version.v1.LogbackConfigSwapperTest"/>
</testsuite> <!-- org.artifactory.logging.version.v1.LogbackConfigSwapperTest -->
