<?xml version="1.0" encoding="UTF-8"?>
<!-- Generated by org.testng.reporters.JUnitReportReporter -->
<testsuite hostname="eli-mpb-4.local" name="org.artifactory.descriptor.repo.VirtualRepoDescriptorTest" tests="2" failures="0" timestamp="27 Nov 2014 18:02:53 GMT" time="0.003" errors="0">
  <testcase name="defaultConstructor" time="0.000" classname="org.artifactory.descriptor.repo.VirtualRepoDescriptorTest"/>
  <testcase name="identicalCache" time="0.003" classname="org.artifactory.descriptor.repo.VirtualRepoDescriptorTest"/>
</testsuite> <!-- org.artifactory.descriptor.repo.VirtualRepoDescriptorTest -->
