<?xml version="1.0" encoding="UTF-8"?>
<!-- Generated by org.testng.reporters.JUnitReportReporter -->
<testsuite hostname="eli-mpb-4.local" name="org.artifactory.util.RepoLayoutUtilsTest" tests="23" failures="0" timestamp="27 Nov 2014 18:02:53 GMT" time="0.008" errors="0">
  <testcase name="testGetArtifactLayoutAsIvyPattern" time="0.001" classname="org.artifactory.util.RepoLayoutUtilsTest"/>
  <testcase name="testLayoutContainsOrgPathToken" time="0.000" classname="org.artifactory.util.RepoLayoutUtilsTest"/>
  <testcase name="testFailOnUnknownCustomToken" time="0.001" classname="org.artifactory.util.RepoLayoutUtilsTest"/>
  <testcase name="testGetDescriptorLayoutAsIvyPattern" time="0.000" classname="org.artifactory.util.RepoLayoutUtilsTest"/>
  <testcase name="testDefaultTokenSet" time="0.000" classname="org.artifactory.util.RepoLayoutUtilsTest"/>
  <testcase name="testFailCustomTokenWithNoRegEx" time="0.001" classname="org.artifactory.util.RepoLayoutUtilsTest"/>
  <testcase name="testDefaultTokenFilterMap" time="0.000" classname="org.artifactory.util.RepoLayoutUtilsTest"/>
  <testcase name="testTokenHasFilter" time="0.000" classname="org.artifactory.util.RepoLayoutUtilsTest"/>
  <testcase name="testDefaultLayoutNames" time="0.000" classname="org.artifactory.util.RepoLayoutUtilsTest"/>
  <testcase name="testCustomTokenWithSpecialCharacters" time="0.000" classname="org.artifactory.util.RepoLayoutUtilsTest"/>
  <testcase name="testIgnoreUnknownTokens" time="0.001" classname="org.artifactory.util.RepoLayoutUtilsTest"/>
  <testcase name="testNullLayoutContainsOrgPathToken" time="0.000" classname="org.artifactory.util.RepoLayoutUtilsTest"/>
  <testcase name="testLayoutsAreCompatible" time="0.000" classname="org.artifactory.util.RepoLayoutUtilsTest"/>
  <testcase name="testRemoveUnReplacedTokenOptionalBrackets" time="0.001" classname="org.artifactory.util.RepoLayoutUtilsTest"/>
  <testcase name="testCustomTokenRegExpValues" time="0.001" classname="org.artifactory.util.RepoLayoutUtilsTest"/>
  <testcase name="testRemoveReplacedTokenOptionalBrackets" time="0.000" classname="org.artifactory.util.RepoLayoutUtilsTest"/>
  <testcase name="testWrapKeywordAsToken" time="0.002" classname="org.artifactory.util.RepoLayoutUtilsTest"/>
  <testcase name="testDefaultTokenRegExpValues" time="0.000" classname="org.artifactory.util.RepoLayoutUtilsTest"/>
  <testcase name="testDefaultLayouts" time="0.000" classname="org.artifactory.util.RepoLayoutUtilsTest"/>
  <testcase name="testGenerateRegExpFromPatternOfDefaultLayouts" time="0.000" classname="org.artifactory.util.RepoLayoutUtilsTest"/>
  <testcase name="testIsDefaultM2Layout" time="0.000" classname="org.artifactory.util.RepoLayoutUtilsTest"/>
  <testcase name="testReservedRepoLayoutNames" time="0.000" classname="org.artifactory.util.RepoLayoutUtilsTest"/>
  <testcase name="testDefaultTokenValues" time="0.000" classname="org.artifactory.util.RepoLayoutUtilsTest"/>
</testsuite> <!-- org.artifactory.util.RepoLayoutUtilsTest -->
