<?xml version="1.0" encoding="UTF-8"?>
<!-- Generated by org.testng.reporters.JUnitReportReporter -->
<testsuite hostname="eli-mpb-4.local" name="org.artifactory.descriptor.backup.BackupDescriptorTest" tests="2" failures="0" timestamp="27 Nov 2014 18:02:53 GMT" time="0.002" errors="0">
  <testcase name="defaultConstructor" time="0.001" classname="org.artifactory.descriptor.backup.BackupDescriptorTest"/>
  <testcase name="testSameTaskDefinition" time="0.001" classname="org.artifactory.descriptor.backup.BackupDescriptorTest"/>
</testsuite> <!-- org.artifactory.descriptor.backup.BackupDescriptorTest -->
