<?xml version="1.0" encoding="UTF-8"?>
<!-- Generated by org.testng.reporters.JUnitReportReporter -->
<testsuite hostname="eli-mpb-4.local" name="org.artifactory.version.converter.v143.RemoteChecksumPolicyConverterTest" tests="2" failures="0" timestamp="27 Nov 2014 18:02:53 GMT" time="0.004" errors="0">
  <testcase name="convertConfigWithChecksumPolicyTags" time="0.001" classname="org.artifactory.version.converter.v143.RemoteChecksumPolicyConverterTest"/>
  <testcase name="convertConfigWithNoChecksumPolicyTags" time="0.003" classname="org.artifactory.version.converter.v143.RemoteChecksumPolicyConverterTest"/>
</testsuite> <!-- org.artifactory.version.converter.v143.RemoteChecksumPolicyConverterTest -->
