<?xml version="1.0" encoding="UTF-8"?>
<!-- Generated by org.testng.reporters.JUnitReportReporter -->
<testsuite hostname="eli-mpb-4.local" name="org.artifactory.descriptor.repo.RepoLayoutTest" tests="6" failures="0" timestamp="27 Nov 2014 18:02:53 GMT" time="0.005" errors="0">
  <testcase name="testM1Constants" time="0.000" classname="org.artifactory.descriptor.repo.RepoLayoutTest"/>
  <testcase name="testIvyConstants" time="0.000" classname="org.artifactory.descriptor.repo.RepoLayoutTest"/>
  <testcase name="testDefaultConstructor" time="0.000" classname="org.artifactory.descriptor.repo.RepoLayoutTest"/>
  <testcase name="testGradleConstants" time="0.000" classname="org.artifactory.descriptor.repo.RepoLayoutTest"/>
  <testcase name="testM2Constants" time="0.000" classname="org.artifactory.descriptor.repo.RepoLayoutTest"/>
  <testcase name="testCopyConstructor" time="0.005" classname="org.artifactory.descriptor.repo.RepoLayoutTest"/>
</testsuite> <!-- org.artifactory.descriptor.repo.RepoLayoutTest -->
