<?xml version="1.0" encoding="UTF-8"?>
<!-- Generated by org.testng.reporters.JUnitReportReporter -->
<testsuite hostname="eli-mpb-4.local" name="org.artifactory.update.md.v130beta6.MetadataReader130beta6Test" tests="2" failures="0" timestamp="27 Nov 2014 18:03:13 GMT" time="0.012" errors="0">
  <testcase name="readFolderMetadata" time="0.006" classname="org.artifactory.update.md.v130beta6.MetadataReader130beta6Test"/>
  <testcase name="readFileMetadata" time="0.006" classname="org.artifactory.update.md.v130beta6.MetadataReader130beta6Test"/>
</testsuite> <!-- org.artifactory.update.md.v130beta6.MetadataReader130beta6Test -->
