<?xml version="1.0" encoding="UTF-8" ?>
<testsuite failures="0" time="16.875" errors="0" skipped="0" tests="226" name="TestSuite">
  <properties>
    <property name="java.vendor" value="Oracle Corporation"/>
    <property name="JOB_NAME" value="artifactory-3.x-release"/>
    <property name="PWD" value="/opt/hudson/hudson/hudson-home"/>
    <property name="sun.java.launcher" value="SUN_STANDARD"/>
    <property name="sun.management.compiler" value="HotSpot 64-Bit Tiered Compilers"/>
    <property name="JENKINS_HOME" value="/opt/tomcat/hudson/hudson-home"/>
    <property name="PATH" value="/usr/kerberos/bin:/usr/local/bin:/bin:/usr/bin"/>
    <property name="HUDSON_SERVER_COOKIE" value="8f6cc43b682e0d4a"/>
    <property name="os.name" value="Linux"/>
    <property name="BUILDINFO_PROPFILE" value="/opt/tomcat/hudson/temp/buildInfo5888093729695937898.properties"/>
    <property name="sun.boot.class.path" value="/usr/java/jdk1.7.0_10/jre/lib/resources.jar:/usr/java/jdk1.7.0_10/jre/lib/rt.jar:/usr/java/jdk1.7.0_10/jre/lib/sunrsasign.jar:/usr/java/jdk1.7.0_10/jre/lib/jsse.jar:/usr/java/jdk1.7.0_10/jre/lib/jce.jar:/usr/java/jdk1.7.0_10/jre/lib/charsets.jar:/usr/java/jdk1.7.0_10/jre/lib/jfr.jar:/usr/java/jdk1.7.0_10/jre/classes"/>
    <property name="EXECUTOR_NUMBER" value="0"/>
    <property name="java.vm.specification.vendor" value="Oracle Corporation"/>
    <property name="NODE_LABELS" value="derby master"/>
    <property name="java.runtime.version" value="1.7.0_10-b18"/>
    <property name="LD_LIBRARY_PATH" value="/opt/CA/SharedComponents/lib"/>
    <property name="user.name" value="hudson"/>
    <property name="guice.disable.misplaced.annotation.check" value="true"/>
    <property name="m3plugin.lib" value="/opt/tomcat/hudson/hudson-home/plugins/artifactory/WEB-INF/lib"/>
    <property name="extractor.used" value="true"/>
    <property name="maven.repo.local" value="/opt/tomcat/hudson/hudson-home/jobs/artifactory-3.x-release/workspace/.repository"/>
    <property name="user.language" value="en"/>
    <property name="HUDSON_BASEDIR" value="/opt/tomcat/hudson"/>
    <property name="sun.boot.library.path" value="/usr/java/jdk1.7.0_10/jre/lib/amd64"/>
    <property name="classworlds.conf" value="/opt/tomcat/hudson/temp/classworlds363598555893358228conf"/>
    <property name="java.version" value="1.7.0_10"/>
    <property name="user.timezone" value="GMT"/>
    <property name="sun.arch.data.model" value="64"/>
    <property name="NODE_NAME" value="master"/>
    <property name="TERM" value="xterm"/>
    <property name="NLSPATH" value="/usr/dt/lib/nls/msg/%L/%N.cat"/>
    <property name="java.endorsed.dirs" value="/usr/java/jdk1.7.0_10/jre/lib/endorsed"/>
    <property name="BUILD_ID" value="2013-05-13_13-05-04"/>
    <property name="sun.cpu.isalist" value=""/>
    <property name="sun.jnu.encoding" value="UTF-8"/>
    <property name="file.encoding.pkg" value="sun.io"/>
    <property name="SHELL" value="/bin/bash"/>
    <property name="file.separator" value="/"/>
    <property name="java.specification.name" value="Java Platform API Specification"/>
    <property name="CATALINA_OPTS" value="-DHUDSON_HOME=/opt/tomcat/hudson/hudson-home -Xms2g -Xmx2g -XX:MaxPermSize=128m -Djava.awt.headless=true"/>
    <property name="java.class.version" value="51.0"/>
    <property name="user.country" value="US"/>
    <property name="securerandom.source" value="file:/dev/./urandom"/>
    <property name="java.home" value="/usr/java/jdk1.7.0_10/jre"/>
    <property name="java.vm.info" value="mixed mode"/>
    <property name="CASHCOMP" value="/opt/CA/SharedComponents"/>
    <property name="LESSOPEN" value="|/usr/bin/lesspipe.sh %s"/>
    <property name="os.version" value="2.6.18-92.1.22.el5"/>
    <property name="TOMCAT_HOME" value="/opt/tomcat/hudson"/>
    <property name="sun.font.fontmanager" value="sun.awt.X11FontManager"/>
    <property name="path.separator" value=":"/>
    <property name="java.vm.version" value="23.6-b04"/>
    <property name="CALIB" value="/opt/CA/SharedComponents/lib"/>
    <property name="SHLVL" value="2"/>
    <property name="_" value="/opt/java/1.7.0//bin/java"/>
    <property name="java.awt.printerjob" value="sun.print.PSPrinterJob"/>
    <property name="JAVA_HOME" value="/opt/java/1.7.0"/>
    <property name="sun.io.unicode.encoding" value="UnicodeLittle"/>
    <property name="awt.toolkit" value="sun.awt.X11.XToolkit"/>
    <property name="LOGNAME" value="hudson"/>
    <property name="HOME" value="/opt/tomcat/hudson"/>
    <property name="G_BROKEN_FILENAMES" value="1"/>
    <property name="user.home" value="/opt/tomcat/hudson/hudson-home"/>
    <property name="BUILD_TAG" value="jenkins-artifactory-3.x-release-30008"/>
    <property name="JENKINS_SERVER_COOKIE" value="8f6cc43b682e0d4a"/>
    <property name="HUDSON_URL" value="https://build.jfrog.org/hudson/"/>
    <property name="java.specification.vendor" value="Oracle Corporation"/>
    <property name="CLASSPATH" value=""/>
    <property name="java.library.path" value="/opt/CA/SharedComponents/lib:/usr/java/packages/lib/amd64:/usr/lib64:/lib64:/lib:/usr/lib"/>
    <property name="java.vendor.url" value="http://java.oracle.com/"/>
    <property name="java.vm.vendor" value="Oracle Corporation"/>
    <property name="HISTSIZE" value="1000"/>
    <property name="LIC_ECHO" value="echo -e"/>
    <property name="java.runtime.name" value="Java(TM) SE Runtime Environment"/>
    <property name="maven.home" value="/opt/tools/apache-maven/apache-maven-3.0.4"/>
    <property name="java.class.path" value="/opt/tomcat/hudson/hudson-home/plugins/maven-plugin/WEB-INF/lib/maven3-agent-1.2.jar:/opt/tools/apache-maven/current/boot/plexus-classworlds-2.4.jar"/>
    <property name="sun.java.command" value="org.jvnet.hudson.maven3.agent.Maven3Main /opt/tools/apache-maven/current/ /opt/hudson/hudson/webapps/hudson/WEB-INF/lib/remoting-2.17.jar /opt/tomcat/hudson/hudson-home/plugins/maven-plugin/WEB-INF/lib/maven3-interceptor-1.2.jar 58331"/>
    <property name="CATALINA_PID" value="/opt/tomcat/hudson/hudson-tomcat.pid"/>
    <property name="java.vm.specification.name" value="Java Virtual Machine Specification"/>
    <property name="PATH+JDK" value="/opt/java/1.7.0/bin"/>
    <property name="java.vm.specification.version" value="1.7"/>
    <property name="sun.os.patch.level" value="unknown"/>
    <property name="sun.cpu.endian" value="little"/>
    <property name="M2_HOME" value="/opt/tools/apache-maven/current/"/>
    <property name="MAIL" value="/var/spool/mail/hudson"/>
    <property name="java.io.tmpdir" value="/tmp"/>
    <property name="HOSTNAME" value="pond.jfrog.org"/>
    <property name="HUDSON_HOME" value="/opt/tomcat/hudson/hudson-home"/>
    <property name="PATH+MAVEN" value="/opt/tools/apache-maven/current//bin"/>
    <property name="BUILD_URL" value="https://build.jfrog.org/hudson/job/artifactory-3.x-release/30008/"/>
    <property name="java.vendor.url.bug" value="http://bugreport.sun.com/bugreport/"/>
    <property name="LS_COLORS" value="no=00:fi=00:di=00;34:ln=00;36:pi=40;33:so=00;35:bd=40;33;01:cd=40;33;01:or=01;05;37;41:mi=01;05;37;41:ex=00;32:*.cmd=00;32:*.exe=00;32:*.com=00;32:*.btm=00;32:*.bat=00;32:*.sh=00;32:*.csh=00;32:*.tar=00;31:*.tgz=00;31:*.arj=00;31:*.taz=00;31:*.lzh=00;31:*.zip=00;31:*.z=00;31:*.Z=00;31:*.gz=00;31:*.bz2=00;31:*.bz=00;31:*.tz=00;31:*.rpm=00;31:*.cpio=00;31:*.jpg=00;35:*.gif=00;35:*.bmp=00;35:*.xbm=00;35:*.xpm=00;35:*.png=00;35:*.tif=00;35:"/>
    <property name="buildInfoConfig.propertiesFile" value="/opt/tomcat/hudson/temp/buildInfo5888093729695937898.properties"/>
    <property name="buildNumber.prop" value="30008"/>
    <property name="MAVEN_OPTS" value="-Xmx512m -Dm3plugin.lib=/opt/tomcat/hudson/hudson-home/plugins/artifactory/WEB-INF/lib"/>
    <property name="java.awt.graphicsenv" value="sun.awt.X11GraphicsEnvironment"/>
    <property name="os.arch" value="amd64"/>
    <property name="java.ext.dirs" value="/usr/java/jdk1.7.0_10/jre/lib/ext:/usr/java/packages/lib/ext"/>
    <property name="dbType" value="derby"/>
    <property name="user.dir" value="/opt/hudson/hudson/hudson-home/jobs/artifactory-3.x-release/workspace/devenv"/>
    <property name="JOB_URL" value="https://build.jfrog.org/hudson/job/artifactory-3.x-release/"/>
    <property name="line.separator" value="
"/>
    <property name="MAVEN_HOME" value="/opt/tools/apache-maven/current/"/>
    <property name="java.vm.name" value="Java HotSpot(TM) 64-Bit Server VM"/>
    <property name="BUILD_NUMBER" value="30008"/>
    <property name="JENKINS_URL" value="https://build.jfrog.org/hudson/"/>
    <property name="GIT_BRANCH" value="origin/3.x-release"/>
    <property name="BUILD_CAUSE_USERIDCAUSE" value="true"/>
    <property name="GIT_COMMIT" value="94cbdbb07e30729689450409e806680421ed094b"/>
    <property name="project.version.prop" value="3.0.1"/>
    <property name="file.encoding" value="UTF-8"/>
    <property name="LANG" value="en_US.UTF-8"/>
    <property name="maven3.interceptor" value="/opt/tomcat/hudson/hudson-home/plugins/maven-plugin/WEB-INF/lib/maven3-interceptor-1.2.jar"/>
    <property name="CVS_RSH" value="ssh"/>
    <property name="WORKSPACE" value="/opt/tomcat/hudson/hudson-home/jobs/artifactory-3.x-release/workspace"/>
    <property name="java.specification.version" value="1.7"/>
    <property name="BUILD_CAUSE" value="USERIDCAUSE"/>
    <property name="INPUTRC" value="/etc/inputrc"/>
    <property name="USER" value="hudson"/>
    <property name="XFILESEARCHPATH" value="/usr/dt/app-defaults/%L/Dt"/>
  </properties>
  <testcase time="0.305" classname="org.artifactory.repo.cahce.expirable.CacheExpiryImplTest" name="testInitWithNullBeanName"/>
  <testcase time="0.001" classname="org.artifactory.repo.cahce.expirable.CacheExpiryImplTest" name="testInitWithNullContext"/>
  <testcase time="0.027" classname="org.artifactory.repo.cahce.expirable.CacheExpiryImplTest" name="testIsExpirable"/>
  <testcase time="0" classname="org.artifactory.repo.cahce.expirable.CacheExpiryImplTest" name="testIsExpirableWithNullPath"/>
  <testcase time="0.001" classname="org.artifactory.repo.cahce.expirable.CacheExpiryImplTest" name="testIsExpirableWithValidPathAndNoExpirables"/>
  <testcase time="0.001" classname="org.artifactory.repo.cahce.expirable.CacheExpiryImplTest" name="testIsNotExpirable"/>
  <testcase time="0.075" classname="org.artifactory.config.CentralConfigServiceImplTest" name="idRefsUseTheSameObject"/>
  <testcase time="0.003" classname="org.artifactory.io.checksum.ChecksumInputStreamTest" name="nonClosedStream"/>
  <testcase time="0.001" classname="org.artifactory.io.checksum.ChecksumInputStreamTest" name="offsetInputStream"/>
  <testcase time="0.001" classname="org.artifactory.io.checksum.ChecksumInputStreamTest" name="simpleInputStream"/>
  <testcase time="0.011" classname="org.artifactory.io.checksum.policy.ChecksumPolicyFailTest" name="oneMatchedChecksumAllShouldPass"/>
  <testcase time="0.001" classname="org.artifactory.io.checksum.policy.ChecksumPolicyFailTest" name="checksumsDoesNotMatch"/>
  <testcase time="0" classname="org.artifactory.io.checksum.policy.ChecksumPolicyFailTest" name="checksumsMatch"/>
  <testcase time="0.001" classname="org.artifactory.io.checksum.policy.ChecksumPolicyFailTest" name="noOriginalChecksum"/>
  <testcase time="0" classname="org.artifactory.io.checksum.policy.ChecksumPolicyFailTest" name="returnedChecksum"/>
  <testcase time="0" classname="org.artifactory.io.checksum.policy.ChecksumPolicyGenerateIfAbsentTest" name="oneMatchedChecksumAllShouldPass"/>
  <testcase time="0" classname="org.artifactory.io.checksum.policy.ChecksumPolicyGenerateIfAbsentTest" name="checksumsDoesNotMatch"/>
  <testcase time="0" classname="org.artifactory.io.checksum.policy.ChecksumPolicyGenerateIfAbsentTest" name="checksumsMatch"/>
  <testcase time="0" classname="org.artifactory.io.checksum.policy.ChecksumPolicyGenerateIfAbsentTest" name="noOriginalChecksum"/>
  <testcase time="0" classname="org.artifactory.io.checksum.policy.ChecksumPolicyGenerateIfAbsentTest" name="returnedChecksum"/>
  <testcase time="0" classname="org.artifactory.io.checksum.policy.ChecksumPolicyIgnoreAndGenerateTest" name="oneMatchedChecksumAllShouldPass"/>
  <testcase time="0" classname="org.artifactory.io.checksum.policy.ChecksumPolicyIgnoreAndGenerateTest" name="checksumsDoesNotMatch"/>
  <testcase time="0" classname="org.artifactory.io.checksum.policy.ChecksumPolicyIgnoreAndGenerateTest" name="checksumsMatch"/>
  <testcase time="0" classname="org.artifactory.io.checksum.policy.ChecksumPolicyIgnoreAndGenerateTest" name="noOriginalChecksum"/>
  <testcase time="0" classname="org.artifactory.io.checksum.policy.ChecksumPolicyIgnoreAndGenerateTest" name="returnedChecksum"/>
  <testcase time="0.008" classname="org.artifactory.io.checksum.ChecksumsTest" name="calculateAllKnownChecksums"/>
  <testcase time="0" classname="org.artifactory.io.checksum.ChecksumsTest" name="calculateMd5"/>
  <testcase time="0" classname="org.artifactory.io.checksum.ChecksumsTest" name="calculateSha1"/>
  <testcase time="0" classname="org.artifactory.io.checksum.ChecksumsTest" name="calculateSha1AndMd5"/>
  <testcase time="0.009" classname="org.artifactory.maven.versioning.CreationDateMavenMetadataVersionComparatorTest" name="compare"/>
  <testcase time="0.052" classname="org.artifactory.repo.DbRepoTest" name="testNoFilePermission"/>
  <testcase time="0.058" classname="org.artifactory.repo.HttpRepoTest" name="testProxyRemoteAuthAndMultihome"/>
  <testcase time="1.049" classname="org.artifactory.schedule.JobCommandTest" name="testCommandToStop"/>
  <testcase time="1.285" classname="org.artifactory.schedule.JobCommandTest" name="testSingletonAndManual"/>
  <testcase time="0.424" classname="org.artifactory.schedule.JobCommandTest" name="testStopStrategyAndKey"/>
  <testcase time="0.001" classname="org.artifactory.io.checksum.policy.LocalRepoChecksumPolicyTest" name="checksumOfMetadata"/>
  <testcase time="0" classname="org.artifactory.io.checksum.policy.LocalRepoChecksumPolicyTest" name="checksumOfSnapshotMetadata"/>
  <testcase time="0" classname="org.artifactory.io.checksum.policy.LocalRepoChecksumPolicyTest" name="checksumTypeNotFound"/>
  <testcase time="0" classname="org.artifactory.io.checksum.policy.LocalRepoChecksumPolicyTest" name="checksumValueNotFound"/>
  <testcase time="0" classname="org.artifactory.io.checksum.policy.LocalRepoChecksumPolicyTest" name="clientPolicyType"/>
  <testcase time="0" classname="org.artifactory.io.checksum.policy.LocalRepoChecksumPolicyTest" name="serverPolicyType"/>
  <testcase time="0" classname="org.artifactory.repo.cahce.expirable.MavenIndexCacheExpirableTest" name="testIsExpirable"/>
  <testcase time="0" classname="org.artifactory.repo.cahce.expirable.MavenMetadataCacheExpirableTest" name="testIsExpirable"/>
  <testcase time="0.004" classname="org.artifactory.repo.cahce.expirable.NonUniqueSnapshotArtifactExpirableOrOverridableTest" name="testIsExpirable"/>
  <testcase time="0" classname="org.artifactory.repo.cahce.expirable.NonUniqueSnapshotArtifactExpirableOrOverridableTest" name="testIsExpirableOnNoIntegrationModuleInfo"/>
  <testcase time="0.003" classname="org.artifactory.repo.snapshot.NonUniqueSnapshotVersionAdapterTest" name="alreadyNonUniqueArtifact"/>
  <testcase time="0.002" classname="org.artifactory.repo.snapshot.NonUniqueSnapshotVersionAdapterTest" name="alreadyNonUniqueChecksumArtifact"/>
  <testcase time="0.002" classname="org.artifactory.repo.snapshot.NonUniqueSnapshotVersionAdapterTest" name="artifactWithNoMavenStructure"/>
  <testcase time="0.001" classname="org.artifactory.repo.snapshot.NonUniqueSnapshotVersionAdapterTest" name="artifactWithReleaseVersion"/>
  <testcase time="0.005" classname="org.artifactory.repo.snapshot.NonUniqueSnapshotVersionAdapterTest" name="uniqueArtifact"/>
  <testcase time="0.002" classname="org.artifactory.repo.snapshot.NonUniqueSnapshotVersionAdapterTest" name="uniqueArtifactVersionWithDashes"/>
  <testcase time="0.002" classname="org.artifactory.repo.snapshot.NonUniqueSnapshotVersionAdapterTest" name="uniqueArtifactWithClassifier"/>
  <testcase time="0.003" classname="org.artifactory.repo.snapshot.NonUniqueSnapshotVersionAdapterTest" name="uniqueArtifactWithComplexClassifier"/>
  <testcase time="0.002" classname="org.artifactory.repo.snapshot.NonUniqueSnapshotVersionAdapterTest" name="uniqueChecksumArtifact"/>
  <testcase time="0.028" classname="org.artifactory.repo.interceptor.NuGetCalculationInterceptorTest" name="testAfterCopy"/>
  <testcase time="0.001" classname="org.artifactory.repo.interceptor.NuGetCalculationInterceptorTest" name="testAfterCreate"/>
  <testcase time="0.001" classname="org.artifactory.repo.interceptor.NuGetCalculationInterceptorTest" name="testAfterImport"/>
  <testcase time="0.002" classname="org.artifactory.repo.interceptor.NuGetCalculationInterceptorTest" name="testAfterMoveLatestVersion"/>
  <testcase time="0.001" classname="org.artifactory.repo.interceptor.NuGetCalculationInterceptorTest" name="testAfterMoveNoNuGetProperties"/>
  <testcase time="0.001" classname="org.artifactory.repo.interceptor.NuGetCalculationInterceptorTest" name="testAfterMoveNotLatestVersion"/>
  <testcase time="0.001" classname="org.artifactory.repo.interceptor.NuGetCalculationInterceptorTest" name="testAfterMoveOrCopyNoIdProperty"/>
  <testcase time="0.001" classname="org.artifactory.repo.interceptor.NuGetCalculationInterceptorTest" name="testBeforeDelete"/>
  <testcase time="0.001" classname="org.artifactory.repo.interceptor.NuGetCalculationInterceptorTest" name="testBeforeDeleteNoPackageId"/>
  <testcase time="0.001" classname="org.artifactory.repo.interceptor.NuGetCalculationInterceptorTest" name="testBeforeDeleteNotLatest"/>
  <testcase time="0" classname="org.artifactory.repo.interceptor.NuGetCalculationInterceptorTest" name="testNotNuGetFile"/>
  <testcase time="0.001" classname="org.artifactory.repo.interceptor.NuGetCalculationInterceptorTest" name="testNotNuGetRepo"/>
  <testcase time="0.001" classname="org.artifactory.repo.replication.RemoteReplicationJobTest" name="testContextNotReady"/>
  <testcase time="0.001" classname="org.artifactory.repo.replication.RemoteReplicationJobTest" name="testExecution"/>
  <testcase time="0.003" classname="org.artifactory.repo.replication.RemoteReplicationJobTest" name="testExecutionException"/>
  <testcase time="0.001" classname="org.artifactory.repo.replication.RemoteReplicationJobTest" name="testManualExecution"/>
  <testcase time="0.001" classname="org.artifactory.repo.replication.RemoteReplicationJobTest" name="testNullRepoKey"/>
  <testcase time="0" classname="org.artifactory.repo.interceptor.ReplicationEventInterceptorTest" name="testAfterCopyFile"/>
  <testcase time="0" classname="org.artifactory.repo.interceptor.ReplicationEventInterceptorTest" name="testAfterCopyFolder"/>
  <testcase time="0" classname="org.artifactory.repo.interceptor.ReplicationEventInterceptorTest" name="testAfterCreateFile"/>
  <testcase time="0" classname="org.artifactory.repo.interceptor.ReplicationEventInterceptorTest" name="testAfterCreateFolder"/>
  <testcase time="0" classname="org.artifactory.repo.interceptor.ReplicationEventInterceptorTest" name="testAfterDelete"/>
  <testcase time="0" classname="org.artifactory.repo.interceptor.ReplicationEventInterceptorTest" name="testAfterMoveFile"/>
  <testcase time="0" classname="org.artifactory.repo.interceptor.ReplicationEventInterceptorTest" name="testAfterMoveFolder"/>
  <testcase time="0.001" classname="org.artifactory.repo.service.mover.RepoPathIteratorTest" name="nullPath"/>
  <testcase time="0.001" classname="org.artifactory.repo.service.mover.RepoPathIteratorTest" name="rootRepoPath"/>
  <testcase time="0" classname="org.artifactory.repo.service.mover.RepoPathIteratorTest" name="twoLevelsRepoPath"/>
  <testcase time="0.006" classname="org.artifactory.resource.ResolvedResourceTest" name="testAutoChecksumReCalculation"/>
  <testcase time="0.001" classname="org.artifactory.resource.ResolvedResourceTest" name="testExplicitChecksumReCalculation"/>
  <testcase time="0" classname="org.artifactory.resource.ResolvedResourceTest" name="testNoChecksumReCalculation"/>
  <testcase time="0.195" classname="org.artifactory.repo.remote.browse.S3RepositoryBrowserTest" name="detectRootLocal"/>
  <testcase time="0.128" classname="org.artifactory.repo.remote.browse.S3RepositoryBrowserTest" name="listRemoteItems"/>
  <testcase time="0.011" classname="org.artifactory.repo.remote.browse.S3RepositoryBrowserTest" name="listRemoteItemsFolderAndFilesWithSameName"/>
  <testcase time="0" classname="org.artifactory.security.SaltTest" name="saltValueTest"/>
  <testcase time="0.003" classname="org.artifactory.security.SaltTest" name="saltedPasswordGenerationWithExistingUserTest"/>
  <testcase time="0.001" classname="org.artifactory.security.SaltTest" name="saltedPasswordGenerationWithNullSaltTest"/>
  <testcase time="0" classname="org.artifactory.security.SaltTest" name="saltedPasswordWitDefaultSaltGenerationTest"/>
  <testcase time="0.005" classname="org.artifactory.security.SecurityServiceImplTest" name="groupPermissions"/>
  <testcase time="0" classname="org.artifactory.security.SecurityServiceImplTest" name="isAdminOnAdminUser"/>
  <testcase time="0" classname="org.artifactory.security.SecurityServiceImplTest" name="userPasswordMatches"/>
  <testcase time="0.001" classname="org.artifactory.security.SecurityServiceImplTest" name="userWithPermissionsToAGroupWithTheSameName"/>
  <testcase time="0.001" classname="org.artifactory.security.SecurityServiceImplTest" name="hasPermissionWithSpecificTarget"/>
  <testcase time="0.001" classname="org.artifactory.security.SecurityServiceImplTest" name="getAllPermissionTargetsForUserWithNoPermission"/>
  <testcase time="0" classname="org.artifactory.security.SecurityServiceImplTest" name="userWithPermissionsToANonUniqueGroupName"/>
  <testcase time="0.001" classname="org.artifactory.security.SecurityServiceImplTest" name="adminRolePermissions"/>
  <testcase time="0.002" classname="org.artifactory.security.SecurityServiceImplTest" name="userReadAndDeployPermissions"/>
  <testcase time="0.001" classname="org.artifactory.security.SecurityServiceImplTest" name="userReadAndDeployPermissionsOnAnyLocal"/>
  <testcase time="0.008" classname="org.artifactory.security.SecurityServiceImplTest" name="permissionOnRemoteRoot"/>
  <testcase time="0.001" classname="org.artifactory.security.SecurityServiceImplTest" name="isAdminOnSimpleUser"/>
  <testcase time="0" classname="org.artifactory.security.SecurityServiceImplTest" name="testUserLastLoginTimeUpdateBuffer"/>
  <testcase time="0.002" classname="org.artifactory.security.SecurityServiceImplTest" name="userReadAndDeployPermissionsOnAnyRemote"/>
  <testcase time="0" classname="org.artifactory.security.SecurityServiceImplTest" name="updateLastLoginWithNotExistingUserTest"/>
  <testcase time="0.001" classname="org.artifactory.security.SecurityServiceImplTest" name="testUserHasPermissions"/>
  <testcase time="0" classname="org.artifactory.security.SecurityServiceImplTest" name="getDeployPermissionTargetsForUserWithDeployPermission"/>
  <testcase time="0.001" classname="org.artifactory.security.SecurityServiceImplTest" name="testUserHasPermissionsFromGroup"/>
  <testcase time="0.001" classname="org.artifactory.security.SecurityServiceImplTest" name="hasPermissionPassingUserInfo"/>
  <testcase time="0.004" classname="org.artifactory.security.SecurityServiceImplTest" name="hasPermissionForGroupInfo"/>
  <testcase time="0.001" classname="org.artifactory.security.SecurityServiceImplTest" name="getAllPermissionTargetsForAdminUser"/>
  <testcase time="0.002" classname="org.artifactory.schedule.TaskServiceTest" name="testCancelWhenWaitingOnStateTransition"/>
  <testcase time="0.005" classname="org.artifactory.schedule.TaskServiceTest" name="testCancelWhileRunning"/>
  <testcase time="0.233" classname="org.artifactory.schedule.TaskServiceTest" name="testConcurrentStopResumes"/>
  <testcase time="0.004" classname="org.artifactory.schedule.TaskServiceTest" name="testDoubleResume"/>
  <testcase time="3.056" classname="org.artifactory.schedule.TaskServiceTest" name="testMisfireIgnored"/>
  <testcase time="1.415" classname="org.artifactory.schedule.TaskServiceTest" name="testMisfireIgnoredOnPause"/>
  <testcase time="0.524" classname="org.artifactory.schedule.TaskServiceTest" name="testMultiSingleExecution"/>
  <testcase time="0.573" classname="org.artifactory.schedule.TaskServiceTest" name="testMutliResume"/>
  <testcase time="0" classname="org.artifactory.schedule.TaskServiceTest" name="testMutliResume"/>
  <testcase time="0.001" classname="org.artifactory.schedule.TaskServiceTest" name="testMutliResume"/>
  <testcase time="0.574" classname="org.artifactory.schedule.TaskServiceTest" name="testMutliResume"/>
  <testcase time="0.576" classname="org.artifactory.schedule.TaskServiceTest" name="testMutliResume"/>
  <testcase time="0.578" classname="org.artifactory.schedule.TaskServiceTest" name="testMutliResume"/>
  <testcase time="0.63" classname="org.artifactory.schedule.TaskServiceTest" name="testServiceSynchronization"/>
  <testcase time="0.63" classname="org.artifactory.schedule.TaskServiceTest" name="testServiceSynchronization"/>
  <testcase time="0.002" classname="org.artifactory.schedule.TaskServiceTest" name="testServiceSynchronization"/>
  <testcase time="0.627" classname="org.artifactory.schedule.TaskServiceTest" name="testServiceSynchronization"/>
  <testcase time="0.627" classname="org.artifactory.schedule.TaskServiceTest" name="testServiceSynchronization"/>
  <testcase time="0.627" classname="org.artifactory.schedule.TaskServiceTest" name="testServiceSynchronization"/>
  <testcase time="0.629" classname="org.artifactory.schedule.TaskServiceTest" name="testSingleExecutionWithError"/>
  <testcase time="0.054" classname="org.artifactory.schedule.TaskServiceTest" name="testStopWhileRunning"/>
  <testcase time="0.004" classname="org.artifactory.util.VersionParserTest" name="testLoadResource"/>
  <testcase time="0.033" classname="org.artifactory.repo.remote.browse.HtmlRepositoryBrowserTest" name="listAllFromArtifactorySimpleBrowsingHtml"/>
  <testcase time="0" classname="org.artifactory.repo.remote.browse.HtmlRepositoryBrowserTest" name="listAllFromArtifactoryListBrowsingHtml"/>
  <testcase time="0" classname="org.artifactory.repo.remote.browse.HtmlRepositoryBrowserTest" name="listAllNoHrefs"/>
  <testcase time="0" classname="org.artifactory.repo.remote.browse.HtmlRepositoryBrowserTest" name="listAllInvalid"/>
  <testcase time="0.009" classname="org.artifactory.repo.remote.browse.HtmlRepositoryBrowserTest" name="listAll"/>
  <testcase time="0" classname="org.artifactory.util.HttpClientConfiguratorTest" name="testAuthenticationWithNullCredentials"/>
  <testcase time="0" classname="org.artifactory.util.HttpClientConfiguratorTest" name="testLocalAddress"/>
  <testcase time="0.001" classname="org.artifactory.util.HttpClientConfiguratorTest" name="testSimpleSetters"/>
  <testcase time="0.001" classname="org.artifactory.util.HttpClientConfiguratorTest" name="testAuthenticationWithBlankHost"/>
  <testcase time="0" classname="org.artifactory.util.HttpClientConfiguratorTest" name="testAuthentication"/>
  <testcase time="0" classname="org.artifactory.util.HttpClientConfiguratorTest" name="testConstructor"/>
  <testcase time="0" classname="org.artifactory.util.HttpClientConfiguratorTest" name="testAuthenticationWithBlankUsername"/>
  <testcase time="0" classname="org.artifactory.util.HttpClientConfiguratorTest" name="testHostFromUrl"/>
  <testcase time="0" classname="org.artifactory.util.HttpClientConfiguratorTest" name="testHost"/>
  <testcase time="0" classname="org.artifactory.util.HttpClientConfiguratorTest" name="testNullHost"/>
  <testcase time="0" classname="org.artifactory.util.HttpClientConfiguratorTest" name="testHostFromNullUrl"/>
  <testcase time="0.001" classname="org.artifactory.util.HttpClientConfiguratorTest" name="testNullLocalAddress"/>
  <testcase time="0.002" classname="org.artifactory.util.HttpClientConfiguratorTest" name="testHostFromInvalidUrl"/>
  <testcase time="0.001" classname="org.artifactory.util.HttpClientConfiguratorTest" name="testAuthenticationWithCredentialsObject"/>
  <testcase time="0.002" classname="org.artifactory.repo.db.DbRepoBaseTest" name="anonAccessDisabledAndNoReadPermissions"/>
  <testcase time="0.002" classname="org.artifactory.repo.db.DbRepoBaseTest" name="anonAccessEnabledAndNoReadPermissions"/>
  <testcase time="0.006" classname="org.artifactory.maven.versioning.MavenVersionComparatorTest" name="snapshotVersions"/>
  <testcase time="0.003" classname="org.artifactory.maven.versioning.MavenVersionComparatorTest" name="alphaBetaMilestoneRcGaVersions"/>
  <testcase time="0.001" classname="org.artifactory.maven.versioning.MavenVersionComparatorTest" name="numericMajorMinorBug"/>
  <testcase time="0.001" classname="org.artifactory.maven.versioning.MavenVersionComparatorTest" name="numericMajorMinor"/>
  <testcase time="0" classname="org.artifactory.maven.versioning.MavenVersionComparatorTest" name="numericMajorVersionOnly"/>
  <testcase time="0.001" classname="org.artifactory.repo.RepoPathFactoryTest" name="testRepoPathFactory"/>
  <testcase time="0.085" classname="org.artifactory.repo.interceptor.YumCalculationInterceptorTest" name="testCalculatingRepo"/>
  <testcase time="0.001" classname="org.artifactory.repo.interceptor.YumCalculationInterceptorTest" name="testNoneCalculatingRepo"/>
  <testcase time="0.005" classname="org.artifactory.repo.interceptor.YumCalculationInterceptorTest" name="testRpmGroupFile"/>
  <testcase time="0.004" classname="org.artifactory.repo.interceptor.YumCalculationInterceptorTest" name="testNoneRpmFile"/>
  <testcase time="0.31" classname="org.artifactory.bintray.BintrayServiceImplTest" name="testGetPackagesToDeploy"/>
  <testcase time="0.001" classname="org.artifactory.repo.snapshot.UniqueSnapshotVersionAdapterTest" name="alreadyUniqueChecksumArtifact"/>
  <testcase time="0.002" classname="org.artifactory.repo.snapshot.UniqueSnapshotVersionAdapterTest" name="alreadyUniqueArtifactWithClassifier"/>
  <testcase time="0.001" classname="org.artifactory.repo.snapshot.UniqueSnapshotVersionAdapterTest" name="artifactWithReleaseVersion"/>
  <testcase time="0.001" classname="org.artifactory.repo.snapshot.UniqueSnapshotVersionAdapterTest" name="alreadyUniqueArtifact"/>
  <testcase time="0.001" classname="org.artifactory.repo.snapshot.UniqueSnapshotVersionAdapterTest" name="artifactWithNoMavenStructure"/>
  <testcase time="0.014" classname="org.artifactory.repo.snapshot.UniqueSnapshotVersionAdapterTest" name="testArtifactWithSnapshotInTheClassifier"/>
  <testcase time="0.005" classname="org.artifactory.repo.RemoteRepoBaseTest" name="testDownloadWithNoReleases"/>
  <testcase time="0.001" classname="org.artifactory.repo.RemoteRepoBaseTest" name="testReadCommentChecksum"/>
  <testcase time="0" classname="org.artifactory.repo.RemoteRepoBaseTest" name="testDownloadWithBlackedOut"/>
  <testcase time="0.004" classname="org.artifactory.repo.RemoteRepoBaseTest" name="testDownloadWithNoCachePrefix"/>
  <testcase time="0" classname="org.artifactory.repo.RemoteRepoBaseTest" name="testReadDescChecksum"/>
  <testcase time="0.004" classname="org.artifactory.repo.RemoteRepoBaseTest" name="testDownloadWithAnonymousEnabledAndNoReadPermissions"/>
  <testcase time="0" classname="org.artifactory.repo.RemoteRepoBaseTest" name="testReadEmptyChecksum"/>
  <testcase time="0.001" classname="org.artifactory.repo.RemoteRepoBaseTest" name="testReadValidChecksum"/>
  <testcase time="0.004" classname="org.artifactory.repo.RemoteRepoBaseTest" name="testDownloadWithExcludes"/>
  <testcase time="0.004" classname="org.artifactory.repo.RemoteRepoBaseTest" name="testDownloadWithCachePrefix"/>
  <testcase time="0.051" classname="org.artifactory.maven.versioning.MavenMetadataVersionComparatorTest" name="compareComplicatedJetty"/>
  <testcase time="0.001" classname="org.artifactory.maven.versioning.MavenMetadataVersionComparatorTest" name="compare1And2"/>
  <testcase time="0.002" classname="org.artifactory.util.PathMatcherTest" name="matchWithIncludesOnlyPartial"/>
  <testcase time="0" classname="org.artifactory.util.PathMatcherTest" name="matchWithExcludeAll"/>
  <testcase time="0" classname="org.artifactory.util.PathMatcherTest" name="excludesTakesPrecedenceOverIncludes"/>
  <testcase time="0" classname="org.artifactory.util.PathMatcherTest" name="matchWithIncludeAll"/>
  <testcase time="0" classname="org.artifactory.util.PathMatcherTest" name="sourcesIncludes"/>
  <testcase time="0.001" classname="org.artifactory.util.PathMatcherTest" name="globalExcludes"/>
  <testcase time="0.001" classname="org.artifactory.util.PathMatcherTest" name="matchExcludesAndIncludes"/>
  <testcase time="0.001" classname="org.artifactory.util.PathMatcherTest" name="matchWithExcludesOnly"/>
  <testcase time="0.001" classname="org.artifactory.util.PathMatcherTest" name="matchWithIncludesOnly"/>
  <testcase time="0.001" classname="org.artifactory.util.PathMatcherTest" name="subPathIncludes"/>
  <testcase time="0.145" classname="org.artifactory.repo.virtual.interceptor.PomTransformerTest" name="transformBadPom"/>
  <testcase time="0.071" classname="org.artifactory.repo.virtual.interceptor.PomTransformerTest" name="transformableWithDiscardActiveReference"/>
  <testcase time="0.016" classname="org.artifactory.repo.virtual.interceptor.PomTransformerTest" name="transformableWithDiscardAnyReference"/>
  <testcase time="0.006" classname="org.artifactory.repo.virtual.interceptor.PomTransformerTest" name="cleanWithDiscardAnyReference"/>
  <testcase time="0.001" classname="org.artifactory.repo.virtual.interceptor.PomTransformerTest" name="cleanWithNothingPolicy"/>
  <testcase time="0.005" classname="org.artifactory.repo.virtual.interceptor.PomTransformerTest" name="transformableWithNothingPolicy"/>
  <testcase time="0.005" classname="org.artifactory.repo.virtual.interceptor.PomTransformerTest" name="cleanWithDiscardActiveReference"/>
  <testcase time="0.002" classname="org.artifactory.repo.replication.LocalReplicationJobTest" name="testExecutionException"/>
  <testcase time="0.001" classname="org.artifactory.repo.replication.LocalReplicationJobTest" name="testManualExecution"/>
  <testcase time="0.001" classname="org.artifactory.repo.replication.LocalReplicationJobTest" name="testNullRepoKey"/>
  <testcase time="0.001" classname="org.artifactory.repo.replication.LocalReplicationJobTest" name="testExecution"/>
  <testcase time="0" classname="org.artifactory.repo.replication.LocalReplicationJobTest" name="testContextNotReady"/>
  <testcase time="0.001" classname="org.artifactory.addon.replication.RemoteReplicationSettingsBuilderTest" name="testDefaultValues"/>
  <testcase time="0" classname="org.artifactory.addon.replication.RemoteReplicationSettingsBuilderTest" name="testSetters"/>
  <testcase time="0" classname="org.artifactory.addon.replication.RemoteReplicationSettingsBuilderTest" name="testNoRepoPath"/>
  <testcase time="0" classname="org.artifactory.io.checksum.policy.ChecksumPolicyPassThruTest" name="noOriginalChecksum"/>
  <testcase time="0" classname="org.artifactory.io.checksum.policy.ChecksumPolicyPassThruTest" name="checksumsMatch"/>
  <testcase time="0" classname="org.artifactory.io.checksum.policy.ChecksumPolicyPassThruTest" name="returnedChecksum"/>
  <testcase time="0" classname="org.artifactory.io.checksum.policy.ChecksumPolicyPassThruTest" name="oneMatchedChecksumAllShouldPass"/>
  <testcase time="0" classname="org.artifactory.io.checksum.policy.ChecksumPolicyPassThruTest" name="checksumsDoesNotMatch"/>
  <testcase time="0" classname="org.artifactory.security.ArtifactorySidTest" name="userSidCreation"/>
  <testcase time="0" classname="org.artifactory.security.ArtifactorySidTest" name="userConstructor"/>
  <testcase time="0" classname="org.artifactory.security.ArtifactorySidTest" name="groupSidCreation"/>
  <testcase time="0" classname="org.artifactory.security.ArtifactorySidTest" name="groupAndUserNotEquals"/>
  <testcase time="0" classname="org.artifactory.security.ArtifactorySidTest" name="userSidsEquals"/>
  <testcase time="0" classname="org.artifactory.security.ArtifactorySidTest" name="nullPrincipal"/>
  <testcase time="0.001" classname="org.artifactory.security.ArtifactorySidTest" name="groupSidsEquals"/>
  <testcase time="0" classname="org.artifactory.addon.replication.RemoteReplicationSettingsTest" name="testConstructor"/>
  <testcase time="0.245" classname="org.artifactory.repo.remote.browse.S3RepositorySecuredHelperTest" name="testBuildSecuredS3RequestUrl"/>
  <testcase time="0.666" classname="org.artifactory.config.DefaultConfigTest" name="testReadDefaultConfig"/>
  <testcase time="0.001" classname="org.artifactory.resource.ChecksumResourceTest" name="checksumResource"/>
  <testcase time="0.001" classname="org.artifactory.security.SecurityServiceImplTest" name="spidermanCanDoAnything"/>
</testsuite>