<?xml version="1.0" encoding="UTF-8"?>
<!-- Generated by org.testng.reporters.JUnitReportReporter -->
<testsuite hostname="eli-mpb-4.local" name="org.artifactory.api.security.AceInfoTest" tests="8" failures="0" timestamp="27 Nov 2014 18:03:10 GMT" time="0.001" errors="0">
  <testcase name="deployerMaskOnly" time="0.000" classname="org.artifactory.api.security.AceInfoTest"/>
  <testcase name="copyConstructor" time="0.000" classname="org.artifactory.api.security.AceInfoTest"/>
  <testcase name="readerMaskOnly" time="0.000" classname="org.artifactory.api.security.AceInfoTest"/>
  <testcase name="copyConstructorReflectionEquality" time="0.000" classname="org.artifactory.api.security.AceInfoTest"/>
  <testcase name="adminMaskOnly" time="0.001" classname="org.artifactory.api.security.AceInfoTest"/>
  <testcase name="annotatorMaskOnly" time="0.000" classname="org.artifactory.api.security.AceInfoTest"/>
  <testcase name="deleterMaskOnly" time="0.000" classname="org.artifactory.api.security.AceInfoTest"/>
  <testcase name="allMasks" time="0.000" classname="org.artifactory.api.security.AceInfoTest"/>
</testsuite> <!-- org.artifactory.api.security.AceInfoTest -->
