<?xml version="1.0" encoding="UTF-8"?>
<!-- Generated by org.testng.reporters.JUnitReportReporter -->
<testsuite hostname="eli-mpb-4.local" name="org.artifactory.storage.db.DbTypeTest" tests="5" failures="0" timestamp="27 Nov 2014 18:03:10 GMT" time="0.002" errors="0">
  <testcase name="parseEmpty" time="0.001" classname="org.artifactory.storage.db.DbTypeTest"/>
  <testcase name="parseNull" time="0.000" classname="org.artifactory.storage.db.DbTypeTest"/>
  <testcase name="parseSupported" time="0.000" classname="org.artifactory.storage.db.DbTypeTest"/>
  <testcase name="parseNotSupported" time="0.001" classname="org.artifactory.storage.db.DbTypeTest"/>
  <testcase name="parseSupportedCapitals" time="0.000" classname="org.artifactory.storage.db.DbTypeTest"/>
</testsuite> <!-- org.artifactory.storage.db.DbTypeTest -->
