<?xml version="1.0" encoding="UTF-8"?>
<!-- Generated by org.testng.reporters.JUnitReportReporter -->
<testsuite hostname="eli-mpb-4.local" name="org.artifactory.factory.xstream.ChecksumsInfoConverterTest" tests="1" failures="0" timestamp="27 Nov 2014 18:03:10 GMT" time="0.136" errors="0">
  <testcase name="testConversion" time="0.136" classname="org.artifactory.factory.xstream.ChecksumsInfoConverterTest"/>
</testsuite> <!-- org.artifactory.factory.xstream.ChecksumsInfoConverterTest -->
