<?xml version="1.0" encoding="UTF-8"?>
<!-- Generated by org.testng.reporters.JUnitReportReporter -->
<testsuite hostname="eli-mpb-4.local" name="org.artifactory.api.fs.FileAdditionalInfoTest" tests="5" failures="0" timestamp="27 Nov 2014 18:03:10 GMT" time="0.021" errors="0">
  <testcase name="copyConstructor" time="0.010" classname="org.artifactory.api.fs.FileAdditionalInfoTest"/>
  <testcase name="testNotIdentical" time="0.011" classname="org.artifactory.api.fs.FileAdditionalInfoTest"/>
  <testcase name="defaultConstructor" time="0.000" classname="org.artifactory.api.fs.FileAdditionalInfoTest"/>
  <testcase name="settingChecksums" time="0.000" classname="org.artifactory.api.fs.FileAdditionalInfoTest"/>
  <testcase name="testIsIdentical" time="0.000" classname="org.artifactory.api.fs.FileAdditionalInfoTest"/>
</testsuite> <!-- org.artifactory.api.fs.FileAdditionalInfoTest -->
