<?xml version="1.0" encoding="UTF-8"?>
<!-- Generated by org.testng.reporters.JUnitReportReporter -->
<testsuite hostname="eli-mpb-4.local" name="org.artifactory.api.security.UserInfoTest" tests="2" failures="0" timestamp="27 Nov 2014 18:03:10 GMT" time="0.006" errors="0">
  <testcase name="addRemoveGroup" time="0.001" classname="org.artifactory.api.security.UserInfoTest"/>
  <testcase name="copyConstructor" time="0.005" classname="org.artifactory.api.security.UserInfoTest"/>
</testsuite> <!-- org.artifactory.api.security.UserInfoTest -->
