<?xml version="1.0" encoding="UTF-8"?>
<!-- Generated by org.testng.reporters.JUnitReportReporter -->
<testsuite hostname="eli-mpb-4.local" name="org.artifactory.model.xstream.security.UserImplTest" tests="3" failures="0" timestamp="27 Nov 2014 18:03:10 GMT" time="0.001" errors="0">
  <testcase name="sameAuthContextUserWithNoPassword" time="0.000" classname="org.artifactory.model.xstream.security.UserImplTest"/>
  <testcase name="authContextDifferentIfPasswordIfDifferent" time="0.001" classname="org.artifactory.model.xstream.security.UserImplTest"/>
  <testcase name="sameAuthContextForSameInstance" time="0.000" classname="org.artifactory.model.xstream.security.UserImplTest"/>
</testsuite> <!-- org.artifactory.model.xstream.security.UserImplTest -->
