<?xml version="1.0" encoding="UTF-8"?>
<testsuite name="TestSuite" time="1.251" tests="144" errors="0" skipped="0" failures="0">
  <properties>
    <property name="java.runtime.name" value="Java(TM) SE Runtime Environment"/>
    <property name="sun.boot.library.path" value="/Library/Internet Plug-Ins/JavaAppletPlugin.plugin/Contents/Home/lib"/>
    <property name="java.vm.version" value="24.71-b01"/>
    <property name="user.country.format" value="IL"/>
    <property name="gopherProxySet" value="false"/>
    <property name="java.vm.vendor" value="Oracle Corporation"/>
    <property name="java.vendor.url" value="http://java.oracle.com/"/>
    <property name="path.separator" value=":"/>
    <property name="guice.disable.misplaced.annotation.check" value="true"/>
    <property name="java.vm.name" value="Java HotSpot(TM) 64-Bit Server VM"/>
    <property name="file.encoding.pkg" value="sun.io"/>
    <property name="user.country" value="US"/>
    <property name="sun.java.launcher" value="SUN_STANDARD"/>
    <property name="sun.os.patch.level" value="unknown"/>
    <property name="java.vm.specification.name" value="Java Virtual Machine Specification"/>
    <property name="user.dir" value="/Users/eli/work/artifactory-3.x/artifactory/devenv"/>
    <property name="java.runtime.version" value="1.7.0_71-b14"/>
    <property name="java.awt.graphicsenv" value="sun.awt.CGraphicsEnvironment"/>
    <property name="java.endorsed.dirs" value="/Library/Internet Plug-Ins/JavaAppletPlugin.plugin/Contents/Home/lib/endorsed"/>
    <property name="os.arch" value="x86_64"/>
    <property name="java.io.tmpdir" value="/var/folders/yn/1sq_t_xs5917rgx6sh72hssh0000gp/T/"/>
    <property name="line.separator" value="&#10;"/>
    <property name="java.vm.specification.vendor" value="Oracle Corporation"/>
    <property name="os.name" value="Mac OS X"/>
    <property name="classworlds.conf" value="/usr/local/Cellar/maven/3.1.1/libexec/bin/m2.conf"/>
    <property name="sun.jnu.encoding" value="UTF-8"/>
    <property name="java.library.path" value="/Users/eli/Library/Java/Extensions:/Library/Java/Extensions:/Network/Library/Java/Extensions:/System/Library/Java/Extensions:/usr/lib/java:."/>
    <property name="java.specification.name" value="Java Platform API Specification"/>
    <property name="java.class.version" value="51.0"/>
    <property name="sun.management.compiler" value="HotSpot 64-Bit Tiered Compilers"/>
    <property name="os.version" value="10.10.1"/>
    <property name="http.nonProxyHosts" value="local|*.local|169.254/16|*.169.254/16"/>
    <property name="user.home" value="/Users/eli"/>
    <property name="user.timezone" value="Asia/Jerusalem"/>
    <property name="java.awt.printerjob" value="sun.lwawt.macosx.CPrinterJob"/>
    <property name="java.specification.version" value="1.7"/>
    <property name="file.encoding" value="UTF-8"/>
    <property name="user.name" value="eli"/>
    <property name="java.class.path" value="/usr/local/Cellar/maven/3.1.1/libexec/boot/plexus-classworlds-2.5.1.jar"/>
    <property name="org.slf4j.simpleLogger.defaultLogLevel" value="info"/>
    <property name="java.vm.specification.version" value="1.7"/>
    <property name="sun.arch.data.model" value="64"/>
    <property name="java.home" value="/Library/Internet Plug-Ins/JavaAppletPlugin.plugin/Contents/Home"/>
    <property name="sun.java.command" value="org.codehaus.plexus.classworlds.launcher.Launcher install"/>
    <property name="java.specification.vendor" value="Oracle Corporation"/>
    <property name="user.language" value="en"/>
    <property name="awt.toolkit" value="sun.lwawt.macosx.LWCToolkit"/>
    <property name="java.vm.info" value="mixed mode"/>
    <property name="java.version" value="1.7.0_71"/>
    <property name="java.ext.dirs" value="/Users/eli/Library/Java/Extensions:/Library/Internet Plug-Ins/JavaAppletPlugin.plugin/Contents/Home/lib/ext:/Library/Java/Extensions:/Network/Library/Java/Extensions:/System/Library/Java/Extensions:/usr/lib/java"/>
    <property name="sun.boot.class.path" value="/Library/Internet Plug-Ins/JavaAppletPlugin.plugin/Contents/Home/lib/resources.jar:/Library/Internet Plug-Ins/JavaAppletPlugin.plugin/Contents/Home/lib/rt.jar:/Library/Internet Plug-Ins/JavaAppletPlugin.plugin/Contents/Home/lib/sunrsasign.jar:/Library/Internet Plug-Ins/JavaAppletPlugin.plugin/Contents/Home/lib/jsse.jar:/Library/Internet Plug-Ins/JavaAppletPlugin.plugin/Contents/Home/lib/jce.jar:/Library/Internet Plug-Ins/JavaAppletPlugin.plugin/Contents/Home/lib/charsets.jar:/Library/Internet Plug-Ins/JavaAppletPlugin.plugin/Contents/Home/lib/jfr.jar:/Library/Internet Plug-Ins/JavaAppletPlugin.plugin/Contents/Home/classes"/>
    <property name="java.vendor" value="Oracle Corporation"/>
    <property name="maven.home" value="/usr/local/Cellar/maven/3.1.1/libexec"/>
    <property name="file.separator" value="/"/>
    <property name="java.vendor.url.bug" value="http://bugreport.sun.com/bugreport/"/>
    <property name="sun.cpu.endian" value="little"/>
    <property name="sun.io.unicode.encoding" value="UnicodeBig"/>
    <property name="socksNonProxyHosts" value="local|*.local|169.254/16|*.169.254/16"/>
    <property name="ftp.nonProxyHosts" value="local|*.local|169.254/16|*.169.254/16"/>
    <property name="sun.cpu.isalist" value=""/>
  </properties>
  <testcase name="testAddonsDisplayOrdinal" classname="org.artifactory.addon.AddonTypeTest" time="0.007"/>
  <testcase name="generateFromObject" classname="org.artifactory.build.BuildInfoIOTest" time="0.269"/>
  <testcase name="ivyFileName" classname="org.artifactory.common.IvyNamingTest" time="0.004"/>
  <testcase name="convertAll301" classname="org.artifactory.converters.ConvertersManagerTest" time="0.227"/>
  <testcase name="convertAll304" classname="org.artifactory.converters.ConvertersManagerTest" time="0.042"/>
  <testcase name="convertAllCurrent" classname="org.artifactory.converters.ConvertersManagerTest" time="0.011"/>
  <testcase name="convertCurrentHomeCurrentDbOldCluster" classname="org.artifactory.converters.ConvertersManagerTest" time="0.017"/>
  <testcase name="convertCurrentHomeNoDbCurrentCluster" classname="org.artifactory.converters.ConvertersManagerTest" time="0.008"/>
  <testcase name="convertCurrentHomeOldDbCurrentCluster" classname="org.artifactory.converters.ConvertersManagerTest" time="0.009"/>
  <testcase name="convertNoVersions" classname="org.artifactory.converters.ConvertersManagerTest" time="0.007"/>
  <testcase name="convertOldHomeCurrentDbCurrentCluster" classname="org.artifactory.converters.ConvertersManagerTest" time="0.028"/>
  <testcase name="buildSnapshotMavenMetadataWithM3Metadata" classname="org.artifactory.maven.MavenModelUtilsTest" time="0.018"/>
  <testcase name="buildSnapshotMavenMetadataWithoutM3Metadata" classname="org.artifactory.maven.MavenModelUtilsTest" time="0"/>
  <testcase name="gavStringToInfo" classname="org.artifactory.maven.MavenModelUtilsTest" time="0.002"/>
  <testcase name="getArtifactInfoJar" classname="org.artifactory.maven.MavenModelUtilsTest" time="0.002"/>
  <testcase name="getArtifactInfoPom" classname="org.artifactory.maven.MavenModelUtilsTest" time="0.021"/>
  <testcase name="inputStreamToMavenMetadata" classname="org.artifactory.maven.MavenModelUtilsTest" time="0.003"/>
  <testcase name="mavenMetadataToString" classname="org.artifactory.maven.MavenModelUtilsTest" time="0.003"/>
  <testcase name="mavenModelToArtifactInfo" classname="org.artifactory.maven.MavenModelUtilsTest" time="0.001"/>
  <testcase name="mavenModelToArtifactInfoGroupIdInParent" classname="org.artifactory.maven.MavenModelUtilsTest" time="0.001"/>
  <testcase name="nonValidMetadataString" classname="org.artifactory.maven.MavenModelUtilsTest" time="0.001"/>
  <testcase name="readNewMaven3MetadataFormat" classname="org.artifactory.maven.MavenModelUtilsTest" time="0.001"/>
  <testcase name="testToMaven1Path" classname="org.artifactory.maven.MavenModelUtilsTest" time="0"/>
  <testcase name="testToMaven1PathMd5" classname="org.artifactory.maven.MavenModelUtilsTest" time="0.001"/>
  <testcase name="testToMaven1PathPom" classname="org.artifactory.maven.MavenModelUtilsTest" time="0"/>
  <testcase name="testToMaven1PathSha1" classname="org.artifactory.maven.MavenModelUtilsTest" time="0"/>
  <testcase name="validStringToMetadata" classname="org.artifactory.maven.MavenModelUtilsTest" time="0"/>
  <testcase name="validStringToMetadataNoVersioning" classname="org.artifactory.maven.MavenModelUtilsTest" time="0"/>
  <testcase name="artifactWithAlphaNumberArtifactId" classname="org.artifactory.maven.MavenNamingTest" time="0"/>
  <testcase name="artifactWithAlphaNumberArtifactId" classname="org.artifactory.maven.MavenNamingTest" time="0"/>
  <testcase name="artifactWithAlphaNumberArtifactId" classname="org.artifactory.maven.MavenNamingTest" time="0"/>
  <testcase name="artifactWithAlphaNumericClassifier" classname="org.artifactory.maven.MavenNamingTest" time="0.001"/>
  <testcase name="artifactWithAlphaNumericClassifier" classname="org.artifactory.maven.MavenNamingTest" time="0"/>
  <testcase name="artifactWithAlphaNumericVersion" classname="org.artifactory.maven.MavenNamingTest" time="0"/>
  <testcase name="artifactWithClassifier" classname="org.artifactory.maven.MavenNamingTest" time="0"/>
  <testcase name="artifactWithLongExtension" classname="org.artifactory.maven.MavenNamingTest" time="0.001"/>
  <testcase name="artifactWithMultipleArtifactIds" classname="org.artifactory.maven.MavenNamingTest" time="0"/>
  <testcase name="artifactWithMultipleArtifactIds" classname="org.artifactory.maven.MavenNamingTest" time="0"/>
  <testcase name="artifactWithMultipleArtifactIds" classname="org.artifactory.maven.MavenNamingTest" time="0"/>
  <testcase name="artifactWithMultipleArtifactIds" classname="org.artifactory.maven.MavenNamingTest" time="0"/>
  <testcase name="artifactWithMultipleArtifactIds" classname="org.artifactory.maven.MavenNamingTest" time="0"/>
  <testcase name="artifactWithNoClassifier" classname="org.artifactory.maven.MavenNamingTest" time="0"/>
  <testcase name="artifactWithNumericArtifactId" classname="org.artifactory.maven.MavenNamingTest" time="0"/>
  <testcase name="artifactWithNumericClassifier" classname="org.artifactory.maven.MavenNamingTest" time="0"/>
  <testcase name="artifactWithPath" classname="org.artifactory.maven.MavenNamingTest" time="0"/>
  <testcase name="artifactWithShortExtension" classname="org.artifactory.maven.MavenNamingTest" time="0"/>
  <testcase name="getArtifactInfo" classname="org.artifactory.maven.MavenNamingTest" time="0"/>
  <testcase name="isMavenMetadataChecksum" classname="org.artifactory.maven.MavenNamingTest" time="0"/>
  <testcase name="isMetadata" classname="org.artifactory.maven.MavenNamingTest" time="0"/>
  <testcase name="isNonUniqueSnapshotVersion" classname="org.artifactory.maven.MavenNamingTest" time="0"/>
  <testcase name="isSnapshotMavenMetadata" classname="org.artifactory.maven.MavenNamingTest" time="0"/>
  <testcase name="isSnapshotVersion" classname="org.artifactory.maven.MavenNamingTest" time="0"/>
  <testcase name="pathWithCompositeFileExtension" classname="org.artifactory.maven.MavenNamingTest" time="0"/>
  <testcase name="testIsClientOrServerPom" classname="org.artifactory.maven.MavenNamingTest" time="0"/>
  <testcase name="testIsNonUniqueSnapshotFilePath" classname="org.artifactory.maven.MavenNamingTest" time="0"/>
  <testcase name="testIsVersionUniqueSnapshot" classname="org.artifactory.maven.MavenNamingTest" time="0"/>
  <testcase name="testIsVersionUniqueSnapshotFileName" classname="org.artifactory.maven.MavenNamingTest" time="0"/>
  <testcase name="testUniqueSnapshotVersionBuildNumber" classname="org.artifactory.maven.MavenNamingTest" time="0"/>
  <testcase name="testUniqueVersionTimestamp" classname="org.artifactory.maven.MavenNamingTest" time="0"/>
  <testcase name="testUniqueVersionTimestampAndBuildNumber" classname="org.artifactory.maven.MavenNamingTest" time="0"/>
  <testcase name="uniqueSnapshotVersionBaseVersion" classname="org.artifactory.maven.MavenNamingTest" time="0.001"/>
  <testcase name="buildSimple" classname="org.artifactory.maven.MavenPomBuilderTest" time="0"/>
  <testcase name="generateMavenSettings" classname="org.artifactory.maven.MavenServiceImplTest" time="0.013"/>
  <testcase name="validatePluginPom" classname="org.artifactory.maven.PomTargetPathValidatorTest" time="0.014"/>
  <testcase name="validatePomTargetInValidPath" classname="org.artifactory.maven.PomTargetPathValidatorTest" time="0.002"/>
  <testcase name="validatePomTargetValidPath" classname="org.artifactory.maven.PomTargetPathValidatorTest" time="0.002"/>
  <testcase name="testDefaultConstructor" classname="org.artifactory.repo.RepoDetailsTest" time="0"/>
  <testcase name="testLocalOrVirtualConstructor" classname="org.artifactory.repo.RepoDetailsTest" time="0.001"/>
  <testcase name="testRemoteConstructor" classname="org.artifactory.repo.RepoDetailsTest" time="0"/>
  <testcase name="testSetters" classname="org.artifactory.repo.RepoDetailsTest" time="0"/>
  <testcase name="testDisplayName" classname="org.artifactory.repo.RepoDetailsTypeTest" time="0"/>
  <testcase name="sendErroChangesState" classname="org.artifactory.request.ArtifactoryResponseTest" time="0.006"/>
  <testcase name="base58EncodeDecode" classname="org.artifactory.security.crypto.ArtifactoryBase58Test" time="0.001"/>
  <testcase name="pureBase58Decoding" classname="org.artifactory.security.crypto.ArtifactoryBase58Test" time="0.001"/>
  <testcase name="pureBase58Encoding" classname="org.artifactory.security.crypto.ArtifactoryBase58Test" time="0"/>
  <testcase name="availableAlgorithms" classname="org.artifactory.security.crypto.CryptoHelperTest" time="0.046"/>
  <testcase name="decryptOldBase64Format" classname="org.artifactory.security.crypto.CryptoHelperTest" time="0.123"/>
  <testcase name="encrypt" classname="org.artifactory.security.crypto.CryptoHelperTest" time="0.1"/>
  <testcase name="encryptDecrypt" classname="org.artifactory.security.crypto.CryptoHelperTest" time="0.023"/>
  <testcase name="encryptDecryptMasterKey" classname="org.artifactory.security.crypto.CryptoHelperTest" time="0.06"/>
  <testcase name="encryptDecryptSymmetric" classname="org.artifactory.security.crypto.CryptoHelperTest" time="0.011"/>
  <testcase name="encryptSymmetric" classname="org.artifactory.security.crypto.CryptoHelperTest" time="0.01"/>
  <testcase name="escapeEncryptedPassword" classname="org.artifactory.security.crypto.CryptoHelperTest" time="0"/>
  <testcase name="generateKeyPair" classname="org.artifactory.security.crypto.CryptoHelperTest" time="0.007"/>
  <testcase name="generateSecretKey" classname="org.artifactory.security.crypto.CryptoHelperTest" time="0.015"/>
  <testcase name="isEncrypted" classname="org.artifactory.security.crypto.CryptoHelperTest" time="0.001"/>
  <testcase name="removeKeyFile" classname="org.artifactory.security.crypto.CryptoHelperTest" time="0"/>
  <testcase name="restoreKeysFromStringBase" classname="org.artifactory.security.crypto.CryptoHelperTest" time="0.013"/>
  <testcase name="restorePrivateKey" classname="org.artifactory.security.crypto.CryptoHelperTest" time="0.008"/>
  <testcase name="toBase64String" classname="org.artifactory.security.crypto.CryptoHelperTest" time="0.008"/>
  <testcase name="testCustomizedEncryptedPasswordPrefixSurroundingCharacters" classname="org.artifactory.security.CustomizedEncryptedPasswordPrefixTest" time="0.021"/>
  <testcase name="testCustomizedEncryptedPasswordPrefixWithInvalidSurroundingCharacters" classname="org.artifactory.security.CustomizedEncryptedPasswordPrefixTest" time="0.009"/>
  <testcase name="testDefaultConstructor" classname="org.artifactory.security.GroupConfigurationImplTest" time="0"/>
  <testcase name="testSetters" classname="org.artifactory.security.GroupConfigurationImplTest" time="0"/>
  <testcase name="testDefaultValues" classname="org.artifactory.security.PermissionTargetConfigurationImplTest" time="0.001"/>
  <testcase name="testSetters" classname="org.artifactory.security.PermissionTargetConfigurationImplTest" time="0"/>
  <testcase name="testDefaultValues" classname="org.artifactory.security.PrincipalConfigurationImplTest" time="0"/>
  <testcase name="testSetters" classname="org.artifactory.security.PrincipalConfigurationImplTest" time="0"/>
  <testcase name="testDefaultValues" classname="org.artifactory.security.SecurityEntityListItemTest" time="0"/>
  <testcase name="testSetters" classname="org.artifactory.security.SecurityEntityListItemTest" time="0.001"/>
  <testcase name="testDefaultConstructor" classname="org.artifactory.security.UserConfigurationImplTest" time="0"/>
  <testcase name="testSetters" classname="org.artifactory.security.UserConfigurationImplTest" time="0"/>
  <testcase name="bytesToReadableFormat" classname="org.artifactory.storage.StorageUnitTest" time="0.002"/>
  <testcase name="convertBytesToGb" classname="org.artifactory.storage.StorageUnitTest" time="0"/>
  <testcase name="convertBytesToMb" classname="org.artifactory.storage.StorageUnitTest" time="0.001"/>
  <testcase name="readableFormatToBytes" classname="org.artifactory.storage.StorageUnitTest" time="0"/>
  <testcase name="revertGbToBytes" classname="org.artifactory.storage.StorageUnitTest" time="0"/>
  <testcase name="revertMbToBytes" classname="org.artifactory.storage.StorageUnitTest" time="0"/>
  <testcase name="formatLong" classname="org.artifactory.util.NumberFormatterTest" time="0"/>
  <testcase name="formatPercentage" classname="org.artifactory.util.NumberFormatterTest" time="0.001"/>
  <testcase name="illegalBackslash" classname="org.artifactory.util.PathValidatorTest" time="0.001"/>
  <testcase name="illegalColon" classname="org.artifactory.util.PathValidatorTest" time="0"/>
  <testcase name="illegalPipe" classname="org.artifactory.util.PathValidatorTest" time="0"/>
  <testcase name="illegalQuestionMark" classname="org.artifactory.util.PathValidatorTest" time="0"/>
  <testcase name="illegalQuotationMark" classname="org.artifactory.util.PathValidatorTest" time="0"/>
  <testcase name="illegalStar" classname="org.artifactory.util.PathValidatorTest" time="0"/>
  <testcase name="invalidAllSpaces" classname="org.artifactory.util.PathValidatorTest" time="0"/>
  <testcase name="invalidDot" classname="org.artifactory.util.PathValidatorTest" time="0.002"/>
  <testcase name="invalidDotDot" classname="org.artifactory.util.PathValidatorTest" time="0"/>
  <testcase name="invalidSingleAmpersand" classname="org.artifactory.util.PathValidatorTest" time="0"/>
  <testcase name="invalidSingleColon" classname="org.artifactory.util.PathValidatorTest" time="0"/>
  <testcase name="invalidSingleDot" classname="org.artifactory.util.PathValidatorTest" time="0.001"/>
  <testcase name="invalidSingleDotDot" classname="org.artifactory.util.PathValidatorTest" time="0"/>
  <testcase name="invalidSingleSlash" classname="org.artifactory.util.PathValidatorTest" time="0"/>
  <testcase name="invalidSingleTokenAmpersand" classname="org.artifactory.util.PathValidatorTest" time="0"/>
  <testcase name="invalidSpaceAfterSlash" classname="org.artifactory.util.PathValidatorTest" time="0"/>
  <testcase name="invalidSpaceBeforeSlash" classname="org.artifactory.util.PathValidatorTest" time="0.001"/>
  <testcase name="validCarretLeft" classname="org.artifactory.util.PathValidatorTest" time="0"/>
  <testcase name="validCarretRight" classname="org.artifactory.util.PathValidatorTest" time="0"/>
  <testcase name="validPaths" classname="org.artifactory.util.PathValidatorTest" time="0"/>
  <testcase name="readMultiLineString" classname="org.artifactory.util.StringInputStreamTest" time="0"/>
  <testcase name="readOneLineString" classname="org.artifactory.util.StringInputStreamTest" time="0"/>
  <testcase name="stillNanos" classname="org.artifactory.util.TimeUnitFormatTest" time="0.001"/>
  <testcase name="toMillis" classname="org.artifactory.util.TimeUnitFormatTest" time="0"/>
  <testcase name="toMinutes" classname="org.artifactory.util.TimeUnitFormatTest" time="0"/>
  <testcase name="toSeconds" classname="org.artifactory.util.TimeUnitFormatTest" time="0"/>
  <testcase name="toSecondsWithMillisecondTimeUnit" classname="org.artifactory.util.TimeUnitFormatTest" time="0.001"/>
  <testcase name="locateExistingEntry" classname="org.artifactory.util.ZipUtilsTest" time="0.006"/>
  <testcase name="locateMissingEntry" classname="org.artifactory.util.ZipUtilsTest" time="0"/>
  <testcase name="testExtractTarFile" classname="org.artifactory.util.ZipUtilsTest" time="0.022"/>
  <testcase name="testExtractTarGzFile" classname="org.artifactory.util.ZipUtilsTest" time="0.004"/>
  <testcase name="testExtractTgzFile" classname="org.artifactory.util.ZipUtilsTest" time="0.002"/>
  <testcase name="testExtractZipFile" classname="org.artifactory.util.ZipUtilsTest" time="0.021"/>
  <testcase name="testUnsupportedArchive" classname="org.artifactory.util.ZipUtilsTest" time="0.002"/>
</testsuite>